#
# There is insufficient memory for the Java Runtime Environment to continue.
# Native memory allocation (mmap) failed to map 134217728 bytes. Error detail: G1 virtual space
# Possible reasons:
#   The system is out of physical RAM or swap space
#   This process is running with CompressedOops enabled, and the Java Heap may be blocking the growth of the native heap
# Possible solutions:
#   Reduce memory load on the system
#   Increase physical memory or swap space
#   Check if swap backing store is full
#   Decrease Java heap size (-Xmx/-Xms)
#   Decrease number of Java threads
#   Decrease Java thread stack sizes (-Xss)
#   Set larger code cache with -XX:ReservedCodeCacheSize=
#   JVM is running with Unscaled Compressed Oops mode in which the Java heap is
#     placed in the first 4GB address space. The Java Heap base address is the
#     maximum limit for the native heap growth. Please use -XX:HeapBaseMinAddress
#     to set the Java Heap base and to place the Java Heap above 4GB virtual address.
# This output file may be truncated or incomplete.
#
#  Out of Memory Error (os_windows.cpp:3898), pid=9692, tid=920
#
# JRE version:  (21.0.7) (build )
# Java VM: OpenJDK 64-Bit Server VM (21.0.7+-13880790-b1038.58, mixed mode, sharing, tiered, compressed oops, compressed class ptrs, g1 gc, windows-amd64)
# No core dump will be written. Minidumps are not enabled by default on client versions of Windows
#

---------------  S U M M A R Y ------------

Command Line: -Dorg.gradle.appname=gradlew org.gradle.wrapper.GradleWrapperMain -q -Ptarget-platform=android-arm64 -Ptarget=D:\flutter_project\smart_community_safety_app\lib\main.dart -Pbase-application-name=android.app.Application -Pdart-defines=Zmx1dHRlci5pbnNwZWN0b3Iuc3RydWN0dXJlZEVycm9ycz10cnVl,RkxVVFRFUl9WRVJTSU9OPTMuMzUuNA==,RkxVVFRFUl9DSEFOTkVMPXN0YWJsZQ==,RkxVVFRFUl9HSVRfVVJMPWh0dHBzOi8vZ2l0aHViLmNvbS9mbHV0dGVyL2ZsdXR0ZXIuZ2l0,RkxVVFRFUl9GUkFNRVdPUktfUkVWSVNJT049ZDY5M2I0YjlkYg==,RkxVVFRFUl9FTkdJTkVfUkVWSVNJT049YzI5ODA5MTM1MQ==,RkxVVFRFUl9EQVJUX1ZFUlNJT049My45LjI= -Pdart-obfuscation=false -Ptrack-widget-creation=true -Ptree-shake-icons=false -Pfilesystem-scheme=org-dartlang-root assembleDebug

Host: Intel(R) Core(TM) i5-7300U CPU @ 2.60GHz, 4 cores, 7G,  Windows 10 , 64 bit Build 19041 (10.0.19041.5915)
Time: Sat Jan  3 12:57:24 2026 Pakistan Standard Time elapsed time: 0.051820 seconds (0d 0h 0m 0s)

---------------  T H R E A D  ---------------

Current thread (0x00000250639918d0):  JavaThread "Unknown thread" [_thread_in_vm, id=920, stack(0x000000e81fd00000,0x000000e81fe00000) (1024K)]

Stack: [0x000000e81fd00000,0x000000e81fe00000]
Native frames: (J=compiled Java code, j=interpreted, Vv=VM code, C=native code)
V  [jvm.dll+0x6d25c9]
V  [jvm.dll+0x860923]
V  [jvm.dll+0x862e7e]
V  [jvm.dll+0x863563]
V  [jvm.dll+0x27f156]
V  [jvm.dll+0x6ceee5]
V  [jvm.dll+0x6c29aa]
V  [jvm.dll+0x355ebb]
V  [jvm.dll+0x35db16]
V  [jvm.dll+0x3afb16]
V  [jvm.dll+0x3afde8]
V  [jvm.dll+0x32855c]
V  [jvm.dll+0x32924b]
V  [jvm.dll+0x828379]
V  [jvm.dll+0x3bcce8]
V  [jvm.dll+0x811628]
V  [jvm.dll+0x45121e]
V  [jvm.dll+0x452981]
C  [jli.dll+0x52ab]
C  [ucrtbase.dll+0x21bb2]
C  [KERNEL32.DLL+0x17374]
C  [ntdll.dll+0x4cc91]


---------------  P R O C E S S  ---------------

Threads class SMR info:
_java_thread_list=0x00007ff85a5e4888, length=0, elements={
}

Java Threads: ( => current thread )
Total: 0

Other Threads:
  0x00000250639e7b30 WorkerThread "GC Thread#0"                     [id=16304, stack(0x000000e81fe00000,0x000000e81ff00000) (1024K)]
  0x00000250639f8e80 ConcurrentGCThread "G1 Main Marker"            [id=1288, stack(0x000000e81ff00000,0x000000e820000000) (1024K)]
  0x00000250639f9890 WorkerThread "G1 Conc#0"                       [id=9336, stack(0x000000e820000000,0x000000e820100000) (1024K)]

[error occurred during error reporting (printing all threads), id 0xc0000005, EXCEPTION_ACCESS_VIOLATION (0xc0000005) at pc=0x00007ff859ddb5b7]
VM state: not at safepoint (not fully initialized)

VM Mutex/Monitor currently owned by a thread:  ([mutex/lock_event])
[0x00007ff85a651568] Heap_lock - owner thread: 0x00000250639918d0

Heap address: 0x0000000081e00000, size: 2018 MB, Compressed Oops mode: 32-bit

CDS archive(s) mapped at: [0x0000000000000000-0x0000000000000000-0x0000000000000000), size 0, SharedBaseAddress: 0x0000000800000000, ArchiveRelocationMode: 1.
Narrow klass base: 0x0000000000000000, Narrow klass shift: 0, Narrow klass range: 0x0

GC Precious Log:
 CardTable entry size: 512
 Card Set container configuration: InlinePtr #cards 5 size 8 Array Of Cards #cards 12 size 40 Howl #buckets 4 coarsen threshold 1843 Howl Bitmap #cards 512 size 80 coarsen threshold 460 Card regions per heap region 1 cards per card region 2048

Heap:
 garbage-first heap   total 0K, used 0K [0x0000000081e00000, 0x0000000100000000)
  region size 1024K, 0 young (0K), 0 survivors (0K)
 Metaspace       used 0K, committed 0K, reserved 0K
  class space    used 0K, committed 0K, reserved 0K

Heap Regions: E=young(eden), S=young(survivor), O=old, HS=humongous(starts), HC=humongous(continues), CS=collection set, F=free, TAMS=top-at-mark-start, PB=parsable bottom

Card table byte_map: [0x0000025075ed0000,0x00000250762d0000] _byte_map_base: 0x0000025075ac1000

Marking Bits: (CMBitMap*) 0x00000250639e8950
 Bits: [0x00000250762d0000, 0x0000025078258000)

GC Heap History (0 events):
No events

Dll operation events (1 events):
Event: 0.043 Loaded shared library C:\Program Files\Android\Android Studio\jbr\bin\java.dll

Deoptimization events (0 events):
No events

Classes loaded (0 events):
No events

Classes unloaded (0 events):
No events

Classes redefined (0 events):
No events

Internal exceptions (0 events):
No events

ZGC Phase Switch (0 events):
No events

VM Operations (0 events):
No events

Memory protections (0 events):
No events

Nmethod flushes (0 events):
No events

Events (0 events):
No events


Dynamic libraries:
0x00007ff6e6c30000 - 0x00007ff6e6c3a000 	C:\Program Files\Android\Android Studio\jbr\bin\java.exe
0x00007ff8bf0f0000 - 0x00007ff8bf2e8000 	C:\WINDOWS\SYSTEM32\ntdll.dll
0x00007ff8bd110000 - 0x00007ff8bd1d2000 	C:\WINDOWS\System32\KERNEL32.DLL
0x00007ff8bcc70000 - 0x00007ff8bcf66000 	C:\WINDOWS\System32\KERNELBASE.dll
0x00007ff8bcb20000 - 0x00007ff8bcc20000 	C:\WINDOWS\System32\ucrtbase.dll
0x00007ff88ce40000 - 0x00007ff88ce58000 	C:\Program Files\Android\Android Studio\jbr\bin\jli.dll
0x00007ff8bde90000 - 0x00007ff8be031000 	C:\WINDOWS\System32\USER32.dll
0x00007ff8bc990000 - 0x00007ff8bc9b2000 	C:\WINDOWS\System32\win32u.dll
0x00007ff8be0e0000 - 0x00007ff8be10b000 	C:\WINDOWS\System32\GDI32.dll
0x00007ff8bcf70000 - 0x00007ff8bd089000 	C:\WINDOWS\System32\gdi32full.dll
0x00007ff8bc780000 - 0x00007ff8bc81d000 	C:\WINDOWS\System32\msvcp_win.dll
0x00007ff8b3490000 - 0x00007ff8b34ab000 	C:\Program Files\Android\Android Studio\jbr\bin\VCRUNTIME140.dll
0x00007ff8a8740000 - 0x00007ff8a89db000 	C:\WINDOWS\WinSxS\amd64_microsoft.windows.common-controls_6595b64144ccf1df_6.0.19041.6456_none_60b8a6cb71f64256\COMCTL32.dll
0x00007ff8bd800000 - 0x00007ff8bd89e000 	C:\WINDOWS\System32\msvcrt.dll
0x00007ff8be990000 - 0x00007ff8be9bf000 	C:\WINDOWS\System32\IMM32.DLL
0x0000000050fa0000 - 0x0000000050fac000 	C:\Program Files (x86)\360\Total Security\safemon\SafeWrapper.dll
0x00007ff8bdc00000 - 0x00007ff8bdcb1000 	C:\WINDOWS\System32\ADVAPI32.dll
0x00007ff8bdcc0000 - 0x00007ff8bdd5f000 	C:\WINDOWS\System32\sechost.dll
0x00007ff8be9c0000 - 0x00007ff8beae0000 	C:\WINDOWS\System32\RPCRT4.dll
0x00007ff8bc820000 - 0x00007ff8bc847000 	C:\WINDOWS\System32\bcrypt.dll
0x00007ff865290000 - 0x00007ff86533c000 	C:\Program Files (x86)\360\Total Security\safemon\libzdtp64.dll
0x00007ff8be110000 - 0x00007ff8be880000 	C:\WINDOWS\System32\SHELL32.dll
0x00007ff8bec10000 - 0x00007ff8bec6b000 	C:\WINDOWS\System32\SHLWAPI.dll
0x00007ff8bc200000 - 0x00007ff8bc20a000 	C:\WINDOWS\SYSTEM32\VERSION.dll
0x00007ff8b4220000 - 0x00007ff8b422c000 	C:\Program Files\Android\Android Studio\jbr\bin\vcruntime140_1.dll
0x00007ff88a960000 - 0x00007ff88a9ed000 	C:\Program Files\Android\Android Studio\jbr\bin\msvcp140.dll
0x00007ff859aa0000 - 0x00007ff85a72e000 	C:\Program Files\Android\Android Studio\jbr\bin\server\jvm.dll
0x00007ff8bd320000 - 0x00007ff8bd38b000 	C:\WINDOWS\System32\WS2_32.dll
0x00007ff8bc5e0000 - 0x00007ff8bc62b000 	C:\WINDOWS\SYSTEM32\POWRPROF.dll
0x00007ff8b2080000 - 0x00007ff8b20a7000 	C:\WINDOWS\SYSTEM32\WINMM.dll
0x00007ff8bc5c0000 - 0x00007ff8bc5d2000 	C:\WINDOWS\SYSTEM32\UMPDC.dll
0x00007ff8baf20000 - 0x00007ff8baf32000 	C:\WINDOWS\SYSTEM32\kernel.appcore.dll
0x00007ff8b36c0000 - 0x00007ff8b36ca000 	C:\Program Files\Android\Android Studio\jbr\bin\jimage.dll
0x00007ff8b6000000 - 0x00007ff8b6201000 	C:\WINDOWS\SYSTEM32\DBGHELP.DLL
0x00007ff8adfc0000 - 0x00007ff8adff4000 	C:\WINDOWS\SYSTEM32\dbgcore.DLL
0x00007ff8bc900000 - 0x00007ff8bc982000 	C:\WINDOWS\System32\bcryptPrimitives.dll
0x00007ff8ae620000 - 0x00007ff8ae640000 	C:\Program Files\Android\Android Studio\jbr\bin\java.dll

dbghelp: loaded successfully - version: 4.0.5 - missing functions: none
symbol engine: initialized successfully - sym options: 0x614 - pdb path: .;C:\Program Files\Android\Android Studio\jbr\bin;C:\WINDOWS\SYSTEM32;C:\WINDOWS\WinSxS\amd64_microsoft.windows.common-controls_6595b64144ccf1df_6.0.19041.6456_none_60b8a6cb71f64256;C:\Program Files (x86)\360\Total Security\safemon;C:\Program Files\Android\Android Studio\jbr\bin\server

VM Arguments:
jvm_args: -Dorg.gradle.appname=gradlew 
java_command: org.gradle.wrapper.GradleWrapperMain -q -Ptarget-platform=android-arm64 -Ptarget=D:\flutter_project\smart_community_safety_app\lib\main.dart -Pbase-application-name=android.app.Application -Pdart-defines=Zmx1dHRlci5pbnNwZWN0b3Iuc3RydWN0dXJlZEVycm9ycz10cnVl,RkxVVFRFUl9WRVJTSU9OPTMuMzUuNA==,RkxVVFRFUl9DSEFOTkVMPXN0YWJsZQ==,RkxVVFRFUl9HSVRfVVJMPWh0dHBzOi8vZ2l0aHViLmNvbS9mbHV0dGVyL2ZsdXR0ZXIuZ2l0,RkxVVFRFUl9GUkFNRVdPUktfUkVWSVNJT049ZDY5M2I0YjlkYg==,RkxVVFRFUl9FTkdJTkVfUkVWSVNJT049YzI5ODA5MTM1MQ==,RkxVVFRFUl9EQVJUX1ZFUlNJT049My45LjI= -Pdart-obfuscation=false -Ptrack-widget-creation=true -Ptree-shake-icons=false -Pfilesystem-scheme=org-dartlang-root assembleDebug
java_class_path (initial): D:\flutter_project\smart_community_safety_app\android\\gradle\wrapper\gradle-wrapper.jar
Launcher Type: SUN_STANDARD

[Global flags]
     intx CICompilerCount                          = 3                                         {product} {ergonomic}
     uint ConcGCThreads                            = 1                                         {product} {ergonomic}
     uint G1ConcRefinementThreads                  = 4                                         {product} {ergonomic}
   size_t G1HeapRegionSize                         = 1048576                                   {product} {ergonomic}
    uintx GCDrainStackTargetSize                   = 64                                        {product} {ergonomic}
   size_t InitialHeapSize                          = 134217728                                 {product} {ergonomic}
   size_t MarkStackSize                            = 4194304                                   {product} {ergonomic}
   size_t MaxHeapSize                              = 2116026368                                {product} {ergonomic}
   size_t MinHeapDeltaBytes                        = 1048576                                   {product} {ergonomic}
   size_t MinHeapSize                              = 8388608                                   {product} {ergonomic}
    uintx NonNMethodCodeHeapSize                   = 5832780                                {pd product} {ergonomic}
    uintx NonProfiledCodeHeapSize                  = 122912730                              {pd product} {ergonomic}
    uintx ProfiledCodeHeapSize                     = 122912730                              {pd product} {ergonomic}
    uintx ReservedCodeCacheSize                    = 251658240                              {pd product} {ergonomic}
     bool SegmentedCodeCache                       = true                                      {product} {ergonomic}
   size_t SoftMaxHeapSize                          = 2116026368                             {manageable} {ergonomic}
     bool UseCompressedOops                        = true                           {product lp64_product} {ergonomic}
     bool UseG1GC                                  = true                                      {product} {ergonomic}
     bool UseLargePagesIndividualAllocation        = false                                  {pd product} {ergonomic}

Logging:
Log output configuration:
 #0: stdout all=warning uptime,level,tags foldmultilines=false
 #1: stderr all=off uptime,level,tags foldmultilines=false

Environment Variables:
JAVA_HOME=C:\Program Files\Android\Android Studio\jbr
CLASSPATH=D:\flutter_project\smart_community_safety_app\android\\gradle\wrapper\gradle-wrapper.jar
PATH=C:\Program Files\Android\Android Studio\jbr\bin;D:\Gradle\gradle-8.11.1\bin;C:\Program Files\Android\Android Studio\jbr\bin;D:\java\bin;C:\Program Files\nodejs\;C:\Windows\System32;C:\Program Files\Microsoft SQL Server\Client SDK\ODBC\170\Tools\Binn\;C:\Program Files\Microsoft SQL Server\160\DTS\Binn\;C:\Program Files\Git\cmd;C:\WINDOWS\system32\WindowsPowerShell\v1.0\;C:\Program Files (x86)\Windows Kits\10\Windows Performance Toolkit\;C:\Program Files\dotnet\;C:\flutter\bin;;C:\flutter\bin\mingit\cmd
USERNAME=Shekhani Laptops
OS=Windows_NT
PROCESSOR_IDENTIFIER=Intel64 Family 6 Model 142 Stepping 9, GenuineIntel
TMP=C:\Users\SHEKHA~1\AppData\Local\Temp
TEMP=C:\Users\SHEKHA~1\AppData\Local\Temp




Periodic native trim disabled

JNI global refs:
JNI global refs: 0, weak refs: 0

JNI global refs memory usage: 0, weak refs: 0

Process memory usage:
Resident Set Size: 11776K (0% of 8260824K total physical memory with 213080K free physical memory)

OOME stack traces (most recent first):
Classloader memory used:

---------------  S Y S T E M  ---------------

OS:
 Windows 10 , 64 bit Build 19041 (10.0.19041.5915)
OS uptime: 0 days 0:35 hours

CPU: total 4 (initial active 4) (2 cores per cpu, 2 threads per core) family 6 model 142 stepping 9 microcode 0xde, cx8, cmov, fxsr, ht, mmx, 3dnowpref, sse, sse2, sse3, ssse3, sse4.1, sse4.2, popcnt, lzcnt, tsc, tscinvbit, avx, avx2, aes, erms, clmul, bmi1, bmi2, rtm, adx, fma, vzeroupper, clflush, clflushopt, rdtscp, f16c
Processor Information for the first 4 processors :
  Max Mhz: 2712, Current Mhz: 2611, Mhz Limit: 2603

Memory: 4k page, system-wide physical 8067M (208M free)
TotalPageFile size 10783M (AvailPageFile size 79M)
current process WorkingSet (physical memory assigned to process): 11M, peak: 11M
current process commit charge ("private bytes"): 52M, peak: 180M

vm_info: OpenJDK 64-Bit Server VM (21.0.7+-13880790-b1038.58) for windows-amd64 JRE (21.0.7+-13880790-b1038.58), built on 2025-08-04T20:56:21Z by "builder" with MS VC++ 16.10 / 16.11 (VS2019)

END.
