#
# There is insufficient memory for the Java Runtime Environment to continue.
# Native memory allocation (mmap) failed to map 1300234240 bytes. Error detail: G1 virtual space
# Possible reasons:
#   The system is out of physical RAM or swap space
#   This process is running with CompressedOops enabled, and the Java Heap may be blocking the growth of the native heap
# Possible solutions:
#   Reduce memory load on the system
#   Increase physical memory or swap space
#   Check if swap backing store is full
#   Decrease Java heap size (-Xmx/-Xms)
#   Decrease number of Java threads
#   Decrease Java thread stack sizes (-Xss)
#   Set larger code cache with -XX:ReservedCodeCacheSize=
#   JVM is running with Zero Based Compressed Oops mode in which the Java heap is
#     placed in the first 32GB address space. The Java Heap base address is the
#     maximum limit for the native heap growth. Please use -XX:HeapBaseMinAddress
#     to set the Java Heap base and to place the Java Heap above 32GB virtual address.
# This output file may be truncated or incomplete.
#
#  Out of Memory Error (os_windows.cpp:3618), pid=1180, tid=1592
#
# JRE version: OpenJDK Runtime Environment Temurin-17.0.17+10 (17.0.17+10) (build 17.0.17+10)
# Java VM: OpenJDK 64-Bit Server VM Temurin-17.0.17+10 (17.0.17+10, mixed mode, sharing, tiered, compressed oops, compressed class ptrs, g1 gc, windows-amd64)
# No core dump will be written. Minidumps are not enabled by default on client versions of Windows
#

---------------  S U M M A R Y ------------

Command Line: --add-opens=java.base/java.lang=ALL-UNNAMED --add-opens=java.base/java.lang.invoke=ALL-UNNAMED --add-opens=java.base/java.util=ALL-UNNAMED --add-opens=java.prefs/java.util.prefs=ALL-UNNAMED --add-exports=jdk.compiler/com.sun.tools.javac.api=ALL-UNNAMED --add-exports=jdk.compiler/com.sun.tools.javac.util=ALL-UNNAMED --add-opens=java.base/java.util=ALL-UNNAMED --add-opens=java.prefs/java.util.prefs=ALL-UNNAMED --add-opens=java.base/java.nio.charset=ALL-UNNAMED --add-opens=java.base/java.net=ALL-UNNAMED --add-opens=java.base/java.util.concurrent.atomic=ALL-UNNAMED --add-opens=java.xml/javax.xml.namespace=ALL-UNNAMED -XX:MaxMetaspaceSize=4G -XX:ReservedCodeCacheSize=512m -XX:+HeapDumpOnOutOfMemoryError -Xmx8G -Dfile.encoding=UTF-8 -Duser.country=US -Duser.language=en -Duser.variant -javaagent:C:\Users\Shekhani Laptops\.gradle\wrapper\dists\gradle-8.12-all\ejduaidbjup3bmmkhw3rie4zb\gradle-8.12\lib\agents\gradle-instrumentation-agent-8.12.jar org.gradle.launcher.daemon.bootstrap.GradleDaemon 8.12

Host: Intel(R) Core(TM) i5-7300U CPU @ 2.60GHz, 4 cores, 7G,  Windows 10 , 64 bit Build 19041 (10.0.19041.5915)
Time: Sat Jan  3 13:48:57 2026 Pakistan Standard Time elapsed time: 73.727287 seconds (0d 0h 1m 13s)

---------------  T H R E A D  ---------------

Current thread (0x000002c1430fc590):  VMThread "VM Thread" [stack: 0x000000d690600000,0x000000d690700000] [id=1592]

Stack: [0x000000d690600000,0x000000d690700000]
Native frames: (J=compiled Java code, j=interpreted, Vv=VM code, C=native code)
V  [jvm.dll+0x683fb9]
V  [jvm.dll+0x83a1b5]
V  [jvm.dll+0x83bc2e]
V  [jvm.dll+0x83c2b3]
V  [jvm.dll+0x248eff]
V  [jvm.dll+0x680d79]
V  [jvm.dll+0x675b7a]
V  [jvm.dll+0x3091a7]
V  [jvm.dll+0x310776]
V  [jvm.dll+0x360bbe]
V  [jvm.dll+0x360dfd]
V  [jvm.dll+0x2e022c]
V  [jvm.dll+0x2de602]
V  [jvm.dll+0x2ddd9c]
V  [jvm.dll+0x320a3b]
V  [jvm.dll+0x840acd]
V  [jvm.dll+0x841803]
V  [jvm.dll+0x841d2f]
V  [jvm.dll+0x842115]
V  [jvm.dll+0x8421de]
V  [jvm.dll+0x7ea44c]
V  [jvm.dll+0x682e87]
C  [ucrtbase.dll+0x21bb2]
C  [KERNEL32.DLL+0x17374]
C  [ntdll.dll+0x4cc91]

VM_Operation (0x000000d6947fafd0): G1CollectForAllocation, mode: safepoint, requested by thread 0x000002c18da8c810


---------------  P R O C E S S  ---------------

Threads class SMR info:
_java_thread_list=0x000002c18efb97f0, length=60, elements={
0x000002c1082cfa00, 0x000002c143103210, 0x000002c143103ce0, 0x000002c143115d20,
0x000002c143118600, 0x000002c143118ed0, 0x000002c1431197a0, 0x000002c14311a3a0,
0x000002c14311ad60, 0x000002c143139190, 0x000002c1430ed750, 0x000002c1458bc540,
0x000002c18c5a4ca0, 0x000002c18c2e8b30, 0x000002c1457524e0, 0x000002c145754340,
0x000002c145753920, 0x000002c1457515b0, 0x000002c145753e30, 0x000002c145754850,
0x000002c145751ac0, 0x000002c145751fd0, 0x000002c145754d60, 0x000002c145752f00,
0x000002c145753410, 0x000002c18cec3f90, 0x000002c18cec7740, 0x000002c18cec49b0,
0x000002c18cec2b50, 0x000002c18cec8b80, 0x000002c18cec8670, 0x000002c18cec95a0,
0x000002c18cec2130, 0x000002c18cec6300, 0x000002c197b9abc0, 0x000002c197b98850,
0x000002c197b950a0, 0x000002c197b97e30, 0x000002c197b99270, 0x000002c197b98d60,
0x000002c197b9b5e0, 0x000002c197b99780, 0x000002c197b969f0, 0x000002c197b964e0,
0x000002c197b99c90, 0x000002c197b955b0, 0x000002c197b95ac0, 0x000002c197b98340,
0x000002c197b97410, 0x000002c197b97920, 0x000002c18da89f90, 0x000002c18da89570,
0x000002c18da8a4a0, 0x000002c18da8fab0, 0x000002c18da8c300, 0x000002c18da8ffc0,
0x000002c18da8cd20, 0x000002c18da8c810, 0x000002c18da8bdf0, 0x000002c19df6cd90
}

Java Threads: ( => current thread )
  0x000002c1082cfa00 JavaThread "main" [_thread_blocked, id=17292, stack(0x000000d690000000,0x000000d690100000)]
  0x000002c143103210 JavaThread "Reference Handler" daemon [_thread_blocked, id=12748, stack(0x000000d690700000,0x000000d690800000)]
  0x000002c143103ce0 JavaThread "Finalizer" daemon [_thread_blocked, id=1980, stack(0x000000d690800000,0x000000d690900000)]
  0x000002c143115d20 JavaThread "Signal Dispatcher" daemon [_thread_blocked, id=12196, stack(0x000000d690900000,0x000000d690a00000)]
  0x000002c143118600 JavaThread "Attach Listener" daemon [_thread_blocked, id=6140, stack(0x000000d690a00000,0x000000d690b00000)]
  0x000002c143118ed0 JavaThread "Service Thread" daemon [_thread_blocked, id=2164, stack(0x000000d690b00000,0x000000d690c00000)]
  0x000002c1431197a0 JavaThread "Monitor Deflation Thread" daemon [_thread_blocked, id=8528, stack(0x000000d690c00000,0x000000d690d00000)]
  0x000002c14311a3a0 JavaThread "C2 CompilerThread0" daemon [_thread_blocked, id=1412, stack(0x000000d690d00000,0x000000d690e00000)]
  0x000002c14311ad60 JavaThread "C1 CompilerThread0" daemon [_thread_blocked, id=3240, stack(0x000000d690e00000,0x000000d690f00000)]
  0x000002c143139190 JavaThread "Sweeper thread" daemon [_thread_blocked, id=14656, stack(0x000000d690f00000,0x000000d691000000)]
  0x000002c1430ed750 JavaThread "Common-Cleaner" daemon [_thread_blocked, id=13464, stack(0x000000d691000000,0x000000d691100000)]
  0x000002c1458bc540 JavaThread "Notification Thread" daemon [_thread_blocked, id=14708, stack(0x000000d691100000,0x000000d691200000)]
  0x000002c18c5a4ca0 JavaThread "Daemon health stats" [_thread_blocked, id=1524, stack(0x000000d691600000,0x000000d691700000)]
  0x000002c18c2e8b30 JavaThread "Incoming local TCP Connector on port 52242" [_thread_in_native, id=12804, stack(0x000000d691700000,0x000000d691800000)]
  0x000002c1457524e0 JavaThread "Daemon periodic checks" [_thread_blocked, id=3728, stack(0x000000d691800000,0x000000d691900000)]
  0x000002c145754340 JavaThread "Daemon" [_thread_blocked, id=9404, stack(0x000000d691900000,0x000000d691a00000)]
  0x000002c145753920 JavaThread "Handler for socket connection from /127.0.0.1:52242 to /127.0.0.1:52243" [_thread_in_native, id=7504, stack(0x000000d691a00000,0x000000d691b00000)]
  0x000002c1457515b0 JavaThread "Cancel handler" [_thread_blocked, id=11224, stack(0x000000d691b00000,0x000000d691c00000)]
  0x000002c145753e30 JavaThread "Daemon worker" [_thread_blocked, id=15356, stack(0x000000d691c00000,0x000000d691d00000)]
  0x000002c145754850 JavaThread "Asynchronous log dispatcher for DefaultDaemonConnection: socket connection from /127.0.0.1:52242 to /127.0.0.1:52243" [_thread_blocked, id=13016, stack(0x000000d691d00000,0x000000d691e00000)]
  0x000002c145751ac0 JavaThread "Stdin handler" [_thread_blocked, id=14568, stack(0x000000d691e00000,0x000000d691f00000)]
  0x000002c145751fd0 JavaThread "Daemon client event forwarder" [_thread_blocked, id=7828, stack(0x000000d691f00000,0x000000d692000000)]
  0x000002c145754d60 JavaThread "Cache worker for journal cache (C:\Users\Shekhani Laptops\.gradle\caches\journal-1)" [_thread_blocked, id=10116, stack(0x000000d692000000,0x000000d692100000)]
  0x000002c145752f00 JavaThread "File lock request listener" [_thread_in_native, id=13708, stack(0x000000d692100000,0x000000d692200000)]
  0x000002c145753410 JavaThread "Cache worker for file hash cache (C:\Users\Shekhani Laptops\.gradle\caches\8.12\fileHashes)" [_thread_blocked, id=8760, stack(0x000000d692200000,0x000000d692300000)]
  0x000002c18cec3f90 JavaThread "Cache worker for file hash cache (D:\flutter_project\smart_community_safety_app\android\.gradle\8.12\fileHashes)" [_thread_blocked, id=5420, stack(0x000000d692300000,0x000000d692400000)]
  0x000002c18cec7740 JavaThread "Cache worker for Build Output Cleanup Cache (D:\flutter_project\smart_community_safety_app\android\.gradle\buildOutputCleanup)" [_thread_blocked, id=12172, stack(0x000000d692400000,0x000000d692500000)]
  0x000002c18cec49b0 JavaThread "File watcher server" daemon [_thread_in_native, id=11424, stack(0x000000d692500000,0x000000d692600000)]
  0x000002c18cec2b50 JavaThread "File watcher consumer" daemon [_thread_blocked, id=15192, stack(0x000000d692600000,0x000000d692700000)]
  0x000002c18cec8b80 JavaThread "Cache worker for checksums cache (D:\flutter_project\smart_community_safety_app\android\.gradle\8.12\checksums)" [_thread_blocked, id=8512, stack(0x000000d68fd00000,0x000000d68fe00000)]
  0x000002c18cec8670 JavaThread "Cache worker for file content cache (C:\Users\Shekhani Laptops\.gradle\caches\8.12\fileContent)" [_thread_blocked, id=8064, stack(0x000000d692a00000,0x000000d692b00000)]
  0x000002c18cec95a0 JavaThread "Cache worker for cache directory md-rule (C:\Users\Shekhani Laptops\.gradle\caches\8.12\md-rule)" [_thread_blocked, id=2948, stack(0x000000d692b00000,0x000000d692c00000)]
  0x000002c18cec2130 JavaThread "Cache worker for cache directory md-supplier (C:\Users\Shekhani Laptops\.gradle\caches\8.12\md-supplier)" [_thread_blocked, id=7288, stack(0x000000d692c00000,0x000000d692d00000)]
  0x000002c18cec6300 JavaThread "Cache worker for Build Output Cleanup Cache (C:\flutter\packages\flutter_tools\gradle\.gradle\buildOutputCleanup)" [_thread_blocked, id=6568, stack(0x000000d692d00000,0x000000d692e00000)]
  0x000002c197b9abc0 JavaThread "Unconstrained build operations" [_thread_blocked, id=13088, stack(0x000000d693000000,0x000000d693100000)]
  0x000002c197b98850 JavaThread "Unconstrained build operations Thread 2" [_thread_blocked, id=5820, stack(0x000000d693100000,0x000000d693200000)]
  0x000002c197b950a0 JavaThread "Unconstrained build operations Thread 3" [_thread_blocked, id=14560, stack(0x000000d693200000,0x000000d693300000)]
  0x000002c197b97e30 JavaThread "Unconstrained build operations Thread 4" [_thread_blocked, id=2168, stack(0x000000d693300000,0x000000d693400000)]
  0x000002c197b99270 JavaThread "Unconstrained build operations Thread 5" [_thread_blocked, id=10664, stack(0x000000d693400000,0x000000d693500000)]
  0x000002c197b98d60 JavaThread "Unconstrained build operations Thread 6" [_thread_blocked, id=5896, stack(0x000000d693500000,0x000000d693600000)]
  0x000002c197b9b5e0 JavaThread "Unconstrained build operations Thread 7" [_thread_blocked, id=12388, stack(0x000000d693600000,0x000000d693700000)]
  0x000002c197b99780 JavaThread "Unconstrained build operations Thread 8" [_thread_blocked, id=10096, stack(0x000000d693700000,0x000000d693800000)]
  0x000002c197b969f0 JavaThread "Unconstrained build operations Thread 9" [_thread_blocked, id=3316, stack(0x000000d693800000,0x000000d693900000)]
  0x000002c197b964e0 JavaThread "Memory manager" [_thread_blocked, id=3756, stack(0x000000d693900000,0x000000d693a00000)]
  0x000002c197b99c90 JavaThread "build event listener" [_thread_blocked, id=12564, stack(0x000000d693a00000,0x000000d693b00000)]
  0x000002c197b955b0 JavaThread "included builds" [_thread_blocked, id=9120, stack(0x000000d693b00000,0x000000d693c00000)]
  0x000002c197b95ac0 JavaThread "Execution worker" [_thread_blocked, id=10540, stack(0x000000d693c00000,0x000000d693d00000)]
  0x000002c197b98340 JavaThread "Execution worker Thread 2" [_thread_blocked, id=7572, stack(0x000000d693d00000,0x000000d693e00000)]
  0x000002c197b97410 JavaThread "Execution worker Thread 3" [_thread_blocked, id=7780, stack(0x000000d693e00000,0x000000d693f00000)]
  0x000002c197b97920 JavaThread "Cache worker for execution history cache (C:\flutter\packages\flutter_tools\gradle\.gradle\8.12\executionHistory)" [_thread_blocked, id=8480, stack(0x000000d693f00000,0x000000d694000000)]
  0x000002c18da89f90 JavaThread "Unconstrained build operations Thread 10" [_thread_blocked, id=17300, stack(0x000000d694000000,0x000000d694100000)]
  0x000002c18da89570 JavaThread "Unconstrained build operations Thread 11" [_thread_blocked, id=3776, stack(0x000000d694100000,0x000000d694200000)]
  0x000002c18da8a4a0 JavaThread "Unconstrained build operations Thread 12" [_thread_blocked, id=1492, stack(0x000000d694200000,0x000000d694300000)]
  0x000002c18da8fab0 JavaThread "Unconstrained build operations Thread 13" [_thread_blocked, id=16380, stack(0x000000d694300000,0x000000d694400000)]
  0x000002c18da8c300 JavaThread "Unconstrained build operations Thread 14" [_thread_blocked, id=7612, stack(0x000000d694400000,0x000000d694500000)]
  0x000002c18da8ffc0 JavaThread "Unconstrained build operations Thread 15" [_thread_blocked, id=16764, stack(0x000000d694500000,0x000000d694600000)]
  0x000002c18da8cd20 JavaThread "Unconstrained build operations Thread 16" [_thread_blocked, id=4648, stack(0x000000d694600000,0x000000d694700000)]
  0x000002c18da8c810 JavaThread "Unconstrained build operations Thread 17" [_thread_blocked, id=15164, stack(0x000000d694700000,0x000000d694800000)]
  0x000002c18da8bdf0 JavaThread "Unconstrained build operations Thread 18" [_thread_blocked, id=3284, stack(0x000000d694800000,0x000000d694900000)]
  0x000002c19df6cd90 JavaThread "C2 CompilerThread1" daemon [_thread_blocked, id=8876, stack(0x000000d68fe00000,0x000000d68ff00000)]

Other Threads:
=>0x000002c1430fc590 VMThread "VM Thread" [stack: 0x000000d690600000,0x000000d690700000] [id=1592]
  0x000002c1457f34b0 WatcherThread [stack: 0x000000d691200000,0x000000d691300000] [id=11360]
  0x000002c10833cce0 GCTaskThread "GC Thread#0" [stack: 0x000000d690100000,0x000000d690200000] [id=15848]
  0x000002c1458d0890 GCTaskThread "GC Thread#1" [stack: 0x000000d691300000,0x000000d691400000] [id=10488]
  0x000002c1458d0b50 GCTaskThread "GC Thread#2" [stack: 0x000000d691400000,0x000000d691500000] [id=2080]
  0x000002c18b92dd70 GCTaskThread "GC Thread#3" [stack: 0x000000d691500000,0x000000d691600000] [id=7484]
  0x000002c142f81cf0 ConcurrentGCThread "G1 Main Marker" [stack: 0x000000d690200000,0x000000d690300000] [id=3672]
  0x000002c10834db90 ConcurrentGCThread "G1 Conc#0" [stack: 0x000000d690300000,0x000000d690400000] [id=8500]
  0x000002c10836d990 ConcurrentGCThread "G1 Refine#0" [stack: 0x000000d690400000,0x000000d690500000] [id=9016]
  0x000002c18dc55070 ConcurrentGCThread "G1 Refine#1" [stack: 0x000000d692700000,0x000000d692800000] [id=16608]
  0x000002c18dc570c0 ConcurrentGCThread "G1 Refine#2" [stack: 0x000000d692800000,0x000000d692900000] [id=5024]
  0x000002c18dc573b0 ConcurrentGCThread "G1 Refine#3" [stack: 0x000000d692900000,0x000000d692a00000] [id=12188]
  0x000002c10836e170 ConcurrentGCThread "G1 Service" [stack: 0x000000d690500000,0x000000d690600000] [id=11624]

Threads with active compile tasks:
C2 CompilerThread0  73893 17367   !   4       org.jetbrains.kotlin.metadata.jvm.JvmProtoBuf$JvmMethodSignature::<init> (286 bytes)
C2 CompilerThread1  73893 17391       4       org.jetbrains.kotlin.metadata.jvm.deserialization.JvmNameResolverKt::toExpandedRecordsList (106 bytes)

VM state: at safepoint (normal execution)

VM Mutex/Monitor currently owned by a thread:  ([mutex/lock_event])
[0x000002c1082cb220] Threads_lock - owner thread: 0x000002c1430fc590
[0x000002c1082cb8e0] Heap_lock - owner thread: 0x000002c18da8c810

Heap address: 0x0000000600000000, size: 8192 MB, Compressed Oops mode: Zero based, Oop shift amount: 3

CDS archive(s) mapped at: [0x000002c146000000-0x000002c146bb0000-0x000002c146bb0000), size 12255232, SharedBaseAddress: 0x000002c146000000, ArchiveRelocationMode: 1.
Compressed class space mapped at: 0x000002c147000000-0x000002c187000000, reserved size: 1073741824
Narrow klass base: 0x000002c146000000, Narrow klass shift: 0, Narrow klass range: 0x100000000

GC Precious Log:
 CPUs: 4 total, 4 available
 Memory: 8067M
 Large Page Support: Disabled
 NUMA Support: Disabled
 Compressed Oops: Enabled (Zero based)
 Heap Region Size: 4M
 Heap Min Capacity: 8M
 Heap Initial Capacity: 128M
 Heap Max Capacity: 8G
 Pre-touch: Disabled
 Parallel Workers: 4
 Concurrent Workers: 1
 Concurrent Refinement Workers: 4
 Periodic GC: Disabled

Heap:
 garbage-first heap   total 1269760K, used 172914K [0x0000000600000000, 0x0000000800000000)
  region size 4096K, 1 young (4096K), 1 survivors (4096K)
 Metaspace       used 132838K, committed 133696K, reserved 1179648K
  class space    used 17013K, committed 17408K, reserved 1048576K

Heap Regions: E=young(eden), S=young(survivor), O=old, HS=humongous(starts), HC=humongous(continues), CS=collection set, F=free, OA=open archive, CA=closed archive, TAMS=top-at-mark-start (previous, next)
|   0|0x0000000600000000, 0x0000000600400000, 0x0000000600400000|100%|HS|  |TAMS 0x0000000600400000, 0x0000000600000000| Complete 
|   1|0x0000000600400000, 0x0000000600800000, 0x0000000600800000|100%| O|  |TAMS 0x0000000600800000, 0x0000000600400000| Untracked 
|   2|0x0000000600800000, 0x0000000600c00000, 0x0000000600c00000|100%| O|  |TAMS 0x0000000600c00000, 0x0000000600800000| Untracked 
|   3|0x0000000600c00000, 0x0000000601000000, 0x0000000601000000|100%| O|  |TAMS 0x0000000601000000, 0x0000000600c00000| Untracked 
|   4|0x0000000601000000, 0x0000000601400000, 0x0000000601400000|100%| O|  |TAMS 0x0000000601400000, 0x0000000601000000| Untracked 
|   5|0x0000000601400000, 0x0000000601800000, 0x0000000601800000|100%| O|  |TAMS 0x0000000601800000, 0x0000000601400000| Untracked 
|   6|0x0000000601800000, 0x0000000601c00000, 0x0000000601c00000|100%| O|  |TAMS 0x0000000601c00000, 0x0000000601800000| Untracked 
|   7|0x0000000601c00000, 0x0000000602000000, 0x0000000602000000|100%| O|  |TAMS 0x0000000601c00000, 0x0000000601c00000| Untracked 
|   8|0x0000000602000000, 0x0000000602400000, 0x0000000602400000|100%| O|  |TAMS 0x0000000602400000, 0x0000000602000000| Untracked 
|   9|0x0000000602400000, 0x0000000602800000, 0x0000000602800000|100%| O|  |TAMS 0x0000000602800000, 0x0000000602400000| Untracked 
|  10|0x0000000602800000, 0x0000000602c00000, 0x0000000602c00000|100%| O|  |TAMS 0x0000000602c00000, 0x0000000602800000| Untracked 
|  11|0x0000000602c00000, 0x0000000603000000, 0x0000000603000000|100%| O|  |TAMS 0x0000000602c00000, 0x0000000602c00000| Untracked 
|  12|0x0000000603000000, 0x0000000603400000, 0x0000000603400000|100%| O|  |TAMS 0x0000000603000000, 0x0000000603000000| Untracked 
|  13|0x0000000603400000, 0x0000000603800000, 0x0000000603800000|100%| O|  |TAMS 0x0000000603800000, 0x0000000603400000| Untracked 
|  14|0x0000000603800000, 0x0000000603c00000, 0x0000000603c00000|100%| O|  |TAMS 0x0000000603c00000, 0x0000000603800000| Untracked 
|  15|0x0000000603c00000, 0x0000000604000000, 0x0000000604000000|100%|HS|  |TAMS 0x0000000603c00000, 0x0000000603c00000| Complete 
|  16|0x0000000604000000, 0x0000000604400000, 0x0000000604400000|100%| O|  |TAMS 0x0000000604400000, 0x0000000604000000| Untracked 
|  17|0x0000000604400000, 0x0000000604800000, 0x0000000604800000|100%| O|  |TAMS 0x0000000604800000, 0x0000000604400000| Untracked 
|  18|0x0000000604800000, 0x0000000604c00000, 0x0000000604c00000|100%| O|  |TAMS 0x0000000604c00000, 0x0000000604800000| Untracked 
|  19|0x0000000604c00000, 0x0000000605000000, 0x0000000605000000|100%| O|  |TAMS 0x0000000604ec0000, 0x0000000604c00000| Untracked 
|  20|0x0000000605000000, 0x0000000605400000, 0x0000000605400000|100%| O|  |TAMS 0x0000000605000000, 0x0000000605000000| Untracked 
|  21|0x0000000605400000, 0x0000000605800000, 0x0000000605800000|100%|HS|  |TAMS 0x0000000605400000, 0x0000000605400000| Complete 
|  22|0x0000000605800000, 0x0000000605c00000, 0x0000000605c00000|100%|HS|  |TAMS 0x0000000605800000, 0x0000000605800000| Complete 
|  23|0x0000000605c00000, 0x0000000606000000, 0x0000000606000000|100%|HC|  |TAMS 0x0000000605c00000, 0x0000000605c00000| Complete 
|  24|0x0000000606000000, 0x0000000606400000, 0x0000000606400000|100%| O|  |TAMS 0x0000000606000000, 0x0000000606000000| Untracked 
|  25|0x0000000606400000, 0x0000000606800000, 0x0000000606800000|100%| O|  |TAMS 0x0000000606400000, 0x0000000606400000| Untracked 
|  26|0x0000000606800000, 0x0000000606c00000, 0x0000000606c00000|100%| O|  |TAMS 0x0000000606800000, 0x0000000606800000| Untracked 
|  27|0x0000000606c00000, 0x0000000607000000, 0x0000000607000000|100%| O|  |TAMS 0x0000000606c00000, 0x0000000606c00000| Untracked 
|  28|0x0000000607000000, 0x0000000607400000, 0x0000000607400000|100%| O|  |TAMS 0x0000000607000000, 0x0000000607000000| Untracked 
|  29|0x0000000607400000, 0x0000000607800000, 0x0000000607800000|100%| O|  |TAMS 0x0000000607400000, 0x0000000607400000| Untracked 
|  30|0x0000000607800000, 0x0000000607c00000, 0x0000000607c00000|100%| O|  |TAMS 0x0000000607800000, 0x0000000607800000| Untracked 
|  31|0x0000000607c00000, 0x0000000608000000, 0x0000000608000000|100%| O|  |TAMS 0x0000000607c00000, 0x0000000607c00000| Untracked 
|  32|0x0000000608000000, 0x0000000608400000, 0x0000000608400000|100%| O|  |TAMS 0x0000000608000000, 0x0000000608000000| Untracked 
|  33|0x0000000608400000, 0x0000000608800000, 0x0000000608800000|100%| O|  |TAMS 0x0000000608400000, 0x0000000608400000| Untracked 
|  34|0x0000000608800000, 0x0000000608c00000, 0x0000000608c00000|100%| O|  |TAMS 0x0000000608800000, 0x0000000608800000| Untracked 
|  35|0x0000000608c00000, 0x0000000609000000, 0x0000000609000000|100%| O|  |TAMS 0x0000000608c00000, 0x0000000608c00000| Untracked 
|  36|0x0000000609000000, 0x0000000609400000, 0x0000000609400000|100%| O|  |TAMS 0x0000000609000000, 0x0000000609000000| Untracked 
|  37|0x0000000609400000, 0x0000000609800000, 0x0000000609800000|100%| O|  |TAMS 0x0000000609400000, 0x0000000609400000| Untracked 
|  38|0x0000000609800000, 0x0000000609c00000, 0x0000000609c00000|100%| O|  |TAMS 0x0000000609800000, 0x0000000609800000| Untracked 
|  39|0x0000000609c00000, 0x000000060a000000, 0x000000060a000000|100%| O|  |TAMS 0x0000000609c00000, 0x0000000609c00000| Untracked 
|  40|0x000000060a000000, 0x000000060a400000, 0x000000060a400000|100%| O|  |TAMS 0x000000060a000000, 0x000000060a000000| Untracked 
|  41|0x000000060a400000, 0x000000060a673c00, 0x000000060a800000| 61%| O|  |TAMS 0x000000060a400000, 0x000000060a400000| Untracked 
|  42|0x000000060a800000, 0x000000060a800000, 0x000000060ac00000|  0%| F|  |TAMS 0x000000060a800000, 0x000000060a800000| Untracked 
|  43|0x000000060ac00000, 0x000000060ac00000, 0x000000060b000000|  0%| F|  |TAMS 0x000000060ac00000, 0x000000060ac00000| Untracked 
|  44|0x000000060b000000, 0x000000060b000000, 0x000000060b400000|  0%| F|  |TAMS 0x000000060b000000, 0x000000060b000000| Untracked 
|  45|0x000000060b400000, 0x000000060b400000, 0x000000060b800000|  0%| F|  |TAMS 0x000000060b400000, 0x000000060b400000| Untracked 
|  46|0x000000060b800000, 0x000000060b800000, 0x000000060bc00000|  0%| F|  |TAMS 0x000000060b800000, 0x000000060b800000| Untracked 
|  47|0x000000060bc00000, 0x000000060bc00000, 0x000000060c000000|  0%| F|  |TAMS 0x000000060bc00000, 0x000000060bc00000| Untracked 
|  48|0x000000060c000000, 0x000000060c000000, 0x000000060c400000|  0%| F|  |TAMS 0x000000060c000000, 0x000000060c000000| Untracked 
|  49|0x000000060c400000, 0x000000060c400000, 0x000000060c800000|  0%| F|  |TAMS 0x000000060c400000, 0x000000060c400000| Untracked 
|  50|0x000000060c800000, 0x000000060c800000, 0x000000060cc00000|  0%| F|  |TAMS 0x000000060c800000, 0x000000060c800000| Untracked 
|  51|0x000000060cc00000, 0x000000060cc00000, 0x000000060d000000|  0%| F|  |TAMS 0x000000060cc00000, 0x000000060cc00000| Untracked 
|  52|0x000000060d000000, 0x000000060d000000, 0x000000060d400000|  0%| F|  |TAMS 0x000000060d000000, 0x000000060d000000| Untracked 
|  53|0x000000060d400000, 0x000000060d400000, 0x000000060d800000|  0%| F|  |TAMS 0x000000060d400000, 0x000000060d400000| Untracked 
|  54|0x000000060d800000, 0x000000060d800000, 0x000000060dc00000|  0%| F|  |TAMS 0x000000060d800000, 0x000000060d800000| Untracked 
|  55|0x000000060dc00000, 0x000000060dc00000, 0x000000060e000000|  0%| F|  |TAMS 0x000000060dc00000, 0x000000060dc00000| Untracked 
|  56|0x000000060e000000, 0x000000060e000000, 0x000000060e400000|  0%| F|  |TAMS 0x000000060e000000, 0x000000060e000000| Untracked 
|  57|0x000000060e400000, 0x000000060e400000, 0x000000060e800000|  0%| F|  |TAMS 0x000000060e400000, 0x000000060e400000| Untracked 
|  58|0x000000060e800000, 0x000000060e800000, 0x000000060ec00000|  0%| F|  |TAMS 0x000000060e800000, 0x000000060e800000| Untracked 
|  59|0x000000060ec00000, 0x000000060ec00000, 0x000000060f000000|  0%| F|  |TAMS 0x000000060ec00000, 0x000000060ec00000| Untracked 
|  60|0x000000060f000000, 0x000000060f000000, 0x000000060f400000|  0%| F|  |TAMS 0x000000060f000000, 0x000000060f000000| Untracked 
|  61|0x000000060f400000, 0x000000060f400000, 0x000000060f800000|  0%| F|  |TAMS 0x000000060f400000, 0x000000060f400000| Untracked 
|  62|0x000000060f800000, 0x000000060f800000, 0x000000060fc00000|  0%| F|  |TAMS 0x000000060f800000, 0x000000060f800000| Untracked 
|  63|0x000000060fc00000, 0x000000060fc00000, 0x0000000610000000|  0%| F|  |TAMS 0x000000060fc00000, 0x000000060fc00000| Untracked 
|  64|0x0000000610000000, 0x0000000610000000, 0x0000000610400000|  0%| F|  |TAMS 0x0000000610000000, 0x0000000610000000| Untracked 
|  65|0x0000000610400000, 0x0000000610400000, 0x0000000610800000|  0%| F|  |TAMS 0x0000000610400000, 0x0000000610400000| Untracked 
|  66|0x0000000610800000, 0x0000000610800000, 0x0000000610c00000|  0%| F|  |TAMS 0x0000000610800000, 0x0000000610800000| Untracked 
|  67|0x0000000610c00000, 0x0000000610c00000, 0x0000000611000000|  0%| F|  |TAMS 0x0000000610c00000, 0x0000000610c00000| Untracked 
|  68|0x0000000611000000, 0x0000000611000000, 0x0000000611400000|  0%| F|  |TAMS 0x0000000611000000, 0x0000000611000000| Untracked 
|  69|0x0000000611400000, 0x0000000611400000, 0x0000000611800000|  0%| F|  |TAMS 0x0000000611400000, 0x0000000611400000| Untracked 
|  70|0x0000000611800000, 0x0000000611800000, 0x0000000611c00000|  0%| F|  |TAMS 0x0000000611800000, 0x0000000611800000| Untracked 
|  71|0x0000000611c00000, 0x0000000611c00000, 0x0000000612000000|  0%| F|  |TAMS 0x0000000611c00000, 0x0000000611c00000| Untracked 
|  72|0x0000000612000000, 0x0000000612000000, 0x0000000612400000|  0%| F|  |TAMS 0x0000000612000000, 0x0000000612000000| Untracked 
|  73|0x0000000612400000, 0x0000000612400000, 0x0000000612800000|  0%| F|  |TAMS 0x0000000612400000, 0x0000000612400000| Untracked 
|  74|0x0000000612800000, 0x0000000612800000, 0x0000000612c00000|  0%| F|  |TAMS 0x0000000612800000, 0x0000000612800000| Untracked 
|  75|0x0000000612c00000, 0x0000000612c00000, 0x0000000613000000|  0%| F|  |TAMS 0x0000000612c00000, 0x0000000612c00000| Untracked 
|  76|0x0000000613000000, 0x0000000613000000, 0x0000000613400000|  0%| F|  |TAMS 0x0000000613000000, 0x0000000613000000| Untracked 
|  77|0x0000000613400000, 0x0000000613400000, 0x0000000613800000|  0%| F|  |TAMS 0x0000000613400000, 0x0000000613400000| Untracked 
|  78|0x0000000613800000, 0x0000000613800000, 0x0000000613c00000|  0%| F|  |TAMS 0x0000000613800000, 0x0000000613800000| Untracked 
|  79|0x0000000613c00000, 0x0000000613c00000, 0x0000000614000000|  0%| F|  |TAMS 0x0000000613c00000, 0x0000000613c00000| Untracked 
|  80|0x0000000614000000, 0x0000000614000000, 0x0000000614400000|  0%| F|  |TAMS 0x0000000614000000, 0x0000000614000000| Untracked 
|  81|0x0000000614400000, 0x0000000614400000, 0x0000000614800000|  0%| F|  |TAMS 0x0000000614400000, 0x0000000614400000| Untracked 
|  82|0x0000000614800000, 0x0000000614800000, 0x0000000614c00000|  0%| F|  |TAMS 0x0000000614800000, 0x0000000614800000| Untracked 
|  83|0x0000000614c00000, 0x0000000614c00000, 0x0000000615000000|  0%| F|  |TAMS 0x0000000614c00000, 0x0000000614c00000| Untracked 
|  84|0x0000000615000000, 0x0000000615000000, 0x0000000615400000|  0%| F|  |TAMS 0x0000000615000000, 0x0000000615000000| Untracked 
|  85|0x0000000615400000, 0x0000000615400000, 0x0000000615800000|  0%| F|  |TAMS 0x0000000615400000, 0x0000000615400000| Untracked 
|  86|0x0000000615800000, 0x0000000615800000, 0x0000000615c00000|  0%| F|  |TAMS 0x0000000615800000, 0x0000000615800000| Untracked 
|  87|0x0000000615c00000, 0x0000000615c00000, 0x0000000616000000|  0%| F|  |TAMS 0x0000000615c00000, 0x0000000615c00000| Untracked 
|  88|0x0000000616000000, 0x0000000616000000, 0x0000000616400000|  0%| F|  |TAMS 0x0000000616000000, 0x0000000616000000| Untracked 
|  89|0x0000000616400000, 0x0000000616400000, 0x0000000616800000|  0%| F|  |TAMS 0x0000000616400000, 0x0000000616400000| Untracked 
|  90|0x0000000616800000, 0x0000000616800000, 0x0000000616c00000|  0%| F|  |TAMS 0x0000000616800000, 0x0000000616800000| Untracked 
|  91|0x0000000616c00000, 0x0000000616c00000, 0x0000000617000000|  0%| F|  |TAMS 0x0000000616c00000, 0x0000000616c00000| Untracked 
|  92|0x0000000617000000, 0x0000000617000000, 0x0000000617400000|  0%| F|  |TAMS 0x0000000617000000, 0x0000000617000000| Untracked 
|  93|0x0000000617400000, 0x0000000617400000, 0x0000000617800000|  0%| F|  |TAMS 0x0000000617400000, 0x0000000617400000| Untracked 
|  94|0x0000000617800000, 0x0000000617800000, 0x0000000617c00000|  0%| F|  |TAMS 0x0000000617800000, 0x0000000617800000| Untracked 
|  95|0x0000000617c00000, 0x0000000617c00000, 0x0000000618000000|  0%| F|  |TAMS 0x0000000617c00000, 0x0000000617c00000| Untracked 
|  96|0x0000000618000000, 0x0000000618000000, 0x0000000618400000|  0%| F|  |TAMS 0x0000000618000000, 0x0000000618000000| Untracked 
|  97|0x0000000618400000, 0x0000000618400000, 0x0000000618800000|  0%| F|  |TAMS 0x0000000618400000, 0x0000000618400000| Untracked 
|  98|0x0000000618800000, 0x0000000618800000, 0x0000000618c00000|  0%| F|  |TAMS 0x0000000618800000, 0x0000000618800000| Untracked 
|  99|0x0000000618c00000, 0x0000000618c00000, 0x0000000619000000|  0%| F|  |TAMS 0x0000000618c00000, 0x0000000618c00000| Untracked 
| 100|0x0000000619000000, 0x0000000619000000, 0x0000000619400000|  0%| F|  |TAMS 0x0000000619000000, 0x0000000619000000| Untracked 
| 101|0x0000000619400000, 0x0000000619400000, 0x0000000619800000|  0%| F|  |TAMS 0x0000000619400000, 0x0000000619400000| Untracked 
| 102|0x0000000619800000, 0x0000000619800000, 0x0000000619c00000|  0%| F|  |TAMS 0x0000000619800000, 0x0000000619800000| Untracked 
| 103|0x0000000619c00000, 0x0000000619c00000, 0x000000061a000000|  0%| F|  |TAMS 0x0000000619c00000, 0x0000000619c00000| Untracked 
| 104|0x000000061a000000, 0x000000061a000000, 0x000000061a400000|  0%| F|  |TAMS 0x000000061a000000, 0x000000061a000000| Untracked 
| 105|0x000000061a400000, 0x000000061a400000, 0x000000061a800000|  0%| F|  |TAMS 0x000000061a400000, 0x000000061a400000| Untracked 
| 106|0x000000061a800000, 0x000000061a800000, 0x000000061ac00000|  0%| F|  |TAMS 0x000000061a800000, 0x000000061a800000| Untracked 
| 107|0x000000061ac00000, 0x000000061ac00000, 0x000000061b000000|  0%| F|  |TAMS 0x000000061ac00000, 0x000000061ac00000| Untracked 
| 108|0x000000061b000000, 0x000000061b000000, 0x000000061b400000|  0%| F|  |TAMS 0x000000061b000000, 0x000000061b000000| Untracked 
| 109|0x000000061b400000, 0x000000061b400000, 0x000000061b800000|  0%| F|  |TAMS 0x000000061b400000, 0x000000061b400000| Untracked 
| 110|0x000000061b800000, 0x000000061b800000, 0x000000061bc00000|  0%| F|  |TAMS 0x000000061b800000, 0x000000061b800000| Untracked 
| 111|0x000000061bc00000, 0x000000061bc00000, 0x000000061c000000|  0%| F|  |TAMS 0x000000061bc00000, 0x000000061bc00000| Untracked 
| 112|0x000000061c000000, 0x000000061c000000, 0x000000061c400000|  0%| F|  |TAMS 0x000000061c000000, 0x000000061c000000| Untracked 
| 113|0x000000061c400000, 0x000000061c400000, 0x000000061c800000|  0%| F|  |TAMS 0x000000061c400000, 0x000000061c400000| Untracked 
| 114|0x000000061c800000, 0x000000061c800000, 0x000000061cc00000|  0%| F|  |TAMS 0x000000061c800000, 0x000000061c800000| Untracked 
| 115|0x000000061cc00000, 0x000000061cc00000, 0x000000061d000000|  0%| F|  |TAMS 0x000000061cc00000, 0x000000061cc00000| Untracked 
| 116|0x000000061d000000, 0x000000061d000000, 0x000000061d400000|  0%| F|  |TAMS 0x000000061d000000, 0x000000061d000000| Untracked 
| 117|0x000000061d400000, 0x000000061d400000, 0x000000061d800000|  0%| F|  |TAMS 0x000000061d400000, 0x000000061d400000| Untracked 
| 118|0x000000061d800000, 0x000000061d800000, 0x000000061dc00000|  0%| F|  |TAMS 0x000000061d800000, 0x000000061d800000| Untracked 
| 119|0x000000061dc00000, 0x000000061dc00000, 0x000000061e000000|  0%| F|  |TAMS 0x000000061dc00000, 0x000000061dc00000| Untracked 
| 120|0x000000061e000000, 0x000000061e000000, 0x000000061e400000|  0%| F|  |TAMS 0x000000061e000000, 0x000000061e000000| Untracked 
| 121|0x000000061e400000, 0x000000061e400000, 0x000000061e800000|  0%| F|  |TAMS 0x000000061e400000, 0x000000061e400000| Untracked 
| 122|0x000000061e800000, 0x000000061e800000, 0x000000061ec00000|  0%| F|  |TAMS 0x000000061e800000, 0x000000061e800000| Untracked 
| 123|0x000000061ec00000, 0x000000061ec00000, 0x000000061f000000|  0%| F|  |TAMS 0x000000061ec00000, 0x000000061ec00000| Untracked 
| 124|0x000000061f000000, 0x000000061f000000, 0x000000061f400000|  0%| F|  |TAMS 0x000000061f000000, 0x000000061f000000| Untracked 
| 125|0x000000061f400000, 0x000000061f400000, 0x000000061f800000|  0%| F|  |TAMS 0x000000061f400000, 0x000000061f400000| Untracked 
| 126|0x000000061f800000, 0x000000061f800000, 0x000000061fc00000|  0%| F|  |TAMS 0x000000061f800000, 0x000000061f800000| Untracked 
| 127|0x000000061fc00000, 0x000000061fc00000, 0x0000000620000000|  0%| F|  |TAMS 0x000000061fc00000, 0x000000061fc00000| Untracked 
| 128|0x0000000620000000, 0x0000000620000000, 0x0000000620400000|  0%| F|  |TAMS 0x0000000620000000, 0x0000000620000000| Untracked 
| 129|0x0000000620400000, 0x0000000620400000, 0x0000000620800000|  0%| F|  |TAMS 0x0000000620400000, 0x0000000620400000| Untracked 
| 130|0x0000000620800000, 0x0000000620800000, 0x0000000620c00000|  0%| F|  |TAMS 0x0000000620800000, 0x0000000620800000| Untracked 
| 131|0x0000000620c00000, 0x0000000620c00000, 0x0000000621000000|  0%| F|  |TAMS 0x0000000620c00000, 0x0000000620c00000| Untracked 
| 132|0x0000000621000000, 0x0000000621000000, 0x0000000621400000|  0%| F|  |TAMS 0x0000000621000000, 0x0000000621000000| Untracked 
| 133|0x0000000621400000, 0x0000000621400000, 0x0000000621800000|  0%| F|  |TAMS 0x0000000621400000, 0x0000000621400000| Untracked 
| 134|0x0000000621800000, 0x0000000621800000, 0x0000000621c00000|  0%| F|  |TAMS 0x0000000621800000, 0x0000000621800000| Untracked 
| 135|0x0000000621c00000, 0x0000000621c00000, 0x0000000622000000|  0%| F|  |TAMS 0x0000000621c00000, 0x0000000621c00000| Untracked 
| 136|0x0000000622000000, 0x0000000622000000, 0x0000000622400000|  0%| F|  |TAMS 0x0000000622000000, 0x0000000622000000| Untracked 
| 137|0x0000000622400000, 0x0000000622400000, 0x0000000622800000|  0%| F|  |TAMS 0x0000000622400000, 0x0000000622400000| Untracked 
| 138|0x0000000622800000, 0x0000000622800000, 0x0000000622c00000|  0%| F|  |TAMS 0x0000000622800000, 0x0000000622800000| Untracked 
| 139|0x0000000622c00000, 0x0000000622c00000, 0x0000000623000000|  0%| F|  |TAMS 0x0000000622c00000, 0x0000000622c00000| Untracked 
| 140|0x0000000623000000, 0x0000000623000000, 0x0000000623400000|  0%| F|  |TAMS 0x0000000623000000, 0x0000000623000000| Untracked 
| 141|0x0000000623400000, 0x0000000623400000, 0x0000000623800000|  0%| F|  |TAMS 0x0000000623400000, 0x0000000623400000| Untracked 
| 142|0x0000000623800000, 0x0000000623800000, 0x0000000623c00000|  0%| F|  |TAMS 0x0000000623800000, 0x0000000623800000| Untracked 
| 143|0x0000000623c00000, 0x0000000623c00000, 0x0000000624000000|  0%| F|  |TAMS 0x0000000623c00000, 0x0000000623c00000| Untracked 
| 144|0x0000000624000000, 0x0000000624000000, 0x0000000624400000|  0%| F|  |TAMS 0x0000000624000000, 0x0000000624000000| Untracked 
| 145|0x0000000624400000, 0x0000000624400000, 0x0000000624800000|  0%| F|  |TAMS 0x0000000624400000, 0x0000000624400000| Untracked 
| 146|0x0000000624800000, 0x0000000624800000, 0x0000000624c00000|  0%| F|  |TAMS 0x0000000624800000, 0x0000000624800000| Untracked 
| 147|0x0000000624c00000, 0x0000000624c00000, 0x0000000625000000|  0%| F|  |TAMS 0x0000000624c00000, 0x0000000624c00000| Untracked 
| 148|0x0000000625000000, 0x0000000625000000, 0x0000000625400000|  0%| F|  |TAMS 0x0000000625000000, 0x0000000625000000| Untracked 
| 149|0x0000000625400000, 0x0000000625400000, 0x0000000625800000|  0%| F|  |TAMS 0x0000000625400000, 0x0000000625400000| Untracked 
| 150|0x0000000625800000, 0x0000000625800000, 0x0000000625c00000|  0%| F|  |TAMS 0x0000000625800000, 0x0000000625800000| Untracked 
| 151|0x0000000625c00000, 0x0000000625c00000, 0x0000000626000000|  0%| F|  |TAMS 0x0000000625c00000, 0x0000000625c00000| Untracked 
| 152|0x0000000626000000, 0x0000000626000000, 0x0000000626400000|  0%| F|  |TAMS 0x0000000626000000, 0x0000000626000000| Untracked 
| 153|0x0000000626400000, 0x0000000626400000, 0x0000000626800000|  0%| F|  |TAMS 0x0000000626400000, 0x0000000626400000| Untracked 
| 154|0x0000000626800000, 0x0000000626800000, 0x0000000626c00000|  0%| F|  |TAMS 0x0000000626800000, 0x0000000626800000| Untracked 
| 155|0x0000000626c00000, 0x0000000626c00000, 0x0000000627000000|  0%| F|  |TAMS 0x0000000626c00000, 0x0000000626c00000| Untracked 
| 156|0x0000000627000000, 0x0000000627000000, 0x0000000627400000|  0%| F|  |TAMS 0x0000000627000000, 0x0000000627000000| Untracked 
| 157|0x0000000627400000, 0x0000000627400000, 0x0000000627800000|  0%| F|  |TAMS 0x0000000627400000, 0x0000000627400000| Untracked 
| 158|0x0000000627800000, 0x0000000627800000, 0x0000000627c00000|  0%| F|  |TAMS 0x0000000627800000, 0x0000000627800000| Untracked 
| 159|0x0000000627c00000, 0x0000000627c00000, 0x0000000628000000|  0%| F|  |TAMS 0x0000000627c00000, 0x0000000627c00000| Untracked 
| 160|0x0000000628000000, 0x0000000628000000, 0x0000000628400000|  0%| F|  |TAMS 0x0000000628000000, 0x0000000628000000| Untracked 
| 161|0x0000000628400000, 0x0000000628400000, 0x0000000628800000|  0%| F|  |TAMS 0x0000000628400000, 0x0000000628400000| Untracked 
| 162|0x0000000628800000, 0x0000000628800000, 0x0000000628c00000|  0%| F|  |TAMS 0x0000000628800000, 0x0000000628800000| Untracked 
| 163|0x0000000628c00000, 0x0000000628c00000, 0x0000000629000000|  0%| F|  |TAMS 0x0000000628c00000, 0x0000000628c00000| Untracked 
| 164|0x0000000629000000, 0x0000000629000000, 0x0000000629400000|  0%| F|  |TAMS 0x0000000629000000, 0x0000000629000000| Untracked 
| 165|0x0000000629400000, 0x0000000629400000, 0x0000000629800000|  0%| F|  |TAMS 0x0000000629400000, 0x0000000629400000| Untracked 
| 166|0x0000000629800000, 0x0000000629800000, 0x0000000629c00000|  0%| F|  |TAMS 0x0000000629800000, 0x0000000629800000| Untracked 
| 167|0x0000000629c00000, 0x0000000629c00000, 0x000000062a000000|  0%| F|  |TAMS 0x0000000629c00000, 0x0000000629c00000| Untracked 
| 168|0x000000062a000000, 0x000000062a000000, 0x000000062a400000|  0%| F|  |TAMS 0x000000062a000000, 0x000000062a000000| Untracked 
| 169|0x000000062a400000, 0x000000062a400000, 0x000000062a800000|  0%| F|  |TAMS 0x000000062a400000, 0x000000062a400000| Untracked 
| 170|0x000000062a800000, 0x000000062a800000, 0x000000062ac00000|  0%| F|  |TAMS 0x000000062a800000, 0x000000062a800000| Untracked 
| 171|0x000000062ac00000, 0x000000062ac00000, 0x000000062b000000|  0%| F|  |TAMS 0x000000062ac00000, 0x000000062ac00000| Untracked 
| 172|0x000000062b000000, 0x000000062b000000, 0x000000062b400000|  0%| F|  |TAMS 0x000000062b000000, 0x000000062b000000| Untracked 
| 173|0x000000062b400000, 0x000000062b400000, 0x000000062b800000|  0%| F|  |TAMS 0x000000062b400000, 0x000000062b400000| Untracked 
| 174|0x000000062b800000, 0x000000062b800000, 0x000000062bc00000|  0%| F|  |TAMS 0x000000062b800000, 0x000000062b800000| Untracked 
| 175|0x000000062bc00000, 0x000000062bc00000, 0x000000062c000000|  0%| F|  |TAMS 0x000000062bc00000, 0x000000062bc00000| Untracked 
| 176|0x000000062c000000, 0x000000062c000000, 0x000000062c400000|  0%| F|  |TAMS 0x000000062c000000, 0x000000062c000000| Untracked 
| 177|0x000000062c400000, 0x000000062c400000, 0x000000062c800000|  0%| F|  |TAMS 0x000000062c400000, 0x000000062c400000| Untracked 
| 178|0x000000062c800000, 0x000000062c800000, 0x000000062cc00000|  0%| F|  |TAMS 0x000000062c800000, 0x000000062c800000| Untracked 
| 179|0x000000062cc00000, 0x000000062cc00000, 0x000000062d000000|  0%| F|  |TAMS 0x000000062cc00000, 0x000000062cc00000| Untracked 
| 180|0x000000062d000000, 0x000000062d000000, 0x000000062d400000|  0%| F|  |TAMS 0x000000062d000000, 0x000000062d000000| Untracked 
| 181|0x000000062d400000, 0x000000062d400000, 0x000000062d800000|  0%| F|  |TAMS 0x000000062d400000, 0x000000062d400000| Untracked 
| 182|0x000000062d800000, 0x000000062d800000, 0x000000062dc00000|  0%| F|  |TAMS 0x000000062d800000, 0x000000062d800000| Untracked 
| 183|0x000000062dc00000, 0x000000062dc00000, 0x000000062e000000|  0%| F|  |TAMS 0x000000062dc00000, 0x000000062dc00000| Untracked 
| 184|0x000000062e000000, 0x000000062e000000, 0x000000062e400000|  0%| F|  |TAMS 0x000000062e000000, 0x000000062e000000| Untracked 
| 185|0x000000062e400000, 0x000000062e400000, 0x000000062e800000|  0%| F|  |TAMS 0x000000062e400000, 0x000000062e400000| Untracked 
| 186|0x000000062e800000, 0x000000062e800000, 0x000000062ec00000|  0%| F|  |TAMS 0x000000062e800000, 0x000000062e800000| Untracked 
| 187|0x000000062ec00000, 0x000000062ec00000, 0x000000062f000000|  0%| F|  |TAMS 0x000000062ec00000, 0x000000062ec00000| Untracked 
| 188|0x000000062f000000, 0x000000062f000000, 0x000000062f400000|  0%| F|  |TAMS 0x000000062f000000, 0x000000062f000000| Untracked 
| 189|0x000000062f400000, 0x000000062f400000, 0x000000062f800000|  0%| F|  |TAMS 0x000000062f400000, 0x000000062f400000| Untracked 
| 190|0x000000062f800000, 0x000000062f800000, 0x000000062fc00000|  0%| F|  |TAMS 0x000000062f800000, 0x000000062f800000| Untracked 
| 191|0x000000062fc00000, 0x000000062fc00000, 0x0000000630000000|  0%| F|  |TAMS 0x000000062fc00000, 0x000000062fc00000| Untracked 
| 192|0x0000000630000000, 0x0000000630000000, 0x0000000630400000|  0%| F|  |TAMS 0x0000000630000000, 0x0000000630000000| Untracked 
| 193|0x0000000630400000, 0x0000000630400000, 0x0000000630800000|  0%| F|  |TAMS 0x0000000630400000, 0x0000000630400000| Untracked 
| 194|0x0000000630800000, 0x0000000630800000, 0x0000000630c00000|  0%| F|  |TAMS 0x0000000630800000, 0x0000000630800000| Untracked 
| 195|0x0000000630c00000, 0x0000000630c00000, 0x0000000631000000|  0%| F|  |TAMS 0x0000000630c00000, 0x0000000630c00000| Untracked 
| 196|0x0000000631000000, 0x0000000631000000, 0x0000000631400000|  0%| F|  |TAMS 0x0000000631000000, 0x0000000631000000| Untracked 
| 197|0x0000000631400000, 0x0000000631400000, 0x0000000631800000|  0%| F|  |TAMS 0x0000000631400000, 0x0000000631400000| Untracked 
| 198|0x0000000631800000, 0x0000000631800000, 0x0000000631c00000|  0%| F|  |TAMS 0x0000000631800000, 0x0000000631800000| Untracked 
| 199|0x0000000631c00000, 0x0000000631c00000, 0x0000000632000000|  0%| F|  |TAMS 0x0000000631c00000, 0x0000000631c00000| Untracked 
| 200|0x0000000632000000, 0x0000000632000000, 0x0000000632400000|  0%| F|  |TAMS 0x0000000632000000, 0x0000000632000000| Untracked 
| 201|0x0000000632400000, 0x0000000632400000, 0x0000000632800000|  0%| F|  |TAMS 0x0000000632400000, 0x0000000632400000| Untracked 
| 202|0x0000000632800000, 0x0000000632800000, 0x0000000632c00000|  0%| F|  |TAMS 0x0000000632800000, 0x0000000632800000| Untracked 
| 203|0x0000000632c00000, 0x0000000632c00000, 0x0000000633000000|  0%| F|  |TAMS 0x0000000632c00000, 0x0000000632c00000| Untracked 
| 204|0x0000000633000000, 0x0000000633000000, 0x0000000633400000|  0%| F|  |TAMS 0x0000000633000000, 0x0000000633000000| Untracked 
| 205|0x0000000633400000, 0x0000000633400000, 0x0000000633800000|  0%| F|  |TAMS 0x0000000633400000, 0x0000000633400000| Untracked 
| 206|0x0000000633800000, 0x0000000633800000, 0x0000000633c00000|  0%| F|  |TAMS 0x0000000633800000, 0x0000000633800000| Untracked 
| 207|0x0000000633c00000, 0x0000000633c00000, 0x0000000634000000|  0%| F|  |TAMS 0x0000000633c00000, 0x0000000633c00000| Untracked 
| 208|0x0000000634000000, 0x0000000634000000, 0x0000000634400000|  0%| F|  |TAMS 0x0000000634000000, 0x0000000634000000| Untracked 
| 209|0x0000000634400000, 0x0000000634400000, 0x0000000634800000|  0%| F|  |TAMS 0x0000000634400000, 0x0000000634400000| Untracked 
| 210|0x0000000634800000, 0x0000000634800000, 0x0000000634c00000|  0%| F|  |TAMS 0x0000000634800000, 0x0000000634800000| Untracked 
| 211|0x0000000634c00000, 0x0000000634c00000, 0x0000000635000000|  0%| F|  |TAMS 0x0000000634c00000, 0x0000000634c00000| Untracked 
| 212|0x0000000635000000, 0x0000000635000000, 0x0000000635400000|  0%| F|  |TAMS 0x0000000635000000, 0x0000000635000000| Untracked 
| 213|0x0000000635400000, 0x0000000635400000, 0x0000000635800000|  0%| F|  |TAMS 0x0000000635400000, 0x0000000635400000| Untracked 
| 214|0x0000000635800000, 0x0000000635800000, 0x0000000635c00000|  0%| F|  |TAMS 0x0000000635800000, 0x0000000635800000| Untracked 
| 215|0x0000000635c00000, 0x0000000635c00000, 0x0000000636000000|  0%| F|  |TAMS 0x0000000635c00000, 0x0000000635c00000| Untracked 
| 216|0x0000000636000000, 0x0000000636000000, 0x0000000636400000|  0%| F|  |TAMS 0x0000000636000000, 0x0000000636000000| Untracked 
| 217|0x0000000636400000, 0x0000000636400000, 0x0000000636800000|  0%| F|  |TAMS 0x0000000636400000, 0x0000000636400000| Untracked 
| 218|0x0000000636800000, 0x0000000636800000, 0x0000000636c00000|  0%| F|  |TAMS 0x0000000636800000, 0x0000000636800000| Untracked 
| 219|0x0000000636c00000, 0x0000000636c00000, 0x0000000637000000|  0%| F|  |TAMS 0x0000000636c00000, 0x0000000636c00000| Untracked 
| 220|0x0000000637000000, 0x0000000637000000, 0x0000000637400000|  0%| F|  |TAMS 0x0000000637000000, 0x0000000637000000| Untracked 
| 221|0x0000000637400000, 0x0000000637400000, 0x0000000637800000|  0%| F|  |TAMS 0x0000000637400000, 0x0000000637400000| Untracked 
| 222|0x0000000637800000, 0x0000000637800000, 0x0000000637c00000|  0%| F|  |TAMS 0x0000000637800000, 0x0000000637800000| Untracked 
| 223|0x0000000637c00000, 0x0000000637c00000, 0x0000000638000000|  0%| F|  |TAMS 0x0000000637c00000, 0x0000000637c00000| Untracked 
| 224|0x0000000638000000, 0x0000000638000000, 0x0000000638400000|  0%| F|  |TAMS 0x0000000638000000, 0x0000000638000000| Untracked 
| 225|0x0000000638400000, 0x0000000638400000, 0x0000000638800000|  0%| F|  |TAMS 0x0000000638400000, 0x0000000638400000| Untracked 
| 226|0x0000000638800000, 0x0000000638800000, 0x0000000638c00000|  0%| F|  |TAMS 0x0000000638800000, 0x0000000638800000| Untracked 
| 227|0x0000000638c00000, 0x0000000638c00000, 0x0000000639000000|  0%| F|  |TAMS 0x0000000638c00000, 0x0000000638c00000| Untracked 
| 228|0x0000000639000000, 0x0000000639000000, 0x0000000639400000|  0%| F|  |TAMS 0x0000000639000000, 0x0000000639000000| Untracked 
| 229|0x0000000639400000, 0x0000000639400000, 0x0000000639800000|  0%| F|  |TAMS 0x0000000639400000, 0x0000000639400000| Untracked 
| 230|0x0000000639800000, 0x0000000639800000, 0x0000000639c00000|  0%| F|  |TAMS 0x0000000639800000, 0x0000000639800000| Untracked 
| 231|0x0000000639c00000, 0x0000000639c00000, 0x000000063a000000|  0%| F|  |TAMS 0x0000000639c00000, 0x0000000639c00000| Untracked 
| 232|0x000000063a000000, 0x000000063a000000, 0x000000063a400000|  0%| F|  |TAMS 0x000000063a000000, 0x000000063a000000| Untracked 
| 233|0x000000063a400000, 0x000000063a400000, 0x000000063a800000|  0%| F|  |TAMS 0x000000063a400000, 0x000000063a400000| Untracked 
| 234|0x000000063a800000, 0x000000063a800000, 0x000000063ac00000|  0%| F|  |TAMS 0x000000063a800000, 0x000000063a800000| Untracked 
| 235|0x000000063ac00000, 0x000000063ac00000, 0x000000063b000000|  0%| F|  |TAMS 0x000000063ac00000, 0x000000063ac00000| Untracked 
| 236|0x000000063b000000, 0x000000063b000000, 0x000000063b400000|  0%| F|  |TAMS 0x000000063b000000, 0x000000063b000000| Untracked 
| 237|0x000000063b400000, 0x000000063b400000, 0x000000063b800000|  0%| F|  |TAMS 0x000000063b400000, 0x000000063b400000| Untracked 
| 238|0x000000063b800000, 0x000000063b800000, 0x000000063bc00000|  0%| F|  |TAMS 0x000000063b800000, 0x000000063b800000| Untracked 
| 239|0x000000063bc00000, 0x000000063bc00000, 0x000000063c000000|  0%| F|  |TAMS 0x000000063bc00000, 0x000000063bc00000| Untracked 
| 240|0x000000063c000000, 0x000000063c000000, 0x000000063c400000|  0%| F|  |TAMS 0x000000063c000000, 0x000000063c000000| Untracked 
| 241|0x000000063c400000, 0x000000063c400000, 0x000000063c800000|  0%| F|  |TAMS 0x000000063c400000, 0x000000063c400000| Untracked 
| 242|0x000000063c800000, 0x000000063c800000, 0x000000063cc00000|  0%| F|  |TAMS 0x000000063c800000, 0x000000063c800000| Untracked 
| 243|0x000000063cc00000, 0x000000063cc00000, 0x000000063d000000|  0%| F|  |TAMS 0x000000063cc00000, 0x000000063cc00000| Untracked 
| 244|0x000000063d000000, 0x000000063d000000, 0x000000063d400000|  0%| F|  |TAMS 0x000000063d000000, 0x000000063d000000| Untracked 
| 245|0x000000063d400000, 0x000000063d400000, 0x000000063d800000|  0%| F|  |TAMS 0x000000063d400000, 0x000000063d400000| Untracked 
| 246|0x000000063d800000, 0x000000063d800000, 0x000000063dc00000|  0%| F|  |TAMS 0x000000063d800000, 0x000000063d800000| Untracked 
| 247|0x000000063dc00000, 0x000000063dc00000, 0x000000063e000000|  0%| F|  |TAMS 0x000000063dc00000, 0x000000063dc00000| Untracked 
| 248|0x000000063e000000, 0x000000063e000000, 0x000000063e400000|  0%| F|  |TAMS 0x000000063e000000, 0x000000063e000000| Untracked 
| 249|0x000000063e400000, 0x000000063e400000, 0x000000063e800000|  0%| F|  |TAMS 0x000000063e400000, 0x000000063e400000| Untracked 
| 250|0x000000063e800000, 0x000000063e800000, 0x000000063ec00000|  0%| F|  |TAMS 0x000000063e800000, 0x000000063e800000| Untracked 
| 251|0x000000063ec00000, 0x000000063ec00000, 0x000000063f000000|  0%| F|  |TAMS 0x000000063ec00000, 0x000000063ec00000| Untracked 
| 252|0x000000063f000000, 0x000000063f000000, 0x000000063f400000|  0%| F|  |TAMS 0x000000063f000000, 0x000000063f000000| Untracked 
| 253|0x000000063f400000, 0x000000063f400000, 0x000000063f800000|  0%| F|  |TAMS 0x000000063f400000, 0x000000063f400000| Untracked 
| 254|0x000000063f800000, 0x000000063f800000, 0x000000063fc00000|  0%| F|  |TAMS 0x000000063f800000, 0x000000063f800000| Untracked 
| 255|0x000000063fc00000, 0x000000063fc00000, 0x0000000640000000|  0%| F|  |TAMS 0x000000063fc00000, 0x000000063fc00000| Untracked 
| 256|0x0000000640000000, 0x0000000640000000, 0x0000000640400000|  0%| F|  |TAMS 0x0000000640000000, 0x0000000640000000| Untracked 
| 257|0x0000000640400000, 0x0000000640400000, 0x0000000640800000|  0%| F|  |TAMS 0x0000000640400000, 0x0000000640400000| Untracked 
| 258|0x0000000640800000, 0x0000000640800000, 0x0000000640c00000|  0%| F|  |TAMS 0x0000000640800000, 0x0000000640800000| Untracked 
| 259|0x0000000640c00000, 0x0000000640c00000, 0x0000000641000000|  0%| F|  |TAMS 0x0000000640c00000, 0x0000000640c00000| Untracked 
| 260|0x0000000641000000, 0x0000000641000000, 0x0000000641400000|  0%| F|  |TAMS 0x0000000641000000, 0x0000000641000000| Untracked 
| 261|0x0000000641400000, 0x0000000641400000, 0x0000000641800000|  0%| F|  |TAMS 0x0000000641400000, 0x0000000641400000| Untracked 
| 262|0x0000000641800000, 0x0000000641800000, 0x0000000641c00000|  0%| F|  |TAMS 0x0000000641800000, 0x0000000641800000| Untracked 
| 263|0x0000000641c00000, 0x0000000641c00000, 0x0000000642000000|  0%| F|  |TAMS 0x0000000641c00000, 0x0000000641c00000| Untracked 
| 264|0x0000000642000000, 0x0000000642000000, 0x0000000642400000|  0%| F|  |TAMS 0x0000000642000000, 0x0000000642000000| Untracked 
| 265|0x0000000642400000, 0x0000000642400000, 0x0000000642800000|  0%| F|  |TAMS 0x0000000642400000, 0x0000000642400000| Untracked 
| 266|0x0000000642800000, 0x0000000642800000, 0x0000000642c00000|  0%| F|  |TAMS 0x0000000642800000, 0x0000000642800000| Untracked 
| 267|0x0000000642c00000, 0x0000000642c00000, 0x0000000643000000|  0%| F|  |TAMS 0x0000000642c00000, 0x0000000642c00000| Untracked 
| 268|0x0000000643000000, 0x0000000643000000, 0x0000000643400000|  0%| F|  |TAMS 0x0000000643000000, 0x0000000643000000| Untracked 
| 269|0x0000000643400000, 0x0000000643400000, 0x0000000643800000|  0%| F|  |TAMS 0x0000000643400000, 0x0000000643400000| Untracked 
| 270|0x0000000643800000, 0x0000000643800000, 0x0000000643c00000|  0%| F|  |TAMS 0x0000000643800000, 0x0000000643800000| Untracked 
| 271|0x0000000643c00000, 0x0000000643c00000, 0x0000000644000000|  0%| F|  |TAMS 0x0000000643c00000, 0x0000000643c00000| Untracked 
| 272|0x0000000644000000, 0x0000000644000000, 0x0000000644400000|  0%| F|  |TAMS 0x0000000644000000, 0x0000000644000000| Untracked 
| 273|0x0000000644400000, 0x0000000644400000, 0x0000000644800000|  0%| F|  |TAMS 0x0000000644400000, 0x0000000644400000| Untracked 
| 274|0x0000000644800000, 0x0000000644800000, 0x0000000644c00000|  0%| F|  |TAMS 0x0000000644800000, 0x0000000644800000| Untracked 
| 275|0x0000000644c00000, 0x0000000644e68d30, 0x0000000645000000| 60%| S|CS|TAMS 0x0000000644c00000, 0x0000000644c00000| Complete 
| 276|0x0000000645000000, 0x0000000645000000, 0x0000000645400000|  0%| F|  |TAMS 0x0000000645000000, 0x0000000645000000| Untracked 
| 277|0x0000000645400000, 0x0000000645400000, 0x0000000645800000|  0%| F|  |TAMS 0x0000000645400000, 0x0000000645400000| Untracked 
| 278|0x0000000645800000, 0x0000000645800000, 0x0000000645c00000|  0%| F|  |TAMS 0x0000000645800000, 0x0000000645800000| Untracked 
| 279|0x0000000645c00000, 0x0000000645c00000, 0x0000000646000000|  0%| F|  |TAMS 0x0000000645c00000, 0x0000000645c00000| Untracked 
| 280|0x0000000646000000, 0x0000000646000000, 0x0000000646400000|  0%| F|  |TAMS 0x0000000646000000, 0x0000000646000000| Untracked 
| 281|0x0000000646400000, 0x0000000646400000, 0x0000000646800000|  0%| F|  |TAMS 0x0000000646400000, 0x0000000646400000| Untracked 
| 282|0x0000000646800000, 0x0000000646800000, 0x0000000646c00000|  0%| F|  |TAMS 0x0000000646800000, 0x0000000646800000| Untracked 
| 283|0x0000000646c00000, 0x0000000646c00000, 0x0000000647000000|  0%| F|  |TAMS 0x0000000646c00000, 0x0000000646c00000| Untracked 
| 284|0x0000000647000000, 0x0000000647000000, 0x0000000647400000|  0%| F|  |TAMS 0x0000000647000000, 0x0000000647000000| Untracked 
| 285|0x0000000647400000, 0x0000000647400000, 0x0000000647800000|  0%| F|  |TAMS 0x0000000647400000, 0x0000000647400000| Untracked 
| 286|0x0000000647800000, 0x0000000647800000, 0x0000000647c00000|  0%| F|  |TAMS 0x0000000647800000, 0x0000000647800000| Untracked 
| 287|0x0000000647c00000, 0x0000000647c00000, 0x0000000648000000|  0%| F|  |TAMS 0x0000000647c00000, 0x0000000647c00000| Untracked 
| 288|0x0000000648000000, 0x0000000648000000, 0x0000000648400000|  0%| F|  |TAMS 0x0000000648000000, 0x0000000648000000| Untracked 
| 289|0x0000000648400000, 0x0000000648400000, 0x0000000648800000|  0%| F|  |TAMS 0x0000000648400000, 0x0000000648400000| Untracked 
| 290|0x0000000648800000, 0x0000000648800000, 0x0000000648c00000|  0%| F|  |TAMS 0x0000000648800000, 0x0000000648800000| Untracked 
| 291|0x0000000648c00000, 0x0000000648c00000, 0x0000000649000000|  0%| F|  |TAMS 0x0000000648c00000, 0x0000000648c00000| Untracked 
| 292|0x0000000649000000, 0x0000000649000000, 0x0000000649400000|  0%| F|  |TAMS 0x0000000649000000, 0x0000000649000000| Untracked 
| 293|0x0000000649400000, 0x0000000649400000, 0x0000000649800000|  0%| F|  |TAMS 0x0000000649400000, 0x0000000649400000| Untracked 
| 294|0x0000000649800000, 0x0000000649800000, 0x0000000649c00000|  0%| F|  |TAMS 0x0000000649800000, 0x0000000649800000| Untracked 
| 295|0x0000000649c00000, 0x0000000649c00000, 0x000000064a000000|  0%| F|  |TAMS 0x0000000649c00000, 0x0000000649c00000| Untracked 
| 296|0x000000064a000000, 0x000000064a000000, 0x000000064a400000|  0%| F|  |TAMS 0x000000064a000000, 0x000000064a000000| Untracked 
| 297|0x000000064a400000, 0x000000064a400000, 0x000000064a800000|  0%| F|  |TAMS 0x000000064a400000, 0x000000064a400000| Untracked 
| 298|0x000000064a800000, 0x000000064a800000, 0x000000064ac00000|  0%| F|  |TAMS 0x000000064a800000, 0x000000064a800000| Untracked 
| 299|0x000000064ac00000, 0x000000064ac00000, 0x000000064b000000|  0%| F|  |TAMS 0x000000064ac00000, 0x000000064ac00000| Untracked 
| 300|0x000000064b000000, 0x000000064b000000, 0x000000064b400000|  0%| F|  |TAMS 0x000000064b000000, 0x000000064b000000| Untracked 
| 301|0x000000064b400000, 0x000000064b400000, 0x000000064b800000|  0%| F|  |TAMS 0x000000064b400000, 0x000000064b400000| Untracked 
| 302|0x000000064b800000, 0x000000064b800000, 0x000000064bc00000|  0%| F|  |TAMS 0x000000064b800000, 0x000000064b800000| Untracked 
| 303|0x000000064bc00000, 0x000000064bc00000, 0x000000064c000000|  0%| F|  |TAMS 0x000000064bc00000, 0x000000064bc00000| Untracked 
| 304|0x000000064c000000, 0x000000064c000000, 0x000000064c400000|  0%| F|  |TAMS 0x000000064c000000, 0x000000064c000000| Untracked 
| 305|0x000000064c400000, 0x000000064c400000, 0x000000064c800000|  0%| F|  |TAMS 0x000000064c400000, 0x000000064c400000| Untracked 
| 306|0x000000064c800000, 0x000000064c800000, 0x000000064cc00000|  0%| F|  |TAMS 0x000000064c800000, 0x000000064c800000| Untracked 
| 307|0x000000064cc00000, 0x000000064cc00000, 0x000000064d000000|  0%| F|  |TAMS 0x000000064cc00000, 0x000000064cc00000| Untracked 
| 308|0x000000064d000000, 0x000000064d000000, 0x000000064d400000|  0%| F|  |TAMS 0x000000064d000000, 0x000000064d000000| Untracked 
| 309|0x000000064d400000, 0x000000064d400000, 0x000000064d800000|  0%| F|  |TAMS 0x000000064d400000, 0x000000064d400000| Untracked 

Card table byte_map: [0x000002c130f40000,0x000002c131f40000] _byte_map_base: 0x000002c12df40000

Marking Bits (Prev, Next): (CMBitMap*) 0x000002c10833cfb0, (CMBitMap*) 0x000002c10833cff0
 Prev Bits: [0x000002c132f40000, 0x000002c13af40000)
 Next Bits: [0x000002c13af40000, 0x000002c142f40000)

Polling page: 0x000002c107a40000

Metaspace:

Usage:
  Non-class:    113.11 MB used.
      Class:     16.61 MB used.
       Both:    129.73 MB used.

Virtual space:
  Non-class space:      128.00 MB reserved,     113.56 MB ( 89%) committed,  2 nodes.
      Class space:        1.00 GB reserved,      17.00 MB (  2%) committed,  1 nodes.
             Both:        1.12 GB reserved,     130.56 MB ( 11%) committed. 

Chunk freelists:
   Non-Class:  14.06 MB
       Class:  14.89 MB
        Both:  28.95 MB

MaxMetaspaceSize: 4.00 GB
CompressedClassSpaceSize: 1.00 GB
Initial GC threshold: 21.00 MB
Current GC threshold: 167.50 MB
CDS: on
MetaspaceReclaimPolicy: balanced
 - commit_granule_bytes: 65536.
 - commit_granule_words: 8192.
 - virtual_space_node_default_size: 8388608.
 - enlarge_chunks_in_place: 1.
 - new_chunks_are_fully_committed: 0.
 - uncommit_free_chunks: 1.
 - use_allocation_guard: 0.
 - handle_deallocations: 1.


Internal statistics:

num_allocs_failed_limit: 18.
num_arena_births: 1134.
num_arena_deaths: 0.
num_vsnodes_births: 3.
num_vsnodes_deaths: 0.
num_space_committed: 2087.
num_space_uncommitted: 0.
num_chunks_returned_to_freelist: 18.
num_chunks_taken_from_freelist: 6287.
num_chunk_merges: 18.
num_chunk_splits: 4645.
num_chunks_enlarged: 3606.
num_inconsistent_stats: 0.

CodeHeap 'non-profiled nmethods': size=259264Kb used=8069Kb max_used=8069Kb free=251194Kb
 bounds [0x000002c120100000, 0x000002c1208f0000, 0x000002c12fe30000]
CodeHeap 'profiled nmethods': size=259264Kb used=31463Kb max_used=31463Kb free=227800Kb
 bounds [0x000002c10fe30000, 0x000002c111cf0000, 0x000002c11fb60000]
CodeHeap 'non-nmethods': size=5760Kb used=1874Kb max_used=1965Kb free=3885Kb
 bounds [0x000002c11fb60000, 0x000002c11fdd0000, 0x000002c120100000]
 total_blobs=15863 nmethods=14867 adapters=905
 compilation: enabled
              stopped_count=0, restarted_count=0
 full_count=0

Compilation events (20 events):
Event: 73.432 Thread 0x000002c14311ad60 17419       2       org.jetbrains.org.objectweb.asm.Type::getType (10 bytes)
Event: 73.432 Thread 0x000002c14311ad60 nmethod 17419 0x000002c111ce8690 code [0x000002c111ce8840, 0x000002c111ce8968]
Event: 73.485 Thread 0x000002c19df6cd90 nmethod 17376 0x000002c1208c2210 code [0x000002c1208c2a20, 0x000002c1208c9d70]
Event: 73.486 Thread 0x000002c19df6cd90 17418       4       org.jetbrains.kotlin.protobuf.CodedInputStream::readRawVarint32 (233 bytes)
Event: 73.486 Thread 0x000002c14311ad60 17420       2       org.jetbrains.org.objectweb.asm.FieldWriter::visitAnnotation (40 bytes)
Event: 73.486 Thread 0x000002c14311ad60 nmethod 17420 0x000002c111ce8a90 code [0x000002c111ce8c40, 0x000002c111ce8eb8]
Event: 73.491 Thread 0x000002c19df6cd90 nmethod 17418 0x000002c1208cdc10 code [0x000002c1208cdda0, 0x000002c1208ce048]
Event: 73.491 Thread 0x000002c19df6cd90 17415   !   4       org.jetbrains.kotlin.metadata.ProtoBuf$ValueParameter::<init> (513 bytes)
Event: 73.602 Thread 0x000002c14311a3a0 nmethod 17377 0x000002c1208ce210 code [0x000002c1208ce7c0, 0x000002c1208d6950]
Event: 73.603 Thread 0x000002c14311a3a0 17422  s    4       java.io.BufferedOutputStream::write (67 bytes)
Event: 73.606 Thread 0x000002c14311ad60 17423       2       org.jetbrains.org.objectweb.asm.tree.MethodNode::visitMethodInsn (59 bytes)
Event: 73.607 Thread 0x000002c14311ad60 nmethod 17423 0x000002c111ce8f90 code [0x000002c111ce9160, 0x000002c111ce94d8]
Event: 73.607 Thread 0x000002c14311ad60 17425       2       org.jetbrains.org.objectweb.asm.SymbolTable::addConstantMemberReference (147 bytes)
Event: 73.608 Thread 0x000002c14311ad60 nmethod 17425 0x000002c111ce9610 code [0x000002c111ce9860, 0x000002c111ce9e08]
Event: 73.608 Thread 0x000002c14311ad60 17424       2       org.jetbrains.org.objectweb.asm.tree.MethodInsnNode::<init> (28 bytes)
Event: 73.608 Thread 0x000002c14311ad60 nmethod 17424 0x000002c111cea290 code [0x000002c111cea440, 0x000002c111cea678]
Event: 73.643 Thread 0x000002c14311a3a0 nmethod 17422 0x000002c1208d9c90 code [0x000002c1208d9ea0, 0x000002c1208db828]
Event: 73.643 Thread 0x000002c14311a3a0 17367   !   4       org.jetbrains.kotlin.metadata.jvm.JvmProtoBuf$JvmMethodSignature::<init> (286 bytes)
Event: 73.645 Thread 0x000002c19df6cd90 nmethod 17415 0x000002c1208dc010 code [0x000002c1208dc380, 0x000002c1208df8b0]
Event: 73.647 Thread 0x000002c19df6cd90 17391       4       org.jetbrains.kotlin.metadata.jvm.deserialization.JvmNameResolverKt::toExpandedRecordsList (106 bytes)

GC Heap History (20 events):
Event: 33.923 GC heap after
{Heap after GC invocations=32 (full 0):
 garbage-first heap   total 495616K, used 81342K [0x0000000600000000, 0x0000000800000000)
  region size 4096K, 1 young (4096K), 1 survivors (4096K)
 Metaspace       used 105363K, committed 106048K, reserved 1179648K
  class space    used 13509K, committed 13824K, reserved 1048576K
}
Event: 48.834 GC heap before
{Heap before GC invocations=32 (full 0):
 garbage-first heap   total 495616K, used 376254K [0x0000000600000000, 0x0000000800000000)
  region size 4096K, 72 young (294912K), 1 survivors (4096K)
 Metaspace       used 121178K, committed 121920K, reserved 1179648K
  class space    used 15779K, committed 16128K, reserved 1048576K
}
Event: 48.962 GC heap after
{Heap after GC invocations=33 (full 0):
 garbage-first heap   total 495616K, used 115020K [0x0000000600000000, 0x0000000800000000)
  region size 4096K, 7 young (28672K), 7 survivors (28672K)
 Metaspace       used 121178K, committed 121920K, reserved 1179648K
  class space    used 15779K, committed 16128K, reserved 1048576K
}
Event: 57.210 GC heap before
{Heap before GC invocations=33 (full 0):
 garbage-first heap   total 495616K, used 373068K [0x0000000600000000, 0x0000000800000000)
  region size 4096K, 69 young (282624K), 7 survivors (28672K)
 Metaspace       used 128800K, committed 129664K, reserved 1179648K
  class space    used 16724K, committed 17152K, reserved 1048576K
}
Event: 57.371 GC heap after
{Heap after GC invocations=34 (full 0):
 garbage-first heap   total 495616K, used 126585K [0x0000000600000000, 0x0000000800000000)
  region size 4096K, 4 young (16384K), 4 survivors (16384K)
 Metaspace       used 128800K, committed 129664K, reserved 1179648K
  class space    used 16724K, committed 17152K, reserved 1048576K
}
Event: 58.546 GC heap before
{Heap before GC invocations=34 (full 0):
 garbage-first heap   total 495616K, used 376441K [0x0000000600000000, 0x0000000800000000)
  region size 4096K, 66 young (270336K), 4 survivors (16384K)
 Metaspace       used 130634K, committed 131520K, reserved 1179648K
  class space    used 16812K, committed 17216K, reserved 1048576K
}
Event: 58.637 GC heap after
{Heap after GC invocations=35 (full 0):
 garbage-first heap   total 495616K, used 150366K [0x0000000600000000, 0x0000000800000000)
  region size 4096K, 9 young (36864K), 9 survivors (36864K)
 Metaspace       used 130634K, committed 131520K, reserved 1179648K
  class space    used 16812K, committed 17216K, reserved 1048576K
}
Event: 59.376 GC heap before
{Heap before GC invocations=35 (full 0):
 garbage-first heap   total 495616K, used 371550K [0x0000000600000000, 0x0000000800000000)
  region size 4096K, 64 young (262144K), 9 survivors (36864K)
 Metaspace       used 130715K, committed 131584K, reserved 1179648K
  class space    used 16813K, committed 17216K, reserved 1048576K
}
Event: 59.636 GC heap after
{Heap after GC invocations=36 (full 0):
 garbage-first heap   total 495616K, used 161535K [0x0000000600000000, 0x0000000800000000)
  region size 4096K, 4 young (16384K), 4 survivors (16384K)
 Metaspace       used 130715K, committed 131584K, reserved 1179648K
  class space    used 16813K, committed 17216K, reserved 1048576K
}
Event: 60.680 GC heap before
{Heap before GC invocations=36 (full 0):
 garbage-first heap   total 495616K, used 382719K [0x0000000600000000, 0x0000000800000000)
  region size 4096K, 58 young (237568K), 4 survivors (16384K)
 Metaspace       used 132510K, committed 133440K, reserved 1179648K
  class space    used 16996K, committed 17408K, reserved 1048576K
}
Event: 60.724 GC heap after
{Heap after GC invocations=37 (full 0):
 garbage-first heap   total 1269760K, used 165551K [0x0000000600000000, 0x0000000800000000)
  region size 4096K, 5 young (20480K), 5 survivors (20480K)
 Metaspace       used 132510K, committed 133440K, reserved 1179648K
  class space    used 16996K, committed 17408K, reserved 1048576K
}
Event: 70.980 GC heap before
{Heap before GC invocations=37 (full 0):
 garbage-first heap   total 1269760K, used 874159K [0x0000000600000000, 0x0000000800000000)
  region size 4096K, 178 young (729088K), 5 survivors (20480K)
 Metaspace       used 132827K, committed 133696K, reserved 1179648K
  class space    used 17012K, committed 17408K, reserved 1048576K
}
Event: 72.428 GC heap after
{Heap after GC invocations=38 (full 0):
 garbage-first heap   total 1269760K, used 171508K [0x0000000600000000, 0x0000000800000000)
  region size 4096K, 7 young (28672K), 7 survivors (28672K)
 Metaspace       used 132827K, committed 133696K, reserved 1179648K
  class space    used 17012K, committed 17408K, reserved 1048576K
}
Event: 72.781 GC heap before
{Heap before GC invocations=38 (full 0):
 garbage-first heap   total 1269760K, used 204276K [0x0000000600000000, 0x0000000800000000)
  region size 4096K, 15 young (61440K), 7 survivors (28672K)
 Metaspace       used 132829K, committed 133696K, reserved 1179648K
  class space    used 17013K, committed 17408K, reserved 1048576K
}
Event: 72.906 GC heap after
{Heap after GC invocations=39 (full 0):
 garbage-first heap   total 1269760K, used 174377K [0x0000000600000000, 0x0000000800000000)
  region size 4096K, 1 young (4096K), 1 survivors (4096K)
 Metaspace       used 132829K, committed 133696K, reserved 1179648K
  class space    used 17013K, committed 17408K, reserved 1048576K
}
Event: 73.123 GC heap before
{Heap before GC invocations=39 (full 0):
 garbage-first heap   total 1269760K, used 231721K [0x0000000600000000, 0x0000000800000000)
  region size 4096K, 15 young (61440K), 1 survivors (4096K)
 Metaspace       used 132833K, committed 133696K, reserved 1179648K
  class space    used 17013K, committed 17408K, reserved 1048576K
}
Event: 73.128 GC heap after
{Heap after GC invocations=40 (full 0):
 garbage-first heap   total 1269760K, used 171735K [0x0000000600000000, 0x0000000800000000)
  region size 4096K, 1 young (4096K), 1 survivors (4096K)
 Metaspace       used 132833K, committed 133696K, reserved 1179648K
  class space    used 17013K, committed 17408K, reserved 1048576K
}
Event: 73.268 GC heap before
{Heap before GC invocations=40 (full 0):
 garbage-first heap   total 1269760K, used 229079K [0x0000000600000000, 0x0000000800000000)
  region size 4096K, 15 young (61440K), 1 survivors (4096K)
 Metaspace       used 132833K, committed 133696K, reserved 1179648K
  class space    used 17013K, committed 17408K, reserved 1048576K
}
Event: 73.272 GC heap after
{Heap after GC invocations=41 (full 0):
 garbage-first heap   total 1269760K, used 171986K [0x0000000600000000, 0x0000000800000000)
  region size 4096K, 1 young (4096K), 1 survivors (4096K)
 Metaspace       used 132833K, committed 133696K, reserved 1179648K
  class space    used 17013K, committed 17408K, reserved 1048576K
}
Event: 73.703 GC heap before
{Heap before GC invocations=41 (full 0):
 garbage-first heap   total 1269760K, used 307154K [0x0000000600000000, 0x0000000800000000)
  region size 4096K, 34 young (139264K), 1 survivors (4096K)
 Metaspace       used 132838K, committed 133696K, reserved 1179648K
  class space    used 17013K, committed 17408K, reserved 1048576K
}

Dll operation events (16 events):
Event: 0.025 Loaded shared library D:\java\jdk-17\bin\java.dll
Event: 0.057 Loaded shared library D:\java\jdk-17\bin\jsvml.dll
Event: 0.219 Loaded shared library D:\java\jdk-17\bin\zip.dll
Event: 0.224 Loaded shared library D:\java\jdk-17\bin\instrument.dll
Event: 0.235 Loaded shared library D:\java\jdk-17\bin\net.dll
Event: 0.240 Loaded shared library D:\java\jdk-17\bin\nio.dll
Event: 0.243 Loaded shared library D:\java\jdk-17\bin\zip.dll
Event: 0.835 Loaded shared library D:\java\jdk-17\bin\jimage.dll
Event: 1.359 Loaded shared library D:\java\jdk-17\bin\verify.dll
Event: 1.680 Loaded shared library C:\Users\Shekhani Laptops\.gradle\native\1def1411415f61bf3af743bc5b6707747c0891f09f0c88961ee8f79bc544acac\windows-amd64\native-platform.dll
Event: 1.700 Loaded shared library C:\Users\Shekhani Laptops\.gradle\native\0.2.5\x86_64-windows-gnu\gradle-fileevents.dll
Event: 4.376 Loaded shared library D:\java\jdk-17\bin\management.dll
Event: 4.384 Loaded shared library D:\java\jdk-17\bin\management_ext.dll
Event: 4.902 Loaded shared library D:\java\jdk-17\bin\extnet.dll
Event: 5.629 Loaded shared library D:\java\jdk-17\bin\sunmscapi.dll
Event: 6.952 Loaded shared library C:\Users\Shekhani Laptops\AppData\Local\Temp\native-platform5807567150708179539dir\gradle-fileevents.dll

Deoptimization events (20 events):
Event: 69.149 Thread 0x000002c18da8c810 Uncommon trap: trap_request=0xffffffde fr.pc=0x000002c1204eb854 relative=0x0000000000000614
Event: 69.150 Thread 0x000002c18da8c810 Uncommon trap: reason=class_check action=maybe_recompile pc=0x000002c1204eb854 method=org.jetbrains.kotlin.protobuf.FieldSet.isInitialized(Ljava/util/Map$Entry;)Z @ 61 c2
Event: 69.152 Thread 0x000002c18da8c810 DEOPT PACKING pc=0x000002c1204eb854 sp=0x000000d6947fab10
Event: 69.153 Thread 0x000002c18da8c810 DEOPT UNPACKING pc=0x000002c11fbb69a3 sp=0x000000d6947faa38 mode 2
Event: 69.156 Thread 0x000002c18da8c810 Uncommon trap: trap_request=0xffffffde fr.pc=0x000002c1204eb854 relative=0x0000000000000614
Event: 69.156 Thread 0x000002c18da8c810 Uncommon trap: reason=class_check action=maybe_recompile pc=0x000002c1204eb854 method=org.jetbrains.kotlin.protobuf.FieldSet.isInitialized(Ljava/util/Map$Entry;)Z @ 61 c2
Event: 69.156 Thread 0x000002c18da8c810 DEOPT PACKING pc=0x000002c1204eb854 sp=0x000000d6947fab80
Event: 69.156 Thread 0x000002c18da8c810 DEOPT UNPACKING pc=0x000002c11fbb69a3 sp=0x000000d6947faaa8 mode 2
Event: 72.711 Thread 0x000002c197b97410 Uncommon trap: trap_request=0xffffff45 fr.pc=0x000002c12087ecf4 relative=0x0000000000005834
Event: 72.714 Thread 0x000002c197b97410 Uncommon trap: reason=unstable_if action=reinterpret pc=0x000002c12087ecf4 method=org.jetbrains.kotlin.metadata.ProtoBuf$Type.<init>(Lorg/jetbrains/kotlin/protobuf/CodedInputStream;Lorg/jetbrains/kotlin/protobuf/ExtensionRegistryLite;)V @ 49 c2
Event: 72.715 Thread 0x000002c197b97410 DEOPT PACKING pc=0x000002c12087ecf4 sp=0x000000d693ef6910
Event: 72.716 Thread 0x000002c197b97410 DEOPT UNPACKING pc=0x000002c11fbb69a3 sp=0x000000d693ef68f0 mode 2
Event: 73.029 Thread 0x000002c18da8c810 Uncommon trap: trap_request=0xffffff45 fr.pc=0x000002c12063a640 relative=0x00000000000001a0
Event: 73.029 Thread 0x000002c18da8c810 Uncommon trap: reason=unstable_if action=reinterpret pc=0x000002c12063a640 method=org.jetbrains.kotlin.protobuf.CodedInputStream.readRawVarint32()I @ 10 c2
Event: 73.029 Thread 0x000002c18da8c810 DEOPT PACKING pc=0x000002c12063a640 sp=0x000000d6947fa340
Event: 73.030 Thread 0x000002c18da8c810 DEOPT UNPACKING pc=0x000002c11fbb69a3 sp=0x000000d6947fa2c0 mode 2
Event: 73.035 Thread 0x000002c18da8c810 Uncommon trap: trap_request=0xffffff45 fr.pc=0x000002c120537a30 relative=0x0000000000000290
Event: 73.035 Thread 0x000002c18da8c810 Uncommon trap: reason=unstable_if action=reinterpret pc=0x000002c120537a30 method=java.io.BufferedOutputStream.write([BII)V @ 6 c2
Event: 73.035 Thread 0x000002c18da8c810 DEOPT PACKING pc=0x000002c120537a30 sp=0x000000d6947faf30
Event: 73.035 Thread 0x000002c18da8c810 DEOPT UNPACKING pc=0x000002c11fbb69a3 sp=0x000000d6947faed8 mode 2

Classes loaded (20 events):
Event: 55.980 Loading class java/util/TreeMap$TreeMapSpliterator done
Event: 55.980 Loading class java/util/TreeMap$KeySpliterator done
Event: 56.065 Loading class java/io/SerialCallbackContext
Event: 56.065 Loading class java/io/SerialCallbackContext done
Event: 56.076 Loading class java/io/ObjectStreamClass$ExceptionInfo
Event: 56.077 Loading class java/io/ObjectStreamClass$ExceptionInfo done
Event: 56.090 Loading class java/util/HashMap$UnsafeHolder
Event: 56.090 Loading class java/util/HashMap$UnsafeHolder done
Event: 56.310 Loading class java/util/stream/ReferencePipeline$4
Event: 56.311 Loading class java/util/stream/ReferencePipeline$4 done
Event: 56.312 Loading class java/util/stream/ReduceOps$6
Event: 56.312 Loading class java/util/stream/ReduceOps$6 done
Event: 56.312 Loading class java/util/stream/ReduceOps$5ReducingSink
Event: 56.312 Loading class java/util/stream/ReduceOps$5ReducingSink done
Event: 56.312 Loading class java/util/stream/ReferencePipeline$4$1
Event: 56.313 Loading class java/util/stream/ReferencePipeline$4$1 done
Event: 56.832 Loading class java/rmi/RemoteException
Event: 56.833 Loading class java/rmi/RemoteException done
Event: 56.989 Loading class java/util/stream/SortedOps$RefSortingSink
Event: 56.990 Loading class java/util/stream/SortedOps$RefSortingSink done

Classes unloaded (0 events):
No events

Classes redefined (0 events):
No events

Internal exceptions (20 events):
Event: 53.515 Thread 0x000002c145753e30 Exception <a 'sun/nio/fs/WindowsException'{0x0000000616692cb8}> (0x0000000616692cb8) 
thrown [s\src\hotspot\share\prims\jni.cpp, line 516]
Event: 53.518 Thread 0x000002c145753e30 Exception <a 'sun/nio/fs/WindowsException'{0x0000000616699c58}> (0x0000000616699c58) 
thrown [s\src\hotspot\share\prims\jni.cpp, line 516]
Event: 53.521 Thread 0x000002c145753e30 Exception <a 'sun/nio/fs/WindowsException'{0x00000006166aac70}> (0x00000006166aac70) 
thrown [s\src\hotspot\share\prims\jni.cpp, line 516]
Event: 53.529 Thread 0x000002c145753e30 Exception <a 'sun/nio/fs/WindowsException'{0x00000006166b2720}> (0x00000006166b2720) 
thrown [s\src\hotspot\share\prims\jni.cpp, line 516]
Event: 55.093 Thread 0x000002c145753e30 Exception <a 'java/lang/NoSuchMethodError'{0x0000000613869890}: 'java.lang.Object java.lang.invoke.DirectMethodHandle$Holder.newInvokeSpecial(java.lang.Object, java.lang.Object, java.lang.Object, java.lang.Object, java.lang.Object, java.lang.Object, int)'> (0x0000000613869890) 
thrown [s\src\hotspot\share\interpreter\linkResolver.cpp, line 759]
Event: 55.093 Thread 0x000002c145753e30 Exception <a 'java/lang/NoSuchMethodError'{0x000000061386f438}: 'java.lang.Object java.lang.invoke.DirectMethodHandle$Holder.invokeSpecial(java.lang.Object, java.lang.Object, java.lang.Object, java.lang.Object, java.lang.Object, java.lang.Object, java.lang.Object, int)'> (0x000000061386f438) 
thrown [s\src\hotspot\share\interpreter\linkResolver.cpp, line 759]
Event: 55.094 Thread 0x000002c145753e30 Exception <a 'java/lang/NoSuchMethodError'{0x0000000613874a08}: 'java.lang.Object java.lang.invoke.Invokers$Holder.linkToTargetMethod(java.lang.Object, java.lang.Object, java.lang.Object, java.lang.Object, java.lang.Object, int, java.lang.Object)'> (0x0000000613874a08) 
thrown [s\src\hotspot\share\interpreter\linkResolver.cpp, line 759]
Event: 55.371 Thread 0x000002c197b955b0 Exception <a 'java/lang/NoSuchMethodError'{0x0000000613038320}: 'java.lang.Object java.lang.invoke.DirectMethodHandle$Holder.newInvokeSpecial(java.lang.Object, java.lang.Object, int, java.lang.Object, java.lang.Object)'> (0x0000000613038320) 
thrown [s\src\hotspot\share\interpreter\linkResolver.cpp, line 759]
Event: 55.372 Thread 0x000002c197b955b0 Exception <a 'java/lang/NoSuchMethodError'{0x000000061303c2a0}: 'java.lang.Object java.lang.invoke.Invokers$Holder.linkToTargetMethod(java.lang.Object, int, java.lang.Object, java.lang.Object, java.lang.Object)'> (0x000000061303c2a0) 
thrown [s\src\hotspot\share\interpreter\linkResolver.cpp, line 759]
Event: 56.002 Thread 0x000002c197b97410 Exception <a 'java/lang/NoSuchMethodError'{0x0000000612d7f048}: 'void java.lang.invoke.DirectMethodHandle$Holder.invokeSpecial(java.lang.Object, java.lang.Object, java.lang.Object, java.lang.Object, int, java.lang.Object, java.lang.Object)'> (0x0000000612d7f048) 
thrown [s\src\hotspot\share\interpreter\linkResolver.cpp, line 759]
Event: 56.059 Thread 0x000002c197b99c90 Exception <a 'java/lang/NoSuchMethodError'{0x0000000612edac68}: static Ljava/lang/Object;.<clinit>()V> (0x0000000612edac68) 
thrown [s\src\hotspot\share\prims\jni.cpp, line 1112]
Event: 56.072 Thread 0x000002c197b99c90 Exception <a 'java/lang/NoSuchMethodError'{0x0000000612ef9708}: static Lorg/jetbrains/kotlin/gradle/plugin/statistics/MetricContainer;.<clinit>()V> (0x0000000612ef9708) 
thrown [s\src\hotspot\share\prims\jni.cpp, line 1112]
Event: 56.346 Thread 0x000002c197b97410 Exception <a 'java/lang/NoSuchMethodError'{0x0000000612aa50a0}: 'int java.lang.invoke.DirectMethodHandle$Holder.invokeSpecial(java.lang.Object, java.lang.Object, java.lang.Object, java.lang.Object, java.lang.Object)'> (0x0000000612aa50a0) 
thrown [s\src\hotspot\share\interpreter\linkResolver.cpp, line 759]
Event: 56.733 Thread 0x000002c197b97410 Exception <a 'java/lang/NoSuchMethodError'{0x0000000611ce3488}: static Ljava/lang/Object;.<clinit>()V> (0x0000000611ce3488) 
thrown [s\src\hotspot\share\prims\jni.cpp, line 1112]
Event: 56.863 Thread 0x000002c18da8cd20 Exception <a 'java/lang/NoSuchMethodError'{0x00000006119fceb0}: 'int java.lang.invoke.DirectMethodHandle$Holder.invokeStatic(java.lang.Object, java.lang.Object, int)'> (0x00000006119fceb0) 
thrown [s\src\hotspot\share\interpreter\linkResolver.cpp, line 759]
Event: 56.863 Thread 0x000002c18da8cd20 Exception <a 'java/lang/NoSuchMethodError'{0x0000000611a00ff8}: 'int java.lang.invoke.DirectMethodHandle$Holder.invokeStaticInit(java.lang.Object, java.lang.Object, int)'> (0x0000000611a00ff8) 
thrown [s\src\hotspot\share\interpreter\linkResolver.cpp, line 759]
Event: 58.025 Thread 0x000002c18da8cd20 Exception <a 'java/lang/NoSuchMethodError'{0x00000006162866e8}: 'int java.lang.invoke.DirectMethodHandle$Holder.invokeStatic(java.lang.Object, java.lang.Object, int, int)'> (0x00000006162866e8) 
thrown [s\src\hotspot\share\interpreter\linkResolver.cpp, line 759]
Event: 58.287 Thread 0x000002c18da8cd20 Implicit null exception at 0x000002c1201aaf15 to 0x000002c1201ab5cc
Event: 59.096 Thread 0x000002c18da8c810 Implicit null exception at 0x000002c12034d915 to 0x000002c12034dff8
Event: 60.172 Thread 0x000002c18da8bdf0 Exception <a 'java/lang/NoSuchMethodError'{0x0000000619d69da8}: 'int java.lang.invoke.DirectMethodHandle$Holder.invokeStatic(java.lang.Object, java.lang.Object, java.lang.Object, int)'> (0x0000000619d69da8) 
thrown [s\src\hotspot\share\interpreter\linkResolver.cpp, line 759]

VM Operations (20 events):
Event: 64.439 Executing VM operation: Cleanup done
Event: 65.445 Executing VM operation: Cleanup
Event: 65.512 Executing VM operation: Cleanup done
Event: 66.523 Executing VM operation: Cleanup
Event: 66.532 Executing VM operation: Cleanup done
Event: 67.714 Executing VM operation: Cleanup
Event: 69.119 Executing VM operation: Cleanup done
Event: 70.124 Executing VM operation: Cleanup
Event: 70.125 Executing VM operation: Cleanup done
Event: 70.961 Executing VM operation: G1CollectForAllocation
Event: 72.437 Executing VM operation: G1CollectForAllocation done
Event: 72.777 Executing VM operation: G1CollectForAllocation
Event: 72.906 Executing VM operation: G1CollectForAllocation done
Event: 73.116 Executing VM operation: G1CollectForAllocation
Event: 73.121 Executing VM operation: G1CollectForAllocation done
Event: 73.123 Executing VM operation: G1CollectForAllocation
Event: 73.128 Executing VM operation: G1CollectForAllocation done
Event: 73.268 Executing VM operation: G1CollectForAllocation
Event: 73.272 Executing VM operation: G1CollectForAllocation done
Event: 73.699 Executing VM operation: G1CollectForAllocation

Memory protections (0 events):
No events

Nmethod flushes (20 events):
Event: 65.558 Thread 0x000002c143139190 flushing  nmethod 0x000002c110827910
Event: 65.558 Thread 0x000002c143139190 flushing  nmethod 0x000002c110845e90
Event: 65.559 Thread 0x000002c143139190 flushing  nmethod 0x000002c11085f610
Event: 65.559 Thread 0x000002c143139190 flushing  nmethod 0x000002c1108b2010
Event: 65.560 Thread 0x000002c143139190 flushing  nmethod 0x000002c110936b10
Event: 65.560 Thread 0x000002c143139190 flushing  nmethod 0x000002c11098e490
Event: 65.561 Thread 0x000002c143139190 flushing  nmethod 0x000002c1109de090
Event: 65.562 Thread 0x000002c143139190 flushing  nmethod 0x000002c110a91610
Event: 65.563 Thread 0x000002c143139190 flushing  nmethod 0x000002c110bddc90
Event: 65.564 Thread 0x000002c143139190 flushing  nmethod 0x000002c110ce8490
Event: 65.565 Thread 0x000002c143139190 flushing  nmethod 0x000002c110dd9a90
Event: 65.566 Thread 0x000002c143139190 flushing  nmethod 0x000002c110e33810
Event: 65.568 Thread 0x000002c143139190 flushing  nmethod 0x000002c111062710
Event: 65.570 Thread 0x000002c143139190 flushing  nmethod 0x000002c11118dc10
Event: 65.570 Thread 0x000002c143139190 flushing  nmethod 0x000002c1111d4210
Event: 65.571 Thread 0x000002c143139190 flushing osr nmethod 0x000002c111299a10
Event: 65.572 Thread 0x000002c143139190 flushing  nmethod 0x000002c111376110
Event: 65.573 Thread 0x000002c143139190 flushing  nmethod 0x000002c111499a10
Event: 65.573 Thread 0x000002c143139190 flushing  nmethod 0x000002c111499d90
Event: 65.578 Thread 0x000002c143139190 flushing  nmethod 0x000002c11193ba10

Events (20 events):
Event: 36.779 Thread 0x000002c145753e30 Thread added: 0x000002c197b9b5e0
Event: 36.780 Thread 0x000002c145753e30 Thread added: 0x000002c197b99780
Event: 36.781 Thread 0x000002c145753e30 Thread added: 0x000002c197b969f0
Event: 41.768 Thread 0x000002c145753e30 Thread added: 0x000002c197b964e0
Event: 43.440 Thread 0x000002c145753e30 Thread added: 0x000002c197b99c90
Event: 55.309 Thread 0x000002c145753e30 Thread added: 0x000002c197b955b0
Event: 55.376 Thread 0x000002c197b955b0 Thread added: 0x000002c197b95ac0
Event: 55.377 Thread 0x000002c197b955b0 Thread added: 0x000002c197b98340
Event: 55.377 Thread 0x000002c197b955b0 Thread added: 0x000002c197b97410
Event: 55.542 Thread 0x000002c197b97410 Thread added: 0x000002c197b97920
Event: 56.585 Thread 0x000002c197b97410 Thread added: 0x000002c18da89f90
Event: 56.585 Thread 0x000002c197b97410 Thread added: 0x000002c18da89570
Event: 56.586 Thread 0x000002c197b97410 Thread added: 0x000002c18da8a4a0
Event: 56.712 Thread 0x000002c197b97410 Thread added: 0x000002c18da8fab0
Event: 56.712 Thread 0x000002c197b97410 Thread added: 0x000002c18da8c300
Event: 56.713 Thread 0x000002c197b97410 Thread added: 0x000002c18da8ffc0
Event: 56.750 Thread 0x000002c197b97410 Thread added: 0x000002c18da8cd20
Event: 56.751 Thread 0x000002c197b97410 Thread added: 0x000002c18da8c810
Event: 56.751 Thread 0x000002c197b97410 Thread added: 0x000002c18da8bdf0
Event: 65.445 Thread 0x000002c14311a3a0 Thread added: 0x000002c19df6cd90


Dynamic libraries:
0x00007ff7c3e50000 - 0x00007ff7c3e5e000 	D:\java\jdk-17\bin\java.exe
0x00007ffee8370000 - 0x00007ffee8568000 	C:\WINDOWS\SYSTEM32\ntdll.dll
0x00007ffee6390000 - 0x00007ffee6452000 	C:\WINDOWS\System32\KERNEL32.DLL
0x00007ffee5d40000 - 0x00007ffee6036000 	C:\WINDOWS\System32\KERNELBASE.dll
0x00007ffee6290000 - 0x00007ffee6390000 	C:\WINDOWS\System32\ucrtbase.dll
0x00007ffecf990000 - 0x00007ffecf9a8000 	D:\java\jdk-17\bin\jli.dll
0x00007ffee6fd0000 - 0x00007ffee7171000 	C:\WINDOWS\System32\USER32.dll
0x00007ffee6040000 - 0x00007ffee6062000 	C:\WINDOWS\System32\win32u.dll
0x00007ffee6fa0000 - 0x00007ffee6fcb000 	C:\WINDOWS\System32\GDI32.dll
0x00007ffee5a50000 - 0x00007ffee5b69000 	C:\WINDOWS\System32\gdi32full.dll
0x00007ffee5bf0000 - 0x00007ffee5c8d000 	C:\WINDOWS\System32\msvcp_win.dll
0x00007ffed2570000 - 0x00007ffed280b000 	C:\WINDOWS\WinSxS\amd64_microsoft.windows.common-controls_6595b64144ccf1df_6.0.19041.6456_none_60b8a6cb71f64256\COMCTL32.dll
0x00007ffee79b0000 - 0x00007ffee7a4e000 	C:\WINDOWS\System32\msvcrt.dll
0x00007ffecf910000 - 0x00007ffecf92e000 	D:\java\jdk-17\bin\VCRUNTIME140.dll
0x00007ffee7780000 - 0x00007ffee77af000 	C:\WINDOWS\System32\IMM32.DLL
0x0000000053860000 - 0x000000005386c000 	C:\Program Files (x86)\360\Total Security\safemon\SafeWrapper.dll
0x00007ffee8050000 - 0x00007ffee8101000 	C:\WINDOWS\System32\ADVAPI32.dll
0x00007ffee6d10000 - 0x00007ffee6daf000 	C:\WINDOWS\System32\sechost.dll
0x00007ffee6e80000 - 0x00007ffee6fa0000 	C:\WINDOWS\System32\RPCRT4.dll
0x00007ffee6070000 - 0x00007ffee6097000 	C:\WINDOWS\System32\bcrypt.dll
0x00007ffea3900000 - 0x00007ffea39ac000 	C:\Program Files (x86)\360\Total Security\safemon\libzdtp64.dll
0x00007ffee6460000 - 0x00007ffee6bd0000 	C:\WINDOWS\System32\SHELL32.dll
0x00007ffee72a0000 - 0x00007ffee72fb000 	C:\WINDOWS\System32\SHLWAPI.dll
0x00007ffee5480000 - 0x00007ffee548a000 	C:\WINDOWS\SYSTEM32\VERSION.dll
0x00007ffed78f0000 - 0x00007ffed78fc000 	D:\java\jdk-17\bin\vcruntime140_1.dll
0x00007ffea2820000 - 0x00007ffea28ad000 	D:\java\jdk-17\bin\msvcp140.dll
0x00007ffe6d830000 - 0x00007ffe6e49b000 	D:\java\jdk-17\bin\server\jvm.dll
0x00007ffee77b0000 - 0x00007ffee781b000 	C:\WINDOWS\System32\WS2_32.dll
0x00007ffee5860000 - 0x00007ffee58ab000 	C:\WINDOWS\SYSTEM32\POWRPROF.dll
0x00007ffedc7b0000 - 0x00007ffedc7d7000 	C:\WINDOWS\SYSTEM32\WINMM.dll
0x00007ffee5840000 - 0x00007ffee5852000 	C:\WINDOWS\SYSTEM32\UMPDC.dll
0x00007ffee41a0000 - 0x00007ffee41b2000 	C:\WINDOWS\SYSTEM32\kernel.appcore.dll
0x00007ffed0ed0000 - 0x00007ffed0eda000 	D:\java\jdk-17\bin\jimage.dll
0x00007ffedf780000 - 0x00007ffedf981000 	C:\WINDOWS\SYSTEM32\DBGHELP.DLL
0x00007ffed7920000 - 0x00007ffed7954000 	C:\WINDOWS\SYSTEM32\dbgcore.DLL
0x00007ffee6200000 - 0x00007ffee6282000 	C:\WINDOWS\System32\bcryptPrimitives.dll
0x00007ffecfc30000 - 0x00007ffecfc3e000 	D:\java\jdk-17\bin\instrument.dll
0x00007ffeab3a0000 - 0x00007ffeab3c5000 	D:\java\jdk-17\bin\java.dll
0x00007ffea2740000 - 0x00007ffea2817000 	D:\java\jdk-17\bin\jsvml.dll
0x00007ffee33b0000 - 0x00007ffee3b55000 	C:\WINDOWS\SYSTEM32\windows.storage.dll
0x00007ffee7420000 - 0x00007ffee7774000 	C:\WINDOWS\System32\combase.dll
0x00007ffee52e0000 - 0x00007ffee530b000 	C:\WINDOWS\SYSTEM32\Wldp.dll
0x00007ffee6db0000 - 0x00007ffee6e7d000 	C:\WINDOWS\System32\OLEAUT32.dll
0x00007ffee7ab0000 - 0x00007ffee7b5d000 	C:\WINDOWS\System32\SHCORE.dll
0x00007ffee5930000 - 0x00007ffee5954000 	C:\WINDOWS\SYSTEM32\profapi.dll
0x00007ffeaa930000 - 0x00007ffeaa948000 	D:\java\jdk-17\bin\zip.dll
0x00007ffeaa910000 - 0x00007ffeaa92a000 	D:\java\jdk-17\bin\net.dll
0x00007ffed3d60000 - 0x00007ffed3e6a000 	C:\WINDOWS\SYSTEM32\WINHTTP.dll
0x00007ffee5040000 - 0x00007ffee50aa000 	C:\WINDOWS\system32\mswsock.dll
0x00007ffea5260000 - 0x00007ffea5276000 	D:\java\jdk-17\bin\nio.dll
0x00007ffecdd80000 - 0x00007ffecdd90000 	D:\java\jdk-17\bin\verify.dll
0x00007ffeb5ec0000 - 0x00007ffeb5ee7000 	C:\Users\Shekhani Laptops\.gradle\native\1def1411415f61bf3af743bc5b6707747c0891f09f0c88961ee8f79bc544acac\windows-amd64\native-platform.dll
0x0000000053660000 - 0x00000000536d3000 	C:\Users\Shekhani Laptops\.gradle\native\0.2.5\x86_64-windows-gnu\gradle-fileevents.dll
0x00007ffeb5f00000 - 0x00007ffeb5f0a000 	D:\java\jdk-17\bin\management.dll
0x00007ffeb5eb0000 - 0x00007ffeb5ebc000 	D:\java\jdk-17\bin\management_ext.dll
0x00007ffee8110000 - 0x00007ffee8118000 	C:\WINDOWS\System32\PSAPI.DLL
0x00007ffee5240000 - 0x00007ffee5258000 	C:\WINDOWS\SYSTEM32\CRYPTSP.dll
0x00007ffee4960000 - 0x00007ffee4998000 	C:\WINDOWS\system32\rsaenh.dll
0x00007ffee58b0000 - 0x00007ffee58de000 	C:\WINDOWS\SYSTEM32\USERENV.dll
0x00007ffee5230000 - 0x00007ffee523c000 	C:\WINDOWS\SYSTEM32\CRYPTBASE.dll
0x00007ffee4d20000 - 0x00007ffee4d5b000 	C:\WINDOWS\SYSTEM32\IPHLPAPI.DLL
0x00007ffee7290000 - 0x00007ffee7298000 	C:\WINDOWS\System32\NSI.dll
0x00007ffed7880000 - 0x00007ffed7897000 	C:\WINDOWS\SYSTEM32\dhcpcsvc6.DLL
0x00007ffed9bc0000 - 0x00007ffed9bdd000 	C:\WINDOWS\SYSTEM32\dhcpcsvc.DLL
0x00007ffee4d60000 - 0x00007ffee4e2a000 	C:\WINDOWS\SYSTEM32\DNSAPI.dll
0x00007ffeb5e80000 - 0x00007ffeb5e89000 	D:\java\jdk-17\bin\extnet.dll
0x00007ffeb3d70000 - 0x00007ffeb3d7e000 	D:\java\jdk-17\bin\sunmscapi.dll
0x00007ffee60a0000 - 0x00007ffee61fd000 	C:\WINDOWS\System32\CRYPT32.dll
0x00007ffee5350000 - 0x00007ffee5377000 	C:\WINDOWS\SYSTEM32\ncrypt.dll
0x00007ffee5310000 - 0x00007ffee534b000 	C:\WINDOWS\SYSTEM32\NTASN1.dll
0x00007ffeb5ef0000 - 0x00007ffeb5ef7000 	C:\WINDOWS\system32\wshunix.dll
0x00000000535e0000 - 0x0000000053653000 	C:\Users\Shekhani Laptops\AppData\Local\Temp\native-platform5807567150708179539dir\gradle-fileevents.dll
0x00007ffe97bc0000 - 0x00007ffe97bd7000 	C:\WINDOWS\system32\napinsp.dll
0x00007ffe97ba0000 - 0x00007ffe97bbb000 	C:\WINDOWS\system32\pnrpnsp.dll
0x00007ffeab560000 - 0x00007ffeab57d000 	C:\WINDOWS\system32\wshbth.dll
0x00007ffedd4b0000 - 0x00007ffedd4cd000 	C:\WINDOWS\system32\NLAapi.dll
0x00007ffe9c320000 - 0x00007ffe9c332000 	C:\WINDOWS\System32\winrnr.dll
0x0000000053ad0000 - 0x0000000053af6000 	C:\Program Files\Bonjour\mdnsNSP.dll
0x00007ffece570000 - 0x00007ffece57a000 	C:\Windows\System32\rasadhlp.dll
0x00007ffece840000 - 0x00007ffece8c0000 	C:\WINDOWS\System32\fwpuclnt.dll

dbghelp: loaded successfully - version: 4.0.5 - missing functions: none
symbol engine: initialized successfully - sym options: 0x614 - pdb path: .;D:\java\jdk-17\bin;C:\WINDOWS\SYSTEM32;C:\WINDOWS\WinSxS\amd64_microsoft.windows.common-controls_6595b64144ccf1df_6.0.19041.6456_none_60b8a6cb71f64256;C:\Program Files (x86)\360\Total Security\safemon;D:\java\jdk-17\bin\server;C:\Users\Shekhani Laptops\.gradle\native\1def1411415f61bf3af743bc5b6707747c0891f09f0c88961ee8f79bc544acac\windows-amd64;C:\Users\Shekhani Laptops\.gradle\native\0.2.5\x86_64-windows-gnu;C:\Users\Shekhani Laptops\AppData\Local\Temp\native-platform5807567150708179539dir;C:\Program Files\Bonjour

VM Arguments:
jvm_args: --add-opens=java.base/java.lang=ALL-UNNAMED --add-opens=java.base/java.lang.invoke=ALL-UNNAMED --add-opens=java.base/java.util=ALL-UNNAMED --add-opens=java.prefs/java.util.prefs=ALL-UNNAMED --add-exports=jdk.compiler/com.sun.tools.javac.api=ALL-UNNAMED --add-exports=jdk.compiler/com.sun.tools.javac.util=ALL-UNNAMED --add-opens=java.base/java.util=ALL-UNNAMED --add-opens=java.prefs/java.util.prefs=ALL-UNNAMED --add-opens=java.base/java.nio.charset=ALL-UNNAMED --add-opens=java.base/java.net=ALL-UNNAMED --add-opens=java.base/java.util.concurrent.atomic=ALL-UNNAMED --add-opens=java.xml/javax.xml.namespace=ALL-UNNAMED -XX:MaxMetaspaceSize=4G -XX:ReservedCodeCacheSize=512m -XX:+HeapDumpOnOutOfMemoryError -Xmx8G -Dfile.encoding=UTF-8 -Duser.country=US -Duser.language=en -Duser.variant -javaagent:C:\Users\Shekhani Laptops\.gradle\wrapper\dists\gradle-8.12-all\ejduaidbjup3bmmkhw3rie4zb\gradle-8.12\lib\agents\gradle-instrumentation-agent-8.12.jar 
java_command: org.gradle.launcher.daemon.bootstrap.GradleDaemon 8.12
java_class_path (initial): C:\Users\Shekhani Laptops\.gradle\wrapper\dists\gradle-8.12-all\ejduaidbjup3bmmkhw3rie4zb\gradle-8.12\lib\gradle-daemon-main-8.12.jar
Launcher Type: SUN_STANDARD

[Global flags]
     intx CICompilerCount                          = 3                                         {product} {ergonomic}
     uint ConcGCThreads                            = 1                                         {product} {ergonomic}
     uint G1ConcRefinementThreads                  = 4                                         {product} {ergonomic}
   size_t G1HeapRegionSize                         = 4194304                                   {product} {ergonomic}
    uintx GCDrainStackTargetSize                   = 64                                        {product} {ergonomic}
     bool HeapDumpOnOutOfMemoryError               = true                                   {manageable} {command line}
   size_t InitialHeapSize                          = 134217728                                 {product} {ergonomic}
   size_t MarkStackSize                            = 4194304                                   {product} {ergonomic}
   size_t MaxHeapSize                              = 8589934592                                {product} {command line}
   size_t MaxMetaspaceSize                         = 4294967296                                {product} {command line}
   size_t MaxNewSize                               = 5150605312                                {product} {ergonomic}
   size_t MinHeapDeltaBytes                        = 4194304                                   {product} {ergonomic}
   size_t MinHeapSize                              = 8388608                                   {product} {ergonomic}
    uintx NonNMethodCodeHeapSize                   = 5832780                                {pd product} {ergonomic}
    uintx NonProfiledCodeHeapSize                  = 265519066                              {pd product} {ergonomic}
    uintx ProfiledCodeHeapSize                     = 265519066                              {pd product} {ergonomic}
    uintx ReservedCodeCacheSize                    = 536870912                              {pd product} {command line}
     bool SegmentedCodeCache                       = true                                      {product} {ergonomic}
   size_t SoftMaxHeapSize                          = 8589934592                             {manageable} {ergonomic}
   double SweeperThreshold                         = 0.234375                                  {product} {ergonomic}
     bool UseCompressedClassPointers               = true                           {product lp64_product} {ergonomic}
     bool UseCompressedOops                        = true                           {product lp64_product} {ergonomic}
     bool UseG1GC                                  = true                                      {product} {ergonomic}
     bool UseLargePagesIndividualAllocation        = false                                  {pd product} {ergonomic}

Logging:
Log output configuration:
 #0: stdout all=warning uptime,level,tags
 #1: stderr all=off uptime,level,tags

Environment Variables:
JAVA_HOME=C:\Program Files\Android\Android Studio\jbr
CLASSPATH=D:\flutter_project\smart_community_safety_app\android\\gradle\wrapper\gradle-wrapper.jar
PATH=C:\Program Files\Android\Android Studio\jbr\bin;D:\Gradle\gradle-8.11.1\bin;D:\java\jdk-17\bin;D:\java\bin;C:\Program Files\nodejs\;C:\Windows\System32;C:\Program Files\Microsoft SQL Server\Client SDK\ODBC\170\Tools\Binn\;C:\Program Files\Microsoft SQL Server\160\DTS\Binn\;C:\Program Files\Git\cmd;C:\WINDOWS\system32\WindowsPowerShell\v1.0\;C:\Program Files (x86)\Windows Kits\10\Windows Performance Toolkit\;C:\Program Files\dotnet\;C:\flutter\bin;D:\java\jdk-17\bin;C:\flutter\bin\mingit\cmd
USERNAME=Shekhani Laptops
OS=Windows_NT
PROCESSOR_IDENTIFIER=Intel64 Family 6 Model 142 Stepping 9, GenuineIntel
TMP=C:\Users\SHEKHA~1\AppData\Local\Temp
TEMP=C:\Users\SHEKHA~1\AppData\Local\Temp



Periodic native trim disabled


---------------  S Y S T E M  ---------------

OS:
 Windows 10 , 64 bit Build 19041 (10.0.19041.5915)
OS uptime: 0 days 0:31 hours

CPU: total 4 (initial active 4) (2 cores per cpu, 2 threads per core) family 6 model 142 stepping 9 microcode 0xde, cx8, cmov, fxsr, ht, mmx, 3dnowpref, sse, sse2, sse3, ssse3, sse4.1, sse4.2, popcnt, lzcnt, tsc, tscinvbit, avx, avx2, aes, erms, clmul, bmi1, bmi2, rtm, adx, fma, vzeroupper, clflush, clflushopt
Processor Information for processor 0
  Max Mhz: 2712, Current Mhz: 2611, Mhz Limit: 2603
Processor Information for processor 1
  Max Mhz: 2712, Current Mhz: 2611, Mhz Limit: 2603
Processor Information for processor 2
  Max Mhz: 2712, Current Mhz: 1406, Mhz Limit: 2603
Processor Information for processor 3
  Max Mhz: 2712, Current Mhz: 1406, Mhz Limit: 2603

Memory: 4k page, system-wide physical 8067M (331M free)
TotalPageFile size 10783M (AvailPageFile size 680M)
current process WorkingSet (physical memory assigned to process): 703M, peak: 720M
current process commit charge ("private bytes"): 1636M, peak: 2876M

vm_info: OpenJDK 64-Bit Server VM (17.0.17+10) for windows-amd64 JRE (17.0.17+10), built on Oct 21 2025 23:25:32 by "admin" with unknown MS VC++:1942

END.
