#
# There is insufficient memory for the Java Runtime Environment to continue.
# Native memory allocation (mmap) failed to map 444596224 bytes. Error detail: G1 virtual space
# Possible reasons:
#   The system is out of physical RAM or swap space
#   This process is running with CompressedOops enabled, and the Java Heap may be blocking the growth of the native heap
# Possible solutions:
#   Reduce memory load on the system
#   Increase physical memory or swap space
#   Check if swap backing store is full
#   Decrease Java heap size (-Xmx/-Xms)
#   Decrease number of Java threads
#   Decrease Java thread stack sizes (-Xss)
#   Set larger code cache with -XX:ReservedCodeCacheSize=
#   JVM is running with Zero Based Compressed Oops mode in which the Java heap is
#     placed in the first 32GB address space. The Java Heap base address is the
#     maximum limit for the native heap growth. Please use -XX:HeapBaseMinAddress
#     to set the Java Heap base and to place the Java Heap above 32GB virtual address.
# This output file may be truncated or incomplete.
#
#  Out of Memory Error (os_windows.cpp:3618), pid=9656, tid=3840
#
# JRE version: OpenJDK Runtime Environment Temurin-17.0.17+10 (17.0.17+10) (build 17.0.17+10)
# Java VM: OpenJDK 64-Bit Server VM Temurin-17.0.17+10 (17.0.17+10, mixed mode, sharing, tiered, compressed oops, compressed class ptrs, g1 gc, windows-amd64)
# No core dump will be written. Minidumps are not enabled by default on client versions of Windows
#

---------------  S U M M A R Y ------------

Command Line: --add-opens=java.base/java.lang=ALL-UNNAMED --add-opens=java.base/java.lang.invoke=ALL-UNNAMED --add-opens=java.base/java.util=ALL-UNNAMED --add-opens=java.prefs/java.util.prefs=ALL-UNNAMED --add-exports=jdk.compiler/com.sun.tools.javac.api=ALL-UNNAMED --add-exports=jdk.compiler/com.sun.tools.javac.util=ALL-UNNAMED --add-opens=java.base/java.util=ALL-UNNAMED --add-opens=java.prefs/java.util.prefs=ALL-UNNAMED --add-opens=java.base/java.nio.charset=ALL-UNNAMED --add-opens=java.base/java.net=ALL-UNNAMED --add-opens=java.base/java.util.concurrent.atomic=ALL-UNNAMED --add-opens=java.xml/javax.xml.namespace=ALL-UNNAMED -XX:MaxMetaspaceSize=4G -XX:ReservedCodeCacheSize=512m -XX:+HeapDumpOnOutOfMemoryError -Xmx8G -Dfile.encoding=UTF-8 -Duser.country=US -Duser.language=en -Duser.variant -javaagent:C:\Users\Shekhani Laptops\.gradle\wrapper\dists\gradle-8.11.1-all\5chc9mr8xi0ruqf0ped0ibdz9\gradle-8.11.1\lib\agents\gradle-instrumentation-agent-8.11.1.jar org.gradle.launcher.daemon.bootstrap.GradleDaemon 8.11.1

Host: Intel(R) Core(TM) i5-7300U CPU @ 2.60GHz, 4 cores, 7G,  Windows 10 , 64 bit Build 19041 (10.0.19041.5915)
Time: Sat Jan  3 12:57:24 2026 Pakistan Standard Time elapsed time: 440.890346 seconds (0d 0h 7m 20s)

---------------  T H R E A D  ---------------

Current thread (0x000001e14428aab0):  VMThread "VM Thread" [stack: 0x000000c40ad00000,0x000000c40ae00000] [id=3840]

Stack: [0x000000c40ad00000,0x000000c40ae00000]
Native frames: (J=compiled Java code, j=interpreted, Vv=VM code, C=native code)
V  [jvm.dll+0x683fb9]
V  [jvm.dll+0x83a1b5]
V  [jvm.dll+0x83bc2e]
V  [jvm.dll+0x83c2b3]
V  [jvm.dll+0x248eff]
V  [jvm.dll+0x680d79]
V  [jvm.dll+0x675b7a]
V  [jvm.dll+0x3091a7]
V  [jvm.dll+0x310776]
V  [jvm.dll+0x360bbe]
V  [jvm.dll+0x360dfd]
V  [jvm.dll+0x2e022c]
V  [jvm.dll+0x2de602]
V  [jvm.dll+0x2ddd9c]
V  [jvm.dll+0x320a3b]
V  [jvm.dll+0x840acd]
V  [jvm.dll+0x841803]
V  [jvm.dll+0x841d2f]
V  [jvm.dll+0x842115]
V  [jvm.dll+0x8421de]
V  [jvm.dll+0x7ea44c]
V  [jvm.dll+0x682e87]
C  [ucrtbase.dll+0x21bb2]
C  [KERNEL32.DLL+0x17374]
C  [ntdll.dll+0x4cc91]

VM_Operation (0x000000c40c9fe740): G1CollectForAllocation, mode: safepoint, requested by thread 0x000001e18ca958e0


---------------  P R O C E S S  ---------------

Threads class SMR info:
_java_thread_list=0x000001e1932558f0, length=87, elements={
0x000001e109421f10, 0x000001e14428e320, 0x000001e1466d5860, 0x000001e1466e74c0,
0x000001e1466e9da0, 0x000001e1466ea670, 0x000001e1466eb6e0, 0x000001e1466edf00,
0x000001e1466eebc0, 0x000001e1466f4d90, 0x000001e14427cf80, 0x000001e1468e22d0,
0x000001e18ca311d0, 0x000001e18cd4b8e0, 0x000001e18d28c390, 0x000001e18c7fe470,
0x000001e146939ef0, 0x000001e18ca96300, 0x000001e18ca93f90, 0x000001e18ca949b0,
0x000001e18ca94ec0, 0x000001e18ca944a0, 0x000001e18ca93060, 0x000001e18ca953d0,
0x000001e18ca958e0, 0x000001e18ca95df0, 0x000001e18ca96810, 0x000001e18ca93570,
0x000001e18ca93a80, 0x000001e18e849f00, 0x000001e18e84a410, 0x000001e18e8494e0,
0x000001e18e847680, 0x000001e18e8448f0, 0x000001e18e846750, 0x000001e18e6dbdc0,
0x000001e18e6dae90, 0x000001e18e6db3a0, 0x000001e18e6de130, 0x000001e18e6e13d0,
0x000001e18e6db8b0, 0x000001e18e6df060, 0x000001e18e6e0ec0, 0x000001e18e6dc2d0,
0x000001e18e6dccf0, 0x000001e18e6d9f60, 0x000001e18e6dd200, 0x000001e18e6ddc20,
0x000001e18e6dd710, 0x000001e18e6e18e0, 0x000001e18e6dc7e0, 0x000001e18e6deb50,
0x000001e18e6dfa80, 0x000001e18e6dff90, 0x000001e18e6e04a0, 0x000001e190488910,
0x000001e19048cae0, 0x000001e1904879e0, 0x000001e190487ef0, 0x000001e190488e20,
0x000001e19048a260, 0x000001e19048b190, 0x000001e19048b6a0, 0x000001e19048bbb0,
0x000001e18e845d30, 0x000001e18e846240, 0x000001e18f4875a0, 0x000001e18f487ab0,
0x000001e18f485c50, 0x000001e18f483df0, 0x000001e18f482ec0, 0x000001e18f487fc0,
0x000001e18f486160, 0x000001e18f486670, 0x000001e18f484300, 0x000001e18f4838e0,
0x000001e18f484810, 0x000001e18f4824a0, 0x000001e18f484d20, 0x000001e18f481570,
0x000001e18f485740, 0x000001e191cc9570, 0x000001e191ccc300, 0x000001e191cc9a80,
0x000001e191cca4a0, 0x000001e191cc9f90, 0x000001e191cca9b0
}

Java Threads: ( => current thread )
  0x000001e109421f10 JavaThread "main" [_thread_blocked, id=10976, stack(0x000000c40a700000,0x000000c40a800000)]
  0x000001e14428e320 JavaThread "Reference Handler" daemon [_thread_blocked, id=10756, stack(0x000000c40ae00000,0x000000c40af00000)]
  0x000001e1466d5860 JavaThread "Finalizer" daemon [_thread_blocked, id=15220, stack(0x000000c40af00000,0x000000c40b000000)]
  0x000001e1466e74c0 JavaThread "Signal Dispatcher" daemon [_thread_blocked, id=15992, stack(0x000000c40b000000,0x000000c40b100000)]
  0x000001e1466e9da0 JavaThread "Attach Listener" daemon [_thread_blocked, id=11060, stack(0x000000c40b100000,0x000000c40b200000)]
  0x000001e1466ea670 JavaThread "Service Thread" daemon [_thread_blocked, id=7764, stack(0x000000c40b200000,0x000000c40b300000)]
  0x000001e1466eb6e0 JavaThread "Monitor Deflation Thread" daemon [_thread_blocked, id=15840, stack(0x000000c40b300000,0x000000c40b400000)]
  0x000001e1466edf00 JavaThread "C2 CompilerThread0" daemon [_thread_blocked, id=10828, stack(0x000000c40b400000,0x000000c40b500000)]
  0x000001e1466eebc0 JavaThread "C1 CompilerThread0" daemon [_thread_blocked, id=10420, stack(0x000000c40b500000,0x000000c40b600000)]
  0x000001e1466f4d90 JavaThread "Sweeper thread" daemon [_thread_blocked, id=6840, stack(0x000000c40b600000,0x000000c40b700000)]
  0x000001e14427cf80 JavaThread "Common-Cleaner" daemon [_thread_blocked, id=8696, stack(0x000000c40b700000,0x000000c40b800000)]
  0x000001e1468e22d0 JavaThread "Notification Thread" daemon [_thread_blocked, id=2580, stack(0x000000c40b800000,0x000000c40b900000)]
  0x000001e18ca311d0 JavaThread "Daemon health stats" [_thread_blocked, id=2728, stack(0x000000c40bd00000,0x000000c40be00000)]
  0x000001e18cd4b8e0 JavaThread "Incoming local TCP Connector on port 52429" [_thread_in_native, id=15624, stack(0x000000c40be00000,0x000000c40bf00000)]
  0x000001e18d28c390 JavaThread "Daemon periodic checks" [_thread_blocked, id=15504, stack(0x000000c40bf00000,0x000000c40c000000)]
  0x000001e18c7fe470 JavaThread "Daemon" [_thread_blocked, id=15060, stack(0x000000c40c000000,0x000000c40c100000)]
  0x000001e146939ef0 JavaThread "Handler for socket connection from /127.0.0.1:52429 to /127.0.0.1:52432" [_thread_in_native, id=13984, stack(0x000000c40c100000,0x000000c40c200000)]
  0x000001e18ca96300 JavaThread "Cancel handler" [_thread_blocked, id=15392, stack(0x000000c40c200000,0x000000c40c300000)]
  0x000001e18ca93f90 JavaThread "Daemon worker" [_thread_blocked, id=5592, stack(0x000000c40c300000,0x000000c40c400000)]
  0x000001e18ca949b0 JavaThread "Asynchronous log dispatcher for DefaultDaemonConnection: socket connection from /127.0.0.1:52429 to /127.0.0.1:52432" [_thread_blocked, id=5248, stack(0x000000c40c400000,0x000000c40c500000)]
  0x000001e18ca94ec0 JavaThread "Stdin handler" [_thread_blocked, id=5668, stack(0x000000c40c500000,0x000000c40c600000)]
  0x000001e18ca944a0 JavaThread "Daemon client event forwarder" [_thread_blocked, id=11544, stack(0x000000c40c600000,0x000000c40c700000)]
  0x000001e18ca93060 JavaThread "Cache worker for journal cache (C:\Users\Shekhani Laptops\.gradle\caches\journal-1)" [_thread_blocked, id=11192, stack(0x000000c40c700000,0x000000c40c800000)]
  0x000001e18ca953d0 JavaThread "File lock request listener" [_thread_in_native, id=13920, stack(0x000000c40c800000,0x000000c40c900000)]
  0x000001e18ca958e0 JavaThread "Cache worker for file hash cache (C:\Users\Shekhani Laptops\.gradle\caches\8.11.1\fileHashes)" [_thread_blocked, id=7920, stack(0x000000c40c900000,0x000000c40ca00000)]
  0x000001e18ca95df0 JavaThread "Cache worker for file content cache (C:\Users\Shekhani Laptops\.gradle\caches\8.11.1\fileContent)" [_thread_blocked, id=11036, stack(0x000000c40ca00000,0x000000c40cb00000)]
  0x000001e18ca96810 JavaThread "Cache worker for file hash cache (D:\flutter_project\smart_community_safety_app\android\.gradle\8.11.1\fileHashes)" [_thread_blocked, id=892, stack(0x000000c40cb00000,0x000000c40cc00000)]
  0x000001e18ca93570 JavaThread "Cache worker for Build Output Cleanup Cache (D:\flutter_project\smart_community_safety_app\android\.gradle\buildOutputCleanup)" [_thread_blocked, id=11208, stack(0x000000c40cc00000,0x000000c40cd00000)]
  0x000001e18ca93a80 JavaThread "File watcher server" daemon [_thread_in_native, id=1524, stack(0x000000c40cd00000,0x000000c40ce00000)]
  0x000001e18e849f00 JavaThread "File watcher consumer" daemon [_thread_blocked, id=15072, stack(0x000000c40ce00000,0x000000c40cf00000)]
  0x000001e18e84a410 JavaThread "Cache worker for checksums cache (D:\flutter_project\smart_community_safety_app\android\.gradle\8.11.1\checksums)" [_thread_blocked, id=1244, stack(0x000000c40cf00000,0x000000c40d000000)]
  0x000001e18e8494e0 JavaThread "Cache worker for cache directory md-rule (C:\Users\Shekhani Laptops\.gradle\caches\8.11.1\md-rule)" [_thread_blocked, id=5788, stack(0x000000c40d000000,0x000000c40d100000)]
  0x000001e18e847680 JavaThread "Cache worker for cache directory md-supplier (C:\Users\Shekhani Laptops\.gradle\caches\8.11.1\md-supplier)" [_thread_blocked, id=2448, stack(0x000000c40d100000,0x000000c40d200000)]
  0x000001e18e8448f0 JavaThread "Cache worker for Build Output Cleanup Cache (C:\flutter\packages\flutter_tools\gradle\.gradle\buildOutputCleanup)" [_thread_blocked, id=7024, stack(0x000000c40a400000,0x000000c40a500000)]
  0x000001e18e846750 JavaThread "Kotlin DSL Writer" [_thread_blocked, id=5320, stack(0x000000c40a500000,0x000000c40a600000)]
  0x000001e18e6dbdc0 JavaThread "Unconstrained build operations" [_thread_blocked, id=3880, stack(0x000000c40d600000,0x000000c40d700000)]
  0x000001e18e6dae90 JavaThread "Unconstrained build operations Thread 2" [_thread_blocked, id=11056, stack(0x000000c40d700000,0x000000c40d800000)]
  0x000001e18e6db3a0 JavaThread "Unconstrained build operations Thread 3" [_thread_blocked, id=14304, stack(0x000000c40d800000,0x000000c40d900000)]
  0x000001e18e6de130 JavaThread "Unconstrained build operations Thread 4" [_thread_blocked, id=8100, stack(0x000000c40d900000,0x000000c40da00000)]
  0x000001e18e6e13d0 JavaThread "Unconstrained build operations Thread 5" [_thread_blocked, id=13032, stack(0x000000c40da00000,0x000000c40db00000)]
  0x000001e18e6db8b0 JavaThread "Unconstrained build operations Thread 6" [_thread_blocked, id=11000, stack(0x000000c40db00000,0x000000c40dc00000)]
  0x000001e18e6df060 JavaThread "Unconstrained build operations Thread 7" [_thread_blocked, id=8524, stack(0x000000c40dc00000,0x000000c40dd00000)]
  0x000001e18e6e0ec0 JavaThread "Unconstrained build operations Thread 8" [_thread_blocked, id=14500, stack(0x000000c40dd00000,0x000000c40de00000)]
  0x000001e18e6dc2d0 JavaThread "Unconstrained build operations Thread 9" [_thread_blocked, id=3140, stack(0x000000c40de00000,0x000000c40df00000)]
  0x000001e18e6dccf0 JavaThread "Unconstrained build operations Thread 10" [_thread_blocked, id=11484, stack(0x000000c40df00000,0x000000c40e000000)]
  0x000001e18e6d9f60 JavaThread "Unconstrained build operations Thread 11" [_thread_blocked, id=7380, stack(0x000000c40e000000,0x000000c40e100000)]
  0x000001e18e6dd200 JavaThread "Unconstrained build operations Thread 12" [_thread_blocked, id=11292, stack(0x000000c40e100000,0x000000c40e200000)]
  0x000001e18e6ddc20 JavaThread "Unconstrained build operations Thread 13" [_thread_blocked, id=1608, stack(0x000000c40d400000,0x000000c40d500000)]
  0x000001e18e6dd710 JavaThread "Unconstrained build operations Thread 14" [_thread_blocked, id=9480, stack(0x000000c40e200000,0x000000c40e300000)]
  0x000001e18e6e18e0 JavaThread "Unconstrained build operations Thread 15" [_thread_blocked, id=6528, stack(0x000000c40e300000,0x000000c40e400000)]
  0x000001e18e6dc7e0 JavaThread "Unconstrained build operations Thread 16" [_thread_blocked, id=12824, stack(0x000000c40e400000,0x000000c40e500000)]
  0x000001e18e6deb50 JavaThread "Unconstrained build operations Thread 17" [_thread_blocked, id=16228, stack(0x000000c40e500000,0x000000c40e600000)]
  0x000001e18e6dfa80 JavaThread "Unconstrained build operations Thread 18" [_thread_blocked, id=10912, stack(0x000000c40e600000,0x000000c40e700000)]
  0x000001e18e6dff90 JavaThread "Memory manager" [_thread_blocked, id=9936, stack(0x000000c40e700000,0x000000c40e800000)]
  0x000001e18e6e04a0 JavaThread "build event listener" [_thread_blocked, id=3420, stack(0x000000c40e800000,0x000000c40e900000)]
  0x000001e190488910 JavaThread "Execution worker" [_thread_blocked, id=10688, stack(0x000000c40ea00000,0x000000c40eb00000)]
  0x000001e19048cae0 JavaThread "Execution worker Thread 2" [_thread_blocked, id=4180, stack(0x000000c40eb00000,0x000000c40ec00000)]
  0x000001e1904879e0 JavaThread "Execution worker Thread 3" [_thread_blocked, id=11696, stack(0x000000c40ec00000,0x000000c40ed00000)]
  0x000001e190487ef0 JavaThread "Cache worker for execution history cache (C:\flutter\packages\flutter_tools\gradle\.gradle\8.11.1\executionHistory)" [_thread_blocked, id=15684, stack(0x000000c40ed00000,0x000000c40ee00000)]
  0x000001e190488e20 JavaThread "Unconstrained build operations Thread 19" [_thread_blocked, id=15324, stack(0x000000c40ee00000,0x000000c40ef00000)]
  0x000001e19048a260 JavaThread "Unconstrained build operations Thread 20" [_thread_blocked, id=13752, stack(0x000000c40ef00000,0x000000c40f000000)]
  0x000001e19048b190 JavaThread "Unconstrained build operations Thread 21" [_thread_blocked, id=3308, stack(0x000000c40d500000,0x000000c40d600000)]
  0x000001e19048b6a0 JavaThread "Unconstrained build operations Thread 22" [_thread_blocked, id=9116, stack(0x000000c40f000000,0x000000c40f100000)]
  0x000001e19048bbb0 JavaThread "Unconstrained build operations Thread 23" [_thread_blocked, id=7000, stack(0x000000c40f100000,0x000000c40f200000)]
  0x000001e18e845d30 JavaThread "Unconstrained build operations Thread 24" [_thread_blocked, id=2428, stack(0x000000c40f200000,0x000000c40f300000)]
  0x000001e18e846240 JavaThread "Unconstrained build operations Thread 25" [_thread_blocked, id=14480, stack(0x000000c40f300000,0x000000c40f400000)]
  0x000001e18f4875a0 JavaThread "Unconstrained build operations Thread 26" [_thread_blocked, id=8496, stack(0x000000c40f400000,0x000000c40f500000)]
  0x000001e18f487ab0 JavaThread "Unconstrained build operations Thread 27" [_thread_blocked, id=10604, stack(0x000000c40f500000,0x000000c40f600000)]
  0x000001e18f485c50 JavaThread "Unconstrained build operations Thread 28" [_thread_blocked, id=15292, stack(0x000000c40f600000,0x000000c40f700000)]
  0x000001e18f483df0 JavaThread "Unconstrained build operations Thread 29" [_thread_blocked, id=3104, stack(0x000000c40f700000,0x000000c40f800000)]
  0x000001e18f482ec0 JavaThread "Unconstrained build operations Thread 30" [_thread_blocked, id=8676, stack(0x000000c40f800000,0x000000c40f900000)]
  0x000001e18f487fc0 JavaThread "Unconstrained build operations Thread 31" [_thread_blocked, id=124, stack(0x000000c40f900000,0x000000c40fa00000)]
  0x000001e18f486160 JavaThread "Unconstrained build operations Thread 32" [_thread_blocked, id=8772, stack(0x000000c40fa00000,0x000000c40fb00000)]
  0x000001e18f486670 JavaThread "Unconstrained build operations Thread 33" [_thread_blocked, id=8948, stack(0x000000c40fb00000,0x000000c40fc00000)]
  0x000001e18f484300 JavaThread "Unconstrained build operations Thread 34" [_thread_blocked, id=9148, stack(0x000000c40fc00000,0x000000c40fd00000)]
  0x000001e18f4838e0 JavaThread "Unconstrained build operations Thread 35" [_thread_blocked, id=4568, stack(0x000000c40fd00000,0x000000c40fe00000)]
  0x000001e18f484810 JavaThread "Unconstrained build operations Thread 36" [_thread_blocked, id=10596, stack(0x000000c40fe00000,0x000000c40ff00000)]
  0x000001e18f4824a0 JavaThread "Unconstrained build operations Thread 37" [_thread_blocked, id=1168, stack(0x000000c40ff00000,0x000000c410000000)]
  0x000001e18f484d20 JavaThread "Unconstrained build operations Thread 38" [_thread_blocked, id=12516, stack(0x000000c410000000,0x000000c410100000)]
  0x000001e18f481570 JavaThread "Unconstrained build operations Thread 39" [_thread_blocked, id=14296, stack(0x000000c410300000,0x000000c410400000)]
  0x000001e18f485740 JavaThread "Unconstrained build operations Thread 40" [_thread_blocked, id=15356, stack(0x000000c410400000,0x000000c410500000)]
  0x000001e191cc9570 JavaThread "WorkerExecutor Queue" [_thread_blocked, id=3392, stack(0x000000c410500000,0x000000c410600000)]
  0x000001e191ccc300 JavaThread "RMI Scheduler(0)" daemon [_thread_blocked, id=12540, stack(0x000000c410600000,0x000000c410700000)]
  0x000001e191cc9a80 JavaThread "RMI RenewClean-[127.0.0.1:17371,org.jetbrains.kotlin.daemon.common.LoopbackNetworkInterface$ClientLoopbackSocketFactory@7859d905]" daemon [_thread_blocked, id=9044, stack(0x000000c410700000,0x000000c410800000)]
  0x000001e191cca4a0 JavaThread "RMI GC Daemon" daemon [_thread_blocked, id=14300, stack(0x000000c410800000,0x000000c410900000)]
  0x000001e191cc9f90 JavaThread "RMI TCP Accept-0" daemon [_thread_in_native, id=4220, stack(0x000000c410900000,0x000000c410a00000)]
  0x000001e191cca9b0 JavaThread "RMI Reaper" [_thread_blocked, id=9688, stack(0x000000c410a00000,0x000000c410b00000)]

Other Threads:
=>0x000001e14428aab0 VMThread "VM Thread" [stack: 0x000000c40ad00000,0x000000c40ae00000] [id=3840]
  0x000001e109424340 WatcherThread [stack: 0x000000c40b900000,0x000000c40ba00000] [id=5272]
  0x000001e109491a10 GCTaskThread "GC Thread#0" [stack: 0x000000c40a800000,0x000000c40a900000] [id=11172]
  0x000001e14699adf0 GCTaskThread "GC Thread#1" [stack: 0x000000c40ba00000,0x000000c40bb00000] [id=7264]
  0x000001e14699b0b0 GCTaskThread "GC Thread#2" [stack: 0x000000c40bb00000,0x000000c40bc00000] [id=12180]
  0x000001e18c609600 GCTaskThread "GC Thread#3" [stack: 0x000000c40bc00000,0x000000c40bd00000] [id=5204]
  0x000001e1440d0760 ConcurrentGCThread "G1 Main Marker" [stack: 0x000000c40a900000,0x000000c40aa00000] [id=1604]
  0x000001e1440d1b40 ConcurrentGCThread "G1 Conc#0" [stack: 0x000000c40aa00000,0x000000c40ab00000] [id=1812]
  0x000001e1441466f0 ConcurrentGCThread "G1 Refine#0" [stack: 0x000000c40ab00000,0x000000c40ac00000] [id=14844]
  0x000001e18e8b66c0 ConcurrentGCThread "G1 Refine#1" [stack: 0x000000c40d200000,0x000000c40d300000] [id=12676]
  0x000001e18e8b6f90 ConcurrentGCThread "G1 Refine#2" [stack: 0x000000c40d300000,0x000000c40d400000] [id=4900]
  0x000001e1094bda90 ConcurrentGCThread "G1 Service" [stack: 0x000000c40ac00000,0x000000c40ad00000] [id=3108]

Threads with active compile tasks:

VM state: at safepoint (normal execution)

VM Mutex/Monitor currently owned by a thread:  ([mutex/lock_event])
[0x000001e10941db20] Threads_lock - owner thread: 0x000001e14428aab0
[0x000001e10941e810] Heap_lock - owner thread: 0x000001e18ca958e0

Heap address: 0x0000000600000000, size: 8192 MB, Compressed Oops mode: Zero based, Oop shift amount: 3

CDS archive(s) mapped at: [0x000001e147000000-0x000001e147bb0000-0x000001e147bb0000), size 12255232, SharedBaseAddress: 0x000001e147000000, ArchiveRelocationMode: 1.
Compressed class space mapped at: 0x000001e148000000-0x000001e188000000, reserved size: 1073741824
Narrow klass base: 0x000001e147000000, Narrow klass shift: 0, Narrow klass range: 0x100000000

GC Precious Log:
 CPUs: 4 total, 4 available
 Memory: 8067M
 Large Page Support: Disabled
 NUMA Support: Disabled
 Compressed Oops: Enabled (Zero based)
 Heap Region Size: 4M
 Heap Min Capacity: 8M
 Heap Initial Capacity: 128M
 Heap Max Capacity: 8G
 Pre-touch: Disabled
 Parallel Workers: 4
 Concurrent Workers: 1
 Concurrent Refinement Workers: 4
 Periodic GC: Disabled

Heap:
 garbage-first heap   total 954368K, used 295317K [0x0000000600000000, 0x0000000800000000)
  region size 4096K, 5 young (20480K), 5 survivors (20480K)
 Metaspace       used 154260K, committed 155200K, reserved 1245184K
  class space    used 19213K, committed 19648K, reserved 1048576K

Heap Regions: E=young(eden), S=young(survivor), O=old, HS=humongous(starts), HC=humongous(continues), CS=collection set, F=free, OA=open archive, CA=closed archive, TAMS=top-at-mark-start (previous, next)
|   0|0x0000000600000000, 0x0000000600400000, 0x0000000600400000|100%|HS|  |TAMS 0x0000000600400000, 0x0000000600000000| Complete 
|   1|0x0000000600400000, 0x0000000600800000, 0x0000000600800000|100%| O|  |TAMS 0x0000000600800000, 0x0000000600400000| Untracked 
|   2|0x0000000600800000, 0x0000000600c00000, 0x0000000600c00000|100%| O|  |TAMS 0x0000000600c00000, 0x0000000600800000| Untracked 
|   3|0x0000000600c00000, 0x0000000601000000, 0x0000000601000000|100%| O|  |TAMS 0x0000000601000000, 0x0000000600c00000| Untracked 
|   4|0x0000000601000000, 0x0000000601400000, 0x0000000601400000|100%| O|  |TAMS 0x0000000601400000, 0x0000000601000000| Untracked 
|   5|0x0000000601400000, 0x0000000601800000, 0x0000000601800000|100%| O|  |TAMS 0x0000000601800000, 0x0000000601400000| Untracked 
|   6|0x0000000601800000, 0x0000000601c00000, 0x0000000601c00000|100%| O|  |TAMS 0x0000000601c00000, 0x0000000601800000| Untracked 
|   7|0x0000000601c00000, 0x0000000602000000, 0x0000000602000000|100%| O|  |TAMS 0x0000000602000000, 0x0000000601c00000| Untracked 
|   8|0x0000000602000000, 0x0000000602400000, 0x0000000602400000|100%| O|  |TAMS 0x0000000602000000, 0x0000000602000000| Untracked 
|   9|0x0000000602400000, 0x0000000602800000, 0x0000000602800000|100%| O|  |TAMS 0x0000000602800000, 0x0000000602400000| Untracked 
|  10|0x0000000602800000, 0x0000000602c00000, 0x0000000602c00000|100%| O|  |TAMS 0x0000000602800000, 0x0000000602800000| Untracked 
|  11|0x0000000602c00000, 0x0000000603000000, 0x0000000603000000|100%| O|  |TAMS 0x0000000602c00000, 0x0000000602c00000| Untracked 
|  12|0x0000000603000000, 0x0000000603400000, 0x0000000603400000|100%| O|  |TAMS 0x0000000603400000, 0x0000000603000000| Untracked 
|  13|0x0000000603400000, 0x0000000603800000, 0x0000000603800000|100%| O|  |TAMS 0x0000000603800000, 0x0000000603400000| Untracked 
|  14|0x0000000603800000, 0x0000000603c00000, 0x0000000603c00000|100%| O|  |TAMS 0x0000000603c00000, 0x0000000603800000| Untracked 
|  15|0x0000000603c00000, 0x0000000603f39c00, 0x0000000604000000| 80%| O|  |TAMS 0x0000000603f39c00, 0x0000000603c00000| Untracked 
|  16|0x0000000604000000, 0x000000060421d400, 0x0000000604400000| 52%| O|  |TAMS 0x000000060421d400, 0x0000000604000000| Untracked 
|  17|0x0000000604400000, 0x0000000604800000, 0x0000000604800000|100%| O|  |TAMS 0x0000000604800000, 0x0000000604400000| Untracked 
|  18|0x0000000604800000, 0x0000000604c00000, 0x0000000604c00000|100%| O|  |TAMS 0x0000000604c00000, 0x0000000604800000| Untracked 
|  19|0x0000000604c00000, 0x0000000605000000, 0x0000000605000000|100%| O|  |TAMS 0x0000000605000000, 0x0000000604c00000| Untracked 
|  20|0x0000000605000000, 0x0000000605400000, 0x0000000605400000|100%| O|  |TAMS 0x0000000605400000, 0x0000000605000000| Untracked 
|  21|0x0000000605400000, 0x0000000605800000, 0x0000000605800000|100%| O|  |TAMS 0x0000000605800000, 0x0000000605400000| Untracked 
|  22|0x0000000605800000, 0x0000000605c00000, 0x0000000605c00000|100%| O|  |TAMS 0x0000000605c00000, 0x0000000605800000| Untracked 
|  23|0x0000000605c00000, 0x0000000606000000, 0x0000000606000000|100%| O|  |TAMS 0x0000000606000000, 0x0000000605c00000| Untracked 
|  24|0x0000000606000000, 0x0000000606400000, 0x0000000606400000|100%| O|  |TAMS 0x0000000606400000, 0x0000000606000000| Untracked 
|  25|0x0000000606400000, 0x0000000606800000, 0x0000000606800000|100%| O|  |TAMS 0x0000000606800000, 0x0000000606400000| Untracked 
|  26|0x0000000606800000, 0x0000000606c00000, 0x0000000606c00000|100%| O|  |TAMS 0x0000000606c00000, 0x0000000606800000| Untracked 
|  27|0x0000000606c00000, 0x0000000607000000, 0x0000000607000000|100%| O|  |TAMS 0x0000000607000000, 0x0000000606c00000| Untracked 
|  28|0x0000000607000000, 0x0000000607400000, 0x0000000607400000|100%| O|  |TAMS 0x0000000607400000, 0x0000000607000000| Untracked 
|  29|0x0000000607400000, 0x0000000607800000, 0x0000000607800000|100%| O|  |TAMS 0x0000000607800000, 0x0000000607400000| Untracked 
|  30|0x0000000607800000, 0x0000000607c00000, 0x0000000607c00000|100%| O|  |TAMS 0x0000000607c00000, 0x0000000607800000| Untracked 
|  31|0x0000000607c00000, 0x0000000608000000, 0x0000000608000000|100%| O|  |TAMS 0x0000000608000000, 0x0000000607c00000| Untracked 
|  32|0x0000000608000000, 0x0000000608400000, 0x0000000608400000|100%| O|  |TAMS 0x0000000608000000, 0x0000000608000000| Untracked 
|  33|0x0000000608400000, 0x0000000608800000, 0x0000000608800000|100%|HS|  |TAMS 0x0000000608800000, 0x0000000608400000| Complete 
|  34|0x0000000608800000, 0x0000000608c00000, 0x0000000608c00000|100%|HS|  |TAMS 0x0000000608c00000, 0x0000000608800000| Complete 
|  35|0x0000000608c00000, 0x0000000609000000, 0x0000000609000000|100%| O|  |TAMS 0x0000000609000000, 0x0000000608c00000| Untracked 
|  36|0x0000000609000000, 0x0000000609400000, 0x0000000609400000|100%| O|  |TAMS 0x0000000609400000, 0x0000000609000000| Untracked 
|  37|0x0000000609400000, 0x0000000609800000, 0x0000000609800000|100%| O|  |TAMS 0x0000000609800000, 0x0000000609400000| Untracked 
|  38|0x0000000609800000, 0x0000000609c00000, 0x0000000609c00000|100%| O|  |TAMS 0x0000000609c00000, 0x0000000609800000| Untracked 
|  39|0x0000000609c00000, 0x000000060a000000, 0x000000060a000000|100%| O|  |TAMS 0x0000000609c10200, 0x0000000609c00000| Untracked 
|  40|0x000000060a000000, 0x000000060a400000, 0x000000060a400000|100%| O|  |TAMS 0x000000060a000000, 0x000000060a000000| Untracked 
|  41|0x000000060a400000, 0x000000060a800000, 0x000000060a800000|100%| O|  |TAMS 0x000000060a400000, 0x000000060a400000| Untracked 
|  42|0x000000060a800000, 0x000000060ac00000, 0x000000060ac00000|100%| O|  |TAMS 0x000000060a800000, 0x000000060a800000| Untracked 
|  43|0x000000060ac00000, 0x000000060b000000, 0x000000060b000000|100%| O|  |TAMS 0x000000060ac00000, 0x000000060ac00000| Untracked 
|  44|0x000000060b000000, 0x000000060b400000, 0x000000060b400000|100%| O|  |TAMS 0x000000060b000000, 0x000000060b000000| Untracked 
|  45|0x000000060b400000, 0x000000060b800000, 0x000000060b800000|100%| O|  |TAMS 0x000000060b400000, 0x000000060b400000| Untracked 
|  46|0x000000060b800000, 0x000000060bc00000, 0x000000060bc00000|100%| O|  |TAMS 0x000000060b800000, 0x000000060b800000| Untracked 
|  47|0x000000060bc00000, 0x000000060c000000, 0x000000060c000000|100%| O|  |TAMS 0x000000060bc00000, 0x000000060bc00000| Untracked 
|  48|0x000000060c000000, 0x000000060c400000, 0x000000060c400000|100%| O|  |TAMS 0x000000060c000000, 0x000000060c000000| Untracked 
|  49|0x000000060c400000, 0x000000060c800000, 0x000000060c800000|100%| O|  |TAMS 0x000000060c400000, 0x000000060c400000| Untracked 
|  50|0x000000060c800000, 0x000000060cc00000, 0x000000060cc00000|100%| O|  |TAMS 0x000000060c800000, 0x000000060c800000| Untracked 
|  51|0x000000060cc00000, 0x000000060d000000, 0x000000060d000000|100%| O|  |TAMS 0x000000060cc00000, 0x000000060cc00000| Untracked 
|  52|0x000000060d000000, 0x000000060d400000, 0x000000060d400000|100%| O|  |TAMS 0x000000060d000000, 0x000000060d000000| Untracked 
|  53|0x000000060d400000, 0x000000060d800000, 0x000000060d800000|100%| O|  |TAMS 0x000000060d400000, 0x000000060d400000| Untracked 
|  54|0x000000060d800000, 0x000000060dc00000, 0x000000060dc00000|100%| O|  |TAMS 0x000000060d800000, 0x000000060d800000| Untracked 
|  55|0x000000060dc00000, 0x000000060e000000, 0x000000060e000000|100%| O|  |TAMS 0x000000060dc00000, 0x000000060dc00000| Untracked 
|  56|0x000000060e000000, 0x000000060e400000, 0x000000060e400000|100%| O|  |TAMS 0x000000060e000000, 0x000000060e000000| Untracked 
|  57|0x000000060e400000, 0x000000060e800000, 0x000000060e800000|100%| O|  |TAMS 0x000000060e400000, 0x000000060e400000| Untracked 
|  58|0x000000060e800000, 0x000000060ec00000, 0x000000060ec00000|100%| O|  |TAMS 0x000000060e800000, 0x000000060e800000| Untracked 
|  59|0x000000060ec00000, 0x000000060f000000, 0x000000060f000000|100%| O|  |TAMS 0x000000060ec00000, 0x000000060ec00000| Untracked 
|  60|0x000000060f000000, 0x000000060f400000, 0x000000060f400000|100%| O|  |TAMS 0x000000060f000000, 0x000000060f000000| Untracked 
|  61|0x000000060f400000, 0x000000060f800000, 0x000000060f800000|100%| O|  |TAMS 0x000000060f400000, 0x000000060f400000| Untracked 
|  62|0x000000060f800000, 0x000000060fc00000, 0x000000060fc00000|100%| O|  |TAMS 0x000000060f800000, 0x000000060f800000| Untracked 
|  63|0x000000060fc00000, 0x0000000610000000, 0x0000000610000000|100%| O|  |TAMS 0x000000060fc00000, 0x000000060fc00000| Untracked 
|  64|0x0000000610000000, 0x0000000610400000, 0x0000000610400000|100%| O|  |TAMS 0x0000000610000000, 0x0000000610000000| Untracked 
|  65|0x0000000610400000, 0x0000000610800000, 0x0000000610800000|100%| O|  |TAMS 0x0000000610400000, 0x0000000610400000| Untracked 
|  66|0x0000000610800000, 0x0000000610c00000, 0x0000000610c00000|100%| O|  |TAMS 0x0000000610800000, 0x0000000610800000| Untracked 
|  67|0x0000000610c00000, 0x0000000611000000, 0x0000000611000000|100%| O|  |TAMS 0x0000000610c00000, 0x0000000610c00000| Untracked 
|  68|0x0000000611000000, 0x0000000611159e00, 0x0000000611400000| 33%| O|  |TAMS 0x0000000611000000, 0x0000000611000000| Untracked 
|  69|0x0000000611400000, 0x0000000611400000, 0x0000000611800000|  0%| F|  |TAMS 0x0000000611400000, 0x0000000611400000| Untracked 
|  70|0x0000000611800000, 0x0000000611800000, 0x0000000611c00000|  0%| F|  |TAMS 0x0000000611800000, 0x0000000611800000| Untracked 
|  71|0x0000000611c00000, 0x0000000611c00000, 0x0000000612000000|  0%| F|  |TAMS 0x0000000611c00000, 0x0000000611c00000| Untracked 
|  72|0x0000000612000000, 0x0000000612000000, 0x0000000612400000|  0%| F|  |TAMS 0x0000000612000000, 0x0000000612000000| Untracked 
|  73|0x0000000612400000, 0x0000000612400000, 0x0000000612800000|  0%| F|  |TAMS 0x0000000612400000, 0x0000000612400000| Untracked 
|  74|0x0000000612800000, 0x0000000612800000, 0x0000000612c00000|  0%| F|  |TAMS 0x0000000612800000, 0x0000000612800000| Untracked 
|  75|0x0000000612c00000, 0x0000000612c00000, 0x0000000613000000|  0%| F|  |TAMS 0x0000000612c00000, 0x0000000612c00000| Untracked 
|  76|0x0000000613000000, 0x0000000613000000, 0x0000000613400000|  0%| F|  |TAMS 0x0000000613000000, 0x0000000613000000| Untracked 
|  77|0x0000000613400000, 0x0000000613400000, 0x0000000613800000|  0%| F|  |TAMS 0x0000000613400000, 0x0000000613400000| Untracked 
|  78|0x0000000613800000, 0x0000000613800000, 0x0000000613c00000|  0%| F|  |TAMS 0x0000000613800000, 0x0000000613800000| Untracked 
|  79|0x0000000613c00000, 0x0000000613c00000, 0x0000000614000000|  0%| F|  |TAMS 0x0000000613c00000, 0x0000000613c00000| Untracked 
|  80|0x0000000614000000, 0x0000000614000000, 0x0000000614400000|  0%| F|  |TAMS 0x0000000614000000, 0x0000000614000000| Untracked 
|  81|0x0000000614400000, 0x0000000614400000, 0x0000000614800000|  0%| F|  |TAMS 0x0000000614400000, 0x0000000614400000| Untracked 
|  82|0x0000000614800000, 0x0000000614800000, 0x0000000614c00000|  0%| F|  |TAMS 0x0000000614800000, 0x0000000614800000| Untracked 
|  83|0x0000000614c00000, 0x0000000614c00000, 0x0000000615000000|  0%| F|  |TAMS 0x0000000614c00000, 0x0000000614c00000| Untracked 
|  84|0x0000000615000000, 0x0000000615000000, 0x0000000615400000|  0%| F|  |TAMS 0x0000000615000000, 0x0000000615000000| Untracked 
|  85|0x0000000615400000, 0x0000000615400000, 0x0000000615800000|  0%| F|  |TAMS 0x0000000615400000, 0x0000000615400000| Untracked 
|  86|0x0000000615800000, 0x0000000615800000, 0x0000000615c00000|  0%| F|  |TAMS 0x0000000615800000, 0x0000000615800000| Untracked 
|  87|0x0000000615c00000, 0x0000000615c00000, 0x0000000616000000|  0%| F|  |TAMS 0x0000000615c00000, 0x0000000615c00000| Untracked 
|  88|0x0000000616000000, 0x0000000616000000, 0x0000000616400000|  0%| F|  |TAMS 0x0000000616000000, 0x0000000616000000| Untracked 
|  89|0x0000000616400000, 0x0000000616400000, 0x0000000616800000|  0%| F|  |TAMS 0x0000000616400000, 0x0000000616400000| Untracked 
|  90|0x0000000616800000, 0x0000000616800000, 0x0000000616c00000|  0%| F|  |TAMS 0x0000000616800000, 0x0000000616800000| Untracked 
|  91|0x0000000616c00000, 0x0000000616c00000, 0x0000000617000000|  0%| F|  |TAMS 0x0000000616c00000, 0x0000000616c00000| Untracked 
|  92|0x0000000617000000, 0x0000000617000000, 0x0000000617400000|  0%| F|  |TAMS 0x0000000617000000, 0x0000000617000000| Untracked 
|  93|0x0000000617400000, 0x0000000617400000, 0x0000000617800000|  0%| F|  |TAMS 0x0000000617400000, 0x0000000617400000| Untracked 
|  94|0x0000000617800000, 0x0000000617800000, 0x0000000617c00000|  0%| F|  |TAMS 0x0000000617800000, 0x0000000617800000| Untracked 
|  95|0x0000000617c00000, 0x0000000617c00000, 0x0000000618000000|  0%| F|  |TAMS 0x0000000617c00000, 0x0000000617c00000| Untracked 
|  96|0x0000000618000000, 0x0000000618000000, 0x0000000618400000|  0%| F|  |TAMS 0x0000000618000000, 0x0000000618000000| Untracked 
|  97|0x0000000618400000, 0x0000000618400000, 0x0000000618800000|  0%| F|  |TAMS 0x0000000618400000, 0x0000000618400000| Untracked 
|  98|0x0000000618800000, 0x0000000618800000, 0x0000000618c00000|  0%| F|  |TAMS 0x0000000618800000, 0x0000000618800000| Untracked 
|  99|0x0000000618c00000, 0x0000000618c00000, 0x0000000619000000|  0%| F|  |TAMS 0x0000000618c00000, 0x0000000618c00000| Untracked 
| 100|0x0000000619000000, 0x0000000619000000, 0x0000000619400000|  0%| F|  |TAMS 0x0000000619000000, 0x0000000619000000| Untracked 
| 101|0x0000000619400000, 0x0000000619400000, 0x0000000619800000|  0%| F|  |TAMS 0x0000000619400000, 0x0000000619400000| Untracked 
| 102|0x0000000619800000, 0x00000006199b4990, 0x0000000619c00000| 42%| S|CS|TAMS 0x0000000619800000, 0x0000000619800000| Complete 
| 103|0x0000000619c00000, 0x000000061a000000, 0x000000061a000000|100%| S|CS|TAMS 0x0000000619c00000, 0x0000000619c00000| Complete 
| 104|0x000000061a000000, 0x000000061a400000, 0x000000061a400000|100%| S|CS|TAMS 0x000000061a000000, 0x000000061a000000| Complete 
| 105|0x000000061a400000, 0x000000061a800000, 0x000000061a800000|100%| S|CS|TAMS 0x000000061a400000, 0x000000061a400000| Complete 
| 106|0x000000061a800000, 0x000000061ac00000, 0x000000061ac00000|100%| S|CS|TAMS 0x000000061a800000, 0x000000061a800000| Complete 
| 107|0x000000061ac00000, 0x000000061ac00000, 0x000000061b000000|  0%| F|  |TAMS 0x000000061ac00000, 0x000000061ac00000| Untracked 
| 108|0x000000061b000000, 0x000000061b000000, 0x000000061b400000|  0%| F|  |TAMS 0x000000061b000000, 0x000000061b000000| Untracked 
| 109|0x000000061b400000, 0x000000061b400000, 0x000000061b800000|  0%| F|  |TAMS 0x000000061b400000, 0x000000061b400000| Untracked 
| 110|0x000000061b800000, 0x000000061b800000, 0x000000061bc00000|  0%| F|  |TAMS 0x000000061b800000, 0x000000061b800000| Untracked 
| 111|0x000000061bc00000, 0x000000061bc00000, 0x000000061c000000|  0%| F|  |TAMS 0x000000061bc00000, 0x000000061bc00000| Untracked 
| 112|0x000000061c000000, 0x000000061c000000, 0x000000061c400000|  0%| F|  |TAMS 0x000000061c000000, 0x000000061c000000| Untracked 
| 113|0x000000061c400000, 0x000000061c400000, 0x000000061c800000|  0%| F|  |TAMS 0x000000061c400000, 0x000000061c400000| Untracked 
| 114|0x000000061c800000, 0x000000061c800000, 0x000000061cc00000|  0%| F|  |TAMS 0x000000061c800000, 0x000000061c800000| Untracked 
| 115|0x000000061cc00000, 0x000000061cc00000, 0x000000061d000000|  0%| F|  |TAMS 0x000000061cc00000, 0x000000061cc00000| Untracked 
| 116|0x000000061d000000, 0x000000061d000000, 0x000000061d400000|  0%| F|  |TAMS 0x000000061d000000, 0x000000061d000000| Untracked 
| 117|0x000000061d400000, 0x000000061d400000, 0x000000061d800000|  0%| F|  |TAMS 0x000000061d400000, 0x000000061d400000| Untracked 
| 118|0x000000061d800000, 0x000000061d800000, 0x000000061dc00000|  0%| F|  |TAMS 0x000000061d800000, 0x000000061d800000| Untracked 
| 119|0x000000061dc00000, 0x000000061dc00000, 0x000000061e000000|  0%| F|  |TAMS 0x000000061dc00000, 0x000000061dc00000| Untracked 
| 120|0x000000061e000000, 0x000000061e000000, 0x000000061e400000|  0%| F|  |TAMS 0x000000061e000000, 0x000000061e000000| Untracked 
| 121|0x000000061e400000, 0x000000061e400000, 0x000000061e800000|  0%| F|  |TAMS 0x000000061e400000, 0x000000061e400000| Untracked 
| 122|0x000000061e800000, 0x000000061e800000, 0x000000061ec00000|  0%| F|  |TAMS 0x000000061e800000, 0x000000061e800000| Untracked 
| 123|0x000000061ec00000, 0x000000061ec00000, 0x000000061f000000|  0%| F|  |TAMS 0x000000061ec00000, 0x000000061ec00000| Untracked 
| 124|0x000000061f000000, 0x000000061f000000, 0x000000061f400000|  0%| F|  |TAMS 0x000000061f000000, 0x000000061f000000| Untracked 
| 125|0x000000061f400000, 0x000000061f400000, 0x000000061f800000|  0%| F|  |TAMS 0x000000061f400000, 0x000000061f400000| Untracked 
| 126|0x000000061f800000, 0x000000061f800000, 0x000000061fc00000|  0%| F|  |TAMS 0x000000061f800000, 0x000000061f800000| Untracked 
| 127|0x000000061fc00000, 0x000000061fc00000, 0x0000000620000000|  0%| F|  |TAMS 0x000000061fc00000, 0x000000061fc00000| Untracked 
| 128|0x0000000620000000, 0x0000000620000000, 0x0000000620400000|  0%| F|  |TAMS 0x0000000620000000, 0x0000000620000000| Untracked 
| 129|0x0000000620400000, 0x0000000620400000, 0x0000000620800000|  0%| F|  |TAMS 0x0000000620400000, 0x0000000620400000| Untracked 
| 130|0x0000000620800000, 0x0000000620800000, 0x0000000620c00000|  0%| F|  |TAMS 0x0000000620800000, 0x0000000620800000| Untracked 
| 131|0x0000000620c00000, 0x0000000620c00000, 0x0000000621000000|  0%| F|  |TAMS 0x0000000620c00000, 0x0000000620c00000| Untracked 
| 132|0x0000000621000000, 0x0000000621000000, 0x0000000621400000|  0%| F|  |TAMS 0x0000000621000000, 0x0000000621000000| Untracked 
| 133|0x0000000621400000, 0x0000000621400000, 0x0000000621800000|  0%| F|  |TAMS 0x0000000621400000, 0x0000000621400000| Untracked 
| 134|0x0000000621800000, 0x0000000621800000, 0x0000000621c00000|  0%| F|  |TAMS 0x0000000621800000, 0x0000000621800000| Untracked 
| 135|0x0000000621c00000, 0x0000000621c00000, 0x0000000622000000|  0%| F|  |TAMS 0x0000000621c00000, 0x0000000621c00000| Untracked 
| 136|0x0000000622000000, 0x0000000622000000, 0x0000000622400000|  0%| F|  |TAMS 0x0000000622000000, 0x0000000622000000| Untracked 
| 137|0x0000000622400000, 0x0000000622400000, 0x0000000622800000|  0%| F|  |TAMS 0x0000000622400000, 0x0000000622400000| Untracked 
| 138|0x0000000622800000, 0x0000000622800000, 0x0000000622c00000|  0%| F|  |TAMS 0x0000000622800000, 0x0000000622800000| Untracked 
| 139|0x0000000622c00000, 0x0000000622c00000, 0x0000000623000000|  0%| F|  |TAMS 0x0000000622c00000, 0x0000000622c00000| Untracked 
| 140|0x0000000623000000, 0x0000000623000000, 0x0000000623400000|  0%| F|  |TAMS 0x0000000623000000, 0x0000000623000000| Untracked 
| 141|0x0000000623400000, 0x0000000623400000, 0x0000000623800000|  0%| F|  |TAMS 0x0000000623400000, 0x0000000623400000| Untracked 
| 142|0x0000000623800000, 0x0000000623800000, 0x0000000623c00000|  0%| F|  |TAMS 0x0000000623800000, 0x0000000623800000| Untracked 
| 143|0x0000000623c00000, 0x0000000623c00000, 0x0000000624000000|  0%| F|  |TAMS 0x0000000623c00000, 0x0000000623c00000| Untracked 
| 144|0x0000000624000000, 0x0000000624000000, 0x0000000624400000|  0%| F|  |TAMS 0x0000000624000000, 0x0000000624000000| Untracked 
| 145|0x0000000624400000, 0x0000000624400000, 0x0000000624800000|  0%| F|  |TAMS 0x0000000624400000, 0x0000000624400000| Untracked 
| 146|0x0000000624800000, 0x0000000624800000, 0x0000000624c00000|  0%| F|  |TAMS 0x0000000624800000, 0x0000000624800000| Untracked 
| 147|0x0000000624c00000, 0x0000000624c00000, 0x0000000625000000|  0%| F|  |TAMS 0x0000000624c00000, 0x0000000624c00000| Untracked 
| 148|0x0000000625000000, 0x0000000625000000, 0x0000000625400000|  0%| F|  |TAMS 0x0000000625000000, 0x0000000625000000| Untracked 
| 149|0x0000000625400000, 0x0000000625400000, 0x0000000625800000|  0%| F|  |TAMS 0x0000000625400000, 0x0000000625400000| Untracked 
| 150|0x0000000625800000, 0x0000000625800000, 0x0000000625c00000|  0%| F|  |TAMS 0x0000000625800000, 0x0000000625800000| Untracked 
| 151|0x0000000625c00000, 0x0000000625c00000, 0x0000000626000000|  0%| F|  |TAMS 0x0000000625c00000, 0x0000000625c00000| Untracked 
| 152|0x0000000626000000, 0x0000000626000000, 0x0000000626400000|  0%| F|  |TAMS 0x0000000626000000, 0x0000000626000000| Untracked 
| 153|0x0000000626400000, 0x0000000626400000, 0x0000000626800000|  0%| F|  |TAMS 0x0000000626400000, 0x0000000626400000| Untracked 
| 154|0x0000000626800000, 0x0000000626800000, 0x0000000626c00000|  0%| F|  |TAMS 0x0000000626800000, 0x0000000626800000| Untracked 
| 155|0x0000000626c00000, 0x0000000626c00000, 0x0000000627000000|  0%| F|  |TAMS 0x0000000626c00000, 0x0000000626c00000| Untracked 
| 156|0x0000000627000000, 0x0000000627000000, 0x0000000627400000|  0%| F|  |TAMS 0x0000000627000000, 0x0000000627000000| Untracked 
| 157|0x0000000627400000, 0x0000000627400000, 0x0000000627800000|  0%| F|  |TAMS 0x0000000627400000, 0x0000000627400000| Untracked 
| 158|0x0000000627800000, 0x0000000627800000, 0x0000000627c00000|  0%| F|  |TAMS 0x0000000627800000, 0x0000000627800000| Untracked 
| 159|0x0000000627c00000, 0x0000000627c00000, 0x0000000628000000|  0%| F|  |TAMS 0x0000000627c00000, 0x0000000627c00000| Untracked 
| 160|0x0000000628000000, 0x0000000628000000, 0x0000000628400000|  0%| F|  |TAMS 0x0000000628000000, 0x0000000628000000| Untracked 
| 161|0x0000000628400000, 0x0000000628400000, 0x0000000628800000|  0%| F|  |TAMS 0x0000000628400000, 0x0000000628400000| Untracked 
| 162|0x0000000628800000, 0x0000000628800000, 0x0000000628c00000|  0%| F|  |TAMS 0x0000000628800000, 0x0000000628800000| Untracked 
| 163|0x0000000628c00000, 0x0000000628c00000, 0x0000000629000000|  0%| F|  |TAMS 0x0000000628c00000, 0x0000000628c00000| Untracked 
| 164|0x0000000629000000, 0x0000000629000000, 0x0000000629400000|  0%| F|  |TAMS 0x0000000629000000, 0x0000000629000000| Untracked 
| 165|0x0000000629400000, 0x0000000629400000, 0x0000000629800000|  0%| F|  |TAMS 0x0000000629400000, 0x0000000629400000| Untracked 
| 166|0x0000000629800000, 0x0000000629800000, 0x0000000629c00000|  0%| F|  |TAMS 0x0000000629800000, 0x0000000629800000| Untracked 
| 167|0x0000000629c00000, 0x0000000629c00000, 0x000000062a000000|  0%| F|  |TAMS 0x0000000629c00000, 0x0000000629c00000| Untracked 
| 168|0x000000062a000000, 0x000000062a000000, 0x000000062a400000|  0%| F|  |TAMS 0x000000062a000000, 0x000000062a000000| Untracked 
| 169|0x000000062a400000, 0x000000062a400000, 0x000000062a800000|  0%| F|  |TAMS 0x000000062a400000, 0x000000062a400000| Untracked 
| 170|0x000000062a800000, 0x000000062a800000, 0x000000062ac00000|  0%| F|  |TAMS 0x000000062a800000, 0x000000062a800000| Untracked 
| 171|0x000000062ac00000, 0x000000062ac00000, 0x000000062b000000|  0%| F|  |TAMS 0x000000062ac00000, 0x000000062ac00000| Untracked 
| 172|0x000000062b000000, 0x000000062b000000, 0x000000062b400000|  0%| F|  |TAMS 0x000000062b000000, 0x000000062b000000| Untracked 
| 173|0x000000062b400000, 0x000000062b400000, 0x000000062b800000|  0%| F|  |TAMS 0x000000062b400000, 0x000000062b400000| Untracked 
| 174|0x000000062b800000, 0x000000062b800000, 0x000000062bc00000|  0%| F|  |TAMS 0x000000062b800000, 0x000000062b800000| Untracked 
| 175|0x000000062bc00000, 0x000000062bc00000, 0x000000062c000000|  0%| F|  |TAMS 0x000000062bc00000, 0x000000062bc00000| Untracked 
| 176|0x000000062c000000, 0x000000062c000000, 0x000000062c400000|  0%| F|  |TAMS 0x000000062c000000, 0x000000062c000000| Untracked 
| 177|0x000000062c400000, 0x000000062c400000, 0x000000062c800000|  0%| F|  |TAMS 0x000000062c400000, 0x000000062c400000| Untracked 
| 178|0x000000062c800000, 0x000000062c800000, 0x000000062cc00000|  0%| F|  |TAMS 0x000000062c800000, 0x000000062c800000| Untracked 
| 179|0x000000062cc00000, 0x000000062cc00000, 0x000000062d000000|  0%| F|  |TAMS 0x000000062cc00000, 0x000000062cc00000| Untracked 
| 180|0x000000062d000000, 0x000000062d000000, 0x000000062d400000|  0%| F|  |TAMS 0x000000062d000000, 0x000000062d000000| Untracked 
| 181|0x000000062d400000, 0x000000062d400000, 0x000000062d800000|  0%| F|  |TAMS 0x000000062d400000, 0x000000062d400000| Untracked 
| 182|0x000000062d800000, 0x000000062d800000, 0x000000062dc00000|  0%| F|  |TAMS 0x000000062d800000, 0x000000062d800000| Untracked 
| 183|0x000000062dc00000, 0x000000062dc00000, 0x000000062e000000|  0%| F|  |TAMS 0x000000062dc00000, 0x000000062dc00000| Untracked 
| 184|0x000000062e000000, 0x000000062e000000, 0x000000062e400000|  0%| F|  |TAMS 0x000000062e000000, 0x000000062e000000| Untracked 
| 185|0x000000062e400000, 0x000000062e400000, 0x000000062e800000|  0%| F|  |TAMS 0x000000062e400000, 0x000000062e400000| Untracked 
| 186|0x000000062e800000, 0x000000062e800000, 0x000000062ec00000|  0%| F|  |TAMS 0x000000062e800000, 0x000000062e800000| Untracked 
| 187|0x000000062ec00000, 0x000000062ec00000, 0x000000062f000000|  0%| F|  |TAMS 0x000000062ec00000, 0x000000062ec00000| Untracked 
| 188|0x000000062f000000, 0x000000062f000000, 0x000000062f400000|  0%| F|  |TAMS 0x000000062f000000, 0x000000062f000000| Untracked 
| 189|0x000000062f400000, 0x000000062f400000, 0x000000062f800000|  0%| F|  |TAMS 0x000000062f400000, 0x000000062f400000| Untracked 
| 190|0x000000062f800000, 0x000000062f800000, 0x000000062fc00000|  0%| F|  |TAMS 0x000000062f800000, 0x000000062f800000| Untracked 
| 191|0x000000062fc00000, 0x000000062fc00000, 0x0000000630000000|  0%| F|  |TAMS 0x000000062fc00000, 0x000000062fc00000| Untracked 
| 192|0x0000000630000000, 0x0000000630000000, 0x0000000630400000|  0%| F|  |TAMS 0x0000000630000000, 0x0000000630000000| Untracked 
| 193|0x0000000630400000, 0x0000000630400000, 0x0000000630800000|  0%| F|  |TAMS 0x0000000630400000, 0x0000000630400000| Untracked 
| 194|0x0000000630800000, 0x0000000630800000, 0x0000000630c00000|  0%| F|  |TAMS 0x0000000630800000, 0x0000000630800000| Untracked 
| 195|0x0000000630c00000, 0x0000000630c00000, 0x0000000631000000|  0%| F|  |TAMS 0x0000000630c00000, 0x0000000630c00000| Untracked 
| 196|0x0000000631000000, 0x0000000631000000, 0x0000000631400000|  0%| F|  |TAMS 0x0000000631000000, 0x0000000631000000| Untracked 
| 197|0x0000000631400000, 0x0000000631400000, 0x0000000631800000|  0%| F|  |TAMS 0x0000000631400000, 0x0000000631400000| Untracked 
| 198|0x0000000631800000, 0x0000000631800000, 0x0000000631c00000|  0%| F|  |TAMS 0x0000000631800000, 0x0000000631800000| Untracked 
| 199|0x0000000631c00000, 0x0000000631c00000, 0x0000000632000000|  0%| F|  |TAMS 0x0000000631c00000, 0x0000000631c00000| Untracked 
| 200|0x0000000632000000, 0x0000000632000000, 0x0000000632400000|  0%| F|  |TAMS 0x0000000632000000, 0x0000000632000000| Untracked 
| 201|0x0000000632400000, 0x0000000632400000, 0x0000000632800000|  0%| F|  |TAMS 0x0000000632400000, 0x0000000632400000| Untracked 
| 202|0x0000000632800000, 0x0000000632800000, 0x0000000632c00000|  0%| F|  |TAMS 0x0000000632800000, 0x0000000632800000| Untracked 
| 203|0x0000000632c00000, 0x0000000632c00000, 0x0000000633000000|  0%| F|  |TAMS 0x0000000632c00000, 0x0000000632c00000| Untracked 
| 204|0x0000000633000000, 0x0000000633000000, 0x0000000633400000|  0%| F|  |TAMS 0x0000000633000000, 0x0000000633000000| Untracked 
| 205|0x0000000633400000, 0x0000000633400000, 0x0000000633800000|  0%| F|  |TAMS 0x0000000633400000, 0x0000000633400000| Untracked 
| 206|0x0000000633800000, 0x0000000633800000, 0x0000000633c00000|  0%| F|  |TAMS 0x0000000633800000, 0x0000000633800000| Untracked 
| 207|0x0000000633c00000, 0x0000000633c00000, 0x0000000634000000|  0%| F|  |TAMS 0x0000000633c00000, 0x0000000633c00000| Untracked 
| 208|0x0000000634000000, 0x0000000634000000, 0x0000000634400000|  0%| F|  |TAMS 0x0000000634000000, 0x0000000634000000| Untracked 
| 209|0x0000000634400000, 0x0000000634400000, 0x0000000634800000|  0%| F|  |TAMS 0x0000000634400000, 0x0000000634400000| Untracked 
| 210|0x0000000634800000, 0x0000000634800000, 0x0000000634c00000|  0%| F|  |TAMS 0x0000000634800000, 0x0000000634800000| Untracked 
| 211|0x0000000634c00000, 0x0000000634c00000, 0x0000000635000000|  0%| F|  |TAMS 0x0000000634c00000, 0x0000000634c00000| Untracked 
| 212|0x0000000635000000, 0x0000000635000000, 0x0000000635400000|  0%| F|  |TAMS 0x0000000635000000, 0x0000000635000000| Untracked 
| 213|0x0000000635400000, 0x0000000635400000, 0x0000000635800000|  0%| F|  |TAMS 0x0000000635400000, 0x0000000635400000| Untracked 
| 214|0x0000000635800000, 0x0000000635800000, 0x0000000635c00000|  0%| F|  |TAMS 0x0000000635800000, 0x0000000635800000| Untracked 
| 215|0x0000000635c00000, 0x0000000635c00000, 0x0000000636000000|  0%| F|  |TAMS 0x0000000635c00000, 0x0000000635c00000| Untracked 
| 216|0x0000000636000000, 0x0000000636000000, 0x0000000636400000|  0%| F|  |TAMS 0x0000000636000000, 0x0000000636000000| Untracked 
| 217|0x0000000636400000, 0x0000000636400000, 0x0000000636800000|  0%| F|  |TAMS 0x0000000636400000, 0x0000000636400000| Untracked 
| 218|0x0000000636800000, 0x0000000636800000, 0x0000000636c00000|  0%| F|  |TAMS 0x0000000636800000, 0x0000000636800000| Untracked 
| 219|0x0000000636c00000, 0x0000000636c00000, 0x0000000637000000|  0%| F|  |TAMS 0x0000000636c00000, 0x0000000636c00000| Untracked 
| 220|0x0000000637000000, 0x0000000637000000, 0x0000000637400000|  0%| F|  |TAMS 0x0000000637000000, 0x0000000637000000| Untracked 
| 221|0x0000000637400000, 0x0000000637400000, 0x0000000637800000|  0%| F|  |TAMS 0x0000000637400000, 0x0000000637400000| Untracked 
| 222|0x0000000637800000, 0x0000000637800000, 0x0000000637c00000|  0%| F|  |TAMS 0x0000000637800000, 0x0000000637800000| Untracked 
| 223|0x0000000637c00000, 0x0000000637c00000, 0x0000000638000000|  0%| F|  |TAMS 0x0000000637c00000, 0x0000000637c00000| Untracked 
| 224|0x0000000638000000, 0x0000000638000000, 0x0000000638400000|  0%| F|  |TAMS 0x0000000638000000, 0x0000000638000000| Untracked 
| 225|0x0000000638400000, 0x0000000638400000, 0x0000000638800000|  0%| F|  |TAMS 0x0000000638400000, 0x0000000638400000| Untracked 
| 226|0x0000000638800000, 0x0000000638800000, 0x0000000638c00000|  0%| F|  |TAMS 0x0000000638800000, 0x0000000638800000| Untracked 
| 227|0x0000000638c00000, 0x0000000638c00000, 0x0000000639000000|  0%| F|  |TAMS 0x0000000638c00000, 0x0000000638c00000| Untracked 
| 228|0x0000000639000000, 0x0000000639000000, 0x0000000639400000|  0%| F|  |TAMS 0x0000000639000000, 0x0000000639000000| Untracked 
| 229|0x0000000639400000, 0x0000000639400000, 0x0000000639800000|  0%| F|  |TAMS 0x0000000639400000, 0x0000000639400000| Untracked 
| 230|0x0000000639800000, 0x0000000639800000, 0x0000000639c00000|  0%| F|  |TAMS 0x0000000639800000, 0x0000000639800000| Untracked 
| 231|0x0000000639c00000, 0x0000000639c00000, 0x000000063a000000|  0%| F|  |TAMS 0x0000000639c00000, 0x0000000639c00000| Untracked 
| 232|0x000000063a000000, 0x000000063a000000, 0x000000063a400000|  0%| F|  |TAMS 0x000000063a000000, 0x000000063a000000| Untracked 

Card table byte_map: [0x000001e132090000,0x000001e133090000] _byte_map_base: 0x000001e12f090000

Marking Bits (Prev, Next): (CMBitMap*) 0x000001e1440d00e0, (CMBitMap*) 0x000001e1440d00a0
 Prev Bits: [0x000001e13c090000, 0x000001e144090000)
 Next Bits: [0x000001e134090000, 0x000001e13c090000)

Polling page: 0x000001e1073e0000

Metaspace:

Usage:
  Non-class:    131.88 MB used.
      Class:     18.76 MB used.
       Both:    150.65 MB used.

Virtual space:
  Non-class space:      192.00 MB reserved,     132.38 MB ( 69%) committed,  3 nodes.
      Class space:        1.00 GB reserved,      19.19 MB (  2%) committed,  1 nodes.
             Both:        1.19 GB reserved,     151.56 MB ( 12%) committed. 

Chunk freelists:
   Non-Class:  11.39 MB
       Class:  12.63 MB
        Both:  24.02 MB

MaxMetaspaceSize: 4.00 GB
CompressedClassSpaceSize: 1.00 GB
Initial GC threshold: 21.00 MB
Current GC threshold: 220.12 MB
CDS: on
MetaspaceReclaimPolicy: balanced
 - commit_granule_bytes: 65536.
 - commit_granule_words: 8192.
 - virtual_space_node_default_size: 8388608.
 - enlarge_chunks_in_place: 1.
 - new_chunks_are_fully_committed: 0.
 - uncommit_free_chunks: 1.
 - use_allocation_guard: 0.
 - handle_deallocations: 1.


Internal statistics:

num_allocs_failed_limit: 51.
num_arena_births: 1358.
num_arena_deaths: 0.
num_vsnodes_births: 4.
num_vsnodes_deaths: 0.
num_space_committed: 2423.
num_space_uncommitted: 0.
num_chunks_returned_to_freelist: 51.
num_chunks_taken_from_freelist: 7173.
num_chunk_merges: 51.
num_chunk_splits: 5222.
num_chunks_enlarged: 3961.
num_inconsistent_stats: 0.

CodeHeap 'non-profiled nmethods': size=259264Kb used=16672Kb max_used=16672Kb free=242591Kb
 bounds [0x000001e121250000, 0x000001e1222a0000, 0x000001e130f80000]
CodeHeap 'profiled nmethods': size=259264Kb used=44675Kb max_used=44695Kb free=214588Kb
 bounds [0x000001e110f80000, 0x000001e113b90000, 0x000001e120cb0000]
CodeHeap 'non-nmethods': size=5760Kb used=1936Kb max_used=2025Kb free=3823Kb
 bounds [0x000001e120cb0000, 0x000001e120f20000, 0x000001e121250000]
 total_blobs=22772 nmethods=21701 adapters=980
 compilation: enabled
              stopped_count=0, restarted_count=0
 full_count=0

Compilation events (20 events):
Event: 440.036 Thread 0x000001e1466eebc0 nmethod 28793 0x000001e1124e7910 code [0x000001e1124e7ae0, 0x000001e1124e7f08]
Event: 440.039 Thread 0x000001e1466edf00 nmethod 28794 0x000001e122291610 code [0x000001e1222917a0, 0x000001e122291a18]
Event: 440.118 Thread 0x000001e1466eebc0 28795       3       org.objectweb.asm.tree.MethodNode::visitIntInsn (17 bytes)
Event: 440.118 Thread 0x000001e1466eebc0 nmethod 28795 0x000001e112661890 code [0x000001e112661a60, 0x000001e112661d48]
Event: 440.118 Thread 0x000001e1466eebc0 28796       3       org.objectweb.asm.tree.MethodNode::<init> (31 bytes)
Event: 440.119 Thread 0x000001e1466eebc0 nmethod 28796 0x000001e112661310 code [0x000001e1126614e0, 0x000001e112661778]
Event: 440.119 Thread 0x000001e1466edf00 28797       4       org.objectweb.asm.tree.MethodNode::visitJumpInsn (21 bytes)
Event: 440.136 Thread 0x000001e1466edf00 nmethod 28797 0x000001e122291b90 code [0x000001e122291d40, 0x000001e1222926b8]
Event: 440.136 Thread 0x000001e1466edf00 28798       4       org.objectweb.asm.tree.MethodNode::visitFrame (47 bytes)
Event: 440.195 Thread 0x000001e1466eebc0 28799       3       org.objectweb.asm.tree.MethodNode::visitIincInsn (17 bytes)
Event: 440.195 Thread 0x000001e1466eebc0 nmethod 28799 0x000001e112660c90 code [0x000001e112660e60, 0x000001e112661168]
Event: 440.247 Thread 0x000001e1466edf00 nmethod 28798 0x000001e122292910 code [0x000001e122292b60, 0x000001e1222951f0]
Event: 440.259 Thread 0x000001e1466eebc0 28800       1       org.gradle.internal.snapshot.EmptyChildMap::size (2 bytes)
Event: 440.259 Thread 0x000001e1466eebc0 nmethod 28800 0x000001e122295d10 code [0x000001e122295ea0, 0x000001e122295f78]
Event: 440.528 Thread 0x000001e1466edf00 28801       4       java.util.Spliterators$EmptySpliterator$OfRef::forEachRemaining (6 bytes)
Event: 440.528 Thread 0x000001e1466edf00 nmethod 28801 0x000001e122296010 code [0x000001e1222961a0, 0x000001e122296238]
Event: 440.770 Thread 0x000001e1466edf00 28802       4       org.gradle.tooling.internal.provider.runner.ClientBuildEventGenerator::started (168 bytes)
Event: 440.806 Thread 0x000001e1466edf00 nmethod 28802 0x000001e122296310 code [0x000001e122296540, 0x000001e1222972a8]
Event: 440.829 Thread 0x000001e1466edf00 28803       4       org.gradle.internal.snapshot.SingletonChildMap::store (24 bytes)
Event: 440.832 Thread 0x000001e1466edf00 nmethod 28803 0x000001e122297c10 code [0x000001e122297da0, 0x000001e122297f68]

GC Heap History (20 events):
Event: 223.373 GC heap after
{Heap after GC invocations=108 (full 0):
 garbage-first heap   total 774144K, used 220942K [0x0000000600000000, 0x0000000800000000)
  region size 4096K, 7 young (28672K), 7 survivors (28672K)
 Metaspace       used 147694K, committed 148480K, reserved 1179648K
  class space    used 18500K, committed 18880K, reserved 1048576K
}
Event: 224.990 GC heap before
{Heap before GC invocations=108 (full 0):
 garbage-first heap   total 774144K, used 655118K [0x0000000600000000, 0x0000000800000000)
  region size 4096K, 113 young (462848K), 7 survivors (28672K)
 Metaspace       used 147726K, committed 148608K, reserved 1179648K
  class space    used 18501K, committed 18880K, reserved 1048576K
}
Event: 225.007 GC heap after
{Heap after GC invocations=109 (full 0):
 garbage-first heap   total 954368K, used 208226K [0x0000000600000000, 0x0000000800000000)
  region size 4096K, 4 young (16384K), 4 survivors (16384K)
 Metaspace       used 147726K, committed 148608K, reserved 1179648K
  class space    used 18501K, committed 18880K, reserved 1048576K
}
Event: 228.642 GC heap before
{Heap before GC invocations=109 (full 0):
 garbage-first heap   total 954368K, used 761186K [0x0000000600000000, 0x0000000800000000)
  region size 4096K, 139 young (569344K), 4 survivors (16384K)
 Metaspace       used 147753K, committed 148608K, reserved 1179648K
  class space    used 18501K, committed 18880K, reserved 1048576K
}
Event: 228.663 GC heap after
{Heap after GC invocations=110 (full 0):
 garbage-first heap   total 954368K, used 211994K [0x0000000600000000, 0x0000000800000000)
  region size 4096K, 5 young (20480K), 5 survivors (20480K)
 Metaspace       used 147753K, committed 148608K, reserved 1179648K
  class space    used 18501K, committed 18880K, reserved 1048576K
}
Event: 231.592 GC heap before
{Heap before GC invocations=110 (full 0):
 garbage-first heap   total 954368K, used 760858K [0x0000000600000000, 0x0000000800000000)
  region size 4096K, 139 young (569344K), 5 survivors (20480K)
 Metaspace       used 147799K, committed 148608K, reserved 1179648K
  class space    used 18506K, committed 18880K, reserved 1048576K
}
Event: 231.622 GC heap after
{Heap after GC invocations=111 (full 0):
 garbage-first heap   total 954368K, used 212574K [0x0000000600000000, 0x0000000800000000)
  region size 4096K, 7 young (28672K), 7 survivors (28672K)
 Metaspace       used 147799K, committed 148608K, reserved 1179648K
  class space    used 18506K, committed 18880K, reserved 1048576K
}
Event: 314.010 GC heap before
{Heap before GC invocations=111 (full 0):
 garbage-first heap   total 954368K, used 753246K [0x0000000600000000, 0x0000000800000000)
  region size 4096K, 139 young (569344K), 7 survivors (28672K)
 Metaspace       used 153283K, committed 154240K, reserved 1245184K
  class space    used 19191K, committed 19648K, reserved 1048576K
}
Event: 314.079 GC heap after
{Heap after GC invocations=112 (full 0):
 garbage-first heap   total 954368K, used 219108K [0x0000000600000000, 0x0000000800000000)
  region size 4096K, 9 young (36864K), 9 survivors (36864K)
 Metaspace       used 153283K, committed 154240K, reserved 1245184K
  class space    used 19191K, committed 19648K, reserved 1048576K
}
Event: 418.436 GC heap before
{Heap before GC invocations=112 (full 0):
 garbage-first heap   total 954368K, used 747492K [0x0000000600000000, 0x0000000800000000)
  region size 4096K, 139 young (569344K), 9 survivors (36864K)
 Metaspace       used 153967K, committed 154880K, reserved 1245184K
  class space    used 19211K, committed 19648K, reserved 1048576K
}
Event: 418.525 GC heap after
{Heap after GC invocations=113 (full 0):
 garbage-first heap   total 954368K, used 237242K [0x0000000600000000, 0x0000000800000000)
  region size 4096K, 13 young (53248K), 13 survivors (53248K)
 Metaspace       used 153967K, committed 154880K, reserved 1245184K
  class space    used 19211K, committed 19648K, reserved 1048576K
}
Event: 421.887 GC heap before
{Heap before GC invocations=113 (full 0):
 garbage-first heap   total 954368K, used 749242K [0x0000000600000000, 0x0000000800000000)
  region size 4096K, 139 young (569344K), 13 survivors (53248K)
 Metaspace       used 154076K, committed 155008K, reserved 1245184K
  class space    used 19211K, committed 19648K, reserved 1048576K
}
Event: 422.121 GC heap after
{Heap after GC invocations=114 (full 0):
 garbage-first heap   total 954368K, used 248482K [0x0000000600000000, 0x0000000800000000)
  region size 4096K, 11 young (45056K), 11 survivors (45056K)
 Metaspace       used 154076K, committed 155008K, reserved 1245184K
  class space    used 19211K, committed 19648K, reserved 1048576K
}
Event: 430.350 GC heap before
{Heap before GC invocations=114 (full 0):
 garbage-first heap   total 954368K, used 768674K [0x0000000600000000, 0x0000000800000000)
  region size 4096K, 139 young (569344K), 11 survivors (45056K)
 Metaspace       used 154144K, committed 155072K, reserved 1245184K
  class space    used 19212K, committed 19648K, reserved 1048576K
}
Event: 430.528 GC heap after
{Heap after GC invocations=115 (full 0):
 garbage-first heap   total 954368K, used 284199K [0x0000000600000000, 0x0000000800000000)
  region size 4096K, 18 young (73728K), 18 survivors (73728K)
 Metaspace       used 154144K, committed 155072K, reserved 1245184K
  class space    used 19212K, committed 19648K, reserved 1048576K
}
Event: 432.528 GC heap before
{Heap before GC invocations=115 (full 0):
 garbage-first heap   total 954368K, used 775719K [0x0000000600000000, 0x0000000800000000)
  region size 4096K, 139 young (569344K), 18 survivors (73728K)
 Metaspace       used 154211K, committed 155136K, reserved 1245184K
  class space    used 19212K, committed 19648K, reserved 1048576K
}
Event: 432.747 GC heap after
{Heap after GC invocations=116 (full 0):
 garbage-first heap   total 954368K, used 286044K [0x0000000600000000, 0x0000000800000000)
  region size 4096K, 10 young (40960K), 10 survivors (40960K)
 Metaspace       used 154211K, committed 155136K, reserved 1245184K
  class space    used 19212K, committed 19648K, reserved 1048576K
}
Event: 438.018 GC heap before
{Heap before GC invocations=116 (full 0):
 garbage-first heap   total 954368K, used 802140K [0x0000000600000000, 0x0000000800000000)
  region size 4096K, 136 young (557056K), 10 survivors (40960K)
 Metaspace       used 154242K, committed 155200K, reserved 1245184K
  class space    used 19213K, committed 19648K, reserved 1048576K
}
Event: 438.153 GC heap after
{Heap after GC invocations=117 (full 0):
 garbage-first heap   total 954368K, used 287427K [0x0000000600000000, 0x0000000800000000)
  region size 4096K, 3 young (12288K), 3 survivors (12288K)
 Metaspace       used 154242K, committed 155200K, reserved 1245184K
  class space    used 19213K, committed 19648K, reserved 1048576K
}
Event: 440.847 GC heap before
{Heap before GC invocations=117 (full 0):
 garbage-first heap   total 954368K, used 803523K [0x0000000600000000, 0x0000000800000000)
  region size 4096K, 129 young (528384K), 3 survivors (12288K)
 Metaspace       used 154260K, committed 155200K, reserved 1245184K
  class space    used 19213K, committed 19648K, reserved 1048576K
}

Dll operation events (17 events):
Event: 0.026 Loaded shared library D:\java\jdk-17\bin\java.dll
Event: 0.070 Loaded shared library D:\java\jdk-17\bin\jsvml.dll
Event: 0.196 Loaded shared library D:\java\jdk-17\bin\zip.dll
Event: 0.206 Loaded shared library D:\java\jdk-17\bin\instrument.dll
Event: 0.223 Loaded shared library D:\java\jdk-17\bin\net.dll
Event: 0.232 Loaded shared library D:\java\jdk-17\bin\nio.dll
Event: 0.235 Loaded shared library D:\java\jdk-17\bin\zip.dll
Event: 0.804 Loaded shared library D:\java\jdk-17\bin\jimage.dll
Event: 1.107 Loaded shared library D:\java\jdk-17\bin\verify.dll
Event: 1.414 Loaded shared library C:\Users\Shekhani Laptops\.gradle\native\c067742578af261105cb4f569cf0c3c89f3d7b1fecec35dd04571415982c5e48\windows-amd64\native-platform.dll
Event: 1.459 Loaded shared library C:\Users\Shekhani Laptops\.gradle\native\100fb08df4bc3b14c8652ba06237920a3bd2aa13389f12d3474272988ae205f9\windows-amd64\native-platform-file-events.dll
Event: 4.366 Loaded shared library D:\java\jdk-17\bin\management.dll
Event: 4.372 Loaded shared library D:\java\jdk-17\bin\management_ext.dll
Event: 4.802 Loaded shared library D:\java\jdk-17\bin\extnet.dll
Event: 5.574 Loaded shared library D:\java\jdk-17\bin\sunmscapi.dll
Event: 238.265 Loaded shared library C:\Users\Shekhani Laptops\AppData\Local\Temp\native-platform16405181809387889262dir\native-platform.dll
Event: 243.898 Loaded shared library D:\java\jdk-17\bin\rmi.dll

Deoptimization events (20 events):
Event: 436.454 Thread 0x000001e18e6dfa80 DEOPT PACKING pc=0x000001e11290f4c3 sp=0x000000c40e6fb200
Event: 436.454 Thread 0x000001e18e6dfa80 DEOPT UNPACKING pc=0x000001e120d07143 sp=0x000000c40e6fa6f0 mode 0
Event: 436.913 Thread 0x000001e18ca93f90 DEOPT PACKING pc=0x000001e11141137a sp=0x000000c40c3f4550
Event: 436.913 Thread 0x000001e18ca93f90 DEOPT UNPACKING pc=0x000001e120d07143 sp=0x000000c40c3f3a20 mode 0
Event: 438.458 Thread 0x000001e18e6ddc20 DEOPT PACKING pc=0x000001e1115cc822 sp=0x000000c40d4fa650
Event: 438.458 Thread 0x000001e18e6ddc20 DEOPT UNPACKING pc=0x000001e120d07143 sp=0x000000c40d4f9cd8 mode 0
Event: 438.474 Thread 0x000001e18e6ddc20 DEOPT PACKING pc=0x000001e1115cc822 sp=0x000000c40d4fa650
Event: 438.474 Thread 0x000001e18e6ddc20 DEOPT UNPACKING pc=0x000001e120d07143 sp=0x000000c40d4f9cd8 mode 0
Event: 438.486 Thread 0x000001e18e6ddc20 DEOPT PACKING pc=0x000001e1115cc822 sp=0x000000c40d4fa650
Event: 438.486 Thread 0x000001e18e6ddc20 DEOPT UNPACKING pc=0x000001e120d07143 sp=0x000000c40d4f9cd8 mode 0
Event: 438.497 Thread 0x000001e18e6ddc20 DEOPT PACKING pc=0x000001e1115cc822 sp=0x000000c40d4fa650
Event: 438.497 Thread 0x000001e18e6ddc20 DEOPT UNPACKING pc=0x000001e120d07143 sp=0x000000c40d4f9cd8 mode 0
Event: 438.619 Thread 0x000001e18e6dfa80 Uncommon trap: trap_request=0xffffff45 fr.pc=0x000001e12226fc34 relative=0x00000000000007f4
Event: 438.619 Thread 0x000001e18e6dfa80 Uncommon trap: reason=unstable_if action=reinterpret pc=0x000001e12226fc34 method=org.objectweb.asm.tree.Util.add(Ljava/util/List;Ljava/lang/Object;)Ljava/util/List; @ 1 c2
Event: 438.619 Thread 0x000001e18e6dfa80 DEOPT PACKING pc=0x000001e12226fc34 sp=0x000000c40e6fa2c0
Event: 438.619 Thread 0x000001e18e6dfa80 DEOPT UNPACKING pc=0x000001e120d069a3 sp=0x000000c40e6fa2b8 mode 2
Event: 439.907 Thread 0x000001e18e6ddc20 Uncommon trap: trap_request=0xffffff45 fr.pc=0x000001e12225100c relative=0x000000000000130c
Event: 439.907 Thread 0x000001e18e6ddc20 Uncommon trap: reason=unstable_if action=reinterpret pc=0x000001e12225100c method=org.gradle.internal.classpath.generated.InterceptorDeclaration_ConfigCacheJvmBytecode.findBridgeMethodBuilder(Ljava/lang/String;ILjava/lang/String;Ljava/lang/String;Ljava/la
Event: 439.907 Thread 0x000001e18e6ddc20 DEOPT PACKING pc=0x000001e12225100c sp=0x000000c40d4fa580
Event: 439.907 Thread 0x000001e18e6ddc20 DEOPT UNPACKING pc=0x000001e120d069a3 sp=0x000000c40d4fa508 mode 2

Classes loaded (20 events):
Event: 247.732 Loading class java/lang/Throwable$PrintStreamOrWriter done
Event: 247.732 Loading class java/lang/Throwable$WrappedPrintWriter done
Event: 291.496 Loading class sun/net/ProgressMonitor
Event: 291.498 Loading class sun/net/ProgressMonitor done
Event: 291.498 Loading class sun/net/DefaultProgressMeteringPolicy
Event: 291.498 Loading class sun/net/ProgressMeteringPolicy
Event: 291.498 Loading class sun/net/ProgressMeteringPolicy done
Event: 291.498 Loading class sun/net/DefaultProgressMeteringPolicy done
Event: 291.521 Loading class java/util/concurrent/ConcurrentLinkedQueue$Itr
Event: 291.521 Loading class java/util/concurrent/ConcurrentLinkedQueue$Itr done
Event: 310.894 Loading class com/sun/org/apache/xerces/internal/util/EncodingMap
Event: 310.897 Loading class com/sun/org/apache/xerces/internal/util/EncodingMap done
Event: 310.920 Loading class sun/nio/cs/ISO_8859_1$Decoder
Event: 310.920 Loading class sun/nio/cs/ISO_8859_1$Decoder done
Event: 314.080 Loading class sun/rmi/transport/DGCClient$EndpointEntry$CleanRequest
Event: 314.080 Loading class sun/rmi/transport/DGCClient$EndpointEntry$CleanRequest done
Event: 337.854 Loading class java/util/Collections$ReverseComparator
Event: 337.855 Loading class java/util/Collections$ReverseComparator done
Event: 337.855 Loading class java/util/Collections$ReverseComparator2
Event: 337.855 Loading class java/util/Collections$ReverseComparator2 done

Classes unloaded (0 events):
No events

Classes redefined (0 events):
No events

Internal exceptions (20 events):
Event: 436.011 Thread 0x000001e18e6dfa80 Exception <a 'sun/nio/fs/WindowsException'{0x0000000627cc6228}> (0x0000000627cc6228) 
thrown [s\src\hotspot\share\prims\jni.cpp, line 516]
Event: 436.042 Thread 0x000001e18ca93f90 Exception <a 'sun/nio/fs/WindowsException'{0x0000000627a6e258}> (0x0000000627a6e258) 
thrown [s\src\hotspot\share\prims\jni.cpp, line 516]
Event: 436.190 Thread 0x000001e18e6deb50 Exception <a 'sun/nio/fs/WindowsException'{0x0000000626877f08}> (0x0000000626877f08) 
thrown [s\src\hotspot\share\prims\jni.cpp, line 516]
Event: 436.251 Thread 0x000001e18e6ddc20 Exception <a 'sun/nio/fs/WindowsException'{0x0000000626756890}> (0x0000000626756890) 
thrown [s\src\hotspot\share\prims\jni.cpp, line 516]
Event: 436.300 Thread 0x000001e18e6dfa80 Exception <a 'sun/nio/fs/WindowsException'{0x00000006254cffc0}> (0x00000006254cffc0) 
thrown [s\src\hotspot\share\prims\jni.cpp, line 516]
Event: 436.589 Thread 0x000001e18ca93f90 Exception <a 'sun/nio/fs/WindowsException'{0x000000062405a620}> (0x000000062405a620) 
thrown [s\src\hotspot\share\prims\jni.cpp, line 516]
Event: 436.635 Thread 0x000001e18e6ddc20 Exception <a 'sun/nio/fs/WindowsException'{0x000000062424c678}> (0x000000062424c678) 
thrown [s\src\hotspot\share\prims\jni.cpp, line 516]
Event: 436.651 Thread 0x000001e18e6deb50 Exception <a 'sun/nio/fs/WindowsException'{0x0000000625be4858}> (0x0000000625be4858) 
thrown [s\src\hotspot\share\prims\jni.cpp, line 516]
Event: 437.115 Thread 0x000001e18e6dfa80 Exception <a 'sun/nio/fs/WindowsException'{0x0000000622a4f270}> (0x0000000622a4f270) 
thrown [s\src\hotspot\share\prims\jni.cpp, line 516]
Event: 437.150 Thread 0x000001e18ca93f90 Exception <a 'sun/nio/fs/WindowsException'{0x0000000622ee72e8}> (0x0000000622ee72e8) 
thrown [s\src\hotspot\share\prims\jni.cpp, line 516]
Event: 437.224 Thread 0x000001e18e6ddc20 Exception <a 'sun/nio/fs/WindowsException'{0x0000000622b78630}> (0x0000000622b78630) 
thrown [s\src\hotspot\share\prims\jni.cpp, line 516]
Event: 437.852 Thread 0x000001e18e6ddc20 Exception <a 'sun/nio/fs/WindowsException'{0x000000061f47c428}> (0x000000061f47c428) 
thrown [s\src\hotspot\share\prims\jni.cpp, line 516]
Event: 438.216 Thread 0x000001e18e6deb50 Exception <a 'sun/nio/fs/WindowsException'{0x000000063a3cffb0}> (0x000000063a3cffb0) 
thrown [s\src\hotspot\share\prims\jni.cpp, line 516]
Event: 438.438 Thread 0x000001e18e6dfa80 Exception <a 'sun/nio/fs/WindowsException'{0x0000000638243f88}> (0x0000000638243f88) 
thrown [s\src\hotspot\share\prims\jni.cpp, line 516]
Event: 438.619 Thread 0x000001e18e6dfa80 Implicit null exception at 0x000001e12226f457 to 0x000001e12226fc24
Event: 438.889 Thread 0x000001e18ca93f90 Exception <a 'sun/nio/fs/WindowsException'{0x0000000638d88368}> (0x0000000638d88368) 
thrown [s\src\hotspot\share\prims\jni.cpp, line 516]
Event: 438.957 Thread 0x000001e18e6ddc20 Exception <a 'sun/nio/fs/WindowsException'{0x000000063697a2e8}> (0x000000063697a2e8) 
thrown [s\src\hotspot\share\prims\jni.cpp, line 516]
Event: 439.210 Thread 0x000001e18e6deb50 Exception <a 'sun/nio/fs/WindowsException'{0x00000006373fa198}> (0x00000006373fa198) 
thrown [s\src\hotspot\share\prims\jni.cpp, line 516]
Event: 440.787 Thread 0x000001e18ca93f90 Exception <a 'sun/nio/fs/WindowsException'{0x0000000622f07350}> (0x0000000622f07350) 
thrown [s\src\hotspot\share\prims\jni.cpp, line 516]
Event: 440.838 Thread 0x000001e18e6deb50 Exception <a 'sun/nio/fs/WindowsException'{0x000000062eec24f8}> (0x000000062eec24f8) 
thrown [s\src\hotspot\share\prims\jni.cpp, line 516]

VM Operations (20 events):
Event: 431.549 Executing VM operation: Cleanup done
Event: 432.525 Executing VM operation: G1CollectForAllocation
Event: 432.525 Executing VM operation: G1CollectForAllocation done
Event: 432.528 Executing VM operation: G1CollectForAllocation
Event: 432.747 Executing VM operation: G1CollectForAllocation done
Event: 434.337 Executing VM operation: HandshakeAllThreads
Event: 434.337 Executing VM operation: HandshakeAllThreads done
Event: 434.337 Executing VM operation: Cleanup
Event: 434.337 Executing VM operation: Cleanup done
Event: 435.338 Executing VM operation: Cleanup
Event: 435.338 Executing VM operation: Cleanup done
Event: 436.344 Executing VM operation: Cleanup
Event: 436.344 Executing VM operation: Cleanup done
Event: 437.352 Executing VM operation: Cleanup
Event: 437.353 Executing VM operation: Cleanup done
Event: 438.018 Executing VM operation: G1CollectForAllocation
Event: 438.153 Executing VM operation: G1CollectForAllocation done
Event: 440.158 Executing VM operation: Cleanup
Event: 440.158 Executing VM operation: Cleanup done
Event: 440.847 Executing VM operation: G1CollectForAllocation

Memory protections (0 events):
No events

Nmethod flushes (20 events):
Event: 434.377 Thread 0x000001e1466f4d90 flushing  nmethod 0x000001e11291ba90
Event: 434.377 Thread 0x000001e1466f4d90 flushing  nmethod 0x000001e11291c010
Event: 434.377 Thread 0x000001e1466f4d90 flushing osr nmethod 0x000001e11292d410
Event: 434.377 Thread 0x000001e1466f4d90 flushing  nmethod 0x000001e112930390
Event: 434.378 Thread 0x000001e1466f4d90 flushing  nmethod 0x000001e112a5bd90
Event: 434.379 Thread 0x000001e1466f4d90 flushing  nmethod 0x000001e112aff210
Event: 434.384 Thread 0x000001e1466f4d90 flushing  nmethod 0x000001e112f3e810
Event: 434.384 Thread 0x000001e1466f4d90 flushing  nmethod 0x000001e112f3eb10
Event: 434.384 Thread 0x000001e1466f4d90 flushing  nmethod 0x000001e112f3ee10
Event: 434.384 Thread 0x000001e1466f4d90 flushing  nmethod 0x000001e112f40290
Event: 434.384 Thread 0x000001e1466f4d90 flushing  nmethod 0x000001e112f40890
Event: 434.385 Thread 0x000001e1466f4d90 flushing  nmethod 0x000001e112fe1d90
Event: 434.385 Thread 0x000001e1466f4d90 flushing  nmethod 0x000001e112ff3c10
Event: 434.385 Thread 0x000001e1466f4d90 flushing  nmethod 0x000001e1130e3f10
Event: 434.387 Thread 0x000001e1466f4d90 flushing  nmethod 0x000001e113217710
Event: 434.387 Thread 0x000001e1466f4d90 flushing  nmethod 0x000001e11329e010
Event: 434.387 Thread 0x000001e1466f4d90 flushing  nmethod 0x000001e11329e490
Event: 434.394 Thread 0x000001e1466f4d90 flushing  nmethod 0x000001e113a73290
Event: 434.394 Thread 0x000001e1466f4d90 flushing  nmethod 0x000001e113a74690
Event: 434.394 Thread 0x000001e1466f4d90 flushing  nmethod 0x000001e113a82810

Events (20 events):
Event: 241.647 Thread 0x000001e191cc9570 Thread added: 0x000001e191cc9060
Event: 243.543 Thread 0x000001e191cc9060 Thread exited: 0x000001e191cc9060
Event: 243.870 Thread 0x000001e191cc9570 Thread added: 0x000001e191ccc300
Event: 243.897 Thread 0x000001e191cc9570 Thread added: 0x000001e191cc9a80
Event: 243.899 Thread 0x000001e191cc9570 Thread added: 0x000001e191cca4a0
Event: 244.051 Thread 0x000001e191cc9570 Thread added: 0x000001e191cc9f90
Event: 244.051 Thread 0x000001e191cc9570 Thread added: 0x000001e191cca9b0
Event: 244.164 Thread 0x000001e191cc9f90 Thread added: 0x000001e191ccaec0
Event: 248.620 Thread 0x000001e191cc9570 Thread added: 0x000001e191ccb3d0
Event: 290.968 Thread 0x000001e191ccb3d0 Thread exited: 0x000001e191ccb3d0
Event: 291.378 Thread 0x000001e1466eebc0 Thread added: 0x000001e18f9aec10
Event: 291.628 Thread 0x000001e18f9aec10 Thread exited: 0x000001e18f9aec10
Event: 299.945 Thread 0x000001e1466eebc0 Thread added: 0x000001e18f9aec10
Event: 301.256 Thread 0x000001e18f9aec10 Thread exited: 0x000001e18f9aec10
Event: 301.477 Thread 0x000001e1466eebc0 Thread added: 0x000001e18f9aec10
Event: 301.672 Thread 0x000001e18f9aec10 Thread exited: 0x000001e18f9aec10
Event: 303.289 Thread 0x000001e1466eebc0 Thread added: 0x000001e18f9aec10
Event: 303.597 Thread 0x000001e18f9aec10 Thread exited: 0x000001e18f9aec10
Event: 307.672 Thread 0x000001e191ccaec0 Thread exited: 0x000001e191ccaec0
Event: 351.525 Thread 0x000001e190485160 Thread exited: 0x000001e190485160


Dynamic libraries:
0x00007ff7c9710000 - 0x00007ff7c971e000 	D:\java\jdk-17\bin\java.exe
0x00007ff8bf0f0000 - 0x00007ff8bf2e8000 	C:\WINDOWS\SYSTEM32\ntdll.dll
0x00007ff8bd110000 - 0x00007ff8bd1d2000 	C:\WINDOWS\System32\KERNEL32.DLL
0x00007ff8bcc70000 - 0x00007ff8bcf66000 	C:\WINDOWS\System32\KERNELBASE.dll
0x00007ff8bcb20000 - 0x00007ff8bcc20000 	C:\WINDOWS\System32\ucrtbase.dll
0x00007ff88a8d0000 - 0x00007ff88a8e8000 	D:\java\jdk-17\bin\jli.dll
0x00007ff8bde90000 - 0x00007ff8be031000 	C:\WINDOWS\System32\USER32.dll
0x00007ff8bc990000 - 0x00007ff8bc9b2000 	C:\WINDOWS\System32\win32u.dll
0x00007ff8be0e0000 - 0x00007ff8be10b000 	C:\WINDOWS\System32\GDI32.dll
0x00007ff8a8740000 - 0x00007ff8a89db000 	C:\WINDOWS\WinSxS\amd64_microsoft.windows.common-controls_6595b64144ccf1df_6.0.19041.6456_none_60b8a6cb71f64256\COMCTL32.dll
0x00007ff8bcf70000 - 0x00007ff8bd089000 	C:\WINDOWS\System32\gdi32full.dll
0x00007ff8bd800000 - 0x00007ff8bd89e000 	C:\WINDOWS\System32\msvcrt.dll
0x00007ff8bc780000 - 0x00007ff8bc81d000 	C:\WINDOWS\System32\msvcp_win.dll
0x00007ff88a8b0000 - 0x00007ff88a8ce000 	D:\java\jdk-17\bin\VCRUNTIME140.dll
0x00007ff8be990000 - 0x00007ff8be9bf000 	C:\WINDOWS\System32\IMM32.DLL
0x0000000050fa0000 - 0x0000000050fac000 	C:\Program Files (x86)\360\Total Security\safemon\SafeWrapper.dll
0x00007ff8bdc00000 - 0x00007ff8bdcb1000 	C:\WINDOWS\System32\ADVAPI32.dll
0x00007ff8bdcc0000 - 0x00007ff8bdd5f000 	C:\WINDOWS\System32\sechost.dll
0x00007ff8be9c0000 - 0x00007ff8beae0000 	C:\WINDOWS\System32\RPCRT4.dll
0x00007ff8bc820000 - 0x00007ff8bc847000 	C:\WINDOWS\System32\bcrypt.dll
0x00007ff865290000 - 0x00007ff86533c000 	C:\Program Files (x86)\360\Total Security\safemon\libzdtp64.dll
0x00007ff8be110000 - 0x00007ff8be880000 	C:\WINDOWS\System32\SHELL32.dll
0x00007ff8bec10000 - 0x00007ff8bec6b000 	C:\WINDOWS\System32\SHLWAPI.dll
0x00007ff8bc200000 - 0x00007ff8bc20a000 	C:\WINDOWS\SYSTEM32\VERSION.dll
0x00007ff8b4270000 - 0x00007ff8b427c000 	D:\java\jdk-17\bin\vcruntime140_1.dll
0x00007ff88a820000 - 0x00007ff88a8ad000 	D:\java\jdk-17\bin\msvcp140.dll
0x00007ff83b330000 - 0x00007ff83bf9b000 	D:\java\jdk-17\bin\server\jvm.dll
0x00007ff8bd320000 - 0x00007ff8bd38b000 	C:\WINDOWS\System32\WS2_32.dll
0x00007ff8b2080000 - 0x00007ff8b20a7000 	C:\WINDOWS\SYSTEM32\WINMM.dll
0x00007ff8bc5e0000 - 0x00007ff8bc62b000 	C:\WINDOWS\SYSTEM32\POWRPROF.dll
0x00007ff8bc5c0000 - 0x00007ff8bc5d2000 	C:\WINDOWS\SYSTEM32\UMPDC.dll
0x00007ff8baf20000 - 0x00007ff8baf32000 	C:\WINDOWS\SYSTEM32\kernel.appcore.dll
0x00007ff88ce20000 - 0x00007ff88ce2a000 	D:\java\jdk-17\bin\jimage.dll
0x00007ff8b6000000 - 0x00007ff8b6201000 	C:\WINDOWS\SYSTEM32\DBGHELP.DLL
0x00007ff8adfc0000 - 0x00007ff8adff4000 	C:\WINDOWS\SYSTEM32\dbgcore.DLL
0x00007ff8bc900000 - 0x00007ff8bc982000 	C:\WINDOWS\System32\bcryptPrimitives.dll
0x00007ff88a810000 - 0x00007ff88a81e000 	D:\java\jdk-17\bin\instrument.dll
0x00007ff88a7e0000 - 0x00007ff88a805000 	D:\java\jdk-17\bin\java.dll
0x00007ff88a700000 - 0x00007ff88a7d7000 	D:\java\jdk-17\bin\jsvml.dll
0x00007ff8ba760000 - 0x00007ff8baf05000 	C:\WINDOWS\SYSTEM32\windows.storage.dll
0x00007ff8bd8a0000 - 0x00007ff8bdbf4000 	C:\WINDOWS\System32\combase.dll
0x00007ff8bc060000 - 0x00007ff8bc08b000 	C:\WINDOWS\SYSTEM32\Wldp.dll
0x00007ff8becf0000 - 0x00007ff8bedbd000 	C:\WINDOWS\System32\OLEAUT32.dll
0x00007ff8be8e0000 - 0x00007ff8be98d000 	C:\WINDOWS\System32\SHCORE.dll
0x00007ff8bc6b0000 - 0x00007ff8bc6d4000 	C:\WINDOWS\SYSTEM32\profapi.dll
0x00007ff88a6e0000 - 0x00007ff88a6f8000 	D:\java\jdk-17\bin\zip.dll
0x00007ff88a6c0000 - 0x00007ff88a6da000 	D:\java\jdk-17\bin\net.dll
0x00007ff8a9a30000 - 0x00007ff8a9b3a000 	C:\WINDOWS\SYSTEM32\WINHTTP.dll
0x00007ff8bbdc0000 - 0x00007ff8bbe2a000 	C:\WINDOWS\system32\mswsock.dll
0x00007ff88a5e0000 - 0x00007ff88a5f6000 	D:\java\jdk-17\bin\nio.dll
0x00007ff88a6b0000 - 0x00007ff88a6c0000 	D:\java\jdk-17\bin\verify.dll
0x00007ff88a8f0000 - 0x00007ff88a917000 	C:\Users\Shekhani Laptops\.gradle\native\c067742578af261105cb4f569cf0c3c89f3d7b1fecec35dd04571415982c5e48\windows-amd64\native-platform.dll
0x00007ff85b5a0000 - 0x00007ff85b6e4000 	C:\Users\Shekhani Laptops\.gradle\native\100fb08df4bc3b14c8652ba06237920a3bd2aa13389f12d3474272988ae205f9\windows-amd64\native-platform-file-events.dll
0x00007ff88a5d0000 - 0x00007ff88a5da000 	D:\java\jdk-17\bin\management.dll
0x00007ff88a5c0000 - 0x00007ff88a5cc000 	D:\java\jdk-17\bin\management_ext.dll
0x00007ff8bd310000 - 0x00007ff8bd318000 	C:\WINDOWS\System32\PSAPI.DLL
0x00007ff8bbfb0000 - 0x00007ff8bbfc8000 	C:\WINDOWS\SYSTEM32\CRYPTSP.dll
0x00007ff8bb6e0000 - 0x00007ff8bb718000 	C:\WINDOWS\system32\rsaenh.dll
0x00007ff8bc630000 - 0x00007ff8bc65e000 	C:\WINDOWS\SYSTEM32\USERENV.dll
0x00007ff8bbfd0000 - 0x00007ff8bbfdc000 	C:\WINDOWS\SYSTEM32\CRYPTBASE.dll
0x00007ff8bbaa0000 - 0x00007ff8bbadb000 	C:\WINDOWS\SYSTEM32\IPHLPAPI.DLL
0x00007ff8bde80000 - 0x00007ff8bde88000 	C:\WINDOWS\System32\NSI.dll
0x00007ff8ae340000 - 0x00007ff8ae357000 	C:\WINDOWS\SYSTEM32\dhcpcsvc6.DLL
0x00007ff8b1a70000 - 0x00007ff8b1a8d000 	C:\WINDOWS\SYSTEM32\dhcpcsvc.DLL
0x00007ff8bbae0000 - 0x00007ff8bbbaa000 	C:\WINDOWS\SYSTEM32\DNSAPI.dll
0x00007ff88a5b0000 - 0x00007ff88a5b9000 	D:\java\jdk-17\bin\extnet.dll
0x00007ff88a5a0000 - 0x00007ff88a5ae000 	D:\java\jdk-17\bin\sunmscapi.dll
0x00007ff8bc9c0000 - 0x00007ff8bcb1d000 	C:\WINDOWS\System32\CRYPT32.dll
0x00007ff8bc0d0000 - 0x00007ff8bc0f7000 	C:\WINDOWS\SYSTEM32\ncrypt.dll
0x00007ff8bc090000 - 0x00007ff8bc0cb000 	C:\WINDOWS\SYSTEM32\NTASN1.dll
0x00007ff8ae610000 - 0x00007ff8ae617000 	C:\WINDOWS\system32\wshunix.dll
0x0000000051260000 - 0x0000000051286000 	C:\Program Files\Bonjour\mdnsNSP.dll
0x00007ff8a5260000 - 0x00007ff8a526a000 	C:\Windows\System32\rasadhlp.dll
0x00007ff8a5620000 - 0x00007ff8a56a0000 	C:\WINDOWS\System32\fwpuclnt.dll
0x00007ff8a7680000 - 0x00007ff8a7697000 	C:\WINDOWS\system32\napinsp.dll
0x00007ff8a7660000 - 0x00007ff8a767b000 	C:\WINDOWS\system32\pnrpnsp.dll
0x00007ff87e340000 - 0x00007ff87e35d000 	C:\WINDOWS\system32\wshbth.dll
0x00007ff8b40f0000 - 0x00007ff8b410d000 	C:\WINDOWS\system32\NLAapi.dll
0x00007ff8a7640000 - 0x00007ff8a7652000 	C:\WINDOWS\System32\winrnr.dll
0x00007ff8774e0000 - 0x00007ff8774fe000 	C:\Users\Shekhani Laptops\AppData\Local\Temp\native-platform16405181809387889262dir\native-platform.dll
0x00007ff8b4250000 - 0x00007ff8b4257000 	D:\java\jdk-17\bin\rmi.dll

dbghelp: loaded successfully - version: 4.0.5 - missing functions: none
symbol engine: initialized successfully - sym options: 0x614 - pdb path: .;D:\java\jdk-17\bin;C:\WINDOWS\SYSTEM32;C:\WINDOWS\WinSxS\amd64_microsoft.windows.common-controls_6595b64144ccf1df_6.0.19041.6456_none_60b8a6cb71f64256;C:\Program Files (x86)\360\Total Security\safemon;D:\java\jdk-17\bin\server;C:\Users\Shekhani Laptops\.gradle\native\c067742578af261105cb4f569cf0c3c89f3d7b1fecec35dd04571415982c5e48\windows-amd64;C:\Users\Shekhani Laptops\.gradle\native\100fb08df4bc3b14c8652ba06237920a3bd2aa13389f12d3474272988ae205f9\windows-amd64;C:\Program Files\Bonjour;C:\Users\Shekhani Laptops\AppData\Local\Temp\native-platform16405181809387889262dir

VM Arguments:
jvm_args: --add-opens=java.base/java.lang=ALL-UNNAMED --add-opens=java.base/java.lang.invoke=ALL-UNNAMED --add-opens=java.base/java.util=ALL-UNNAMED --add-opens=java.prefs/java.util.prefs=ALL-UNNAMED --add-exports=jdk.compiler/com.sun.tools.javac.api=ALL-UNNAMED --add-exports=jdk.compiler/com.sun.tools.javac.util=ALL-UNNAMED --add-opens=java.base/java.util=ALL-UNNAMED --add-opens=java.prefs/java.util.prefs=ALL-UNNAMED --add-opens=java.base/java.nio.charset=ALL-UNNAMED --add-opens=java.base/java.net=ALL-UNNAMED --add-opens=java.base/java.util.concurrent.atomic=ALL-UNNAMED --add-opens=java.xml/javax.xml.namespace=ALL-UNNAMED -XX:MaxMetaspaceSize=4G -XX:ReservedCodeCacheSize=512m -XX:+HeapDumpOnOutOfMemoryError -Xmx8G -Dfile.encoding=UTF-8 -Duser.country=US -Duser.language=en -Duser.variant -javaagent:C:\Users\Shekhani Laptops\.gradle\wrapper\dists\gradle-8.11.1-all\5chc9mr8xi0ruqf0ped0ibdz9\gradle-8.11.1\lib\agents\gradle-instrumentation-agent-8.11.1.jar 
java_command: org.gradle.launcher.daemon.bootstrap.GradleDaemon 8.11.1
java_class_path (initial): C:\Users\Shekhani Laptops\.gradle\wrapper\dists\gradle-8.11.1-all\5chc9mr8xi0ruqf0ped0ibdz9\gradle-8.11.1\lib\gradle-daemon-main-8.11.1.jar
Launcher Type: SUN_STANDARD

[Global flags]
     intx CICompilerCount                          = 3                                         {product} {ergonomic}
     uint ConcGCThreads                            = 1                                         {product} {ergonomic}
     uint G1ConcRefinementThreads                  = 4                                         {product} {ergonomic}
   size_t G1HeapRegionSize                         = 4194304                                   {product} {ergonomic}
    uintx GCDrainStackTargetSize                   = 64                                        {product} {ergonomic}
     bool HeapDumpOnOutOfMemoryError               = true                                   {manageable} {command line}
   size_t InitialHeapSize                          = 134217728                                 {product} {ergonomic}
   size_t MarkStackSize                            = 4194304                                   {product} {ergonomic}
   size_t MaxHeapSize                              = 8589934592                                {product} {command line}
   size_t MaxMetaspaceSize                         = 4294967296                                {product} {command line}
   size_t MaxNewSize                               = 5150605312                                {product} {ergonomic}
   size_t MinHeapDeltaBytes                        = 4194304                                   {product} {ergonomic}
   size_t MinHeapSize                              = 8388608                                   {product} {ergonomic}
    uintx NonNMethodCodeHeapSize                   = 5832780                                {pd product} {ergonomic}
    uintx NonProfiledCodeHeapSize                  = 265519066                              {pd product} {ergonomic}
    uintx ProfiledCodeHeapSize                     = 265519066                              {pd product} {ergonomic}
    uintx ReservedCodeCacheSize                    = 536870912                              {pd product} {command line}
     bool SegmentedCodeCache                       = true                                      {product} {ergonomic}
   size_t SoftMaxHeapSize                          = 8589934592                             {manageable} {ergonomic}
   double SweeperThreshold                         = 0.234375                                  {product} {ergonomic}
     bool UseCompressedClassPointers               = true                           {product lp64_product} {ergonomic}
     bool UseCompressedOops                        = true                           {product lp64_product} {ergonomic}
     bool UseG1GC                                  = true                                      {product} {ergonomic}
     bool UseLargePagesIndividualAllocation        = false                                  {pd product} {ergonomic}

Logging:
Log output configuration:
 #0: stdout all=warning uptime,level,tags
 #1: stderr all=off uptime,level,tags

Environment Variables:
JAVA_HOME=C:\Program Files\Android\Android Studio\jbr
CLASSPATH=D:\flutter_project\smart_community_safety_app\android\\gradle\wrapper\gradle-wrapper.jar
PATH=C:\Program Files\Android\Android Studio\jbr\bin;D:\Gradle\gradle-8.11.1\bin;C:\Program Files\Android\Android Studio\jbr\bin;D:\java\bin;C:\Program Files\nodejs\;C:\Windows\System32;C:\Program Files\Microsoft SQL Server\Client SDK\ODBC\170\Tools\Binn\;C:\Program Files\Microsoft SQL Server\160\DTS\Binn\;C:\Program Files\Git\cmd;C:\WINDOWS\system32\WindowsPowerShell\v1.0\;C:\Program Files (x86)\Windows Kits\10\Windows Performance Toolkit\;C:\Program Files\dotnet\;C:\flutter\bin;;C:\flutter\bin\mingit\cmd
USERNAME=Shekhani Laptops
OS=Windows_NT
PROCESSOR_IDENTIFIER=Intel64 Family 6 Model 142 Stepping 9, GenuineIntel
TMP=C:\Users\SHEKHA~1\AppData\Local\Temp
TEMP=C:\Users\SHEKHA~1\AppData\Local\Temp



Periodic native trim disabled


---------------  S Y S T E M  ---------------

OS:
 Windows 10 , 64 bit Build 19041 (10.0.19041.5915)
OS uptime: 0 days 0:35 hours

CPU: total 4 (initial active 4) (2 cores per cpu, 2 threads per core) family 6 model 142 stepping 9 microcode 0xde, cx8, cmov, fxsr, ht, mmx, 3dnowpref, sse, sse2, sse3, ssse3, sse4.1, sse4.2, popcnt, lzcnt, tsc, tscinvbit, avx, avx2, aes, erms, clmul, bmi1, bmi2, rtm, adx, fma, vzeroupper, clflush, clflushopt
Processor Information for all 4 processors :
  Max Mhz: 2712, Current Mhz: 2611, Mhz Limit: 2603

Memory: 4k page, system-wide physical 8067M (213M free)
TotalPageFile size 10783M (AvailPageFile size 131M)
current process WorkingSet (physical memory assigned to process): 1075M, peak: 1079M
current process commit charge ("private bytes"): 1372M, peak: 1796M

vm_info: OpenJDK 64-Bit Server VM (17.0.17+10) for windows-amd64 JRE (17.0.17+10), built on Oct 21 2025 23:25:32 by "admin" with unknown MS VC++:1942

END.
