#
# There is insufficient memory for the Java Runtime Environment to continue.
# Native memory allocation (malloc) failed to allocate 1032656 bytes. Error detail: Chunk::new
# Possible reasons:
#   The system is out of physical RAM or swap space
#   This process is running with CompressedOops enabled, and the Java Heap may be blocking the growth of the native heap
# Possible solutions:
#   Reduce memory load on the system
#   Increase physical memory or swap space
#   Check if swap backing store is full
#   Decrease Java heap size (-Xmx/-Xms)
#   Decrease number of Java threads
#   Decrease Java thread stack sizes (-Xss)
#   Set larger code cache with -XX:ReservedCodeCacheSize=
#   JVM is running with Zero Based Compressed Oops mode in which the Java heap is
#     placed in the first 32GB address space. The Java Heap base address is the
#     maximum limit for the native heap growth. Please use -XX:HeapBaseMinAddress
#     to set the Java Heap base and to place the Java Heap above 32GB virtual address.
# This output file may be truncated or incomplete.
#
#  Out of Memory Error (arena.cpp:191), pid=15656, tid=3220
#
# JRE version: OpenJDK Runtime Environment Temurin-17.0.17+10 (17.0.17+10) (build 17.0.17+10)
# Java VM: OpenJDK 64-Bit Server VM Temurin-17.0.17+10 (17.0.17+10, mixed mode, sharing, tiered, compressed oops, compressed class ptrs, g1 gc, windows-amd64)
# No core dump will be written. Minidumps are not enabled by default on client versions of Windows
#

---------------  S U M M A R Y ------------

Command Line: --add-opens=java.base/java.lang=ALL-UNNAMED --add-opens=java.base/java.lang.invoke=ALL-UNNAMED --add-opens=java.base/java.util=ALL-UNNAMED --add-opens=java.prefs/java.util.prefs=ALL-UNNAMED --add-exports=jdk.compiler/com.sun.tools.javac.api=ALL-UNNAMED --add-exports=jdk.compiler/com.sun.tools.javac.util=ALL-UNNAMED --add-opens=java.base/java.util=ALL-UNNAMED --add-opens=java.prefs/java.util.prefs=ALL-UNNAMED --add-opens=java.base/java.nio.charset=ALL-UNNAMED --add-opens=java.base/java.net=ALL-UNNAMED --add-opens=java.base/java.util.concurrent.atomic=ALL-UNNAMED --add-opens=java.xml/javax.xml.namespace=ALL-UNNAMED -XX:MaxMetaspaceSize=4G -XX:ReservedCodeCacheSize=512m -XX:+HeapDumpOnOutOfMemoryError -Xmx8G -Dfile.encoding=UTF-8 -Duser.country=US -Duser.language=en -Duser.variant -javaagent:C:\Users\Shekhani Laptops\.gradle\wrapper\dists\gradle-8.12-all\ejduaidbjup3bmmkhw3rie4zb\gradle-8.12\lib\agents\gradle-instrumentation-agent-8.12.jar org.gradle.launcher.daemon.bootstrap.GradleDaemon 8.12

Host: Intel(R) Core(TM) i5-7300U CPU @ 2.60GHz, 4 cores, 7G,  Windows 10 , 64 bit Build 19041 (10.0.19041.5915)
Time: Sat Jan  3 17:15:46 2026 Pakistan Standard Time elapsed time: 2210.496920 seconds (0d 0h 36m 50s)

---------------  T H R E A D  ---------------

Current thread (0x00000240ffef5e70):  JavaThread "C2 CompilerThread0" daemon [_thread_in_native, id=3220, stack(0x00000090d6000000,0x00000090d6100000)]


Current CompileTask:
C2:2210497 23002       4       org.gradle.internal.service.DefaultServiceRegistry$OwnServices::add (82 bytes)

Stack: [0x00000090d6000000,0x00000090d6100000]
Native frames: (J=compiled Java code, j=interpreted, Vv=VM code, C=native code)
V  [jvm.dll+0x683fb9]
V  [jvm.dll+0x83a1b5]
V  [jvm.dll+0x83bc2e]
V  [jvm.dll+0x83c2b3]
V  [jvm.dll+0x248eff]
V  [jvm.dll+0xad496]
V  [jvm.dll+0xadb3c]
V  [jvm.dll+0x2b05df]
V  [jvm.dll+0x58a5b5]
V  [jvm.dll+0x222e84]
V  [jvm.dll+0x22327d]
V  [jvm.dll+0x21bfdb]
V  [jvm.dll+0x2190fe]
V  [jvm.dll+0x1a4920]
V  [jvm.dll+0x22989a]
V  [jvm.dll+0x227a4b]
V  [jvm.dll+0x7effb8]
V  [jvm.dll+0x7ea44c]
V  [jvm.dll+0x682e87]
C  [ucrtbase.dll+0x21bb2]
C  [KERNEL32.DLL+0x17374]
C  [ntdll.dll+0x4cc91]


---------------  P R O C E S S  ---------------

Threads class SMR info:
_java_thread_list=0x0000024153deacb0, length=33, elements={
0x00000240f50a1100, 0x00000240ffedc8c0, 0x00000240ffedd390, 0x00000240ffef0800,
0x00000240ffef30e0, 0x00000240ffef39b0, 0x00000240ffef4a20, 0x00000240ffef5e70,
0x00000240ffefa4d0, 0x00000240ffeff590, 0x00000240ffec74f0, 0x00000241452a6210,
0x0000024146d8d020, 0x0000024145ff3720, 0x0000024146a09dc0, 0x0000024146e4aa80,
0x0000024146e4af90, 0x0000024146e4cdf0, 0x0000024146e4d300, 0x000002414913f830,
0x000002414913a220, 0x000002414913ee10, 0x000002414c55afb0, 0x000002414c5568d0,
0x000002414c55c900, 0x000002414c55bee0, 0x000002415164a5a0, 0x000002415164aab0,
0x000002415164afc0, 0x0000024151647810, 0x0000024151648c50, 0x0000024151649b80,
0x0000024151647d20
}

Java Threads: ( => current thread )
  0x00000240f50a1100 JavaThread "main" [_thread_blocked, id=14868, stack(0x00000090d5300000,0x00000090d5400000)]
  0x00000240ffedc8c0 JavaThread "Reference Handler" daemon [_thread_blocked, id=16564, stack(0x00000090d5a00000,0x00000090d5b00000)]
  0x00000240ffedd390 JavaThread "Finalizer" daemon [_thread_blocked, id=7272, stack(0x00000090d5b00000,0x00000090d5c00000)]
  0x00000240ffef0800 JavaThread "Signal Dispatcher" daemon [_thread_blocked, id=15824, stack(0x00000090d5c00000,0x00000090d5d00000)]
  0x00000240ffef30e0 JavaThread "Attach Listener" daemon [_thread_blocked, id=8060, stack(0x00000090d5d00000,0x00000090d5e00000)]
  0x00000240ffef39b0 JavaThread "Service Thread" daemon [_thread_blocked, id=7040, stack(0x00000090d5e00000,0x00000090d5f00000)]
  0x00000240ffef4a20 JavaThread "Monitor Deflation Thread" daemon [_thread_blocked, id=16420, stack(0x00000090d5f00000,0x00000090d6000000)]
=>0x00000240ffef5e70 JavaThread "C2 CompilerThread0" daemon [_thread_in_native, id=3220, stack(0x00000090d6000000,0x00000090d6100000)]
  0x00000240ffefa4d0 JavaThread "C1 CompilerThread0" daemon [_thread_blocked, id=14736, stack(0x00000090d6100000,0x00000090d6200000)]
  0x00000240ffeff590 JavaThread "Sweeper thread" daemon [_thread_blocked, id=16596, stack(0x00000090d6200000,0x00000090d6300000)]
  0x00000240ffec74f0 JavaThread "Common-Cleaner" daemon [_thread_blocked, id=5788, stack(0x00000090d6300000,0x00000090d6400000)]
  0x00000241452a6210 JavaThread "Notification Thread" daemon [_thread_blocked, id=16796, stack(0x00000090d6400000,0x00000090d6500000)]
  0x0000024146d8d020 JavaThread "Daemon health stats" [_thread_blocked, id=8492, stack(0x00000090d6a00000,0x00000090d6b00000)]
  0x0000024145ff3720 JavaThread "Incoming local TCP Connector on port 53302" [_thread_in_native, id=5472, stack(0x00000090d6900000,0x00000090d6a00000)]
  0x0000024146a09dc0 JavaThread "Daemon periodic checks" [_thread_blocked, id=15304, stack(0x00000090d6b00000,0x00000090d6c00000)]
  0x0000024146e4aa80 JavaThread "Cache worker for journal cache (C:\Users\Shekhani Laptops\.gradle\caches\journal-1)" [_thread_blocked, id=14496, stack(0x00000090d7300000,0x00000090d7400000)]
  0x0000024146e4af90 JavaThread "File lock request listener" [_thread_in_native, id=8604, stack(0x00000090d7400000,0x00000090d7500000)]
  0x0000024146e4cdf0 JavaThread "Cache worker for file hash cache (C:\Users\Shekhani Laptops\.gradle\caches\8.12\fileHashes)" [_thread_blocked, id=2980, stack(0x00000090d7500000,0x00000090d7600000)]
  0x0000024146e4d300 JavaThread "File watcher server" daemon [_thread_in_native, id=1116, stack(0x00000090d7900000,0x00000090d7a00000)]
  0x000002414913f830 JavaThread "File watcher consumer" daemon [_thread_blocked, id=16712, stack(0x00000090d7a00000,0x00000090d7b00000)]
  0x000002414913a220 JavaThread "Cache worker for file content cache (C:\Users\Shekhani Laptops\.gradle\caches\8.12\fileContent)" [_thread_blocked, id=14208, stack(0x00000090d7d00000,0x00000090d7e00000)]
  0x000002414913ee10 JavaThread "Memory manager" [_thread_blocked, id=15068, stack(0x00000090d8a00000,0x00000090d8b00000)]
  0x000002414c55afb0 JavaThread "jar transforms" [_thread_blocked, id=14332, stack(0x00000090db000000,0x00000090db100000)]
  0x000002414c5568d0 JavaThread "jar transforms Thread 2" [_thread_blocked, id=14656, stack(0x00000090db400000,0x00000090db500000)]
  0x000002414c55c900 JavaThread "jar transforms Thread 3" [_thread_blocked, id=7028, stack(0x00000090db700000,0x00000090db800000)]
  0x000002414c55bee0 JavaThread "jar transforms Thread 4" [_thread_blocked, id=3796, stack(0x00000090db800000,0x00000090db900000)]
  0x000002415164a5a0 JavaThread "Daemon Thread 2" [_thread_blocked, id=8108, stack(0x00000090d5000000,0x00000090d5100000)]
  0x000002415164aab0 JavaThread "Handler for socket connection from /127.0.0.1:53302 to /127.0.0.1:55371" [_thread_in_native, id=17244, stack(0x00000090d5100000,0x00000090d5200000)]
  0x000002415164afc0 JavaThread "Cancel handler" [_thread_blocked, id=16028, stack(0x00000090d5200000,0x00000090d5300000)]
  0x0000024151647810 JavaThread "Daemon worker Thread 2" [_thread_in_vm, id=9884, stack(0x00000090d6c00000,0x00000090d6d00000)]
  0x0000024151648c50 JavaThread "Asynchronous log dispatcher for DefaultDaemonConnection: socket connection from /127.0.0.1:53302 to /127.0.0.1:55371" [_thread_blocked, id=10252, stack(0x00000090d6d00000,0x00000090d6e00000)]
  0x0000024151649b80 JavaThread "Stdin handler" [_thread_blocked, id=12252, stack(0x00000090d6e00000,0x00000090d6f00000)]
  0x0000024151647d20 JavaThread "Daemon client event forwarder" [_thread_blocked, id=4836, stack(0x00000090d6f00000,0x00000090d7000000)]

Other Threads:
  0x00000240ffed68d0 VMThread "VM Thread" [stack: 0x00000090d5900000,0x00000090d5a00000] [id=14244]
  0x00000240f50a3530 WatcherThread [stack: 0x00000090d6500000,0x00000090d6600000] [id=14372]
  0x00000240ffd519b0 GCTaskThread "GC Thread#0" [stack: 0x00000090d5400000,0x00000090d5500000] [id=14756]
  0x00000241453b1a60 GCTaskThread "GC Thread#1" [stack: 0x00000090d6600000,0x00000090d6700000] [id=8288]
  0x00000241453c3e40 GCTaskThread "GC Thread#2" [stack: 0x00000090d6700000,0x00000090d6800000] [id=964]
  0x00000241467a4d70 GCTaskThread "GC Thread#3" [stack: 0x00000090d6800000,0x00000090d6900000] [id=2180]
  0x00000240f511d7e0 ConcurrentGCThread "G1 Main Marker" [stack: 0x00000090d5500000,0x00000090d5600000] [id=9132]
  0x00000240f511dfb0 ConcurrentGCThread "G1 Conc#0" [stack: 0x00000090d5600000,0x00000090d5700000] [id=7264]
  0x00000240ffd8a020 ConcurrentGCThread "G1 Refine#0" [stack: 0x00000090d5700000,0x00000090d5800000] [id=5572]
  0x0000024148b32f10 ConcurrentGCThread "G1 Refine#1" [stack: 0x00000090d7b00000,0x00000090d7c00000] [id=6416]
  0x00000241497dcad0 ConcurrentGCThread "G1 Refine#2" [stack: 0x00000090dae00000,0x00000090daf00000] [id=16068]
  0x00000240ffd8a700 ConcurrentGCThread "G1 Service" [stack: 0x00000090d5800000,0x00000090d5900000] [id=8812]

Threads with active compile tasks:
C2 CompilerThread0  2210590 23002       4       org.gradle.internal.service.DefaultServiceRegistry$OwnServices::add (82 bytes)

VM state: not at safepoint (normal execution)

VM Mutex/Monitor currently owned by a thread: None

Heap address: 0x0000000600000000, size: 8192 MB, Compressed Oops mode: Zero based, Oop shift amount: 3

CDS archive(s) mapped at: [0x0000024100000000-0x0000024100bb0000-0x0000024100bb0000), size 12255232, SharedBaseAddress: 0x0000024100000000, ArchiveRelocationMode: 1.
Compressed class space mapped at: 0x0000024101000000-0x0000024141000000, reserved size: 1073741824
Narrow klass base: 0x0000024100000000, Narrow klass shift: 0, Narrow klass range: 0x100000000

GC Precious Log:
 CPUs: 4 total, 4 available
 Memory: 8067M
 Large Page Support: Disabled
 NUMA Support: Disabled
 Compressed Oops: Enabled (Zero based)
 Heap Region Size: 4M
 Heap Min Capacity: 8M
 Heap Initial Capacity: 128M
 Heap Max Capacity: 8G
 Pre-touch: Disabled
 Parallel Workers: 4
 Concurrent Workers: 1
 Concurrent Refinement Workers: 4
 Periodic GC: Disabled

Heap:
 garbage-first heap   total 1126400K, used 653219K [0x0000000600000000, 0x0000000800000000)
  region size 4096K, 96 young (393216K), 4 survivors (16384K)
 Metaspace       used 130663K, committed 132160K, reserved 1179648K
  class space    used 17871K, committed 18560K, reserved 1048576K

Heap Regions: E=young(eden), S=young(survivor), O=old, HS=humongous(starts), HC=humongous(continues), CS=collection set, F=free, OA=open archive, CA=closed archive, TAMS=top-at-mark-start (previous, next)
|   0|0x0000000600000000, 0x0000000600400000, 0x0000000600400000|100%|HS|  |TAMS 0x0000000600400000, 0x0000000600000000| Complete 
|   1|0x0000000600400000, 0x0000000600800000, 0x0000000600800000|100%| O|  |TAMS 0x0000000600800000, 0x0000000600400000| Untracked 
|   2|0x0000000600800000, 0x0000000600c00000, 0x0000000600c00000|100%| O|  |TAMS 0x0000000600c00000, 0x0000000600800000| Untracked 
|   3|0x0000000600c00000, 0x0000000601000000, 0x0000000601000000|100%| O|  |TAMS 0x0000000601000000, 0x0000000600c00000| Untracked 
|   4|0x0000000601000000, 0x0000000601400000, 0x0000000601400000|100%| O|  |TAMS 0x0000000601400000, 0x0000000601000000| Untracked 
|   5|0x0000000601400000, 0x0000000601800000, 0x0000000601800000|100%| O|  |TAMS 0x0000000601800000, 0x0000000601400000| Untracked 
|   6|0x0000000601800000, 0x0000000601c00000, 0x0000000601c00000|100%| O|  |TAMS 0x0000000601c00000, 0x0000000601800000| Untracked 
|   7|0x0000000601c00000, 0x0000000602000000, 0x0000000602000000|100%|HS|  |TAMS 0x0000000602000000, 0x0000000601c00000| Complete 
|   8|0x0000000602000000, 0x0000000602400000, 0x0000000602400000|100%| O|  |TAMS 0x0000000602400000, 0x0000000602000000| Untracked 
|   9|0x0000000602400000, 0x0000000602800000, 0x0000000602800000|100%| O|  |TAMS 0x0000000602800000, 0x0000000602400000| Untracked 
|  10|0x0000000602800000, 0x0000000602c00000, 0x0000000602c00000|100%| O|  |TAMS 0x0000000602c00000, 0x0000000602800000| Untracked 
|  11|0x0000000602c00000, 0x0000000603000000, 0x0000000603000000|100%| O|  |TAMS 0x0000000603000000, 0x0000000602c00000| Untracked 
|  12|0x0000000603000000, 0x0000000603400000, 0x0000000603400000|100%|HS|  |TAMS 0x0000000603400000, 0x0000000603000000| Complete 
|  13|0x0000000603400000, 0x0000000603800000, 0x0000000603800000|100%| O|  |TAMS 0x0000000603800000, 0x0000000603400000| Untracked 
|  14|0x0000000603800000, 0x0000000603c00000, 0x0000000603c00000|100%| O|  |TAMS 0x0000000603c00000, 0x0000000603800000| Untracked 
|  15|0x0000000603c00000, 0x0000000604000000, 0x0000000604000000|100%| O|  |TAMS 0x0000000604000000, 0x0000000603c00000| Untracked 
|  16|0x0000000604000000, 0x0000000604400000, 0x0000000604400000|100%| O|  |TAMS 0x0000000604400000, 0x0000000604000000| Untracked 
|  17|0x0000000604400000, 0x0000000604800000, 0x0000000604800000|100%|HS|  |TAMS 0x0000000604800000, 0x0000000604400000| Complete 
|  18|0x0000000604800000, 0x0000000604c00000, 0x0000000604c00000|100%| O|  |TAMS 0x0000000604c00000, 0x0000000604800000| Untracked 
|  19|0x0000000604c00000, 0x0000000605000000, 0x0000000605000000|100%| O|  |TAMS 0x0000000605000000, 0x0000000604c00000| Untracked 
|  20|0x0000000605000000, 0x0000000605400000, 0x0000000605400000|100%| O|  |TAMS 0x0000000605400000, 0x0000000605000000| Untracked 
|  21|0x0000000605400000, 0x0000000605800000, 0x0000000605800000|100%| O|  |TAMS 0x0000000605800000, 0x0000000605400000| Untracked 
|  22|0x0000000605800000, 0x0000000605c00000, 0x0000000605c00000|100%| O|  |TAMS 0x0000000605c00000, 0x0000000605800000| Untracked 
|  23|0x0000000605c00000, 0x0000000606000000, 0x0000000606000000|100%| O|  |TAMS 0x0000000606000000, 0x0000000605c00000| Untracked 
|  24|0x0000000606000000, 0x0000000606400000, 0x0000000606400000|100%| O|  |TAMS 0x0000000606400000, 0x0000000606000000| Untracked 
|  25|0x0000000606400000, 0x0000000606800000, 0x0000000606800000|100%| O|  |TAMS 0x0000000606800000, 0x0000000606400000| Untracked 
|  26|0x0000000606800000, 0x0000000606c00000, 0x0000000606c00000|100%| O|  |TAMS 0x0000000606c00000, 0x0000000606800000| Untracked 
|  27|0x0000000606c00000, 0x0000000607000000, 0x0000000607000000|100%| O|  |TAMS 0x0000000607000000, 0x0000000606c00000| Untracked 
|  28|0x0000000607000000, 0x0000000607400000, 0x0000000607400000|100%| O|  |TAMS 0x0000000607400000, 0x0000000607000000| Untracked 
|  29|0x0000000607400000, 0x0000000607800000, 0x0000000607800000|100%| O|  |TAMS 0x0000000607800000, 0x0000000607400000| Untracked 
|  30|0x0000000607800000, 0x0000000607c00000, 0x0000000607c00000|100%| O|  |TAMS 0x0000000607c00000, 0x0000000607800000| Untracked 
|  31|0x0000000607c00000, 0x0000000608000000, 0x0000000608000000|100%|HS|  |TAMS 0x0000000608000000, 0x0000000607c00000| Complete 
|  32|0x0000000608000000, 0x0000000608400000, 0x0000000608400000|100%| O|  |TAMS 0x0000000608400000, 0x0000000608000000| Untracked 
|  33|0x0000000608400000, 0x0000000608800000, 0x0000000608800000|100%| O|  |TAMS 0x0000000608800000, 0x0000000608400000| Untracked 
|  34|0x0000000608800000, 0x0000000608c00000, 0x0000000608c00000|100%| O|  |TAMS 0x0000000608c00000, 0x0000000608800000| Untracked 
|  35|0x0000000608c00000, 0x0000000609000000, 0x0000000609000000|100%| O|  |TAMS 0x0000000609000000, 0x0000000608c00000| Untracked 
|  36|0x0000000609000000, 0x0000000609400000, 0x0000000609400000|100%| O|  |TAMS 0x0000000609400000, 0x0000000609000000| Untracked 
|  37|0x0000000609400000, 0x0000000609800000, 0x0000000609800000|100%| O|  |TAMS 0x0000000609800000, 0x0000000609400000| Untracked 
|  38|0x0000000609800000, 0x0000000609c00000, 0x0000000609c00000|100%| O|  |TAMS 0x0000000609c00000, 0x0000000609800000| Untracked 
|  39|0x0000000609c00000, 0x000000060a000000, 0x000000060a000000|100%| O|  |TAMS 0x000000060a000000, 0x0000000609c00000| Untracked 
|  40|0x000000060a000000, 0x000000060a400000, 0x000000060a400000|100%| O|  |TAMS 0x000000060a400000, 0x000000060a000000| Untracked 
|  41|0x000000060a400000, 0x000000060a800000, 0x000000060a800000|100%| O|  |TAMS 0x000000060a800000, 0x000000060a400000| Untracked 
|  42|0x000000060a800000, 0x000000060ac00000, 0x000000060ac00000|100%| O|  |TAMS 0x000000060a800000, 0x000000060a800000| Untracked 
|  43|0x000000060ac00000, 0x000000060b000000, 0x000000060b000000|100%| O|  |TAMS 0x000000060b000000, 0x000000060ac00000| Untracked 
|  44|0x000000060b000000, 0x000000060b400000, 0x000000060b400000|100%| O|  |TAMS 0x000000060b400000, 0x000000060b000000| Untracked 
|  45|0x000000060b400000, 0x000000060b400000, 0x000000060b800000|  0%| F|  |TAMS 0x000000060b400000, 0x000000060b400000| Untracked 
|  46|0x000000060b800000, 0x000000060bc00000, 0x000000060bc00000|100%| O|  |TAMS 0x000000060bc00000, 0x000000060b800000| Untracked 
|  47|0x000000060bc00000, 0x000000060c000000, 0x000000060c000000|100%| O|  |TAMS 0x000000060c000000, 0x000000060bc00000| Untracked 
|  48|0x000000060c000000, 0x000000060c400000, 0x000000060c400000|100%| O|  |TAMS 0x000000060c400000, 0x000000060c000000| Untracked 
|  49|0x000000060c400000, 0x000000060c800000, 0x000000060c800000|100%| O|  |TAMS 0x000000060c800000, 0x000000060c400000| Untracked 
|  50|0x000000060c800000, 0x000000060cc00000, 0x000000060cc00000|100%| O|  |TAMS 0x000000060cc00000, 0x000000060c800000| Untracked 
|  51|0x000000060cc00000, 0x000000060d000000, 0x000000060d000000|100%| O|  |TAMS 0x000000060d000000, 0x000000060cc00000| Untracked 
|  52|0x000000060d000000, 0x000000060d400000, 0x000000060d400000|100%| O|  |TAMS 0x000000060d400000, 0x000000060d000000| Untracked 
|  53|0x000000060d400000, 0x000000060d800000, 0x000000060d800000|100%| O|  |TAMS 0x000000060d800000, 0x000000060d400000| Untracked 
|  54|0x000000060d800000, 0x000000060dc00000, 0x000000060dc00000|100%| O|  |TAMS 0x000000060dc00000, 0x000000060d800000| Untracked 
|  55|0x000000060dc00000, 0x000000060e000000, 0x000000060e000000|100%| O|  |TAMS 0x000000060e000000, 0x000000060dc00000| Untracked 
|  56|0x000000060e000000, 0x000000060e400000, 0x000000060e400000|100%| O|  |TAMS 0x000000060e400000, 0x000000060e000000| Untracked 
|  57|0x000000060e400000, 0x000000060e800000, 0x000000060e800000|100%| O|  |TAMS 0x000000060e800000, 0x000000060e400000| Untracked 
|  58|0x000000060e800000, 0x000000060ec00000, 0x000000060ec00000|100%| O|  |TAMS 0x000000060ec00000, 0x000000060e800000| Untracked 
|  59|0x000000060ec00000, 0x000000060f000000, 0x000000060f000000|100%| O|  |TAMS 0x000000060f000000, 0x000000060ec00000| Untracked 
|  60|0x000000060f000000, 0x000000060f400000, 0x000000060f400000|100%| O|  |TAMS 0x000000060f2a1400, 0x000000060f000000| Untracked 
|  61|0x000000060f400000, 0x000000060f800000, 0x000000060f800000|100%| O|  |TAMS 0x000000060f400000, 0x000000060f400000| Untracked 
|  62|0x000000060f800000, 0x000000060fc00000, 0x000000060fc00000|100%| O|  |TAMS 0x000000060f800000, 0x000000060f800000| Untracked 
|  63|0x000000060fc00000, 0x0000000610000000, 0x0000000610000000|100%| O|  |TAMS 0x000000060fc00000, 0x000000060fc00000| Untracked 
|  64|0x0000000610000000, 0x0000000610400000, 0x0000000610400000|100%| O|  |TAMS 0x0000000610000000, 0x0000000610000000| Untracked 
|  65|0x0000000610400000, 0x0000000610800000, 0x0000000610800000|100%| O|  |TAMS 0x0000000610400000, 0x0000000610400000| Untracked 
|  66|0x0000000610800000, 0x0000000610acd400, 0x0000000610c00000| 70%| O|  |TAMS 0x0000000610800000, 0x0000000610800000| Untracked 
|  67|0x0000000610c00000, 0x0000000610c00000, 0x0000000611000000|  0%| F|  |TAMS 0x0000000610c00000, 0x0000000610c00000| Untracked 
|  68|0x0000000611000000, 0x0000000611000000, 0x0000000611400000|  0%| F|  |TAMS 0x0000000611000000, 0x0000000611000000| Untracked 
|  69|0x0000000611400000, 0x0000000611400000, 0x0000000611800000|  0%| F|  |TAMS 0x0000000611400000, 0x0000000611400000| Untracked 
|  70|0x0000000611800000, 0x0000000611800000, 0x0000000611c00000|  0%| F|  |TAMS 0x0000000611800000, 0x0000000611800000| Untracked 
|  71|0x0000000611c00000, 0x0000000611c00000, 0x0000000612000000|  0%| F|  |TAMS 0x0000000611c00000, 0x0000000611c00000| Untracked 
|  72|0x0000000612000000, 0x0000000612000000, 0x0000000612400000|  0%| F|  |TAMS 0x0000000612000000, 0x0000000612000000| Untracked 
|  73|0x0000000612400000, 0x0000000612400000, 0x0000000612800000|  0%| F|  |TAMS 0x0000000612400000, 0x0000000612400000| Untracked 
|  74|0x0000000612800000, 0x0000000612800000, 0x0000000612c00000|  0%| F|  |TAMS 0x0000000612800000, 0x0000000612800000| Untracked 
|  75|0x0000000612c00000, 0x0000000612c00000, 0x0000000613000000|  0%| F|  |TAMS 0x0000000612c00000, 0x0000000612c00000| Untracked 
|  76|0x0000000613000000, 0x0000000613000000, 0x0000000613400000|  0%| F|  |TAMS 0x0000000613000000, 0x0000000613000000| Untracked 
|  77|0x0000000613400000, 0x0000000613400000, 0x0000000613800000|  0%| F|  |TAMS 0x0000000613400000, 0x0000000613400000| Untracked 
|  78|0x0000000613800000, 0x0000000613800000, 0x0000000613c00000|  0%| F|  |TAMS 0x0000000613800000, 0x0000000613800000| Untracked 
|  79|0x0000000613c00000, 0x0000000613c00000, 0x0000000614000000|  0%| F|  |TAMS 0x0000000613c00000, 0x0000000613c00000| Untracked 
|  80|0x0000000614000000, 0x0000000614000000, 0x0000000614400000|  0%| F|  |TAMS 0x0000000614000000, 0x0000000614000000| Untracked 
|  81|0x0000000614400000, 0x0000000614400000, 0x0000000614800000|  0%| F|  |TAMS 0x0000000614400000, 0x0000000614400000| Untracked 
|  82|0x0000000614800000, 0x0000000614800000, 0x0000000614c00000|  0%| F|  |TAMS 0x0000000614800000, 0x0000000614800000| Untracked 
|  83|0x0000000614c00000, 0x0000000614c00000, 0x0000000615000000|  0%| F|  |TAMS 0x0000000614c00000, 0x0000000614c00000| Untracked 
|  84|0x0000000615000000, 0x0000000615000000, 0x0000000615400000|  0%| F|  |TAMS 0x0000000615000000, 0x0000000615000000| Untracked 
|  85|0x0000000615400000, 0x0000000615400000, 0x0000000615800000|  0%| F|  |TAMS 0x0000000615400000, 0x0000000615400000| Untracked 
|  86|0x0000000615800000, 0x0000000615800000, 0x0000000615c00000|  0%| F|  |TAMS 0x0000000615800000, 0x0000000615800000| Untracked 
|  87|0x0000000615c00000, 0x0000000615c00000, 0x0000000616000000|  0%| F|  |TAMS 0x0000000615c00000, 0x0000000615c00000| Untracked 
|  88|0x0000000616000000, 0x0000000616000000, 0x0000000616400000|  0%| F|  |TAMS 0x0000000616000000, 0x0000000616000000| Untracked 
|  89|0x0000000616400000, 0x0000000616400000, 0x0000000616800000|  0%| F|  |TAMS 0x0000000616400000, 0x0000000616400000| Untracked 
|  90|0x0000000616800000, 0x0000000616800000, 0x0000000616c00000|  0%| F|  |TAMS 0x0000000616800000, 0x0000000616800000| Untracked 
|  91|0x0000000616c00000, 0x0000000616c00000, 0x0000000617000000|  0%| F|  |TAMS 0x0000000616c00000, 0x0000000616c00000| Untracked 
|  92|0x0000000617000000, 0x0000000617000000, 0x0000000617400000|  0%| F|  |TAMS 0x0000000617000000, 0x0000000617000000| Untracked 
|  93|0x0000000617400000, 0x0000000617400000, 0x0000000617800000|  0%| F|  |TAMS 0x0000000617400000, 0x0000000617400000| Untracked 
|  94|0x0000000617800000, 0x0000000617800000, 0x0000000617c00000|  0%| F|  |TAMS 0x0000000617800000, 0x0000000617800000| Untracked 
|  95|0x0000000617c00000, 0x0000000617c00000, 0x0000000618000000|  0%| F|  |TAMS 0x0000000617c00000, 0x0000000617c00000| Untracked 
|  96|0x0000000618000000, 0x0000000618000000, 0x0000000618400000|  0%| F|  |TAMS 0x0000000618000000, 0x0000000618000000| Untracked 
|  97|0x0000000618400000, 0x0000000618400000, 0x0000000618800000|  0%| F|  |TAMS 0x0000000618400000, 0x0000000618400000| Untracked 
|  98|0x0000000618800000, 0x0000000618800000, 0x0000000618c00000|  0%| F|  |TAMS 0x0000000618800000, 0x0000000618800000| Untracked 
|  99|0x0000000618c00000, 0x0000000618c00000, 0x0000000619000000|  0%| F|  |TAMS 0x0000000618c00000, 0x0000000618c00000| Untracked 
| 100|0x0000000619000000, 0x0000000619000000, 0x0000000619400000|  0%| F|  |TAMS 0x0000000619000000, 0x0000000619000000| Untracked 
| 101|0x0000000619400000, 0x0000000619400000, 0x0000000619800000|  0%| F|  |TAMS 0x0000000619400000, 0x0000000619400000| Untracked 
| 102|0x0000000619800000, 0x0000000619800000, 0x0000000619c00000|  0%| F|  |TAMS 0x0000000619800000, 0x0000000619800000| Untracked 
| 103|0x0000000619c00000, 0x0000000619c00000, 0x000000061a000000|  0%| F|  |TAMS 0x0000000619c00000, 0x0000000619c00000| Untracked 
| 104|0x000000061a000000, 0x000000061a000000, 0x000000061a400000|  0%| F|  |TAMS 0x000000061a000000, 0x000000061a000000| Untracked 
| 105|0x000000061a400000, 0x000000061a400000, 0x000000061a800000|  0%| F|  |TAMS 0x000000061a400000, 0x000000061a400000| Untracked 
| 106|0x000000061a800000, 0x000000061ab1b9f0, 0x000000061ac00000| 77%| S|CS|TAMS 0x000000061a800000, 0x000000061a800000| Complete 
| 107|0x000000061ac00000, 0x000000061b000000, 0x000000061b000000|100%| S|CS|TAMS 0x000000061ac00000, 0x000000061ac00000| Complete 
| 108|0x000000061b000000, 0x000000061b000000, 0x000000061b400000|  0%| F|  |TAMS 0x000000061b000000, 0x000000061b000000| Untracked 
| 109|0x000000061b400000, 0x000000061b400000, 0x000000061b800000|  0%| F|  |TAMS 0x000000061b400000, 0x000000061b400000| Untracked 
| 110|0x000000061b800000, 0x000000061b800000, 0x000000061bc00000|  0%| F|  |TAMS 0x000000061b800000, 0x000000061b800000| Untracked 
| 111|0x000000061bc00000, 0x000000061bc00000, 0x000000061c000000|  0%| F|  |TAMS 0x000000061bc00000, 0x000000061bc00000| Untracked 
| 112|0x000000061c000000, 0x000000061c400000, 0x000000061c400000|100%| S|CS|TAMS 0x000000061c000000, 0x000000061c000000| Complete 
| 113|0x000000061c400000, 0x000000061c800000, 0x000000061c800000|100%| S|CS|TAMS 0x000000061c400000, 0x000000061c400000| Complete 
| 114|0x000000061c800000, 0x000000061c800000, 0x000000061cc00000|  0%| F|  |TAMS 0x000000061c800000, 0x000000061c800000| Untracked 
| 115|0x000000061cc00000, 0x000000061cc00000, 0x000000061d000000|  0%| F|  |TAMS 0x000000061cc00000, 0x000000061cc00000| Untracked 
| 116|0x000000061d000000, 0x000000061d000000, 0x000000061d400000|  0%| F|  |TAMS 0x000000061d000000, 0x000000061d000000| Untracked 
| 117|0x000000061d400000, 0x000000061d400000, 0x000000061d800000|  0%| F|  |TAMS 0x000000061d400000, 0x000000061d400000| Untracked 
| 118|0x000000061d800000, 0x000000061d800000, 0x000000061dc00000|  0%| F|  |TAMS 0x000000061d800000, 0x000000061d800000| Untracked 
| 119|0x000000061dc00000, 0x000000061dc00000, 0x000000061e000000|  0%| F|  |TAMS 0x000000061dc00000, 0x000000061dc00000| Untracked 
| 120|0x000000061e000000, 0x000000061e000000, 0x000000061e400000|  0%| F|  |TAMS 0x000000061e000000, 0x000000061e000000| Untracked 
| 121|0x000000061e400000, 0x000000061e400000, 0x000000061e800000|  0%| F|  |TAMS 0x000000061e400000, 0x000000061e400000| Untracked 
| 122|0x000000061e800000, 0x000000061e800000, 0x000000061ec00000|  0%| F|  |TAMS 0x000000061e800000, 0x000000061e800000| Untracked 
| 123|0x000000061ec00000, 0x000000061ec00000, 0x000000061f000000|  0%| F|  |TAMS 0x000000061ec00000, 0x000000061ec00000| Untracked 
| 124|0x000000061f000000, 0x000000061f000000, 0x000000061f400000|  0%| F|  |TAMS 0x000000061f000000, 0x000000061f000000| Untracked 
| 125|0x000000061f400000, 0x000000061f400000, 0x000000061f800000|  0%| F|  |TAMS 0x000000061f400000, 0x000000061f400000| Untracked 
| 126|0x000000061f800000, 0x000000061f800000, 0x000000061fc00000|  0%| F|  |TAMS 0x000000061f800000, 0x000000061f800000| Untracked 
| 127|0x000000061fc00000, 0x000000061fc00000, 0x0000000620000000|  0%| F|  |TAMS 0x000000061fc00000, 0x000000061fc00000| Untracked 
| 128|0x0000000620000000, 0x0000000620000000, 0x0000000620400000|  0%| F|  |TAMS 0x0000000620000000, 0x0000000620000000| Untracked 
| 129|0x0000000620400000, 0x0000000620400000, 0x0000000620800000|  0%| F|  |TAMS 0x0000000620400000, 0x0000000620400000| Untracked 
| 130|0x0000000620800000, 0x0000000620800000, 0x0000000620c00000|  0%| F|  |TAMS 0x0000000620800000, 0x0000000620800000| Untracked 
| 131|0x0000000620c00000, 0x0000000620c00000, 0x0000000621000000|  0%| F|  |TAMS 0x0000000620c00000, 0x0000000620c00000| Untracked 
| 132|0x0000000621000000, 0x0000000621000000, 0x0000000621400000|  0%| F|  |TAMS 0x0000000621000000, 0x0000000621000000| Untracked 
| 133|0x0000000621400000, 0x0000000621400000, 0x0000000621800000|  0%| F|  |TAMS 0x0000000621400000, 0x0000000621400000| Untracked 
| 134|0x0000000621800000, 0x0000000621800000, 0x0000000621c00000|  0%| F|  |TAMS 0x0000000621800000, 0x0000000621800000| Untracked 
| 135|0x0000000621c00000, 0x0000000621c00000, 0x0000000622000000|  0%| F|  |TAMS 0x0000000621c00000, 0x0000000621c00000| Untracked 
| 136|0x0000000622000000, 0x0000000622000000, 0x0000000622400000|  0%| F|  |TAMS 0x0000000622000000, 0x0000000622000000| Untracked 
| 137|0x0000000622400000, 0x0000000622400000, 0x0000000622800000|  0%| F|  |TAMS 0x0000000622400000, 0x0000000622400000| Untracked 
| 138|0x0000000622800000, 0x0000000622800000, 0x0000000622c00000|  0%| F|  |TAMS 0x0000000622800000, 0x0000000622800000| Untracked 
| 139|0x0000000622c00000, 0x0000000622c00000, 0x0000000623000000|  0%| F|  |TAMS 0x0000000622c00000, 0x0000000622c00000| Untracked 
| 140|0x0000000623000000, 0x0000000623000000, 0x0000000623400000|  0%| F|  |TAMS 0x0000000623000000, 0x0000000623000000| Untracked 
| 141|0x0000000623400000, 0x0000000623400000, 0x0000000623800000|  0%| F|  |TAMS 0x0000000623400000, 0x0000000623400000| Untracked 
| 142|0x0000000623800000, 0x0000000623800000, 0x0000000623c00000|  0%| F|  |TAMS 0x0000000623800000, 0x0000000623800000| Untracked 
| 143|0x0000000623c00000, 0x0000000623c00000, 0x0000000624000000|  0%| F|  |TAMS 0x0000000623c00000, 0x0000000623c00000| Untracked 
| 144|0x0000000624000000, 0x0000000624000000, 0x0000000624400000|  0%| F|  |TAMS 0x0000000624000000, 0x0000000624000000| Untracked 
| 145|0x0000000624400000, 0x0000000624400000, 0x0000000624800000|  0%| F|  |TAMS 0x0000000624400000, 0x0000000624400000| Untracked 
| 146|0x0000000624800000, 0x0000000624800000, 0x0000000624c00000|  0%| F|  |TAMS 0x0000000624800000, 0x0000000624800000| Untracked 
| 147|0x0000000624c00000, 0x0000000624c00000, 0x0000000625000000|  0%| F|  |TAMS 0x0000000624c00000, 0x0000000624c00000| Untracked 
| 148|0x0000000625000000, 0x0000000625000000, 0x0000000625400000|  0%| F|  |TAMS 0x0000000625000000, 0x0000000625000000| Untracked 
| 149|0x0000000625400000, 0x0000000625400000, 0x0000000625800000|  0%| F|  |TAMS 0x0000000625400000, 0x0000000625400000| Untracked 
| 150|0x0000000625800000, 0x0000000625800000, 0x0000000625c00000|  0%| F|  |TAMS 0x0000000625800000, 0x0000000625800000| Untracked 
| 151|0x0000000625c00000, 0x0000000625c00000, 0x0000000626000000|  0%| F|  |TAMS 0x0000000625c00000, 0x0000000625c00000| Untracked 
| 152|0x0000000626000000, 0x0000000626000000, 0x0000000626400000|  0%| F|  |TAMS 0x0000000626000000, 0x0000000626000000| Untracked 
| 153|0x0000000626400000, 0x0000000626400000, 0x0000000626800000|  0%| F|  |TAMS 0x0000000626400000, 0x0000000626400000| Untracked 
| 154|0x0000000626800000, 0x0000000626800000, 0x0000000626c00000|  0%| F|  |TAMS 0x0000000626800000, 0x0000000626800000| Untracked 
| 155|0x0000000626c00000, 0x0000000626c00000, 0x0000000627000000|  0%| F|  |TAMS 0x0000000626c00000, 0x0000000626c00000| Untracked 
| 156|0x0000000627000000, 0x0000000627000000, 0x0000000627400000|  0%| F|  |TAMS 0x0000000627000000, 0x0000000627000000| Untracked 
| 157|0x0000000627400000, 0x0000000627400000, 0x0000000627800000|  0%| F|  |TAMS 0x0000000627400000, 0x0000000627400000| Untracked 
| 158|0x0000000627800000, 0x0000000627800000, 0x0000000627c00000|  0%| F|  |TAMS 0x0000000627800000, 0x0000000627800000| Untracked 
| 159|0x0000000627c00000, 0x0000000627c00000, 0x0000000628000000|  0%| F|  |TAMS 0x0000000627c00000, 0x0000000627c00000| Untracked 
| 160|0x0000000628000000, 0x0000000628000000, 0x0000000628400000|  0%| F|  |TAMS 0x0000000628000000, 0x0000000628000000| Untracked 
| 161|0x0000000628400000, 0x0000000628400000, 0x0000000628800000|  0%| F|  |TAMS 0x0000000628400000, 0x0000000628400000| Untracked 
| 162|0x0000000628800000, 0x0000000628800000, 0x0000000628c00000|  0%| F|  |TAMS 0x0000000628800000, 0x0000000628800000| Untracked 
| 163|0x0000000628c00000, 0x0000000628c00000, 0x0000000629000000|  0%| F|  |TAMS 0x0000000628c00000, 0x0000000628c00000| Untracked 
| 164|0x0000000629000000, 0x0000000629000000, 0x0000000629400000|  0%| F|  |TAMS 0x0000000629000000, 0x0000000629000000| Untracked 
| 165|0x0000000629400000, 0x0000000629400000, 0x0000000629800000|  0%| F|  |TAMS 0x0000000629400000, 0x0000000629400000| Untracked 
| 166|0x0000000629800000, 0x0000000629800000, 0x0000000629c00000|  0%| F|  |TAMS 0x0000000629800000, 0x0000000629800000| Untracked 
| 167|0x0000000629c00000, 0x0000000629c00000, 0x000000062a000000|  0%| F|  |TAMS 0x0000000629c00000, 0x0000000629c00000| Untracked 
| 168|0x000000062a000000, 0x000000062a000000, 0x000000062a400000|  0%| F|  |TAMS 0x000000062a000000, 0x000000062a000000| Untracked 
| 169|0x000000062a400000, 0x000000062a400000, 0x000000062a800000|  0%| F|  |TAMS 0x000000062a400000, 0x000000062a400000| Untracked 
| 170|0x000000062a800000, 0x000000062a800000, 0x000000062ac00000|  0%| F|  |TAMS 0x000000062a800000, 0x000000062a800000| Untracked 
| 171|0x000000062ac00000, 0x000000062ac00000, 0x000000062b000000|  0%| F|  |TAMS 0x000000062ac00000, 0x000000062ac00000| Untracked 
| 172|0x000000062b000000, 0x000000062b000000, 0x000000062b400000|  0%| F|  |TAMS 0x000000062b000000, 0x000000062b000000| Untracked 
| 173|0x000000062b400000, 0x000000062b400000, 0x000000062b800000|  0%| F|  |TAMS 0x000000062b400000, 0x000000062b400000| Untracked 
| 174|0x000000062b800000, 0x000000062b800000, 0x000000062bc00000|  0%| F|  |TAMS 0x000000062b800000, 0x000000062b800000| Untracked 
| 175|0x000000062bc00000, 0x000000062bc00000, 0x000000062c000000|  0%| F|  |TAMS 0x000000062bc00000, 0x000000062bc00000| Untracked 
| 176|0x000000062c000000, 0x000000062c000000, 0x000000062c400000|  0%| F|  |TAMS 0x000000062c000000, 0x000000062c000000| Untracked 
| 177|0x000000062c400000, 0x000000062c400000, 0x000000062c800000|  0%| F|  |TAMS 0x000000062c400000, 0x000000062c400000| Untracked 
| 178|0x000000062c800000, 0x000000062c800000, 0x000000062cc00000|  0%| F|  |TAMS 0x000000062c800000, 0x000000062c800000| Untracked 
| 179|0x000000062cc00000, 0x000000062cc00000, 0x000000062d000000|  0%| F|  |TAMS 0x000000062cc00000, 0x000000062cc00000| Untracked 
| 180|0x000000062d000000, 0x000000062d000000, 0x000000062d400000|  0%| F|  |TAMS 0x000000062d000000, 0x000000062d000000| Untracked 
| 181|0x000000062d400000, 0x000000062d400000, 0x000000062d800000|  0%| F|  |TAMS 0x000000062d400000, 0x000000062d400000| Untracked 
| 182|0x000000062d800000, 0x000000062d800000, 0x000000062dc00000|  0%| F|  |TAMS 0x000000062d800000, 0x000000062d800000| Untracked 
| 183|0x000000062dc00000, 0x000000062dcfda40, 0x000000062e000000| 24%| E|  |TAMS 0x000000062dc00000, 0x000000062dc00000| Complete 
| 184|0x000000062e000000, 0x000000062e400000, 0x000000062e400000|100%| E|CS|TAMS 0x000000062e000000, 0x000000062e000000| Complete 
| 185|0x000000062e400000, 0x000000062e800000, 0x000000062e800000|100%| E|CS|TAMS 0x000000062e400000, 0x000000062e400000| Complete 
| 186|0x000000062e800000, 0x000000062ec00000, 0x000000062ec00000|100%| E|CS|TAMS 0x000000062e800000, 0x000000062e800000| Complete 
| 187|0x000000062ec00000, 0x000000062f000000, 0x000000062f000000|100%| E|CS|TAMS 0x000000062ec00000, 0x000000062ec00000| Complete 
| 188|0x000000062f000000, 0x000000062f400000, 0x000000062f400000|100%| E|CS|TAMS 0x000000062f000000, 0x000000062f000000| Complete 
| 189|0x000000062f400000, 0x000000062f800000, 0x000000062f800000|100%| E|CS|TAMS 0x000000062f400000, 0x000000062f400000| Complete 
| 190|0x000000062f800000, 0x000000062fc00000, 0x000000062fc00000|100%| E|CS|TAMS 0x000000062f800000, 0x000000062f800000| Complete 
| 191|0x000000062fc00000, 0x0000000630000000, 0x0000000630000000|100%| E|CS|TAMS 0x000000062fc00000, 0x000000062fc00000| Complete 
| 192|0x0000000630000000, 0x0000000630400000, 0x0000000630400000|100%| E|CS|TAMS 0x0000000630000000, 0x0000000630000000| Complete 
| 193|0x0000000630400000, 0x0000000630800000, 0x0000000630800000|100%| E|CS|TAMS 0x0000000630400000, 0x0000000630400000| Complete 
| 194|0x0000000630800000, 0x0000000630c00000, 0x0000000630c00000|100%| E|CS|TAMS 0x0000000630800000, 0x0000000630800000| Complete 
| 195|0x0000000630c00000, 0x0000000631000000, 0x0000000631000000|100%| E|  |TAMS 0x0000000630c00000, 0x0000000630c00000| Complete 
| 196|0x0000000631000000, 0x0000000631400000, 0x0000000631400000|100%| E|CS|TAMS 0x0000000631000000, 0x0000000631000000| Complete 
| 197|0x0000000631400000, 0x0000000631800000, 0x0000000631800000|100%| E|CS|TAMS 0x0000000631400000, 0x0000000631400000| Complete 
| 198|0x0000000631800000, 0x0000000631c00000, 0x0000000631c00000|100%| E|CS|TAMS 0x0000000631800000, 0x0000000631800000| Complete 
| 199|0x0000000631c00000, 0x0000000632000000, 0x0000000632000000|100%| E|CS|TAMS 0x0000000631c00000, 0x0000000631c00000| Complete 
| 200|0x0000000632000000, 0x0000000632400000, 0x0000000632400000|100%| E|CS|TAMS 0x0000000632000000, 0x0000000632000000| Complete 
| 201|0x0000000632400000, 0x0000000632800000, 0x0000000632800000|100%| E|CS|TAMS 0x0000000632400000, 0x0000000632400000| Complete 
| 202|0x0000000632800000, 0x0000000632c00000, 0x0000000632c00000|100%| E|CS|TAMS 0x0000000632800000, 0x0000000632800000| Complete 
| 203|0x0000000632c00000, 0x0000000633000000, 0x0000000633000000|100%| E|CS|TAMS 0x0000000632c00000, 0x0000000632c00000| Complete 
| 204|0x0000000633000000, 0x0000000633400000, 0x0000000633400000|100%| E|CS|TAMS 0x0000000633000000, 0x0000000633000000| Complete 
| 205|0x0000000633400000, 0x0000000633800000, 0x0000000633800000|100%| E|CS|TAMS 0x0000000633400000, 0x0000000633400000| Complete 
| 206|0x0000000633800000, 0x0000000633c00000, 0x0000000633c00000|100%| E|CS|TAMS 0x0000000633800000, 0x0000000633800000| Complete 
| 207|0x0000000633c00000, 0x0000000634000000, 0x0000000634000000|100%| E|CS|TAMS 0x0000000633c00000, 0x0000000633c00000| Complete 
| 208|0x0000000634000000, 0x0000000634400000, 0x0000000634400000|100%| E|CS|TAMS 0x0000000634000000, 0x0000000634000000| Complete 
| 209|0x0000000634400000, 0x0000000634800000, 0x0000000634800000|100%| E|CS|TAMS 0x0000000634400000, 0x0000000634400000| Complete 
| 210|0x0000000634800000, 0x0000000634c00000, 0x0000000634c00000|100%| E|CS|TAMS 0x0000000634800000, 0x0000000634800000| Complete 
| 211|0x0000000634c00000, 0x0000000635000000, 0x0000000635000000|100%| E|CS|TAMS 0x0000000634c00000, 0x0000000634c00000| Complete 
| 212|0x0000000635000000, 0x0000000635400000, 0x0000000635400000|100%| E|CS|TAMS 0x0000000635000000, 0x0000000635000000| Complete 
| 213|0x0000000635400000, 0x0000000635800000, 0x0000000635800000|100%| E|CS|TAMS 0x0000000635400000, 0x0000000635400000| Complete 
| 214|0x0000000635800000, 0x0000000635c00000, 0x0000000635c00000|100%| E|CS|TAMS 0x0000000635800000, 0x0000000635800000| Complete 
| 215|0x0000000635c00000, 0x0000000636000000, 0x0000000636000000|100%| E|CS|TAMS 0x0000000635c00000, 0x0000000635c00000| Complete 
| 216|0x0000000636000000, 0x0000000636400000, 0x0000000636400000|100%| E|CS|TAMS 0x0000000636000000, 0x0000000636000000| Complete 
| 217|0x0000000636400000, 0x0000000636800000, 0x0000000636800000|100%| E|CS|TAMS 0x0000000636400000, 0x0000000636400000| Complete 
| 218|0x0000000636800000, 0x0000000636c00000, 0x0000000636c00000|100%| E|CS|TAMS 0x0000000636800000, 0x0000000636800000| Complete 
| 219|0x0000000636c00000, 0x0000000637000000, 0x0000000637000000|100%| E|CS|TAMS 0x0000000636c00000, 0x0000000636c00000| Complete 
| 220|0x0000000637000000, 0x0000000637400000, 0x0000000637400000|100%| E|CS|TAMS 0x0000000637000000, 0x0000000637000000| Complete 
| 221|0x0000000637400000, 0x0000000637800000, 0x0000000637800000|100%| E|CS|TAMS 0x0000000637400000, 0x0000000637400000| Complete 
| 222|0x0000000637800000, 0x0000000637c00000, 0x0000000637c00000|100%| E|CS|TAMS 0x0000000637800000, 0x0000000637800000| Complete 
| 223|0x0000000637c00000, 0x0000000638000000, 0x0000000638000000|100%| E|CS|TAMS 0x0000000637c00000, 0x0000000637c00000| Complete 
| 224|0x0000000638000000, 0x0000000638400000, 0x0000000638400000|100%| E|CS|TAMS 0x0000000638000000, 0x0000000638000000| Complete 
| 225|0x0000000638400000, 0x0000000638800000, 0x0000000638800000|100%| E|CS|TAMS 0x0000000638400000, 0x0000000638400000| Complete 
| 226|0x0000000638800000, 0x0000000638c00000, 0x0000000638c00000|100%| E|CS|TAMS 0x0000000638800000, 0x0000000638800000| Complete 
| 227|0x0000000638c00000, 0x0000000639000000, 0x0000000639000000|100%| E|CS|TAMS 0x0000000638c00000, 0x0000000638c00000| Complete 
| 228|0x0000000639000000, 0x0000000639400000, 0x0000000639400000|100%| E|CS|TAMS 0x0000000639000000, 0x0000000639000000| Complete 
| 229|0x0000000639400000, 0x0000000639800000, 0x0000000639800000|100%| E|CS|TAMS 0x0000000639400000, 0x0000000639400000| Complete 
| 230|0x0000000639800000, 0x0000000639c00000, 0x0000000639c00000|100%| E|CS|TAMS 0x0000000639800000, 0x0000000639800000| Complete 
| 231|0x0000000639c00000, 0x000000063a000000, 0x000000063a000000|100%| E|CS|TAMS 0x0000000639c00000, 0x0000000639c00000| Complete 
| 232|0x000000063a000000, 0x000000063a400000, 0x000000063a400000|100%| E|CS|TAMS 0x000000063a000000, 0x000000063a000000| Complete 
| 233|0x000000063a400000, 0x000000063a800000, 0x000000063a800000|100%| E|CS|TAMS 0x000000063a400000, 0x000000063a400000| Complete 
| 234|0x000000063a800000, 0x000000063ac00000, 0x000000063ac00000|100%| E|CS|TAMS 0x000000063a800000, 0x000000063a800000| Complete 
| 235|0x000000063ac00000, 0x000000063b000000, 0x000000063b000000|100%| E|CS|TAMS 0x000000063ac00000, 0x000000063ac00000| Complete 
| 236|0x000000063b000000, 0x000000063b400000, 0x000000063b400000|100%| E|CS|TAMS 0x000000063b000000, 0x000000063b000000| Complete 
| 237|0x000000063b400000, 0x000000063b800000, 0x000000063b800000|100%| E|CS|TAMS 0x000000063b400000, 0x000000063b400000| Complete 
| 238|0x000000063b800000, 0x000000063bc00000, 0x000000063bc00000|100%| E|CS|TAMS 0x000000063b800000, 0x000000063b800000| Complete 
| 239|0x000000063bc00000, 0x000000063c000000, 0x000000063c000000|100%| E|CS|TAMS 0x000000063bc00000, 0x000000063bc00000| Complete 
| 240|0x000000063c000000, 0x000000063c400000, 0x000000063c400000|100%| E|CS|TAMS 0x000000063c000000, 0x000000063c000000| Complete 
| 241|0x000000063c400000, 0x000000063c800000, 0x000000063c800000|100%| E|CS|TAMS 0x000000063c400000, 0x000000063c400000| Complete 
| 242|0x000000063c800000, 0x000000063cc00000, 0x000000063cc00000|100%| E|CS|TAMS 0x000000063c800000, 0x000000063c800000| Complete 
| 243|0x000000063cc00000, 0x000000063d000000, 0x000000063d000000|100%| E|CS|TAMS 0x000000063cc00000, 0x000000063cc00000| Complete 
| 244|0x000000063d000000, 0x000000063d400000, 0x000000063d400000|100%| E|CS|TAMS 0x000000063d000000, 0x000000063d000000| Complete 
| 245|0x000000063d400000, 0x000000063d800000, 0x000000063d800000|100%| E|CS|TAMS 0x000000063d400000, 0x000000063d400000| Complete 
| 246|0x000000063d800000, 0x000000063dc00000, 0x000000063dc00000|100%| E|CS|TAMS 0x000000063d800000, 0x000000063d800000| Complete 
| 247|0x000000063dc00000, 0x000000063e000000, 0x000000063e000000|100%| E|CS|TAMS 0x000000063dc00000, 0x000000063dc00000| Complete 
| 248|0x000000063e000000, 0x000000063e400000, 0x000000063e400000|100%| E|CS|TAMS 0x000000063e000000, 0x000000063e000000| Complete 
| 249|0x000000063e400000, 0x000000063e800000, 0x000000063e800000|100%| E|CS|TAMS 0x000000063e400000, 0x000000063e400000| Complete 
| 250|0x000000063e800000, 0x000000063ec00000, 0x000000063ec00000|100%| E|CS|TAMS 0x000000063e800000, 0x000000063e800000| Complete 
| 251|0x000000063ec00000, 0x000000063f000000, 0x000000063f000000|100%| E|CS|TAMS 0x000000063ec00000, 0x000000063ec00000| Complete 
| 252|0x000000063f000000, 0x000000063f400000, 0x000000063f400000|100%| E|CS|TAMS 0x000000063f000000, 0x000000063f000000| Complete 
| 253|0x000000063f400000, 0x000000063f800000, 0x000000063f800000|100%| E|CS|TAMS 0x000000063f400000, 0x000000063f400000| Complete 
| 254|0x000000063f800000, 0x000000063fc00000, 0x000000063fc00000|100%| E|CS|TAMS 0x000000063f800000, 0x000000063f800000| Complete 
| 255|0x000000063fc00000, 0x0000000640000000, 0x0000000640000000|100%| E|CS|TAMS 0x000000063fc00000, 0x000000063fc00000| Complete 
| 256|0x0000000640000000, 0x0000000640400000, 0x0000000640400000|100%| E|CS|TAMS 0x0000000640000000, 0x0000000640000000| Complete 
| 257|0x0000000640400000, 0x0000000640800000, 0x0000000640800000|100%| E|CS|TAMS 0x0000000640400000, 0x0000000640400000| Complete 
| 258|0x0000000640800000, 0x0000000640c00000, 0x0000000640c00000|100%| E|CS|TAMS 0x0000000640800000, 0x0000000640800000| Complete 
| 259|0x0000000640c00000, 0x0000000641000000, 0x0000000641000000|100%| E|CS|TAMS 0x0000000640c00000, 0x0000000640c00000| Complete 
| 260|0x0000000641000000, 0x0000000641400000, 0x0000000641400000|100%| E|CS|TAMS 0x0000000641000000, 0x0000000641000000| Complete 
| 261|0x0000000641400000, 0x0000000641800000, 0x0000000641800000|100%| E|CS|TAMS 0x0000000641400000, 0x0000000641400000| Complete 
| 262|0x0000000641800000, 0x0000000641c00000, 0x0000000641c00000|100%| E|CS|TAMS 0x0000000641800000, 0x0000000641800000| Complete 
| 263|0x0000000641c00000, 0x0000000642000000, 0x0000000642000000|100%| E|CS|TAMS 0x0000000641c00000, 0x0000000641c00000| Complete 
| 264|0x0000000642000000, 0x0000000642400000, 0x0000000642400000|100%| E|CS|TAMS 0x0000000642000000, 0x0000000642000000| Complete 
| 265|0x0000000642400000, 0x0000000642800000, 0x0000000642800000|100%| E|CS|TAMS 0x0000000642400000, 0x0000000642400000| Complete 
| 266|0x0000000642800000, 0x0000000642c00000, 0x0000000642c00000|100%| E|CS|TAMS 0x0000000642800000, 0x0000000642800000| Complete 
| 267|0x0000000642c00000, 0x0000000643000000, 0x0000000643000000|100%| E|CS|TAMS 0x0000000642c00000, 0x0000000642c00000| Complete 
| 268|0x0000000643000000, 0x0000000643400000, 0x0000000643400000|100%| E|CS|TAMS 0x0000000643000000, 0x0000000643000000| Complete 
| 269|0x0000000643400000, 0x0000000643800000, 0x0000000643800000|100%| E|CS|TAMS 0x0000000643400000, 0x0000000643400000| Complete 
| 270|0x0000000643800000, 0x0000000643c00000, 0x0000000643c00000|100%| E|CS|TAMS 0x0000000643800000, 0x0000000643800000| Complete 
| 271|0x0000000643c00000, 0x0000000644000000, 0x0000000644000000|100%| E|CS|TAMS 0x0000000643c00000, 0x0000000643c00000| Complete 
| 272|0x0000000644000000, 0x0000000644400000, 0x0000000644400000|100%| E|CS|TAMS 0x0000000644000000, 0x0000000644000000| Complete 
| 273|0x0000000644400000, 0x0000000644800000, 0x0000000644800000|100%| E|CS|TAMS 0x0000000644400000, 0x0000000644400000| Complete 
| 274|0x0000000644800000, 0x0000000644c00000, 0x0000000644c00000|100%| E|CS|TAMS 0x0000000644800000, 0x0000000644800000| Complete 

Card table byte_map: [0x00000240fdd10000,0x00000240fed10000] _byte_map_base: 0x00000240fad10000

Marking Bits (Prev, Next): (CMBitMap*) 0x00000240f510d0f0, (CMBitMap*) 0x00000240f510d130
 Prev Bits: [0x00000240a0000000, 0x00000240a8000000)
 Next Bits: [0x00000240a8000000, 0x00000240b0000000)

Polling page: 0x00000240f2fc0000

Metaspace:

Usage:
  Non-class:    110.15 MB used.
      Class:     17.45 MB used.
       Both:    127.60 MB used.

Virtual space:
  Non-class space:      128.00 MB reserved,     110.94 MB ( 87%) committed,  2 nodes.
      Class space:        1.00 GB reserved,      18.12 MB (  2%) committed,  1 nodes.
             Both:        1.12 GB reserved,     129.06 MB ( 11%) committed. 

Chunk freelists:
   Non-Class:  973.00 KB
       Class:  13.84 MB
        Both:  14.79 MB

MaxMetaspaceSize: 4.00 GB
CompressedClassSpaceSize: 1.00 GB
Initial GC threshold: 21.00 MB
Current GC threshold: 194.81 MB
CDS: on
MetaspaceReclaimPolicy: balanced
 - commit_granule_bytes: 65536.
 - commit_granule_words: 8192.
 - virtual_space_node_default_size: 8388608.
 - enlarge_chunks_in_place: 1.
 - new_chunks_are_fully_committed: 0.
 - uncommit_free_chunks: 1.
 - use_allocation_guard: 0.
 - handle_deallocations: 1.


Internal statistics:

num_allocs_failed_limit: 27.
num_arena_births: 2164.
num_arena_deaths: 10.
num_vsnodes_births: 3.
num_vsnodes_deaths: 0.
num_space_committed: 2065.
num_space_uncommitted: 0.
num_chunks_returned_to_freelist: 55.
num_chunks_taken_from_freelist: 7986.
num_chunk_merges: 31.
num_chunk_splits: 5070.
num_chunks_enlarged: 3076.
num_inconsistent_stats: 0.

CodeHeap 'non-profiled nmethods': size=259264Kb used=16267Kb max_used=16267Kb free=242996Kb
 bounds [0x00000240902d0000, 0x00000240912d0000, 0x00000240a0000000]
CodeHeap 'profiled nmethods': size=259264Kb used=33448Kb max_used=34207Kb free=225816Kb
 bounds [0x0000024080000000, 0x0000024082170000, 0x000002408fd30000]
CodeHeap 'non-nmethods': size=5760Kb used=2518Kb max_used=2602Kb free=3241Kb
 bounds [0x000002408fd30000, 0x000002408fff0000, 0x00000240902d0000]
 total_blobs=19000 nmethods=17935 adapters=976
 compilation: enabled
              stopped_count=0, restarted_count=0
 full_count=0

Compilation events (20 events):
Event: 2209.943 Thread 0x00000240ffefa4d0 nmethod 22994 0x0000024081a9b510 code [0x0000024081a9b6e0, 0x0000024081a9ba48]
Event: 2209.943 Thread 0x00000240ffefa4d0 22995       3       org.gradle.internal.serialize.OutputStreamBackedEncoder::writeInt (9 bytes)
Event: 2209.945 Thread 0x00000240ffefa4d0 nmethod 22995 0x0000024081d23a90 code [0x0000024081d23c40, 0x0000024081d23d88]
Event: 2209.963 Thread 0x00000240ffefa4d0 22996       3       java.lang.ProcessEnvironment$CheckedEntry::getValue (5 bytes)
Event: 2209.963 Thread 0x00000240ffefa4d0 nmethod 22996 0x0000024081d23310 code [0x0000024081d234c0, 0x0000024081d23808]
Event: 2209.964 Thread 0x00000240ffefa4d0 22997       3       java.lang.ProcessEnvironment$CheckedEntry::getValue (13 bytes)
Event: 2209.964 Thread 0x00000240ffefa4d0 nmethod 22997 0x0000024081372490 code [0x0000024081372640, 0x0000024081372908]
Event: 2209.992 Thread 0x00000240ffefa4d0 22998       3       java.lang.Module::isOpen (18 bytes)
Event: 2209.992 Thread 0x00000240ffefa4d0 nmethod 22998 0x0000024081371c10 code [0x0000024081371e00, 0x0000024081372208]
Event: 2209.992 Thread 0x00000240ffefa4d0 22999       3       java.lang.ProcessEnvironment::put (13 bytes)
Event: 2209.993 Thread 0x00000240ffefa4d0 nmethod 22999 0x0000024080224890 code [0x0000024080224a80, 0x0000024080224f88]
Event: 2209.995 Thread 0x00000240ffefa4d0 23000       3       jdk.internal.reflect.UnsafeQualifiedStaticObjectFieldAccessorImpl::get (15 bytes)
Event: 2209.996 Thread 0x00000240ffefa4d0 nmethod 23000 0x0000024081fcac90 code [0x0000024081fcae20, 0x0000024081fcaf98]
Event: 2209.997 Thread 0x00000240ffefa4d0 23001       3       java.lang.ProcessEnvironment::validateValue (43 bytes)
Event: 2209.997 Thread 0x00000240ffefa4d0 nmethod 23001 0x0000024080223910 code [0x0000024080223ba0, 0x0000024080224508]
Event: 2210.287 Thread 0x00000240ffef5e70 23002       4       org.gradle.internal.service.DefaultServiceRegistry$OwnServices::add (82 bytes)
Event: 2210.480 Thread 0x00000240ffefa4d0 23003       3       org.gradle.internal.service.DefaultServiceRegistry$1::addProvider (10 bytes)
Event: 2210.485 Thread 0x00000240ffefa4d0 nmethod 23003 0x0000024080222f10 code [0x0000024080223120, 0x00000240802236b8]
Event: 2210.491 Thread 0x00000240ffefa4d0 23004       1       org.gradle.internal.service.DefaultServiceRegistry$CollectionService::get (5 bytes)
Event: 2210.491 Thread 0x00000240ffefa4d0 nmethod 23004 0x000002409049bf90 code [0x000002409049c120, 0x000002409049c1f8]

GC Heap History (20 events):
Event: 115.306 GC heap before
{Heap before GC invocations=53 (full 0):
 garbage-first heap   total 499712K, used 419288K [0x0000000600000000, 0x0000000800000000)
  region size 4096K, 51 young (208896K), 4 survivors (16384K)
 Metaspace       used 109340K, committed 110336K, reserved 1179648K
  class space    used 15093K, committed 15552K, reserved 1048576K
}
Event: 115.328 GC heap after
{Heap after GC invocations=54 (full 0):
 garbage-first heap   total 602112K, used 233129K [0x0000000600000000, 0x0000000800000000)
  region size 4096K, 4 young (16384K), 4 survivors (16384K)
 Metaspace       used 109340K, committed 110336K, reserved 1179648K
  class space    used 15093K, committed 15552K, reserved 1048576K
}
Event: 116.106 GC heap before
{Heap before GC invocations=54 (full 0):
 garbage-first heap   total 602112K, used 302761K [0x0000000600000000, 0x0000000800000000)
  region size 4096K, 22 young (90112K), 4 survivors (16384K)
 Metaspace       used 110683K, committed 111680K, reserved 1179648K
  class space    used 15348K, committed 15808K, reserved 1048576K
}
Event: 116.131 GC heap after
{Heap after GC invocations=55 (full 0):
 garbage-first heap   total 602112K, used 235697K [0x0000000600000000, 0x0000000800000000)
  region size 4096K, 5 young (20480K), 5 survivors (20480K)
 Metaspace       used 110683K, committed 111680K, reserved 1179648K
  class space    used 15348K, committed 15808K, reserved 1048576K
}
Event: 119.572 GC heap before
{Heap before GC invocations=56 (full 0):
 garbage-first heap   total 602112K, used 514225K [0x0000000600000000, 0x0000000800000000)
  region size 4096K, 73 young (299008K), 5 survivors (20480K)
 Metaspace       used 115699K, committed 116800K, reserved 1179648K
  class space    used 15930K, committed 16448K, reserved 1048576K
}
Event: 119.616 GC heap after
{Heap after GC invocations=57 (full 0):
 garbage-first heap   total 602112K, used 246756K [0x0000000600000000, 0x0000000800000000)
  region size 4096K, 7 young (28672K), 7 survivors (28672K)
 Metaspace       used 115699K, committed 116800K, reserved 1179648K
  class space    used 15930K, committed 16448K, reserved 1048576K
}
Event: 119.785 GC heap before
{Heap before GC invocations=57 (full 0):
 garbage-first heap   total 602112K, used 250852K [0x0000000600000000, 0x0000000800000000)
  region size 4096K, 8 young (32768K), 7 survivors (28672K)
 Metaspace       used 115747K, committed 116928K, reserved 1179648K
  class space    used 15938K, committed 16448K, reserved 1048576K
}
Event: 119.830 GC heap after
{Heap after GC invocations=58 (full 0):
 garbage-first heap   total 602112K, used 248453K [0x0000000600000000, 0x0000000800000000)
  region size 4096K, 1 young (4096K), 1 survivors (4096K)
 Metaspace       used 115747K, committed 116928K, reserved 1179648K
  class space    used 15938K, committed 16448K, reserved 1048576K
}
Event: 213.279 GC heap before
{Heap before GC invocations=58 (full 0):
 garbage-first heap   total 602112K, used 502405K [0x0000000600000000, 0x0000000800000000)
  region size 4096K, 63 young (258048K), 1 survivors (4096K)
 Metaspace       used 118453K, committed 119680K, reserved 1179648K
  class space    used 16175K, committed 16704K, reserved 1048576K
}
Event: 213.292 GC heap after
{Heap after GC invocations=59 (full 0):
 garbage-first heap   total 602112K, used 255145K [0x0000000600000000, 0x0000000800000000)
  region size 4096K, 3 young (12288K), 3 survivors (12288K)
 Metaspace       used 118453K, committed 119680K, reserved 1179648K
  class space    used 16175K, committed 16704K, reserved 1048576K
}
Event: 214.702 GC heap before
{Heap before GC invocations=60 (full 0):
 garbage-first heap   total 614400K, used 500905K [0x0000000600000000, 0x0000000800000000)
  region size 4096K, 63 young (258048K), 3 survivors (12288K)
 Metaspace       used 118344K, committed 119680K, reserved 1179648K
  class space    used 16131K, committed 16704K, reserved 1048576K
}
Event: 214.741 GC heap after
{Heap after GC invocations=61 (full 0):
 garbage-first heap   total 614400K, used 271988K [0x0000000600000000, 0x0000000800000000)
  region size 4096K, 7 young (28672K), 7 survivors (28672K)
 Metaspace       used 118344K, committed 119680K, reserved 1179648K
  class space    used 16131K, committed 16704K, reserved 1048576K
}
Event: 214.748 GC heap before
{Heap before GC invocations=61 (full 0):
 garbage-first heap   total 614400K, used 276084K [0x0000000600000000, 0x0000000800000000)
  region size 4096K, 8 young (32768K), 7 survivors (28672K)
 Metaspace       used 118344K, committed 119680K, reserved 1179648K
  class space    used 16131K, committed 16704K, reserved 1048576K
}
Event: 214.792 GC heap after
{Heap after GC invocations=62 (full 0):
 garbage-first heap   total 1126400K, used 273200K [0x0000000600000000, 0x0000000800000000)
  region size 4096K, 1 young (4096K), 1 survivors (4096K)
 Metaspace       used 118344K, committed 119680K, reserved 1179648K
  class space    used 16131K, committed 16704K, reserved 1048576K
}
Event: 217.914 GC heap before
{Heap before GC invocations=62 (full 0):
 garbage-first heap   total 1126400K, used 895792K [0x0000000600000000, 0x0000000800000000)
  region size 4096K, 153 young (626688K), 1 survivors (4096K)
 Metaspace       used 118361K, committed 119680K, reserved 1179648K
  class space    used 16132K, committed 16704K, reserved 1048576K
}
Event: 217.927 GC heap after
{Heap after GC invocations=63 (full 0):
 garbage-first heap   total 1126400K, used 278715K [0x0000000600000000, 0x0000000800000000)
  region size 4096K, 3 young (12288K), 3 survivors (12288K)
 Metaspace       used 118361K, committed 119680K, reserved 1179648K
  class space    used 16132K, committed 16704K, reserved 1048576K
}
Event: 221.705 GC heap before
{Heap before GC invocations=63 (full 0):
 garbage-first heap   total 1126400K, used 934075K [0x0000000600000000, 0x0000000800000000)
  region size 4096K, 163 young (667648K), 3 survivors (12288K)
 Metaspace       used 118371K, committed 119680K, reserved 1179648K
  class space    used 16133K, committed 16704K, reserved 1048576K
}
Event: 221.723 GC heap after
{Heap after GC invocations=64 (full 0):
 garbage-first heap   total 1126400K, used 282066K [0x0000000600000000, 0x0000000800000000)
  region size 4096K, 4 young (16384K), 4 survivors (16384K)
 Metaspace       used 118371K, committed 119680K, reserved 1179648K
  class space    used 16133K, committed 16704K, reserved 1048576K
}
Event: 227.666 GC heap before
{Heap before GC invocations=64 (full 0):
 garbage-first heap   total 1126400K, used 941522K [0x0000000600000000, 0x0000000800000000)
  region size 4096K, 165 young (675840K), 4 survivors (16384K)
 Metaspace       used 118390K, committed 119680K, reserved 1179648K
  class space    used 16134K, committed 16704K, reserved 1048576K
}
Event: 227.687 GC heap after
{Heap after GC invocations=65 (full 0):
 garbage-first heap   total 1126400K, used 284579K [0x0000000600000000, 0x0000000800000000)
  region size 4096K, 4 young (16384K), 4 survivors (16384K)
 Metaspace       used 118390K, committed 119680K, reserved 1179648K
  class space    used 16134K, committed 16704K, reserved 1048576K
}

Dll operation events (16 events):
Event: 0.017 Loaded shared library D:\java\jdk-17\bin\java.dll
Event: 0.035 Loaded shared library D:\java\jdk-17\bin\jsvml.dll
Event: 0.109 Loaded shared library D:\java\jdk-17\bin\zip.dll
Event: 0.112 Loaded shared library D:\java\jdk-17\bin\instrument.dll
Event: 0.120 Loaded shared library D:\java\jdk-17\bin\net.dll
Event: 0.127 Loaded shared library D:\java\jdk-17\bin\nio.dll
Event: 0.129 Loaded shared library D:\java\jdk-17\bin\zip.dll
Event: 0.483 Loaded shared library D:\java\jdk-17\bin\jimage.dll
Event: 0.721 Loaded shared library D:\java\jdk-17\bin\verify.dll
Event: 0.976 Loaded shared library C:\Users\Shekhani Laptops\.gradle\native\1def1411415f61bf3af743bc5b6707747c0891f09f0c88961ee8f79bc544acac\windows-amd64\native-platform.dll
Event: 0.994 Loaded shared library C:\Users\Shekhani Laptops\.gradle\native\0.2.5\x86_64-windows-gnu\gradle-fileevents.dll
Event: 2.576 Loaded shared library D:\java\jdk-17\bin\management.dll
Event: 2.581 Loaded shared library D:\java\jdk-17\bin\management_ext.dll
Event: 2.939 Loaded shared library D:\java\jdk-17\bin\extnet.dll
Event: 3.394 Loaded shared library D:\java\jdk-17\bin\sunmscapi.dll
Event: 4.282 Loaded shared library C:\Users\Shekhani Laptops\AppData\Local\Temp\native-platform12454781295082166949dir\gradle-fileevents.dll

Deoptimization events (20 events):
Event: 2210.169 Thread 0x0000024151647810 Uncommon trap: trap_request=0xffffffde fr.pc=0x0000024090f544d4 relative=0x00000000000000b4
Event: 2210.169 Thread 0x0000024151647810 Uncommon trap: reason=class_check action=maybe_recompile pc=0x0000024090f544d4 method=java.util.stream.IntPipeline$10$1.accept(I)V @ 8 c2
Event: 2210.169 Thread 0x0000024151647810 DEOPT PACKING pc=0x0000024090f544d4 sp=0x00000090d6cfdf60
Event: 2210.169 Thread 0x0000024151647810 DEOPT UNPACKING pc=0x000002408fd869a3 sp=0x00000090d6cfdef8 mode 2
Event: 2210.169 Thread 0x0000024151647810 Uncommon trap: trap_request=0xffffffde fr.pc=0x00000240905d3980 relative=0x00000000000002a0
Event: 2210.169 Thread 0x0000024151647810 Uncommon trap: reason=class_check action=maybe_recompile pc=0x00000240905d3980 method=java.util.stream.AbstractPipeline.copyIntoWithCancel(Ljava/util/stream/Sink;Ljava/util/Spliterator;)Z @ 32 c2
Event: 2210.169 Thread 0x0000024151647810 DEOPT PACKING pc=0x00000240905d3980 sp=0x00000090d6cfe130
Event: 2210.169 Thread 0x0000024151647810 DEOPT UNPACKING pc=0x000002408fd869a3 sp=0x00000090d6cfe050 mode 2
Event: 2210.181 Thread 0x0000024151647810 Uncommon trap: trap_request=0xffffff45 fr.pc=0x0000024090c0db80 relative=0x0000000000000060
Event: 2210.182 Thread 0x0000024151647810 Uncommon trap: reason=unstable_if action=reinterpret pc=0x0000024090c0db80 method=org.gradle.workers.internal.WorkerDaemonClientsManager$LogLevelChangeEventListener.onOutput(Lorg/gradle/internal/logging/events/OutputEvent;)V @ 4 c2
Event: 2210.182 Thread 0x0000024151647810 DEOPT PACKING pc=0x0000024090c0db80 sp=0x00000090d6cfe2c0
Event: 2210.182 Thread 0x0000024151647810 DEOPT UNPACKING pc=0x000002408fd869a3 sp=0x00000090d6cfe258 mode 2
Event: 2210.430 Thread 0x0000024151647810 Uncommon trap: trap_request=0xfffffff4 fr.pc=0x0000024091101bb0 relative=0x0000000000000530
Event: 2210.430 Thread 0x0000024151647810 Uncommon trap: reason=null_check action=make_not_entrant pc=0x0000024091101bb0 method=org.gradle.internal.operations.DefaultBuildOperationRunner.getCurrentBuildOperation()Lorg/gradle/internal/operations/BuildOperationState; @ 7 c2
Event: 2210.430 Thread 0x0000024151647810 DEOPT PACKING pc=0x0000024091101bb0 sp=0x00000090d6cfda70
Event: 2210.430 Thread 0x0000024151647810 DEOPT UNPACKING pc=0x000002408fd869a3 sp=0x00000090d6cfda00 mode 2
Event: 2210.459 Thread 0x0000024151647810 Uncommon trap: trap_request=0xffffff45 fr.pc=0x000002409066c9e4 relative=0x00000000000000c4
Event: 2210.459 Thread 0x0000024151647810 Uncommon trap: reason=unstable_if action=reinterpret pc=0x000002409066c9e4 method=jdk.internal.misc.Unsafe.convEndian(ZJ)J @ 4 c2
Event: 2210.459 Thread 0x0000024151647810 DEOPT PACKING pc=0x000002409066c9e4 sp=0x00000090d6cfd4f0
Event: 2210.460 Thread 0x0000024151647810 DEOPT UNPACKING pc=0x000002408fd869a3 sp=0x00000090d6cfd248 mode 2

Classes loaded (20 events):
Event: 273.790 Loading class java/util/concurrent/ConcurrentHashMap$EntrySpliterator
Event: 273.790 Loading class java/util/concurrent/ConcurrentHashMap$EntrySpliterator done
Event: 273.825 Loading class sun/nio/fs/WindowsSecurity$Privilege
Event: 273.826 Loading class sun/nio/fs/WindowsSecurity$Privilege done
Event: 274.385 Loading class java/util/Collections$EmptyListIterator
Event: 274.385 Loading class java/util/Collections$EmptyListIterator done
Event: 274.450 Loading class java/util/Locale$1
Event: 274.450 Loading class java/util/Locale$1 done
Event: 274.471 Loading class java/net/UrlDeserializedState
Event: 274.471 Loading class java/net/UrlDeserializedState done
Event: 274.475 Loading class java/util/concurrent/CompletableFuture$AsyncRun
Event: 274.475 Loading class java/util/concurrent/CompletableFuture$AsyncRun done
Event: 2210.034 Loading class jdk/internal/math/FormattedFloatingDecimal$Form
Event: 2210.051 Loading class jdk/internal/math/FormattedFloatingDecimal$Form done
Event: 2210.053 Loading class jdk/internal/math/FormattedFloatingDecimal
Event: 2210.078 Loading class jdk/internal/math/FormattedFloatingDecimal done
Event: 2210.084 Loading class jdk/internal/math/FormattedFloatingDecimal$1
Event: 2210.090 Loading class jdk/internal/math/FormattedFloatingDecimal$1 done
Event: 2210.141 Loading class jdk/internal/math/FormattedFloatingDecimal$2
Event: 2210.143 Loading class jdk/internal/math/FormattedFloatingDecimal$2 done

Classes unloaded (20 events):
Event: 213.781 Thread 0x00000240ffed68d0 Unloading class 0x0000024101ffa000 '_BuildScript_$_run_closure2$_closure7'
Event: 213.781 Thread 0x00000240ffed68d0 Unloading class 0x0000024101ff9bb8 '_BuildScript_$_run_closure2$_closure6'
Event: 213.781 Thread 0x00000240ffed68d0 Unloading class 0x0000024101ff97d0 '_BuildScript_$_run_closure2$_closure5'
Event: 213.781 Thread 0x00000240ffed68d0 Unloading class 0x0000024101ff93e8 '_BuildScript_$_run_closure2$_closure4'
Event: 213.781 Thread 0x00000240ffed68d0 Unloading class 0x0000024101ff9000 '_BuildScript_$_run_closure2'
Event: 213.781 Thread 0x00000240ffed68d0 Unloading class 0x0000024101ff8920 '_BuildScript_$_run_closure1$_closure3'
Event: 213.781 Thread 0x00000240ffed68d0 Unloading class 0x0000024101ff8538 '_BuildScript_$_run_closure1'
Event: 213.781 Thread 0x00000240ffed68d0 Unloading class 0x0000024101ff8000 '_BuildScript_'
Event: 213.781 Thread 0x00000240ffed68d0 Unloading class 0x0000024101ff0c00 '_BuildScript_$_run_closure1$_closure3'
Event: 213.781 Thread 0x00000240ffed68d0 Unloading class 0x0000024101ff4920 '_BuildScript_$_run_closure1$_closure2'
Event: 213.781 Thread 0x00000240ffed68d0 Unloading class 0x0000024101ff4538 '_BuildScript_$_run_closure1'
Event: 213.781 Thread 0x00000240ffed68d0 Unloading class 0x0000024101ff4000 '_BuildScript_'
Event: 213.781 Thread 0x00000240ffed68d0 Unloading class 0x0000024101fe5770 '_BuildScript_$_run_closure2$_closure7'
Event: 213.781 Thread 0x00000240ffed68d0 Unloading class 0x0000024101fe5388 '_BuildScript_$_run_closure2$_closure6'
Event: 213.781 Thread 0x00000240ffed68d0 Unloading class 0x0000024101fe4fa0 '_BuildScript_$_run_closure2$_closure5'
Event: 213.781 Thread 0x00000240ffed68d0 Unloading class 0x0000024101fe4bb8 '_BuildScript_$_run_closure2'
Event: 213.781 Thread 0x00000240ffed68d0 Unloading class 0x0000024101fe47d0 '_BuildScript_$_run_closure1$_closure3$_closure4'
Event: 213.781 Thread 0x00000240ffed68d0 Unloading class 0x0000024101fe43e8 '_BuildScript_$_run_closure1$_closure3'
Event: 213.781 Thread 0x00000240ffed68d0 Unloading class 0x0000024101fe4000 '_BuildScript_$_run_closure1'
Event: 213.781 Thread 0x00000240ffed68d0 Unloading class 0x0000024101fd8800 '_BuildScript_'

Classes redefined (0 events):
No events

Internal exceptions (20 events):
Event: 273.698 Thread 0x0000024146e4a060 Implicit null exception at 0x0000024091203600 to 0x00000240912045fc
Event: 273.818 Thread 0x000002414c559660 Exception <a 'sun/nio/fs/WindowsException'{0x0000000635f16c80}> (0x0000000635f16c80) 
thrown [s\src\hotspot\share\prims\jni.cpp, line 516]
Event: 273.819 Thread 0x000002414c559660 Exception <a 'sun/nio/fs/WindowsException'{0x0000000635f16e90}> (0x0000000635f16e90) 
thrown [s\src\hotspot\share\prims\jni.cpp, line 516]
Event: 273.828 Thread 0x000002414c559660 Exception <a 'sun/nio/fs/WindowsException'{0x0000000635f27e10}> (0x0000000635f27e10) 
thrown [s\src\hotspot\share\prims\jni.cpp, line 516]
Event: 273.830 Thread 0x0000024146e4a060 Implicit null exception at 0x000002409038c0e0 to 0x000002409038c277
Event: 273.843 Thread 0x0000024146e4a060 Exception <a 'java/lang/NoSuchMethodError'{0x00000006351f0640}: 'void java.lang.invoke.DirectMethodHandle$Holder.invokeStatic(java.lang.Object, int, java.lang.Object)'> (0x00000006351f0640) 
thrown [s\src\hotspot\share\interpreter\linkResolver.cpp, line 759]
Event: 273.847 Thread 0x0000024146e4a060 Implicit null exception at 0x0000024090562d60 to 0x0000024090562eed
Event: 273.848 Thread 0x0000024146e4a060 Implicit null exception at 0x0000024090795c80 to 0x0000024090795eb8
Event: 274.325 Thread 0x0000024146e4a060 Implicit null exception at 0x00000240911c0274 to 0x00000240911c098c
Event: 274.406 Thread 0x0000024146e4a060 Implicit null exception at 0x00000240907c1faf to 0x00000240907c2000
Event: 274.407 Thread 0x0000024146e4a060 Implicit null exception at 0x0000024090c59c2f to 0x0000024090c59c80
Event: 274.409 Thread 0x0000024146e4a060 Exception <a 'sun/nio/fs/WindowsException'{0x00000006347f11d8}> (0x00000006347f11d8) 
thrown [s\src\hotspot\share\prims\jni.cpp, line 516]
Event: 274.467 Thread 0x0000024146f220a0 Exception <a 'java/lang/NoSuchMethodError'{0x0000000631c23560}: static Lorg/gradle/tooling/internal/provider/serialization/ClassLoaderDetails;.<clinit>()V> (0x0000000631c23560) 
thrown [s\src\hotspot\share\prims\jni.cpp, line 1112]
Event: 274.468 Thread 0x0000024146f220a0 Exception <a 'java/lang/NoSuchMethodError'{0x0000000631c35c50}: static Lorg/gradle/tooling/internal/provider/serialization/WellKnownClassLoaderRegistry$KnownClassLoaderSpec;.<clinit>()V> (0x0000000631c35c50) 
thrown [s\src\hotspot\share\prims\jni.cpp, line 1112]
Event: 274.468 Thread 0x0000024146f220a0 Exception <a 'java/lang/NoSuchMethodError'{0x0000000631c372c8}: static Lorg/gradle/internal/classloader/ClassLoaderSpec;.<clinit>()V> (0x0000000631c372c8) 
thrown [s\src\hotspot\share\prims\jni.cpp, line 1112]
Event: 274.470 Thread 0x0000024146f220a0 Exception <a 'java/lang/NoSuchMethodError'{0x0000000631c49b40}: static Lorg/gradle/internal/classloader/ClassLoaderSpec;.<clinit>()V> (0x0000000631c49b40) 
thrown [s\src\hotspot\share\prims\jni.cpp, line 1112]
Event: 274.470 Thread 0x0000024146f220a0 Exception <a 'java/lang/NoSuchMethodError'{0x0000000631c55c78}: static Lorg/gradle/internal/classloader/VisitableURLClassLoader$Spec;.<clinit>()V> (0x0000000631c55c78) 
thrown [s\src\hotspot\share\prims\jni.cpp, line 1112]
Event: 274.479 Thread 0x0000024151647810 Exception <a 'sun/nio/fs/WindowsException'{0x0000000631e13078}> (0x0000000631e13078) 
thrown [s\src\hotspot\share\prims\jni.cpp, line 516]
Event: 274.479 Thread 0x0000024151647810 Exception <a 'sun/nio/fs/WindowsException'{0x0000000631e13f28}> (0x0000000631e13f28) 
thrown [s\src\hotspot\share\prims\jni.cpp, line 516]
Event: 2210.429 Thread 0x0000024151647810 Implicit null exception at 0x00000240911017a8 to 0x0000024091101b9e

VM Operations (20 events):
Event: 1294.074 Executing VM operation: Cleanup
Event: 1294.074 Executing VM operation: Cleanup done
Event: 1332.388 Executing VM operation: Cleanup
Event: 1332.388 Executing VM operation: Cleanup done
Event: 1373.666 Executing VM operation: Cleanup
Event: 1373.666 Executing VM operation: Cleanup done
Event: 1383.741 Executing VM operation: Cleanup
Event: 1383.741 Executing VM operation: Cleanup done
Event: 1393.798 Executing VM operation: Cleanup
Event: 1393.798 Executing VM operation: Cleanup done
Event: 1513.652 Executing VM operation: Cleanup
Event: 1513.652 Executing VM operation: Cleanup done
Event: 1883.507 Executing VM operation: Cleanup
Event: 1883.507 Executing VM operation: Cleanup done
Event: 1892.565 Executing VM operation: Cleanup
Event: 1892.565 Executing VM operation: Cleanup done
Event: 2063.904 Executing VM operation: Cleanup
Event: 2063.904 Executing VM operation: Cleanup done
Event: 2210.067 Executing VM operation: Cleanup
Event: 2210.083 Executing VM operation: Cleanup done

Memory protections (0 events):
No events

Nmethod flushes (20 events):
Event: 273.640 Thread 0x00000240ffeff590 flushing  nmethod 0x00000240812aee90
Event: 273.644 Thread 0x00000240ffeff590 flushing  nmethod 0x0000024081694190
Event: 273.644 Thread 0x00000240ffeff590 flushing  nmethod 0x000002408169c190
Event: 273.645 Thread 0x00000240ffeff590 flushing  nmethod 0x00000240816ff690
Event: 273.645 Thread 0x00000240ffeff590 flushing  nmethod 0x00000240817e5c10
Event: 273.647 Thread 0x00000240ffeff590 flushing  nmethod 0x0000024081922290
Event: 273.647 Thread 0x00000240ffeff590 flushing  nmethod 0x0000024081922910
Event: 273.649 Thread 0x00000240ffeff590 flushing  nmethod 0x0000024081b2bf90
Event: 273.649 Thread 0x00000240ffeff590 flushing  nmethod 0x0000024081b83b10
Event: 273.650 Thread 0x00000240ffeff590 flushing  nmethod 0x0000024081c75790
Event: 273.652 Thread 0x00000240ffeff590 flushing  nmethod 0x0000024081e5be90
Event: 273.652 Thread 0x00000240ffeff590 flushing  nmethod 0x0000024081e6a790
Event: 273.653 Thread 0x00000240ffeff590 flushing  nmethod 0x0000024081f86510
Event: 273.653 Thread 0x00000240ffeff590 flushing  nmethod 0x0000024081f86b10
Event: 273.653 Thread 0x00000240ffeff590 flushing  nmethod 0x0000024081f87510
Event: 273.653 Thread 0x00000240ffeff590 flushing  nmethod 0x0000024081fab210
Event: 273.654 Thread 0x00000240ffeff590 flushing  nmethod 0x0000024081fcac90
Event: 273.654 Thread 0x00000240ffeff590 flushing  nmethod 0x0000024081fe1310
Event: 273.654 Thread 0x00000240ffeff590 flushing  nmethod 0x000002408205be90
Event: 273.655 Thread 0x00000240ffeff590 flushing  nmethod 0x0000024082144890

Events (20 events):
Event: 274.431 Thread 0x0000024146e4a570 Thread exited: 0x0000024146e4a570
Event: 274.432 Thread 0x0000024146e4bec0 Thread exited: 0x0000024146e4bec0
Event: 274.448 Thread 0x0000024146e4c8e0 Thread exited: 0x0000024146e4c8e0
Event: 274.475 Thread 0x0000024146f220a0 Thread added: 0x0000024151647810
Event: 274.476 Thread 0x0000024146e4d810 Thread exited: 0x0000024146e4d810
Event: 274.565 Thread 0x0000024146f22580 Thread exited: 0x0000024146f22580
Event: 274.605 Thread 0x000002414a878a30 Thread exited: 0x000002414a878a30
Event: 274.892 Thread 0x00000240ffefa4d0 Thread added: 0x000002414a875fb0
Event: 279.956 Thread 0x000002414a875fb0 Thread exited: 0x000002414a875fb0
Event: 333.682 Thread 0x0000024151648230 Thread exited: 0x0000024151648230
Event: 334.459 Thread 0x0000024146e4a060 Thread exited: 0x0000024146e4a060
Event: 334.574 Thread 0x0000024146f220a0 Thread exited: 0x0000024146f220a0
Event: 334.940 Thread 0x0000024151647810 Thread exited: 0x0000024151647810
Event: 2209.808 Thread 0x0000024145ff3720 Thread added: 0x000002415164a5a0
Event: 2209.818 Thread 0x000002415164a5a0 Thread added: 0x000002415164aab0
Event: 2209.905 Thread 0x000002415164a5a0 Thread added: 0x000002415164afc0
Event: 2209.944 Thread 0x000002415164a5a0 Thread added: 0x0000024151647810
Event: 2210.004 Thread 0x0000024151647810 Thread added: 0x0000024151648c50
Event: 2210.177 Thread 0x0000024151647810 Thread added: 0x0000024151649b80
Event: 2210.179 Thread 0x0000024151647810 Thread added: 0x0000024151647d20


Dynamic libraries:
0x00007ff70cd90000 - 0x00007ff70cd9e000 	D:\java\jdk-17\bin\java.exe
0x00007ff9fd1b0000 - 0x00007ff9fd3a8000 	C:\WINDOWS\SYSTEM32\ntdll.dll
0x00007ff9fbe00000 - 0x00007ff9fbec2000 	C:\WINDOWS\System32\KERNEL32.DLL
0x00007ff9faab0000 - 0x00007ff9fada6000 	C:\WINDOWS\System32\KERNELBASE.dll
0x00007ff9fb0d0000 - 0x00007ff9fb1d0000 	C:\WINDOWS\System32\ucrtbase.dll
0x00007ff9e5dd0000 - 0x00007ff9e5dee000 	D:\java\jdk-17\bin\VCRUNTIME140.dll
0x00007ff9e5b30000 - 0x00007ff9e5b48000 	D:\java\jdk-17\bin\jli.dll
0x00007ff9fc9d0000 - 0x00007ff9fcb71000 	C:\WINDOWS\System32\USER32.dll
0x00007ff9fa920000 - 0x00007ff9fa942000 	C:\WINDOWS\System32\win32u.dll
0x00007ff9fc100000 - 0x00007ff9fc12b000 	C:\WINDOWS\System32\GDI32.dll
0x00007ff9e70d0000 - 0x00007ff9e736b000 	C:\WINDOWS\WinSxS\amd64_microsoft.windows.common-controls_6595b64144ccf1df_6.0.19041.6456_none_60b8a6cb71f64256\COMCTL32.dll
0x00007ff9fafb0000 - 0x00007ff9fb0c9000 	C:\WINDOWS\System32\gdi32full.dll
0x00007ff9faf10000 - 0x00007ff9fafad000 	C:\WINDOWS\System32\msvcp_win.dll
0x00007ff9fc000000 - 0x00007ff9fc09e000 	C:\WINDOWS\System32\msvcrt.dll
0x00007ff9fb1d0000 - 0x00007ff9fb1ff000 	C:\WINDOWS\System32\IMM32.DLL
0x000000006dfd0000 - 0x000000006dfdc000 	C:\Program Files (x86)\360\Total Security\safemon\SafeWrapper.dll
0x00007ff9fc8e0000 - 0x00007ff9fc991000 	C:\WINDOWS\System32\ADVAPI32.dll
0x00007ff9fbee0000 - 0x00007ff9fbf7f000 	C:\WINDOWS\System32\sechost.dll
0x00007ff9fd050000 - 0x00007ff9fd170000 	C:\WINDOWS\System32\RPCRT4.dll
0x00007ff9faa80000 - 0x00007ff9faaa7000 	C:\WINDOWS\System32\bcrypt.dll
0x00007ff99e8e0000 - 0x00007ff99e98c000 	C:\Program Files (x86)\360\Total Security\safemon\libzdtp64.dll
0x00007ff9fb500000 - 0x00007ff9fbc70000 	C:\WINDOWS\System32\SHELL32.dll
0x00007ff9fc0a0000 - 0x00007ff9fc0fb000 	C:\WINDOWS\System32\SHLWAPI.dll
0x00007ff9fa2c0000 - 0x00007ff9fa2ca000 	C:\WINDOWS\SYSTEM32\VERSION.dll
0x00007ff9e51b0000 - 0x00007ff9e51bc000 	D:\java\jdk-17\bin\vcruntime140_1.dll
0x00007ff9d5bd0000 - 0x00007ff9d5c5d000 	D:\java\jdk-17\bin\msvcp140.dll
0x00007ff9abd60000 - 0x00007ff9ac9cb000 	D:\java\jdk-17\bin\server\jvm.dll
0x00007ff9fc870000 - 0x00007ff9fc8db000 	C:\WINDOWS\System32\WS2_32.dll
0x00007ff9fa6a0000 - 0x00007ff9fa6eb000 	C:\WINDOWS\SYSTEM32\POWRPROF.dll
0x00007ff9f16b0000 - 0x00007ff9f16d7000 	C:\WINDOWS\SYSTEM32\WINMM.dll
0x00007ff9fa680000 - 0x00007ff9fa692000 	C:\WINDOWS\SYSTEM32\UMPDC.dll
0x00007ff9f8fe0000 - 0x00007ff9f8ff2000 	C:\WINDOWS\SYSTEM32\kernel.appcore.dll
0x00007ff9e51a0000 - 0x00007ff9e51aa000 	D:\java\jdk-17\bin\jimage.dll
0x00007ff9f44e0000 - 0x00007ff9f46e1000 	C:\WINDOWS\SYSTEM32\DBGHELP.DLL
0x00007ff9ec6b0000 - 0x00007ff9ec6e4000 	C:\WINDOWS\SYSTEM32\dbgcore.DLL
0x00007ff9fa890000 - 0x00007ff9fa912000 	C:\WINDOWS\System32\bcryptPrimitives.dll
0x00007ff9e5190000 - 0x00007ff9e519e000 	D:\java\jdk-17\bin\instrument.dll
0x00007ff9e5160000 - 0x00007ff9e5185000 	D:\java\jdk-17\bin\java.dll
0x00007ff9d4930000 - 0x00007ff9d4a07000 	D:\java\jdk-17\bin\jsvml.dll
0x00007ff9f87d0000 - 0x00007ff9f8f75000 	C:\WINDOWS\SYSTEM32\windows.storage.dll
0x00007ff9fc380000 - 0x00007ff9fc6d4000 	C:\WINDOWS\System32\combase.dll
0x00007ff9fa120000 - 0x00007ff9fa14b000 	C:\WINDOWS\SYSTEM32\Wldp.dll
0x00007ff9fb2b0000 - 0x00007ff9fb37d000 	C:\WINDOWS\System32\OLEAUT32.dll
0x00007ff9fbd50000 - 0x00007ff9fbdfd000 	C:\WINDOWS\System32\SHCORE.dll
0x00007ff9fa770000 - 0x00007ff9fa794000 	C:\WINDOWS\SYSTEM32\profapi.dll
0x00007ff9d5d60000 - 0x00007ff9d5d78000 	D:\java\jdk-17\bin\zip.dll
0x00007ff9d5d40000 - 0x00007ff9d5d5a000 	D:\java\jdk-17\bin\net.dll
0x00007ff9e7370000 - 0x00007ff9e747a000 	C:\WINDOWS\SYSTEM32\WINHTTP.dll
0x00007ff9f9e80000 - 0x00007ff9f9eea000 	C:\WINDOWS\system32\mswsock.dll
0x00007ff9d5d20000 - 0x00007ff9d5d36000 	D:\java\jdk-17\bin\nio.dll
0x00007ff9e5150000 - 0x00007ff9e5160000 	D:\java\jdk-17\bin\verify.dll
0x00007ff9e5df0000 - 0x00007ff9e5e17000 	C:\Users\Shekhani Laptops\.gradle\native\1def1411415f61bf3af743bc5b6707747c0891f09f0c88961ee8f79bc544acac\windows-amd64\native-platform.dll
0x000000006ddd0000 - 0x000000006de43000 	C:\Users\Shekhani Laptops\.gradle\native\0.2.5\x86_64-windows-gnu\gradle-fileevents.dll
0x00007ff9e50a0000 - 0x00007ff9e50aa000 	D:\java\jdk-17\bin\management.dll
0x00007ff9e36c0000 - 0x00007ff9e36cc000 	D:\java\jdk-17\bin\management_ext.dll
0x00007ff9fbed0000 - 0x00007ff9fbed8000 	C:\WINDOWS\System32\PSAPI.DLL
0x00007ff9fa080000 - 0x00007ff9fa098000 	C:\WINDOWS\SYSTEM32\CRYPTSP.dll
0x00007ff9f97a0000 - 0x00007ff9f97d8000 	C:\WINDOWS\system32\rsaenh.dll
0x00007ff9fa6f0000 - 0x00007ff9fa71e000 	C:\WINDOWS\SYSTEM32\USERENV.dll
0x00007ff9fa070000 - 0x00007ff9fa07c000 	C:\WINDOWS\SYSTEM32\CRYPTBASE.dll
0x00007ff9f9b60000 - 0x00007ff9f9b9b000 	C:\WINDOWS\SYSTEM32\IPHLPAPI.DLL
0x00007ff9fc9c0000 - 0x00007ff9fc9c8000 	C:\WINDOWS\System32\NSI.dll
0x00007ff9ec1e0000 - 0x00007ff9ec1f7000 	C:\WINDOWS\SYSTEM32\dhcpcsvc6.DLL
0x00007ff9ec690000 - 0x00007ff9ec6ad000 	C:\WINDOWS\SYSTEM32\dhcpcsvc.DLL
0x00007ff9f9ba0000 - 0x00007ff9f9c6a000 	C:\WINDOWS\SYSTEM32\DNSAPI.dll
0x00007ff9d5d10000 - 0x00007ff9d5d19000 	D:\java\jdk-17\bin\extnet.dll
0x00007ff9d5bc0000 - 0x00007ff9d5bce000 	D:\java\jdk-17\bin\sunmscapi.dll
0x00007ff9fadb0000 - 0x00007ff9faf0d000 	C:\WINDOWS\System32\CRYPT32.dll
0x00007ff9fa190000 - 0x00007ff9fa1b7000 	C:\WINDOWS\SYSTEM32\ncrypt.dll
0x00007ff9fa150000 - 0x00007ff9fa18b000 	C:\WINDOWS\SYSTEM32\NTASN1.dll
0x00007ff9e58b0000 - 0x00007ff9e58b7000 	C:\WINDOWS\system32\wshunix.dll
0x000000006dd50000 - 0x000000006ddc3000 	C:\Users\Shekhani Laptops\AppData\Local\Temp\native-platform12454781295082166949dir\gradle-fileevents.dll
0x00007ff9e5850000 - 0x00007ff9e5867000 	C:\WINDOWS\system32\napinsp.dll
0x00007ff9e4fe0000 - 0x00007ff9e4ffb000 	C:\WINDOWS\system32\pnrpnsp.dll
0x00007ff9bcae0000 - 0x00007ff9bcafd000 	C:\WINDOWS\system32\wshbth.dll
0x00007ff9f2950000 - 0x00007ff9f296d000 	C:\WINDOWS\system32\NLAapi.dll
0x00007ff9e5870000 - 0x00007ff9e5882000 	C:\WINDOWS\System32\winrnr.dll
0x000000006e220000 - 0x000000006e246000 	C:\Program Files\Bonjour\mdnsNSP.dll
0x00007ff9e3770000 - 0x00007ff9e377a000 	C:\Windows\System32\rasadhlp.dll
0x00007ff9e39e0000 - 0x00007ff9e3a60000 	C:\WINDOWS\System32\fwpuclnt.dll
0x00007ff9f99f0000 - 0x00007ff9f9a23000 	C:\WINDOWS\SYSTEM32\ntmarta.dll

dbghelp: loaded successfully - version: 4.0.5 - missing functions: none
symbol engine: initialized successfully - sym options: 0x614 - pdb path: .;D:\java\jdk-17\bin;C:\WINDOWS\SYSTEM32;C:\WINDOWS\WinSxS\amd64_microsoft.windows.common-controls_6595b64144ccf1df_6.0.19041.6456_none_60b8a6cb71f64256;C:\Program Files (x86)\360\Total Security\safemon;D:\java\jdk-17\bin\server;C:\Users\Shekhani Laptops\.gradle\native\1def1411415f61bf3af743bc5b6707747c0891f09f0c88961ee8f79bc544acac\windows-amd64;C:\Users\Shekhani Laptops\.gradle\native\0.2.5\x86_64-windows-gnu;C:\Users\Shekhani Laptops\AppData\Local\Temp\native-platform12454781295082166949dir;C:\Program Files\Bonjour

VM Arguments:
jvm_args: --add-opens=java.base/java.lang=ALL-UNNAMED --add-opens=java.base/java.lang.invoke=ALL-UNNAMED --add-opens=java.base/java.util=ALL-UNNAMED --add-opens=java.prefs/java.util.prefs=ALL-UNNAMED --add-exports=jdk.compiler/com.sun.tools.javac.api=ALL-UNNAMED --add-exports=jdk.compiler/com.sun.tools.javac.util=ALL-UNNAMED --add-opens=java.base/java.util=ALL-UNNAMED --add-opens=java.prefs/java.util.prefs=ALL-UNNAMED --add-opens=java.base/java.nio.charset=ALL-UNNAMED --add-opens=java.base/java.net=ALL-UNNAMED --add-opens=java.base/java.util.concurrent.atomic=ALL-UNNAMED --add-opens=java.xml/javax.xml.namespace=ALL-UNNAMED -XX:MaxMetaspaceSize=4G -XX:ReservedCodeCacheSize=512m -XX:+HeapDumpOnOutOfMemoryError -Xmx8G -Dfile.encoding=UTF-8 -Duser.country=US -Duser.language=en -Duser.variant -javaagent:C:\Users\Shekhani Laptops\.gradle\wrapper\dists\gradle-8.12-all\ejduaidbjup3bmmkhw3rie4zb\gradle-8.12\lib\agents\gradle-instrumentation-agent-8.12.jar 
java_command: org.gradle.launcher.daemon.bootstrap.GradleDaemon 8.12
java_class_path (initial): C:\Users\Shekhani Laptops\.gradle\wrapper\dists\gradle-8.12-all\ejduaidbjup3bmmkhw3rie4zb\gradle-8.12\lib\gradle-daemon-main-8.12.jar
Launcher Type: SUN_STANDARD

[Global flags]
     intx CICompilerCount                          = 3                                         {product} {ergonomic}
     uint ConcGCThreads                            = 1                                         {product} {ergonomic}
     uint G1ConcRefinementThreads                  = 4                                         {product} {ergonomic}
   size_t G1HeapRegionSize                         = 4194304                                   {product} {ergonomic}
    uintx GCDrainStackTargetSize                   = 64                                        {product} {ergonomic}
     bool HeapDumpOnOutOfMemoryError               = true                                   {manageable} {command line}
   size_t InitialHeapSize                          = 134217728                                 {product} {ergonomic}
   size_t MarkStackSize                            = 4194304                                   {product} {ergonomic}
   size_t MaxHeapSize                              = 8589934592                                {product} {command line}
   size_t MaxMetaspaceSize                         = 4294967296                                {product} {command line}
   size_t MaxNewSize                               = 5150605312                                {product} {ergonomic}
   size_t MinHeapDeltaBytes                        = 4194304                                   {product} {ergonomic}
   size_t MinHeapSize                              = 8388608                                   {product} {ergonomic}
    uintx NonNMethodCodeHeapSize                   = 5832780                                {pd product} {ergonomic}
    uintx NonProfiledCodeHeapSize                  = 265519066                              {pd product} {ergonomic}
    uintx ProfiledCodeHeapSize                     = 265519066                              {pd product} {ergonomic}
    uintx ReservedCodeCacheSize                    = 536870912                              {pd product} {command line}
     bool SegmentedCodeCache                       = true                                      {product} {ergonomic}
   size_t SoftMaxHeapSize                          = 8589934592                             {manageable} {ergonomic}
   double SweeperThreshold                         = 0.234375                                  {product} {ergonomic}
     bool UseCompressedClassPointers               = true                           {product lp64_product} {ergonomic}
     bool UseCompressedOops                        = true                           {product lp64_product} {ergonomic}
     bool UseG1GC                                  = true                                      {product} {ergonomic}
     bool UseLargePagesIndividualAllocation        = false                                  {pd product} {ergonomic}

Logging:
Log output configuration:
 #0: stdout all=warning uptime,level,tags
 #1: stderr all=off uptime,level,tags

Environment Variables:
JAVA_HOME=C:\Program Files\Android\Android Studio\jbr
CLASSPATH=D:\flutter_project\smart_community_safety_app\android\\gradle\wrapper\gradle-wrapper.jar
PATH=C:\Program Files\Android\Android Studio\jbr\bin;D:\Gradle\gradle-8.11.1\bin;D:\java\jdk-17\bin;D:\java\bin;C:\Program Files\nodejs\;C:\Windows\System32;C:\Program Files\Microsoft SQL Server\Client SDK\ODBC\170\Tools\Binn\;C:\Program Files\Microsoft SQL Server\160\DTS\Binn\;C:\Program Files\Git\cmd;C:\WINDOWS\system32\WindowsPowerShell\v1.0\;C:\Program Files (x86)\Windows Kits\10\Windows Performance Toolkit\;C:\Program Files\dotnet\;C:\flutter\bin;;C:\flutter\bin\mingit\cmd
USERNAME=Shekhani Laptops
OS=Windows_NT
PROCESSOR_IDENTIFIER=Intel64 Family 6 Model 142 Stepping 9, GenuineIntel
TMP=C:\Users\SHEKHA~1\AppData\Local\Temp
TEMP=C:\Users\SHEKHA~1\AppData\Local\Temp



Periodic native trim disabled


---------------  S Y S T E M  ---------------

OS:
 Windows 10 , 64 bit Build 19041 (10.0.19041.5915)
OS uptime: 0 days 1:13 hours

CPU: total 4 (initial active 4) (2 cores per cpu, 2 threads per core) family 6 model 142 stepping 9 microcode 0xde, cx8, cmov, fxsr, ht, mmx, 3dnowpref, sse, sse2, sse3, ssse3, sse4.1, sse4.2, popcnt, lzcnt, tsc, tscinvbit, avx, avx2, aes, erms, clmul, bmi1, bmi2, rtm, adx, fma, vzeroupper, clflush, clflushopt
Processor Information for all 4 processors :
  Max Mhz: 2712, Current Mhz: 2611, Mhz Limit: 2603

Memory: 4k page, system-wide physical 8067M (443M free)
TotalPageFile size 10783M (AvailPageFile size 5M)
current process WorkingSet (physical memory assigned to process): 249M, peak: 1501M
current process commit charge ("private bytes"): 1532M, peak: 1556M

vm_info: OpenJDK 64-Bit Server VM (17.0.17+10) for windows-amd64 JRE (17.0.17+10), built on Oct 21 2025 23:25:32 by "admin" with unknown MS VC++:1942

END.
