#
# There is insufficient memory for the Java Runtime Environment to continue.
# Native memory allocation (malloc) failed to allocate 1538096 bytes. Error detail: Chunk::new
# Possible reasons:
#   The system is out of physical RAM or swap space
#   This process is running with CompressedOops enabled, and the Java Heap may be blocking the growth of the native heap
# Possible solutions:
#   Reduce memory load on the system
#   Increase physical memory or swap space
#   Check if swap backing store is full
#   Decrease Java heap size (-Xmx/-Xms)
#   Decrease number of Java threads
#   Decrease Java thread stack sizes (-Xss)
#   Set larger code cache with -XX:ReservedCodeCacheSize=
#   JVM is running with Zero Based Compressed Oops mode in which the Java heap is
#     placed in the first 32GB address space. The Java Heap base address is the
#     maximum limit for the native heap growth. Please use -XX:HeapBaseMinAddress
#     to set the Java Heap base and to place the Java Heap above 32GB virtual address.
# This output file may be truncated or incomplete.
#
#  Out of Memory Error (arena.cpp:168), pid=2252, tid=16240
#
# JRE version: OpenJDK Runtime Environment (21.0.7) (build 21.0.7+-13880790-b1038.58)
# Java VM: OpenJDK 64-Bit Server VM (21.0.7+-13880790-b1038.58, mixed mode, tiered, compressed oops, compressed class ptrs, g1 gc, windows-amd64)
# No core dump will be written. Minidumps are not enabled by default on client versions of Windows
#

---------------  S U M M A R Y ------------

Command Line: --add-opens=java.base/java.lang=ALL-UNNAMED --add-opens=java.base/java.lang.invoke=ALL-UNNAMED --add-opens=java.base/java.util=ALL-UNNAMED --add-opens=java.prefs/java.util.prefs=ALL-UNNAMED --add-exports=jdk.compiler/com.sun.tools.javac.api=ALL-UNNAMED --add-exports=jdk.compiler/com.sun.tools.javac.util=ALL-UNNAMED --add-opens=java.base/java.util=ALL-UNNAMED --add-opens=java.prefs/java.util.prefs=ALL-UNNAMED --add-opens=java.base/java.nio.charset=ALL-UNNAMED --add-opens=java.base/java.net=ALL-UNNAMED --add-opens=java.base/java.util.concurrent.atomic=ALL-UNNAMED --add-opens=java.xml/javax.xml.namespace=ALL-UNNAMED -XX:MaxMetaspaceSize=4G -XX:ReservedCodeCacheSize=512m -XX:+HeapDumpOnOutOfMemoryError -Xmx8G -Dfile.encoding=UTF-8 -Duser.country=US -Duser.language=en -Duser.variant -javaagent:C:\Users\Shekhani Laptops\.gradle\wrapper\dists\gradle-8.12-all\ejduaidbjup3bmmkhw3rie4zb\gradle-8.12\lib\agents\gradle-instrumentation-agent-8.12.jar org.gradle.launcher.daemon.bootstrap.GradleDaemon 8.12

Host: Intel(R) Core(TM) i5-7300U CPU @ 2.60GHz, 4 cores, 7G,  Windows 10 , 64 bit Build 19041 (10.0.19041.5915)
Time: Thu Dec 25 13:56:13 2025 Pakistan Standard Time elapsed time: 25.444892 seconds (0d 0h 0m 25s)

---------------  T H R E A D  ---------------

Current thread (0x000001f0af271dd0):  JavaThread "C2 CompilerThread0" daemon [_thread_in_native, id=16240, stack(0x00000012e3f00000,0x00000012e4000000) (1024K)]


Current CompileTask:
C2:25444 12528       4       org.jetbrains.kotlin.load.java.structure.impl.classFiles.BinaryClassSignatureParser::parseParameterizedClassRefSignature (257 bytes)

Stack: [0x00000012e3f00000,0x00000012e4000000]
Native frames: (J=compiled Java code, j=interpreted, Vv=VM code, C=native code)
V  [jvm.dll+0x6d25c9]
V  [jvm.dll+0x860923]
V  [jvm.dll+0x862e7e]
V  [jvm.dll+0x863563]
V  [jvm.dll+0x27f156]
V  [jvm.dll+0xc002d]
V  [jvm.dll+0xc0563]
V  [jvm.dll+0x3b6d01]
V  [jvm.dll+0x382c27]
V  [jvm.dll+0x38209a]
V  [jvm.dll+0x247e72]
V  [jvm.dll+0x247441]
V  [jvm.dll+0x1c5fb4]
V  [jvm.dll+0x256bac]
V  [jvm.dll+0x2550f6]
V  [jvm.dll+0x3f1d16]
V  [jvm.dll+0x808d08]
V  [jvm.dll+0x6d0e1d]
C  [ucrtbase.dll+0x21bb2]
C  [KERNEL32.DLL+0x17374]
C  [ntdll.dll+0x4cc91]


---------------  P R O C E S S  ---------------

Threads class SMR info:
_java_thread_list=0x000001f0b95b65b0, length=69, elements={
0x000001f0fd56e9d0, 0x000001f0af222e80, 0x000001f0af224400, 0x000001f0af24c0e0,
0x000001f0af28a070, 0x000001f0af28aad0, 0x000001f0af28b530, 0x000001f0af28c360,
0x000001f0af271dd0, 0x000001f0af298410, 0x000001f0af5a9a90, 0x000001f0b51d1e90,
0x000001f0b527fea0, 0x000001f0b527eb70, 0x000001f0b4fc6270, 0x000001f0b48c8850,
0x000001f0b50b8130, 0x000001f0b52355f0, 0x000001f0b5234240, 0x000001f0b5235c80,
0x000001f0b52348d0, 0x000001f0b5234f60, 0x000001f0b52376c0, 0x000001f0b5237030,
0x000001f0b52369a0, 0x000001f0b5bfafe0, 0x000001f0b5bfc390, 0x000001f0b5bfa950,
0x000001f0b5bfca20, 0x000001f0b5bfd740, 0x000001f0b5bfb670, 0x000001f0b5bfeaf0,
0x000001f0b5bfa2c0, 0x000001f0b5bfe460, 0x000001f0b5bffea0, 0x000001f0b5c00530,
0x000001f0b5bf95a0, 0x000001f0b91dc820, 0x000001f0b91de260, 0x000001f0b91dfca0,
0x000001f0b91e09c0, 0x000001f0b91e37b0, 0x000001f0b91e1050, 0x000001f0b91df610,
0x000001f0b91e0330, 0x000001f0b91de8f0, 0x000001f0b91dd540, 0x000001f0b91e2400,
0x000001f0b80794e0, 0x000001f0b807a890, 0x000001f0b807cff0, 0x000001f0b807af20,
0x000001f0b807a200, 0x000001f0b807c2d0, 0x000001f0b8076d80, 0x000001f0b8077410,
0x000001f0b807b5b0, 0x000001f0b80766f0, 0x000001f0b80787c0, 0x000001f0b8079b70,
0x000001f0b8078e50, 0x000001f0b807d680, 0x000001f0b807bc40, 0x000001f0b807c960,
0x000001f0b8077aa0, 0x000001f0b5c3b6b0, 0x000001f0b5c39c70, 0x000001f0b5c3bd40,
0x000001f0b5c3b020
}

Java Threads: ( => current thread )
  0x000001f0fd56e9d0 JavaThread "main"                              [_thread_blocked, id=5368, stack(0x00000012e3000000,0x00000012e3100000) (1024K)]
  0x000001f0af222e80 JavaThread "Common-Cleaner"             daemon [_thread_blocked, id=15412, stack(0x00000012e3800000,0x00000012e3900000) (1024K)]
  0x000001f0af224400 JavaThread "Reference Handler"          daemon [_thread_blocked, id=5320, stack(0x00000012e3900000,0x00000012e3a00000) (1024K)]
  0x000001f0af24c0e0 JavaThread "Finalizer"                  daemon [_thread_blocked, id=13848, stack(0x00000012e3a00000,0x00000012e3b00000) (1024K)]
  0x000001f0af28a070 JavaThread "Signal Dispatcher"          daemon [_thread_blocked, id=10944, stack(0x00000012e3b00000,0x00000012e3c00000) (1024K)]
  0x000001f0af28aad0 JavaThread "Attach Listener"            daemon [_thread_blocked, id=12868, stack(0x00000012e3c00000,0x00000012e3d00000) (1024K)]
  0x000001f0af28b530 JavaThread "Service Thread"             daemon [_thread_blocked, id=13604, stack(0x00000012e3d00000,0x00000012e3e00000) (1024K)]
  0x000001f0af28c360 JavaThread "Monitor Deflation Thread"   daemon [_thread_blocked, id=14568, stack(0x00000012e3e00000,0x00000012e3f00000) (1024K)]
=>0x000001f0af271dd0 JavaThread "C2 CompilerThread0"         daemon [_thread_in_native, id=16240, stack(0x00000012e3f00000,0x00000012e4000000) (1024K)]
  0x000001f0af298410 JavaThread "C1 CompilerThread0"         daemon [_thread_blocked, id=3824, stack(0x00000012e4000000,0x00000012e4100000) (1024K)]
  0x000001f0af5a9a90 JavaThread "Notification Thread"        daemon [_thread_blocked, id=4072, stack(0x00000012e4100000,0x00000012e4200000) (1024K)]
  0x000001f0b51d1e90 JavaThread "Daemon health stats"               [_thread_blocked, id=3832, stack(0x00000012e4600000,0x00000012e4700000) (1024K)]
  0x000001f0b527fea0 JavaThread "Incoming local TCP Connector on port 53402"        [_thread_in_native, id=2840, stack(0x00000012e4700000,0x00000012e4800000) (1024K)]
  0x000001f0b527eb70 JavaThread "Daemon periodic checks"            [_thread_blocked, id=16020, stack(0x00000012e4800000,0x00000012e4900000) (1024K)]
  0x000001f0b4fc6270 JavaThread "Daemon"                            [_thread_blocked, id=6976, stack(0x00000012e4900000,0x00000012e4a00000) (1024K)]
  0x000001f0b48c8850 JavaThread "Handler for socket connection from /127.0.0.1:53402 to /127.0.0.1:53403"        [_thread_in_native, id=3704, stack(0x00000012e4a00000,0x00000012e4b00000) (1024K)]
  0x000001f0b50b8130 JavaThread "Cancel handler"                    [_thread_blocked, id=10732, stack(0x00000012e4b00000,0x00000012e4c00000) (1024K)]
  0x000001f0b52355f0 JavaThread "Daemon worker"                     [_thread_in_Java, id=11600, stack(0x00000012e4c00000,0x00000012e4d00000) (1024K)]
  0x000001f0b5234240 JavaThread "Asynchronous log dispatcher for DefaultDaemonConnection: socket connection from /127.0.0.1:53402 to /127.0.0.1:53403"        [_thread_blocked, id=13944, stack(0x00000012e4d00000,0x00000012e4e00000) (1024K)]
  0x000001f0b5235c80 JavaThread "Stdin handler"                     [_thread_blocked, id=8224, stack(0x00000012e4e00000,0x00000012e4f00000) (1024K)]
  0x000001f0b52348d0 JavaThread "Daemon client event forwarder"        [_thread_blocked, id=11824, stack(0x00000012e4f00000,0x00000012e5000000) (1024K)]
  0x000001f0b5234f60 JavaThread "Cache worker for journal cache (C:\Users\Shekhani Laptops\.gradle\caches\journal-1)"        [_thread_blocked, id=4912, stack(0x00000012e5000000,0x00000012e5100000) (1024K)]
  0x000001f0b52376c0 JavaThread "File lock request listener"        [_thread_in_native, id=13940, stack(0x00000012e5100000,0x00000012e5200000) (1024K)]
  0x000001f0b5237030 JavaThread "Cache worker for file hash cache (C:\Users\Shekhani Laptops\.gradle\caches\8.12\fileHashes)"        [_thread_blocked, id=9140, stack(0x00000012e5200000,0x00000012e5300000) (1024K)]
  0x000001f0b52369a0 JavaThread "Cache worker for file hash cache (C:\Users\Shekhani Laptops\smartcommunity\smart_community_safety_app\android\.gradle\8.12\fileHashes)"        [_thread_blocked, id=13208, stack(0x00000012e5300000,0x00000012e5400000) (1024K)]
  0x000001f0b5bfafe0 JavaThread "Cache worker for Build Output Cleanup Cache (C:\Users\Shekhani Laptops\smartcommunity\smart_community_safety_app\android\.gradle\buildOutputCleanup)"        [_thread_blocked, id=8980, stack(0x00000012e5400000,0x00000012e5500000) (1024K)]
  0x000001f0b5bfc390 JavaThread "File watcher server"        daemon [_thread_in_native, id=10872, stack(0x00000012e5500000,0x00000012e5600000) (1024K)]
  0x000001f0b5bfa950 JavaThread "File watcher consumer"      daemon [_thread_blocked, id=2520, stack(0x00000012e5600000,0x00000012e5700000) (1024K)]
  0x000001f0b5bfca20 JavaThread "Cache worker for checksums cache (C:\Users\Shekhani Laptops\smartcommunity\smart_community_safety_app\android\.gradle\8.12\checksums)"        [_thread_blocked, id=8636, stack(0x00000012e4500000,0x00000012e4600000) (1024K)]
  0x000001f0b5bfd740 JavaThread "Cache worker for file content cache (C:\Users\Shekhani Laptops\.gradle\caches\8.12\fileContent)"        [_thread_blocked, id=2132, stack(0x00000012e5700000,0x00000012e5800000) (1024K)]
  0x000001f0b5bfb670 JavaThread "Cache worker for cache directory md-rule (C:\Users\Shekhani Laptops\.gradle\caches\8.12\md-rule)"        [_thread_blocked, id=12532, stack(0x00000012e5800000,0x00000012e5900000) (1024K)]
  0x000001f0b5bfeaf0 JavaThread "Cache worker for cache directory md-supplier (C:\Users\Shekhani Laptops\.gradle\caches\8.12\md-supplier)"        [_thread_blocked, id=11456, stack(0x00000012e5900000,0x00000012e5a00000) (1024K)]
  0x000001f0b5bfa2c0 JavaThread "Cache worker for Build Output Cleanup Cache (C:\flutter\packages\flutter_tools\gradle\.gradle\buildOutputCleanup)"        [_thread_blocked, id=14800, stack(0x00000012e5a00000,0x00000012e5b00000) (1024K)]
  0x000001f0b5bfe460 JavaThread "Unconstrained build operations"        [_thread_blocked, id=15252, stack(0x00000012e5b00000,0x00000012e5c00000) (1024K)]
  0x000001f0b5bffea0 JavaThread "Unconstrained build operations Thread 2"        [_thread_blocked, id=13224, stack(0x00000012e5c00000,0x00000012e5d00000) (1024K)]
  0x000001f0b5c00530 JavaThread "Unconstrained build operations Thread 3"        [_thread_blocked, id=5940, stack(0x00000012e5d00000,0x00000012e5e00000) (1024K)]
  0x000001f0b5bf95a0 JavaThread "Unconstrained build operations Thread 4"        [_thread_blocked, id=10320, stack(0x00000012e5e00000,0x00000012e5f00000) (1024K)]
  0x000001f0b91dc820 JavaThread "Unconstrained build operations Thread 5"        [_thread_blocked, id=10728, stack(0x00000012e5f00000,0x00000012e6000000) (1024K)]
  0x000001f0b91de260 JavaThread "Unconstrained build operations Thread 6"        [_thread_blocked, id=11188, stack(0x00000012e6000000,0x00000012e6100000) (1024K)]
  0x000001f0b91dfca0 JavaThread "Unconstrained build operations Thread 7"        [_thread_blocked, id=13560, stack(0x00000012e6100000,0x00000012e6200000) (1024K)]
  0x000001f0b91e09c0 JavaThread "Unconstrained build operations Thread 8"        [_thread_blocked, id=15888, stack(0x00000012e6200000,0x00000012e6300000) (1024K)]
  0x000001f0b91e37b0 JavaThread "Unconstrained build operations Thread 9"        [_thread_blocked, id=14488, stack(0x00000012e6300000,0x00000012e6400000) (1024K)]
  0x000001f0b91e1050 JavaThread "Memory manager"                    [_thread_blocked, id=2956, stack(0x00000012e6400000,0x00000012e6500000) (1024K)]
  0x000001f0b91df610 JavaThread "build event listener"              [_thread_blocked, id=5444, stack(0x00000012e6500000,0x00000012e6600000) (1024K)]
  0x000001f0b91e0330 JavaThread "included builds"                   [_thread_blocked, id=13432, stack(0x00000012e6600000,0x00000012e6700000) (1024K)]
  0x000001f0b91de8f0 JavaThread "Execution worker"                  [_thread_blocked, id=15920, stack(0x00000012e6700000,0x00000012e6800000) (1024K)]
  0x000001f0b91dd540 JavaThread "Execution worker Thread 2"         [_thread_blocked, id=15020, stack(0x00000012e6800000,0x00000012e6900000) (1024K)]
  0x000001f0b91e2400 JavaThread "Execution worker Thread 3"         [_thread_blocked, id=3840, stack(0x00000012e6900000,0x00000012e6a00000) (1024K)]
  0x000001f0b80794e0 JavaThread "Cache worker for execution history cache (C:\flutter\packages\flutter_tools\gradle\.gradle\8.12\executionHistory)"        [_thread_blocked, id=15696, stack(0x00000012e6a00000,0x00000012e6b00000) (1024K)]
  0x000001f0b807a890 JavaThread "Unconstrained build operations Thread 10"        [_thread_blocked, id=1160, stack(0x00000012e6b00000,0x00000012e6c00000) (1024K)]
  0x000001f0b807cff0 JavaThread "Unconstrained build operations Thread 11"        [_thread_blocked, id=6828, stack(0x00000012e6c00000,0x00000012e6d00000) (1024K)]
  0x000001f0b807af20 JavaThread "Unconstrained build operations Thread 12"        [_thread_blocked, id=15548, stack(0x00000012e6d00000,0x00000012e6e00000) (1024K)]
  0x000001f0b807a200 JavaThread "Unconstrained build operations Thread 13"        [_thread_blocked, id=13892, stack(0x00000012e6e00000,0x00000012e6f00000) (1024K)]
  0x000001f0b807c2d0 JavaThread "Unconstrained build operations Thread 14"        [_thread_blocked, id=7452, stack(0x00000012e6f00000,0x00000012e7000000) (1024K)]
  0x000001f0b8076d80 JavaThread "Unconstrained build operations Thread 15"        [_thread_blocked, id=2712, stack(0x00000012e7000000,0x00000012e7100000) (1024K)]
  0x000001f0b8077410 JavaThread "Unconstrained build operations Thread 16"        [_thread_blocked, id=7784, stack(0x00000012e7100000,0x00000012e7200000) (1024K)]
  0x000001f0b807b5b0 JavaThread "Unconstrained build operations Thread 17"        [_thread_blocked, id=3180, stack(0x00000012e7200000,0x00000012e7300000) (1024K)]
  0x000001f0b80766f0 JavaThread "Unconstrained build operations Thread 18"        [_thread_blocked, id=8304, stack(0x00000012e7300000,0x00000012e7400000) (1024K)]
  0x000001f0b80787c0 JavaThread "Unconstrained build operations Thread 19"        [_thread_blocked, id=13924, stack(0x00000012e7400000,0x00000012e7500000) (1024K)]
  0x000001f0b8079b70 JavaThread "Unconstrained build operations Thread 20"        [_thread_blocked, id=16372, stack(0x00000012e7500000,0x00000012e7600000) (1024K)]
  0x000001f0b8078e50 JavaThread "Unconstrained build operations Thread 21"        [_thread_blocked, id=1300, stack(0x00000012e7600000,0x00000012e7700000) (1024K)]
  0x000001f0b807d680 JavaThread "Unconstrained build operations Thread 22"        [_thread_blocked, id=10424, stack(0x00000012e7700000,0x00000012e7800000) (1024K)]
  0x000001f0b807bc40 JavaThread "Unconstrained build operations Thread 23"        [_thread_blocked, id=7728, stack(0x00000012e7800000,0x00000012e7900000) (1024K)]
  0x000001f0b807c960 JavaThread "Unconstrained build operations Thread 24"        [_thread_blocked, id=14180, stack(0x00000012e7900000,0x00000012e7a00000) (1024K)]
  0x000001f0b8077aa0 JavaThread "Unconstrained build operations Thread 25"        [_thread_blocked, id=4476, stack(0x00000012e7a00000,0x00000012e7b00000) (1024K)]
  0x000001f0b5c3b6b0 JavaThread "Unconstrained build operations Thread 26"        [_thread_blocked, id=15532, stack(0x00000012e7b00000,0x00000012e7c00000) (1024K)]
  0x000001f0b5c39c70 JavaThread "Unconstrained build operations Thread 27"        [_thread_blocked, id=592, stack(0x00000012e7c00000,0x00000012e7d00000) (1024K)]
  0x000001f0b5c3bd40 JavaThread "Unconstrained build operations Thread 28"        [_thread_blocked, id=2832, stack(0x00000012e7d00000,0x00000012e7e00000) (1024K)]
  0x000001f0b5c3b020 JavaThread "Unconstrained build operations Thread 29"        [_thread_blocked, id=1896, stack(0x00000012e7e00000,0x00000012e7f00000) (1024K)]
Total: 69

Other Threads:
  0x000001f0ffacb860 VMThread "VM Thread"                           [id=6380, stack(0x00000012e3700000,0x00000012e3800000) (1024K)]
  0x000001f0ffab91f0 WatcherThread "VM Periodic Task Thread"        [id=14636, stack(0x00000012e3600000,0x00000012e3700000) (1024K)]
  0x000001f0ff941120 WorkerThread "GC Thread#0"                     [id=8052, stack(0x00000012e3100000,0x00000012e3200000) (1024K)]
  0x000001f0ffacbc00 WorkerThread "GC Thread#1"                     [id=10268, stack(0x00000012e4200000,0x00000012e4300000) (1024K)]
  0x000001f0ffacbfa0 WorkerThread "GC Thread#2"                     [id=8836, stack(0x00000012e4300000,0x00000012e4400000) (1024K)]
  0x000001f0ffacc340 WorkerThread "GC Thread#3"                     [id=4216, stack(0x00000012e4400000,0x00000012e4500000) (1024K)]
  0x000001f0ff7ba7a0 ConcurrentGCThread "G1 Main Marker"            [id=15800, stack(0x00000012e3200000,0x00000012e3300000) (1024K)]
  0x000001f0ff7bbd20 WorkerThread "G1 Conc#0"                       [id=6252, stack(0x00000012e3300000,0x00000012e3400000) (1024K)]
  0x000001f0ff9953a0 ConcurrentGCThread "G1 Refine#0"               [id=13408, stack(0x00000012e3400000,0x00000012e3500000) (1024K)]
  0x000001f0ff7e3ef0 ConcurrentGCThread "G1 Service"                [id=9272, stack(0x00000012e3500000,0x00000012e3600000) (1024K)]
Total: 10

Threads with active compile tasks:
C2 CompilerThread0  25531 12528       4       org.jetbrains.kotlin.load.java.structure.impl.classFiles.BinaryClassSignatureParser::parseParameterizedClassRefSignature (257 bytes)
Total: 1

VM state: not at safepoint (normal execution)

VM Mutex/Monitor currently owned by a thread: None

Heap address: 0x0000000600000000, size: 8192 MB, Compressed Oops mode: Zero based, Oop shift amount: 3

CDS archive(s) not mapped
Compressed class space mapped at: 0x0000000800000000-0x0000000840000000, reserved size: 1073741824
Narrow klass base: 0x0000000800000000, Narrow klass shift: 0, Narrow klass range: 0x40000000

GC Precious Log:
 CardTable entry size: 512
 Card Set container configuration: InlinePtr #cards 4 size 8 Array Of Cards #cards 32 size 80 Howl #buckets 8 coarsen threshold 7372 Howl Bitmap #cards 1024 size 144 coarsen threshold 921 Card regions per heap region 1 cards per card region 8192
 CPUs: 4 total, 4 available
 Memory: 8067M
 Large Page Support: Disabled
 NUMA Support: Disabled
 Compressed Oops: Enabled (Zero based)
 Heap Region Size: 4M
 Heap Min Capacity: 8M
 Heap Initial Capacity: 128M
 Heap Max Capacity: 8G
 Pre-touch: Disabled
 Parallel Workers: 4
 Concurrent Workers: 1
 Concurrent Refinement Workers: 4
 Periodic GC: Disabled

Heap:
 garbage-first heap   total 311296K, used 147354K [0x0000000600000000, 0x0000000800000000)
  region size 4096K, 5 young (20480K), 2 survivors (8192K)
 Metaspace       used 126005K, committed 128384K, reserved 1179648K
  class space    used 17398K, committed 18560K, reserved 1048576K

Heap Regions: E=young(eden), S=young(survivor), O=old, HS=humongous(starts), HC=humongous(continues), CS=collection set, F=free, TAMS=top-at-mark-start, PB=parsable bottom
|   0|0x0000000600000000, 0x0000000600400000, 0x0000000600400000|100%| O|  |TAMS 0x0000000600000000| PB 0x0000000600000000| Untracked 
|   1|0x0000000600400000, 0x0000000600800000, 0x0000000600800000|100%|HS|  |TAMS 0x0000000600400000| PB 0x0000000600400000| Complete 
|   2|0x0000000600800000, 0x0000000600c00000, 0x0000000600c00000|100%| O|  |TAMS 0x0000000600800000| PB 0x0000000600800000| Untracked 
|   3|0x0000000600c00000, 0x0000000601000000, 0x0000000601000000|100%| O|  |TAMS 0x0000000600c00000| PB 0x0000000600c00000| Untracked 
|   4|0x0000000601000000, 0x0000000601400000, 0x0000000601400000|100%| O|  |TAMS 0x0000000601000000| PB 0x0000000601000000| Untracked 
|   5|0x0000000601400000, 0x0000000601800000, 0x0000000601800000|100%| O|  |TAMS 0x0000000601400000| PB 0x0000000601400000| Untracked 
|   6|0x0000000601800000, 0x0000000601c00000, 0x0000000601c00000|100%| O|  |TAMS 0x0000000601800000| PB 0x0000000601800000| Untracked 
|   7|0x0000000601c00000, 0x0000000602000000, 0x0000000602000000|100%| O|  |TAMS 0x0000000601c00000| PB 0x0000000601c00000| Untracked 
|   8|0x0000000602000000, 0x0000000602400000, 0x0000000602400000|100%|HS|  |TAMS 0x0000000602000000| PB 0x0000000602000000| Complete 
|   9|0x0000000602400000, 0x0000000602800000, 0x0000000602800000|100%| O|  |TAMS 0x0000000602400000| PB 0x0000000602400000| Untracked 
|  10|0x0000000602800000, 0x0000000602c00000, 0x0000000602c00000|100%| O|  |TAMS 0x0000000602800000| PB 0x0000000602800000| Untracked 
|  11|0x0000000602c00000, 0x0000000603000000, 0x0000000603000000|100%| O|  |TAMS 0x0000000602c00000| PB 0x0000000602c00000| Untracked 
|  12|0x0000000603000000, 0x0000000603400000, 0x0000000603400000|100%|HS|  |TAMS 0x0000000603000000| PB 0x0000000603000000| Complete 
|  13|0x0000000603400000, 0x0000000603800000, 0x0000000603800000|100%| O|  |TAMS 0x0000000603400000| PB 0x0000000603400000| Untracked 
|  14|0x0000000603800000, 0x0000000603c00000, 0x0000000603c00000|100%| O|  |TAMS 0x0000000603800000| PB 0x0000000603800000| Untracked 
|  15|0x0000000603c00000, 0x0000000604000000, 0x0000000604000000|100%| O|  |TAMS 0x0000000603c00000| PB 0x0000000603c00000| Untracked 
|  16|0x0000000604000000, 0x0000000604400000, 0x0000000604400000|100%| O|  |TAMS 0x0000000604000000| PB 0x0000000604000000| Untracked 
|  17|0x0000000604400000, 0x0000000604800000, 0x0000000604800000|100%| O|  |TAMS 0x0000000604400000| PB 0x0000000604400000| Untracked 
|  18|0x0000000604800000, 0x0000000604c00000, 0x0000000604c00000|100%| O|  |TAMS 0x0000000604800000| PB 0x0000000604800000| Untracked 
|  19|0x0000000604c00000, 0x0000000605000000, 0x0000000605000000|100%| O|  |TAMS 0x0000000604c00000| PB 0x0000000604c00000| Untracked 
|  20|0x0000000605000000, 0x0000000605400000, 0x0000000605400000|100%| O|  |TAMS 0x0000000605000000| PB 0x0000000605000000| Untracked 
|  21|0x0000000605400000, 0x0000000605800000, 0x0000000605800000|100%| O|  |TAMS 0x0000000605400000| PB 0x0000000605400000| Untracked 
|  22|0x0000000605800000, 0x0000000605c00000, 0x0000000605c00000|100%| O|  |TAMS 0x0000000605800000| PB 0x0000000605800000| Untracked 
|  23|0x0000000605c00000, 0x0000000606000000, 0x0000000606000000|100%| O|  |TAMS 0x0000000605c00000| PB 0x0000000605c00000| Untracked 
|  24|0x0000000606000000, 0x0000000606400000, 0x0000000606400000|100%| O|  |TAMS 0x0000000606000000| PB 0x0000000606000000| Untracked 
|  25|0x0000000606400000, 0x0000000606800000, 0x0000000606800000|100%|HS|  |TAMS 0x0000000606400000| PB 0x0000000606400000| Complete 
|  26|0x0000000606800000, 0x0000000606c00000, 0x0000000606c00000|100%|HC|  |TAMS 0x0000000606800000| PB 0x0000000606800000| Complete 
|  27|0x0000000606c00000, 0x0000000606c00000, 0x0000000607000000|  0%| F|  |TAMS 0x0000000606c00000| PB 0x0000000606c00000| Untracked 
|  28|0x0000000607000000, 0x0000000607400000, 0x0000000607400000|100%| O|  |TAMS 0x0000000607000000| PB 0x0000000607000000| Untracked 
|  29|0x0000000607400000, 0x0000000607800000, 0x0000000607800000|100%| O|  |TAMS 0x0000000607400000| PB 0x0000000607400000| Untracked 
|  30|0x0000000607800000, 0x00000006079622f0, 0x0000000607c00000| 34%| O|  |TAMS 0x0000000607800000| PB 0x0000000607800000| Untracked 
|  31|0x0000000607c00000, 0x0000000607c00000, 0x0000000608000000|  0%| F|  |TAMS 0x0000000607c00000| PB 0x0000000607c00000| Untracked 
|  32|0x0000000608000000, 0x0000000608000000, 0x0000000608400000|  0%| F|  |TAMS 0x0000000608000000| PB 0x0000000608000000| Untracked 
|  33|0x0000000608400000, 0x0000000608684580, 0x0000000608800000| 62%| S|CS|TAMS 0x0000000608400000| PB 0x0000000608400000| Complete 
|  34|0x0000000608800000, 0x0000000608c00000, 0x0000000608c00000|100%| S|CS|TAMS 0x0000000608800000| PB 0x0000000608800000| Complete 
|  35|0x0000000608c00000, 0x0000000608c00000, 0x0000000609000000|  0%| F|  |TAMS 0x0000000608c00000| PB 0x0000000608c00000| Untracked 
|  36|0x0000000609000000, 0x0000000609000000, 0x0000000609400000|  0%| F|  |TAMS 0x0000000609000000| PB 0x0000000609000000| Untracked 
|  37|0x0000000609400000, 0x0000000609400000, 0x0000000609800000|  0%| F|  |TAMS 0x0000000609400000| PB 0x0000000609400000| Untracked 
|  38|0x0000000609800000, 0x0000000609800000, 0x0000000609c00000|  0%| F|  |TAMS 0x0000000609800000| PB 0x0000000609800000| Untracked 
|  39|0x0000000609c00000, 0x0000000609c00000, 0x000000060a000000|  0%| F|  |TAMS 0x0000000609c00000| PB 0x0000000609c00000| Untracked 
|  40|0x000000060a000000, 0x000000060a000000, 0x000000060a400000|  0%| F|  |TAMS 0x000000060a000000| PB 0x000000060a000000| Untracked 
|  41|0x000000060a400000, 0x000000060a400000, 0x000000060a800000|  0%| F|  |TAMS 0x000000060a400000| PB 0x000000060a400000| Untracked 
|  42|0x000000060a800000, 0x000000060a800000, 0x000000060ac00000|  0%| F|  |TAMS 0x000000060a800000| PB 0x000000060a800000| Untracked 
|  43|0x000000060ac00000, 0x000000060ac00000, 0x000000060b000000|  0%| F|  |TAMS 0x000000060ac00000| PB 0x000000060ac00000| Untracked 
|  44|0x000000060b000000, 0x000000060b000000, 0x000000060b400000|  0%| F|  |TAMS 0x000000060b000000| PB 0x000000060b000000| Untracked 
|  45|0x000000060b400000, 0x000000060b400000, 0x000000060b800000|  0%| F|  |TAMS 0x000000060b400000| PB 0x000000060b400000| Untracked 
|  46|0x000000060b800000, 0x000000060b800000, 0x000000060bc00000|  0%| F|  |TAMS 0x000000060b800000| PB 0x000000060b800000| Untracked 
|  47|0x000000060bc00000, 0x000000060bc00000, 0x000000060c000000|  0%| F|  |TAMS 0x000000060bc00000| PB 0x000000060bc00000| Untracked 
|  48|0x000000060c000000, 0x000000060c000000, 0x000000060c400000|  0%| F|  |TAMS 0x000000060c000000| PB 0x000000060c000000| Untracked 
|  49|0x000000060c400000, 0x000000060c400000, 0x000000060c800000|  0%| F|  |TAMS 0x000000060c400000| PB 0x000000060c400000| Untracked 
|  50|0x000000060c800000, 0x000000060c800000, 0x000000060cc00000|  0%| F|  |TAMS 0x000000060c800000| PB 0x000000060c800000| Untracked 
|  51|0x000000060cc00000, 0x000000060cc00000, 0x000000060d000000|  0%| F|  |TAMS 0x000000060cc00000| PB 0x000000060cc00000| Untracked 
|  52|0x000000060d000000, 0x000000060d000000, 0x000000060d400000|  0%| F|  |TAMS 0x000000060d000000| PB 0x000000060d000000| Untracked 
|  53|0x000000060d400000, 0x000000060d400000, 0x000000060d800000|  0%| F|  |TAMS 0x000000060d400000| PB 0x000000060d400000| Untracked 
|  54|0x000000060d800000, 0x000000060d800000, 0x000000060dc00000|  0%| F|  |TAMS 0x000000060d800000| PB 0x000000060d800000| Untracked 
|  55|0x000000060dc00000, 0x000000060dc00000, 0x000000060e000000|  0%| F|  |TAMS 0x000000060dc00000| PB 0x000000060dc00000| Untracked 
|  56|0x000000060e000000, 0x000000060e000000, 0x000000060e400000|  0%| F|  |TAMS 0x000000060e000000| PB 0x000000060e000000| Untracked 
|  57|0x000000060e400000, 0x000000060e400000, 0x000000060e800000|  0%| F|  |TAMS 0x000000060e400000| PB 0x000000060e400000| Untracked 
|  58|0x000000060e800000, 0x000000060e800000, 0x000000060ec00000|  0%| F|  |TAMS 0x000000060e800000| PB 0x000000060e800000| Untracked 
|  59|0x000000060ec00000, 0x000000060ec00000, 0x000000060f000000|  0%| F|  |TAMS 0x000000060ec00000| PB 0x000000060ec00000| Untracked 
|  60|0x000000060f000000, 0x000000060f000000, 0x000000060f400000|  0%| F|  |TAMS 0x000000060f000000| PB 0x000000060f000000| Untracked 
|  61|0x000000060f400000, 0x000000060f400000, 0x000000060f800000|  0%| F|  |TAMS 0x000000060f400000| PB 0x000000060f400000| Untracked 
|  62|0x000000060f800000, 0x000000060f800000, 0x000000060fc00000|  0%| F|  |TAMS 0x000000060f800000| PB 0x000000060f800000| Untracked 
|  63|0x000000060fc00000, 0x000000060fc00000, 0x0000000610000000|  0%| F|  |TAMS 0x000000060fc00000| PB 0x000000060fc00000| Untracked 
|  64|0x0000000610000000, 0x0000000610000000, 0x0000000610400000|  0%| F|  |TAMS 0x0000000610000000| PB 0x0000000610000000| Untracked 
|  65|0x0000000610400000, 0x0000000610400000, 0x0000000610800000|  0%| F|  |TAMS 0x0000000610400000| PB 0x0000000610400000| Untracked 
|  66|0x0000000610800000, 0x0000000610800000, 0x0000000610c00000|  0%| F|  |TAMS 0x0000000610800000| PB 0x0000000610800000| Untracked 
|  67|0x0000000610c00000, 0x0000000610c00000, 0x0000000611000000|  0%| F|  |TAMS 0x0000000610c00000| PB 0x0000000610c00000| Untracked 
|  68|0x0000000611000000, 0x0000000611000000, 0x0000000611400000|  0%| F|  |TAMS 0x0000000611000000| PB 0x0000000611000000| Untracked 
|  69|0x0000000611400000, 0x0000000611400000, 0x0000000611800000|  0%| F|  |TAMS 0x0000000611400000| PB 0x0000000611400000| Untracked 
|  70|0x0000000611800000, 0x0000000611c00000, 0x0000000611c00000|100%| E|  |TAMS 0x0000000611800000| PB 0x0000000611800000| Complete 
|  71|0x0000000611c00000, 0x0000000612000000, 0x0000000612000000|100%| E|CS|TAMS 0x0000000611c00000| PB 0x0000000611c00000| Complete 
|  72|0x0000000612000000, 0x0000000612400000, 0x0000000612400000|100%| E|CS|TAMS 0x0000000612000000| PB 0x0000000612000000| Complete 
|2045|0x00000007ff400000, 0x00000007ff800000, 0x00000007ff800000|100%| O|  |TAMS 0x00000007ff400000| PB 0x00000007ff400000| Untracked 
|2046|0x00000007ff800000, 0x00000007ffc00000, 0x00000007ffc00000|100%| O|  |TAMS 0x00000007ff800000| PB 0x00000007ff800000| Untracked 
|2047|0x00000007ffc00000, 0x0000000800000000, 0x0000000800000000|100%| O|  |TAMS 0x00000007ffc00000| PB 0x00000007ffc00000| Untracked 

Card table byte_map: [0x000001f0a4090000,0x000001f0a5090000] _byte_map_base: 0x000001f0a1090000

Marking Bits: (CMBitMap*) 0x000001f0ff941730
 Bits: [0x000001f0a5090000, 0x000001f0ad090000)

Polling page: 0x000001f0fd4c0000

Metaspace:

Usage:
  Non-class:    106.06 MB used.
      Class:     16.99 MB used.
       Both:    123.05 MB used.

Virtual space:
  Non-class space:      128.00 MB reserved,     107.25 MB ( 84%) committed,  2 nodes.
      Class space:        1.00 GB reserved,      18.12 MB (  2%) committed,  1 nodes.
             Both:        1.12 GB reserved,     125.38 MB ( 11%) committed. 

Chunk freelists:
   Non-Class:  3.84 MB
       Class:  13.78 MB
        Both:  17.62 MB

MaxMetaspaceSize: 4.00 GB
CompressedClassSpaceSize: 1.00 GB
Initial GC threshold: 21.00 MB
Current GC threshold: 197.75 MB
CDS: off
 - commit_granule_bytes: 65536.
 - commit_granule_words: 8192.
 - virtual_space_node_default_size: 8388608.
 - enlarge_chunks_in_place: 1.
 - use_allocation_guard: 0.


Internal statistics:

num_allocs_failed_limit: 9.
num_arena_births: 4626.
num_arena_deaths: 0.
num_vsnodes_births: 3.
num_vsnodes_deaths: 0.
num_space_committed: 2004.
num_space_uncommitted: 0.
num_chunks_returned_to_freelist: 9.
num_chunks_taken_from_freelist: 9844.
num_chunk_merges: 9.
num_chunk_splits: 6721.
num_chunks_enlarged: 4436.
num_inconsistent_stats: 0.

CodeHeap 'non-profiled nmethods': size=259264Kb used=5767Kb max_used=5767Kb free=253496Kb
 bounds [0x000001f093360000, 0x000001f093910000, 0x000001f0a3090000]
CodeHeap 'profiled nmethods': size=259264Kb used=20415Kb max_used=20415Kb free=238848Kb
 bounds [0x000001f083090000, 0x000001f084490000, 0x000001f092dc0000]
CodeHeap 'non-nmethods': size=5760Kb used=2176Kb max_used=2243Kb free=3583Kb
 bounds [0x000001f092dc0000, 0x000001f093030000, 0x000001f093360000]
 total_blobs=11764 nmethods=10859 adapters=806
 compilation: enabled
              stopped_count=0, restarted_count=0
 full_count=0

Compilation events (20 events):
Event: 25.418 Thread 0x000001f0af298410 12630       3       org.jetbrains.kotlin.types.model.TypeSystemContext::typeConstructor (32 bytes)
Event: 25.418 Thread 0x000001f0af298410 nmethod 12630 0x000001f08445a410 code [0x000001f08445a660, 0x000001f08445aec0]
Event: 25.419 Thread 0x000001f0af298410 12631       3       org.jetbrains.kotlin.types.checker.KotlinTypePreparator::prepareType (158 bytes)
Event: 25.420 Thread 0x000001f0af298410 nmethod 12631 0x000001f08445b190 code [0x000001f08445b4e0, 0x000001f08445ca48]
Event: 25.421 Thread 0x000001f0af298410 12632       3       org.jetbrains.kotlin.resolve.calls.tower.CandidateApplicabilityKt::isSuccess (32 bytes)
Event: 25.421 Thread 0x000001f0af298410 nmethod 12632 0x000001f08445d010 code [0x000001f08445d240, 0x000001f08445d8a0]
Event: 25.429 Thread 0x000001f0af298410 12633       3       org.jetbrains.kotlin.types.model.TypeSystemContext::upperBoundIfFlexible (41 bytes)
Event: 25.429 Thread 0x000001f0af298410 nmethod 12633 0x000001f08445db10 code [0x000001f08445ddc0, 0x000001f08445ea68]
Event: 25.433 Thread 0x000001f0af298410 12635       3       org.jetbrains.kotlin.utils.SmartSet::add (216 bytes)
Event: 25.436 Thread 0x000001f0af298410 nmethod 12635 0x000001f08445ee90 code [0x000001f08445f460, 0x000001f0844625f8]
Event: 25.436 Thread 0x000001f0af298410 12636       3       org.jetbrains.kotlin.protobuf.AbstractParser::parseDelimitedFrom (7 bytes)
Event: 25.436 Thread 0x000001f0af298410 nmethod 12636 0x000001f084463490 code [0x000001f0844636e0, 0x000001f084464200]
Event: 25.436 Thread 0x000001f0af298410 12637       3       org.jetbrains.kotlin.protobuf.AbstractParser::parseDelimitedFrom (11 bytes)
Event: 25.437 Thread 0x000001f0af298410 nmethod 12637 0x000001f084464590 code [0x000001f0844647e0, 0x000001f084465210]
Event: 25.437 Thread 0x000001f0af298410 12638   !   3       org.jetbrains.kotlin.protobuf.AbstractParser::parsePartialDelimitedFrom (58 bytes)
Event: 25.437 Thread 0x000001f0af298410 nmethod 12638 0x000001f084465510 code [0x000001f084465740, 0x000001f084465eb8]
Event: 25.440 Thread 0x000001f0af298410 12639       3       org.jetbrains.kotlin.load.java.structure.impl.classFiles.BinaryJavaAnnotationVisitor::<init> (40 bytes)
Event: 25.442 Thread 0x000001f0af298410 nmethod 12639 0x000001f084466190 code [0x000001f0844664c0, 0x000001f084467540]
Event: 25.442 Thread 0x000001f0af298410 12640       3       org.jetbrains.org.objectweb.asm.AnnotationVisitor::visitEnd (15 bytes)
Event: 25.442 Thread 0x000001f0af298410 nmethod 12640 0x000001f084467b10 code [0x000001f084467cc0, 0x000001f084467ed0]

GC Heap History (20 events):
Event: 18.160 GC heap before
{Heap before GC invocations=25 (full 0):
 garbage-first heap   total 139264K, used 115010K [0x0000000600000000, 0x0000000800000000)
  region size 4096K, 12 young (49152K), 1 survivors (4096K)
 Metaspace       used 88102K, committed 89984K, reserved 1179648K
  class space    used 12657K, committed 13568K, reserved 1048576K
}
Event: 18.172 GC heap after
{Heap after GC invocations=26 (full 0):
 garbage-first heap   total 143360K, used 86375K [0x0000000600000000, 0x0000000800000000)
  region size 4096K, 2 young (8192K), 2 survivors (8192K)
 Metaspace       used 88102K, committed 89984K, reserved 1179648K
  class space    used 12657K, committed 13568K, reserved 1048576K
}
Event: 18.820 GC heap before
{Heap before GC invocations=26 (full 0):
 garbage-first heap   total 143360K, used 119143K [0x0000000600000000, 0x0000000800000000)
  region size 4096K, 10 young (40960K), 2 survivors (8192K)
 Metaspace       used 93167K, committed 95104K, reserved 1179648K
  class space    used 13528K, committed 14464K, reserved 1048576K
}
Event: 18.827 GC heap after
{Heap after GC invocations=27 (full 0):
 garbage-first heap   total 172032K, used 88623K [0x0000000600000000, 0x0000000800000000)
  region size 4096K, 1 young (4096K), 1 survivors (4096K)
 Metaspace       used 93167K, committed 95104K, reserved 1179648K
  class space    used 13528K, committed 14464K, reserved 1048576K
}
Event: 20.169 GC heap before
{Heap before GC invocations=28 (full 0):
 garbage-first heap   total 172032K, used 162351K [0x0000000600000000, 0x0000000800000000)
  region size 4096K, 16 young (65536K), 1 survivors (4096K)
 Metaspace       used 100468K, committed 102528K, reserved 1179648K
  class space    used 14429K, committed 15424K, reserved 1048576K
}
Event: 20.180 GC heap after
{Heap after GC invocations=29 (full 0):
 garbage-first heap   total 180224K, used 101161K [0x0000000600000000, 0x0000000800000000)
  region size 4096K, 2 young (8192K), 2 survivors (8192K)
 Metaspace       used 100468K, committed 102528K, reserved 1179648K
  class space    used 14429K, committed 15424K, reserved 1048576K
}
Event: 20.540 GC heap before
{Heap before GC invocations=29 (full 0):
 garbage-first heap   total 180224K, used 150313K [0x0000000600000000, 0x0000000800000000)
  region size 4096K, 15 young (61440K), 2 survivors (8192K)
 Metaspace       used 100591K, committed 102656K, reserved 1179648K
  class space    used 14434K, committed 15424K, reserved 1048576K
}
Event: 20.566 GC heap after
{Heap after GC invocations=30 (full 0):
 garbage-first heap   total 184320K, used 107241K [0x0000000600000000, 0x0000000800000000)
  region size 4096K, 2 young (8192K), 2 survivors (8192K)
 Metaspace       used 100591K, committed 102656K, reserved 1179648K
  class space    used 14434K, committed 15424K, reserved 1048576K
}
Event: 21.038 GC heap before
{Heap before GC invocations=30 (full 0):
 garbage-first heap   total 184320K, used 152297K [0x0000000600000000, 0x0000000800000000)
  region size 4096K, 13 young (53248K), 2 survivors (8192K)
 Metaspace       used 103084K, committed 105088K, reserved 1179648K
  class space    used 14749K, committed 15744K, reserved 1048576K
}
Event: 21.055 GC heap after
{Heap after GC invocations=31 (full 0):
 garbage-first heap   total 184320K, used 115458K [0x0000000600000000, 0x0000000800000000)
  region size 4096K, 2 young (8192K), 2 survivors (8192K)
 Metaspace       used 103084K, committed 105088K, reserved 1179648K
  class space    used 14749K, committed 15744K, reserved 1048576K
}
Event: 21.825 GC heap before
{Heap before GC invocations=32 (full 0):
 garbage-first heap   total 200704K, used 164610K [0x0000000600000000, 0x0000000800000000)
  region size 4096K, 12 young (49152K), 2 survivors (8192K)
 Metaspace       used 106889K, committed 108928K, reserved 1179648K
  class space    used 15162K, committed 16128K, reserved 1048576K
}
Event: 21.836 GC heap after
{Heap after GC invocations=33 (full 0):
 garbage-first heap   total 200704K, used 129320K [0x0000000600000000, 0x0000000800000000)
  region size 4096K, 2 young (8192K), 2 survivors (8192K)
 Metaspace       used 106889K, committed 108928K, reserved 1179648K
  class space    used 15162K, committed 16128K, reserved 1048576K
}
Event: 22.437 GC heap before
{Heap before GC invocations=33 (full 0):
 garbage-first heap   total 200704K, used 170280K [0x0000000600000000, 0x0000000800000000)
  region size 4096K, 12 young (49152K), 2 survivors (8192K)
 Metaspace       used 111945K, committed 114112K, reserved 1179648K
  class space    used 15629K, committed 16704K, reserved 1048576K
}
Event: 22.444 GC heap after
{Heap after GC invocations=34 (full 0):
 garbage-first heap   total 200704K, used 131301K [0x0000000600000000, 0x0000000800000000)
  region size 4096K, 1 young (4096K), 1 survivors (4096K)
 Metaspace       used 111945K, committed 114112K, reserved 1179648K
  class space    used 15629K, committed 16704K, reserved 1048576K
}
Event: 23.296 GC heap before
{Heap before GC invocations=34 (full 0):
 garbage-first heap   total 200704K, used 176357K [0x0000000600000000, 0x0000000800000000)
  region size 4096K, 12 young (49152K), 1 survivors (4096K)
 Metaspace       used 116986K, committed 119360K, reserved 1179648K
  class space    used 16304K, committed 17472K, reserved 1048576K
}
Event: 23.306 GC heap after
{Heap after GC invocations=35 (full 0):
 garbage-first heap   total 200704K, used 134361K [0x0000000600000000, 0x0000000800000000)
  region size 4096K, 2 young (8192K), 2 survivors (8192K)
 Metaspace       used 116986K, committed 119360K, reserved 1179648K
  class space    used 16304K, committed 17472K, reserved 1048576K
}
Event: 24.046 GC heap before
{Heap before GC invocations=36 (full 0):
 garbage-first heap   total 233472K, used 171225K [0x0000000600000000, 0x0000000800000000)
  region size 4096K, 11 young (45056K), 2 survivors (8192K)
 Metaspace       used 120855K, committed 123200K, reserved 1179648K
  class space    used 16827K, committed 17984K, reserved 1048576K
}
Event: 24.063 GC heap after
{Heap after GC invocations=37 (full 0):
 garbage-first heap   total 233472K, used 139024K [0x0000000600000000, 0x0000000800000000)
  region size 4096K, 2 young (8192K), 2 survivors (8192K)
 Metaspace       used 120855K, committed 123200K, reserved 1179648K
  class space    used 16827K, committed 17984K, reserved 1048576K
}
Event: 25.070 GC heap before
{Heap before GC invocations=37 (full 0):
 garbage-first heap   total 233472K, used 208656K [0x0000000600000000, 0x0000000800000000)
  region size 4096K, 19 young (77824K), 2 survivors (8192K)
 Metaspace       used 124992K, committed 127296K, reserved 1179648K
  class space    used 17306K, committed 18432K, reserved 1048576K
}
Event: 25.088 GC heap after
{Heap after GC invocations=38 (full 0):
 garbage-first heap   total 311296K, used 139162K [0x0000000600000000, 0x0000000800000000)
  region size 4096K, 2 young (8192K), 2 survivors (8192K)
 Metaspace       used 124992K, committed 127296K, reserved 1179648K
  class space    used 17306K, committed 18432K, reserved 1048576K
}

Dll operation events (3 events):
Event: 0.014 Loaded shared library C:\Program Files\Android\Android Studio\jbr\bin\java.dll
Event: 0.019 Loaded shared library C:\Program Files\Android\Android Studio\jbr\bin\zip.dll
Event: 0.859 Loaded shared library C:\Program Files\Android\Android Studio\jbr\bin\verify.dll

Deoptimization events (20 events):
Event: 25.260 Thread 0x000001f0b52355f0 Uncommon trap: trap_request=0xffffff45 fr.pc=0x000001f0938e5b10 relative=0x0000000000001550
Event: 25.260 Thread 0x000001f0b52355f0 Uncommon trap: reason=unstable_if action=reinterpret pc=0x000001f0938e5b10 method=org.jetbrains.kotlin.metadata.ProtoBuf$Type.writeTo(Lorg/jetbrains/kotlin/protobuf/CodedOutputStream;)V @ 160 c2
Event: 25.260 Thread 0x000001f0b52355f0 DEOPT PACKING pc=0x000001f0938e5b10 sp=0x00000012e4ced360
Event: 25.260 Thread 0x000001f0b52355f0 DEOPT UNPACKING pc=0x000001f092e146a2 sp=0x00000012e4ced358 mode 2
Event: 25.287 Thread 0x000001f0b52355f0 Uncommon trap: trap_request=0xffffffbe fr.pc=0x000001f0938fb600 relative=0x0000000000000b20
Event: 25.287 Thread 0x000001f0b52355f0 Uncommon trap: reason=profile_predicate action=maybe_recompile pc=0x000001f0938fb600 method=org.jetbrains.kotlin.it.unimi.dsi.fastutil.objects.ObjectOpenHashSet.add(Ljava/lang/Object;)Z @ 74 c2
Event: 25.287 Thread 0x000001f0b52355f0 DEOPT PACKING pc=0x000001f0938fb600 sp=0x00000012e4ced410
Event: 25.287 Thread 0x000001f0b52355f0 DEOPT UNPACKING pc=0x000001f092e146a2 sp=0x00000012e4ced3c8 mode 2
Event: 25.287 Thread 0x000001f0b52355f0 Uncommon trap: trap_request=0xffffffbe fr.pc=0x000001f0938fb600 relative=0x0000000000000b20
Event: 25.287 Thread 0x000001f0b52355f0 Uncommon trap: reason=profile_predicate action=maybe_recompile pc=0x000001f0938fb600 method=org.jetbrains.kotlin.it.unimi.dsi.fastutil.objects.ObjectOpenHashSet.add(Ljava/lang/Object;)Z @ 74 c2
Event: 25.287 Thread 0x000001f0b52355f0 DEOPT PACKING pc=0x000001f0938fb600 sp=0x00000012e4ced410
Event: 25.287 Thread 0x000001f0b52355f0 DEOPT UNPACKING pc=0x000001f092e146a2 sp=0x00000012e4ced3c8 mode 2
Event: 25.287 Thread 0x000001f0b52355f0 Uncommon trap: trap_request=0xffffffbe fr.pc=0x000001f0938fb600 relative=0x0000000000000b20
Event: 25.287 Thread 0x000001f0b52355f0 Uncommon trap: reason=profile_predicate action=maybe_recompile pc=0x000001f0938fb600 method=org.jetbrains.kotlin.it.unimi.dsi.fastutil.objects.ObjectOpenHashSet.add(Ljava/lang/Object;)Z @ 74 c2
Event: 25.287 Thread 0x000001f0b52355f0 DEOPT PACKING pc=0x000001f0938fb600 sp=0x00000012e4ced410
Event: 25.287 Thread 0x000001f0b52355f0 DEOPT UNPACKING pc=0x000001f092e146a2 sp=0x00000012e4ced3c8 mode 2
Event: 25.287 Thread 0x000001f0b52355f0 Uncommon trap: trap_request=0xffffffbe fr.pc=0x000001f0938fb600 relative=0x0000000000000b20
Event: 25.287 Thread 0x000001f0b52355f0 Uncommon trap: reason=profile_predicate action=maybe_recompile pc=0x000001f0938fb600 method=org.jetbrains.kotlin.it.unimi.dsi.fastutil.objects.ObjectOpenHashSet.add(Ljava/lang/Object;)Z @ 74 c2
Event: 25.287 Thread 0x000001f0b52355f0 DEOPT PACKING pc=0x000001f0938fb600 sp=0x00000012e4ced410
Event: 25.287 Thread 0x000001f0b52355f0 DEOPT UNPACKING pc=0x000001f092e146a2 sp=0x00000012e4ced3c8 mode 2

Classes loaded (20 events):
Event: 22.994 Loading class java/text/CharacterIterator done
Event: 22.994 Loading class java/text/StringCharacterIterator done
Event: 23.137 Loading class java/util/AbstractList$ListItr
Event: 23.137 Loading class java/util/AbstractList$ListItr done
Event: 23.476 Loading class java/util/function/IntUnaryOperator
Event: 23.476 Loading class java/util/function/IntUnaryOperator done
Event: 23.570 Loading class java/util/AbstractList$SubList
Event: 23.570 Loading class java/util/AbstractList$SubList done
Event: 23.570 Loading class java/util/AbstractList$SubList$1
Event: 23.570 Loading class java/util/AbstractList$SubList$1 done
Event: 23.799 Loading class java/util/EnumMap$EntrySet
Event: 23.804 Loading class java/util/EnumMap$EntrySet done
Event: 23.804 Loading class java/util/EnumMap$EntryIterator
Event: 23.804 Loading class java/util/EnumMap$EnumMapIterator
Event: 23.804 Loading class java/util/EnumMap$EnumMapIterator done
Event: 23.804 Loading class java/util/EnumMap$EntryIterator done
Event: 23.804 Loading class java/util/EnumMap$EntryIterator$Entry
Event: 23.804 Loading class java/util/EnumMap$EntryIterator$Entry done
Event: 24.579 Loading class java/util/AbstractList$RandomAccessSubList
Event: 24.579 Loading class java/util/AbstractList$RandomAccessSubList done

Classes unloaded (0 events):
No events

Classes redefined (0 events):
No events

Internal exceptions (20 events):
Event: 19.434 Thread 0x000001f0b52355f0 Exception <a 'java/lang/NoSuchMethodError'{0x00000006081859b8}: 'java.lang.Object java.lang.invoke.DirectMethodHandle$Holder.invokeStatic(java.lang.Object, java.lang.Object, java.lang.Object, java.lang.Object, int, java.lang.Object)'> (0x00000006081859b8) 
thrown [s\src\hotspot\share\interpreter\linkResolver.cpp, line 784]
Event: 20.008 Thread 0x000001f0b52355f0 Exception <a 'java/lang/NoSuchMethodError'{0x00000006073f18e8}: 'java.lang.Object java.lang.invoke.Invokers$Holder.invokeExact_MT(java.lang.Object, java.lang.Object, long, java.lang.Object)'> (0x00000006073f18e8) 
thrown [s\src\hotspot\share\interpreter\linkResolver.cpp, line 784]
Event: 20.059 Thread 0x000001f0b52355f0 Exception <a 'java/lang/NoSuchMethodError'{0x0000000606e585b8}: 'long java.lang.invoke.DirectMethodHandle$Holder.invokeStatic(java.lang.Object, java.lang.Object, int)'> (0x0000000606e585b8) 
thrown [s\src\hotspot\share\interpreter\linkResolver.cpp, line 784]
Event: 20.060 Thread 0x000001f0b52355f0 Exception <a 'java/lang/NoSuchMethodError'{0x0000000606e65080}: 'java.lang.Object java.lang.invoke.DelegatingMethodHandle$Holder.reinvoke_L(java.lang.Object, int, long, java.lang.Object, java.lang.Object, int, java.lang.Object)'> (0x0000000606e65080) 
thrown [s\src\hotspot\share\interpreter\linkResolver.cpp, line 784]
Event: 20.094 Thread 0x000001f0b52355f0 Implicit null exception at 0x000001f0933a4cf0 to 0x000001f0933a58b4
Event: 22.432 Thread 0x000001f0b52355f0 Exception <a 'java/lang/NoSuchMethodError'{0x0000000609395fb8}: 'java.lang.Object java.lang.invoke.DirectMethodHandle$Holder.newInvokeSpecial(java.lang.Object, java.lang.Object, java.lang.Object, java.lang.Object, java.lang.Object, java.lang.Object, java.lang.Object, java.lang.Object, java.lang.Object, java.lang.Object, java.lang.Object, java.lang.Object, java.lang.Object, java.lang.Object)'> (0x0000000609395fb8) 
thrown [s\src\hotspot\share\interpreter\linkResolver.cpp, line 784]
Event: 22.457 Thread 0x000001f0b52355f0 Exception <a 'java/lang/NoSuchMethodError'{0x000000060b4bf250}: 'java.lang.Object java.lang.invoke.DirectMethodHandle$Holder.newInvokeSpecial(java.lang.Object, java.lang.Object, java.lang.Object, java.lang.Object, java.lang.Object, java.lang.Object, java.lang.Object, java.lang.Object, java.lang.Object, java.lang.Object, java.lang.Object, java.lang.Object, java.lang.Object, java.lang.Object, java.lang.Object, java.lang.Object, java.lang.Object, java.lang.Object, java.lang.Object, java.lang.Object, java.lang
Event: 22.481 Thread 0x000001f0b52355f0 Exception <a 'java/lang/NoSuchMethodError'{0x000000060b6b7ec0}: 'java.lang.Object java.lang.invoke.DirectMethodHandle$Holder.newInvokeSpecial(java.lang.Object, java.lang.Object, java.lang.Object, java.lang.Object, java.lang.Object, java.lang.Object, java.lang.Object, java.lang.Object, java.lang.Object, java.lang.Object, java.lang.Object, java.lang.Object, java.lang.Object, java.lang.Object, java.lang.Object, java.lang.Object, java.lang.Object, java.lang.Object, java.lang.Object, java.lang.Object)'> (0x0000
Event: 22.482 Thread 0x000001f0b52355f0 Exception <a 'java/lang/NoSuchMethodError'{0x000000060b6bfe50}: 'java.lang.Object java.lang.invoke.DirectMethodHandle$Holder.invokeSpecial(java.lang.Object, java.lang.Object, java.lang.Object, java.lang.Object, java.lang.Object, java.lang.Object, java.lang.Object, java.lang.Object, java.lang.Object, java.lang.Object, java.lang.Object, java.lang.Object, java.lang.Object, java.lang.Object, java.lang.Object, java.lang.Object, java.lang.Object, java.lang.Object, java.lang.Object, java.lang.Object, java.lang.Ob
Event: 22.482 Thread 0x000001f0b52355f0 Exception <a 'java/lang/NoSuchMethodError'{0x000000060b6c6930}: 'java.lang.Object java.lang.invoke.DelegatingMethodHandle$Holder.reinvoke_L(java.lang.Object, java.lang.Object, java.lang.Object, java.lang.Object, java.lang.Object, java.lang.Object, java.lang.Object, java.lang.Object, java.lang.Object, java.lang.Object, java.lang.Object, java.lang.Object, java.lang.Object, java.lang.Object, java.lang.Object, java.lang.Object, java.lang.Object, java.lang.Object, java.lang.Object, java.lang.Object)'> (0x000000
Event: 22.528 Thread 0x000001f0b52355f0 Exception <a 'java/lang/NoSuchMethodError'{0x000000060b170cb0}: 'java.lang.Object java.lang.invoke.DirectMethodHandle$Holder.newInvokeSpecial(java.lang.Object, java.lang.Object, java.lang.Object, java.lang.Object, java.lang.Object, java.lang.Object, java.lang.Object, java.lang.Object, java.lang.Object, java.lang.Object, java.lang.Object, java.lang.Object, java.lang.Object, java.lang.Object, java.lang.Object, java.lang.Object, java.lang.Object, java.lang.Object)'> (0x000000060b170cb0) 
thrown [s\src\hotspot
Event: 22.529 Thread 0x000001f0b52355f0 Exception <a 'java/lang/NoSuchMethodError'{0x000000060b178598}: 'java.lang.Object java.lang.invoke.DirectMethodHandle$Holder.invokeSpecial(java.lang.Object, java.lang.Object, java.lang.Object, java.lang.Object, java.lang.Object, java.lang.Object, java.lang.Object, java.lang.Object, java.lang.Object, java.lang.Object, java.lang.Object, java.lang.Object, java.lang.Object, java.lang.Object, java.lang.Object, java.lang.Object, java.lang.Object, java.lang.Object, java.lang.Object)'> (0x000000060b178598) 
thrown
Event: 22.529 Thread 0x000001f0b52355f0 Exception <a 'java/lang/NoSuchMethodError'{0x000000060b17ece0}: 'java.lang.Object java.lang.invoke.DelegatingMethodHandle$Holder.reinvoke_L(java.lang.Object, java.lang.Object, java.lang.Object, java.lang.Object, java.lang.Object, java.lang.Object, java.lang.Object, java.lang.Object, java.lang.Object, java.lang.Object, java.lang.Object, java.lang.Object, java.lang.Object, java.lang.Object, java.lang.Object, java.lang.Object, java.lang.Object, java.lang.Object)'> (0x000000060b17ece0) 
thrown [s\src\hotspot\s
Event: 23.967 Thread 0x000001f0b52355f0 Exception <a 'java/lang/NoSuchMethodError'{0x000000060cfea198}: 'java.lang.Object java.lang.invoke.DirectMethodHandle$Holder.invokeStatic(java.lang.Object, java.lang.Object, java.lang.Object, java.lang.Object, java.lang.Object, int, java.lang.Object)'> (0x000000060cfea198) 
thrown [s\src\hotspot\share\interpreter\linkResolver.cpp, line 784]
Event: 23.968 Thread 0x000001f0b52355f0 Exception <a 'java/lang/NoSuchMethodError'{0x000000060cff48d8}: 'java.lang.Object java.lang.invoke.DirectMethodHandle$Holder.newInvokeSpecial(java.lang.Object, java.lang.Object, java.lang.Object, java.lang.Object, java.lang.Object, int, java.lang.Object)'> (0x000000060cff48d8) 
thrown [s\src\hotspot\share\interpreter\linkResolver.cpp, line 784]
Event: 23.969 Thread 0x000001f0b52355f0 Exception <a 'java/lang/NoSuchMethodError'{0x000000060cffdf60}: 'java.lang.Object java.lang.invoke.Invokers$Holder.linkToTargetMethod(java.lang.Object, java.lang.Object, java.lang.Object, java.lang.Object, int, java.lang.Object, java.lang.Object)'> (0x000000060cffdf60) 
thrown [s\src\hotspot\share\interpreter\linkResolver.cpp, line 784]
Event: 24.133 Thread 0x000001f0b52355f0 Exception <a 'java/lang/NoSuchMethodError'{0x000000060cfd45f8}: 'java.lang.Object java.lang.invoke.DirectMethodHandle$Holder.invokeStatic(java.lang.Object, java.lang.Object, java.lang.Object, java.lang.Object, int, java.lang.Object, java.lang.Object)'> (0x000000060cfd45f8) 
thrown [s\src\hotspot\share\interpreter\linkResolver.cpp, line 784]
Event: 24.609 Thread 0x000001f0b52355f0 Exception <a 'java/lang/NoSuchMethodError'{0x000000060a9cf990}: 'java.lang.Object java.lang.invoke.DirectMethodHandle$Holder.invokeStatic(java.lang.Object, int, java.lang.Object, java.lang.Object, java.lang.Object, java.lang.Object, java.lang.Object, java.lang.Object)'> (0x000000060a9cf990) 
thrown [s\src\hotspot\share\interpreter\linkResolver.cpp, line 784]
Event: 24.609 Thread 0x000001f0b52355f0 Exception <a 'java/lang/NoSuchMethodError'{0x000000060a9db310}: 'java.lang.Object java.lang.invoke.DirectMethodHandle$Holder.newInvokeSpecial(java.lang.Object, int, java.lang.Object, java.lang.Object, java.lang.Object, java.lang.Object, java.lang.Object)'> (0x000000060a9db310) 
thrown [s\src\hotspot\share\interpreter\linkResolver.cpp, line 784]
Event: 24.610 Thread 0x000001f0b52355f0 Exception <a 'java/lang/NoSuchMethodError'{0x000000060a9e1470}: 'java.lang.Object java.lang.invoke.DirectMethodHandle$Holder.invokeSpecial(java.lang.Object, java.lang.Object, int, java.lang.Object, java.lang.Object, java.lang.Object, java.lang.Object, java.lang.Object)'> (0x000000060a9e1470) 
thrown [s\src\hotspot\share\interpreter\linkResolver.cpp, line 784]

ZGC Phase Switch (0 events):
No events

VM Operations (20 events):
Event: 23.138 Executing VM operation: HandshakeAllThreads (Deoptimize)
Event: 23.139 Executing VM operation: HandshakeAllThreads (Deoptimize) done
Event: 23.296 Executing VM operation: G1CollectForAllocation (G1 Evacuation Pause)
Event: 23.306 Executing VM operation: G1CollectForAllocation (G1 Evacuation Pause) done
Event: 23.497 Executing VM operation: HandshakeAllThreads (Deoptimize)
Event: 23.497 Executing VM operation: HandshakeAllThreads (Deoptimize) done
Event: 23.525 Executing VM operation: HandshakeAllThreads (Deoptimize)
Event: 23.525 Executing VM operation: HandshakeAllThreads (Deoptimize) done
Event: 23.541 Executing VM operation: G1PauseRemark
Event: 23.550 Executing VM operation: G1PauseRemark done
Event: 23.624 Executing VM operation: G1PauseCleanup
Event: 23.624 Executing VM operation: G1PauseCleanup done
Event: 23.726 Executing VM operation: HandshakeAllThreads (Deoptimize)
Event: 23.726 Executing VM operation: HandshakeAllThreads (Deoptimize) done
Event: 24.046 Executing VM operation: G1CollectForAllocation (G1 Evacuation Pause)
Event: 24.063 Executing VM operation: G1CollectForAllocation (G1 Evacuation Pause) done
Event: 24.774 Executing VM operation: ICBufferFull
Event: 24.774 Executing VM operation: ICBufferFull done
Event: 25.070 Executing VM operation: G1CollectForAllocation (G1 Evacuation Pause)
Event: 25.088 Executing VM operation: G1CollectForAllocation (G1 Evacuation Pause) done

Memory protections (0 events):
No events

Nmethod flushes (20 events):
Event: 23.548 Thread 0x000001f0ffacb860 flushing  nmethod 0x000001f08370d010
Event: 23.548 Thread 0x000001f0ffacb860 flushing  nmethod 0x000001f083739310
Event: 23.548 Thread 0x000001f0ffacb860 flushing  nmethod 0x000001f08373a010
Event: 23.548 Thread 0x000001f0ffacb860 flushing  nmethod 0x000001f08379b890
Event: 23.548 Thread 0x000001f0ffacb860 flushing  nmethod 0x000001f0837f1f10
Event: 23.548 Thread 0x000001f0ffacb860 flushing  nmethod 0x000001f0838d2a10
Event: 23.548 Thread 0x000001f0ffacb860 flushing  nmethod 0x000001f0838e7a90
Event: 23.548 Thread 0x000001f0ffacb860 flushing  nmethod 0x000001f0838ecf90
Event: 23.548 Thread 0x000001f0ffacb860 flushing  nmethod 0x000001f083925c90
Event: 23.548 Thread 0x000001f0ffacb860 flushing  nmethod 0x000001f08396da10
Event: 23.548 Thread 0x000001f0ffacb860 flushing  nmethod 0x000001f08398f490
Event: 23.548 Thread 0x000001f0ffacb860 flushing  nmethod 0x000001f083a6e390
Event: 23.548 Thread 0x000001f0ffacb860 flushing  nmethod 0x000001f083b4ad90
Event: 23.548 Thread 0x000001f0ffacb860 flushing  nmethod 0x000001f083c2f410
Event: 23.548 Thread 0x000001f0ffacb860 flushing  nmethod 0x000001f083c33d90
Event: 23.548 Thread 0x000001f0ffacb860 flushing  nmethod 0x000001f083ca5890
Event: 23.548 Thread 0x000001f0ffacb860 flushing  nmethod 0x000001f083d42290
Event: 23.548 Thread 0x000001f0ffacb860 flushing  nmethod 0x000001f084007710
Event: 23.548 Thread 0x000001f0ffacb860 flushing  nmethod 0x000001f0840eb610
Event: 23.548 Thread 0x000001f0ffacb860 flushing  nmethod 0x000001f084142c10

Events (20 events):
Event: 14.936 Thread 0x000001f0b91de8f0 Thread added: 0x000001f0b807a890
Event: 14.936 Thread 0x000001f0b91de8f0 Thread added: 0x000001f0b807cff0
Event: 14.936 Thread 0x000001f0b91de8f0 Thread added: 0x000001f0b807af20
Event: 15.005 Thread 0x000001f0b91de8f0 Thread added: 0x000001f0b807a200
Event: 15.005 Thread 0x000001f0b91de8f0 Thread added: 0x000001f0b807c2d0
Event: 15.019 Thread 0x000001f0b91de8f0 Thread added: 0x000001f0b8076d80
Event: 15.047 Thread 0x000001f0b91de8f0 Thread added: 0x000001f0b8077410
Event: 15.047 Thread 0x000001f0b91de8f0 Thread added: 0x000001f0b807b5b0
Event: 15.048 Thread 0x000001f0b91de8f0 Thread added: 0x000001f0b80766f0
Event: 15.187 Thread 0x000001f0b91de8f0 Thread added: 0x000001f0b80787c0
Event: 15.187 Thread 0x000001f0b91de8f0 Thread added: 0x000001f0b8079b70
Event: 15.734 Thread 0x000001f0b52355f0 Thread added: 0x000001f0b8078e50
Event: 15.734 Thread 0x000001f0b52355f0 Thread added: 0x000001f0b807d680
Event: 15.734 Thread 0x000001f0b52355f0 Thread added: 0x000001f0b807bc40
Event: 15.804 Thread 0x000001f0b52355f0 Thread added: 0x000001f0b807c960
Event: 15.805 Thread 0x000001f0b52355f0 Thread added: 0x000001f0b8077aa0
Event: 15.806 Thread 0x000001f0b52355f0 Thread added: 0x000001f0b5c3b6b0
Event: 16.161 Thread 0x000001f0b52355f0 Thread added: 0x000001f0b5c39c70
Event: 16.162 Thread 0x000001f0b52355f0 Thread added: 0x000001f0b5c3bd40
Event: 16.163 Thread 0x000001f0b52355f0 Thread added: 0x000001f0b5c3b020


Dynamic libraries:
0x00007ff692310000 - 0x00007ff69231a000 	C:\Program Files\Android\Android Studio\jbr\bin\java.exe
0x00007ffbf28f0000 - 0x00007ffbf2ae8000 	C:\WINDOWS\SYSTEM32\ntdll.dll
0x00007ffbf0970000 - 0x00007ffbf0a32000 	C:\WINDOWS\System32\KERNEL32.DLL
0x00007ffbf0020000 - 0x00007ffbf0316000 	C:\WINDOWS\System32\KERNELBASE.dll
0x00007ffbf0450000 - 0x00007ffbf0550000 	C:\WINDOWS\System32\ucrtbase.dll
0x00007ffbc0f90000 - 0x00007ffbc0fa8000 	C:\Program Files\Android\Android Studio\jbr\bin\jli.dll
0x00007ffbf1260000 - 0x00007ffbf1401000 	C:\WINDOWS\System32\USER32.dll
0x00007ffbf0550000 - 0x00007ffbf0572000 	C:\WINDOWS\System32\win32u.dll
0x00007ffbf0df0000 - 0x00007ffbf0e1b000 	C:\WINDOWS\System32\GDI32.dll
0x00007ffbf06e0000 - 0x00007ffbf07f9000 	C:\WINDOWS\System32\gdi32full.dll
0x00007ffbe60b0000 - 0x00007ffbe60cb000 	C:\Program Files\Android\Android Studio\jbr\bin\VCRUNTIME140.dll
0x00007ffbeff80000 - 0x00007ffbf001d000 	C:\WINDOWS\System32\msvcp_win.dll
0x00007ffbdc0b0000 - 0x00007ffbdc34b000 	C:\WINDOWS\WinSxS\amd64_microsoft.windows.common-controls_6595b64144ccf1df_6.0.19041.6456_none_60b8a6cb71f64256\COMCTL32.dll
0x00007ffbf0a40000 - 0x00007ffbf0ade000 	C:\WINDOWS\System32\msvcrt.dll
0x00007ffbf1640000 - 0x00007ffbf166f000 	C:\WINDOWS\System32\IMM32.DLL
0x00000000552e0000 - 0x00000000552ec000 	C:\Program Files (x86)\360\Total Security\safemon\SafeWrapper.dll
0x00007ffbf0e20000 - 0x00007ffbf0ed1000 	C:\WINDOWS\System32\ADVAPI32.dll
0x00007ffbf1960000 - 0x00007ffbf19ff000 	C:\WINDOWS\System32\sechost.dll
0x00007ffbf0cd0000 - 0x00007ffbf0df0000 	C:\WINDOWS\System32\RPCRT4.dll
0x00007ffbf0420000 - 0x00007ffbf0447000 	C:\WINDOWS\System32\bcrypt.dll
0x00007ffb9fa80000 - 0x00007ffb9fb2c000 	C:\Program Files (x86)\360\Total Security\safemon\libzdtp64.dll
0x00007ffbf1ab0000 - 0x00007ffbf2220000 	C:\WINDOWS\System32\SHELL32.dll
0x00007ffbf1410000 - 0x00007ffbf146b000 	C:\WINDOWS\System32\SHLWAPI.dll
0x00007ffbefa00000 - 0x00007ffbefa0a000 	C:\WINDOWS\SYSTEM32\VERSION.dll
0x00007ffbe14f0000 - 0x00007ffbe14fc000 	C:\Program Files\Android\Android Studio\jbr\bin\vcruntime140_1.dll
0x00007ffba0e60000 - 0x00007ffba0eed000 	C:\Program Files\Android\Android Studio\jbr\bin\msvcp140.dll
0x00007ffba5060000 - 0x00007ffba5cee000 	C:\Program Files\Android\Android Studio\jbr\bin\server\jvm.dll
0x00007ffbf14a0000 - 0x00007ffbf150b000 	C:\WINDOWS\System32\WS2_32.dll
0x00007ffbefde0000 - 0x00007ffbefe2b000 	C:\WINDOWS\SYSTEM32\POWRPROF.dll
0x00007ffbd7100000 - 0x00007ffbd7127000 	C:\WINDOWS\SYSTEM32\WINMM.dll
0x00007ffbefdc0000 - 0x00007ffbefdd2000 	C:\WINDOWS\SYSTEM32\UMPDC.dll
0x00007ffbee720000 - 0x00007ffbee732000 	C:\WINDOWS\SYSTEM32\kernel.appcore.dll
0x00007ffbe1170000 - 0x00007ffbe117a000 	C:\Program Files\Android\Android Studio\jbr\bin\jimage.dll
0x00007ffbe9ef0000 - 0x00007ffbea0f1000 	C:\WINDOWS\SYSTEM32\DBGHELP.DLL
0x00007ffbe1380000 - 0x00007ffbe13b4000 	C:\WINDOWS\SYSTEM32\dbgcore.DLL
0x00007ffbf0880000 - 0x00007ffbf0902000 	C:\WINDOWS\System32\bcryptPrimitives.dll
0x00007ffbd9df0000 - 0x00007ffbd9dfe000 	C:\Program Files\Android\Android Studio\jbr\bin\instrument.dll
0x00007ffbe1150000 - 0x00007ffbe1170000 	C:\Program Files\Android\Android Studio\jbr\bin\java.dll
0x00007ffbe1130000 - 0x00007ffbe1148000 	C:\Program Files\Android\Android Studio\jbr\bin\zip.dll
0x00007ffbed930000 - 0x00007ffbee0d5000 	C:\WINDOWS\SYSTEM32\windows.storage.dll
0x00007ffbf0ee0000 - 0x00007ffbf1234000 	C:\WINDOWS\System32\combase.dll
0x00007ffbef860000 - 0x00007ffbef88b000 	C:\WINDOWS\SYSTEM32\Wldp.dll
0x00007ffbf0c00000 - 0x00007ffbf0ccd000 	C:\WINDOWS\System32\OLEAUT32.dll
0x00007ffbf2220000 - 0x00007ffbf22cd000 	C:\WINDOWS\System32\SHCORE.dll
0x00007ffbefeb0000 - 0x00007ffbefed4000 	C:\WINDOWS\SYSTEM32\profapi.dll
0x00007ffbda7c0000 - 0x00007ffbda7d0000 	C:\Program Files\Android\Android Studio\jbr\bin\net.dll
0x00007ffbde010000 - 0x00007ffbde11a000 	C:\WINDOWS\SYSTEM32\WINHTTP.dll
0x00007ffbef5c0000 - 0x00007ffbef62a000 	C:\WINDOWS\system32\mswsock.dll
0x00007ffbda1d0000 - 0x00007ffbda1e6000 	C:\Program Files\Android\Android Studio\jbr\bin\nio.dll
0x00007ffbe6110000 - 0x00007ffbe6120000 	C:\Program Files\Android\Android Studio\jbr\bin\verify.dll
0x00007ffbbdfb0000 - 0x00007ffbbdfd7000 	C:\Users\Shekhani Laptops\.gradle\native\1def1411415f61bf3af743bc5b6707747c0891f09f0c88961ee8f79bc544acac\windows-amd64\native-platform.dll
0x0000000055130000 - 0x00000000551a3000 	C:\Users\Shekhani Laptops\.gradle\native\0.2.5\x86_64-windows-gnu\gradle-fileevents.dll
0x00007ffbb8700000 - 0x00007ffbb8709000 	C:\Program Files\Android\Android Studio\jbr\bin\management.dll
0x00007ffbb7900000 - 0x00007ffbb790b000 	C:\Program Files\Android\Android Studio\jbr\bin\management_ext.dll
0x00007ffbf1250000 - 0x00007ffbf1258000 	C:\WINDOWS\System32\PSAPI.DLL
0x00007ffbef7b0000 - 0x00007ffbef7c8000 	C:\WINDOWS\SYSTEM32\CRYPTSP.dll
0x00007ffbeeee0000 - 0x00007ffbeef18000 	C:\WINDOWS\system32\rsaenh.dll
0x00007ffbefe30000 - 0x00007ffbefe5e000 	C:\WINDOWS\SYSTEM32\USERENV.dll
0x00007ffbef7d0000 - 0x00007ffbef7dc000 	C:\WINDOWS\SYSTEM32\CRYPTBASE.dll
0x00007ffbef2a0000 - 0x00007ffbef2db000 	C:\WINDOWS\SYSTEM32\IPHLPAPI.DLL
0x00007ffbf1240000 - 0x00007ffbf1248000 	C:\WINDOWS\System32\NSI.dll
0x00007ffbd9f20000 - 0x00007ffbd9f29000 	C:\Program Files\Android\Android Studio\jbr\bin\extnet.dll
0x00007ffbd9f30000 - 0x00007ffbd9f37000 	C:\WINDOWS\system32\wshunix.dll
0x00000000550b0000 - 0x0000000055123000 	C:\Users\Shekhani Laptops\AppData\Local\Temp\native-platform16310615113696472777dir\gradle-fileevents.dll
0x00007ffbd96a0000 - 0x00007ffbd96b7000 	C:\WINDOWS\system32\napinsp.dll
0x00007ffbd9520000 - 0x00007ffbd953b000 	C:\WINDOWS\system32\pnrpnsp.dll
0x00007ffbe7020000 - 0x00007ffbe703d000 	C:\WINDOWS\system32\wshbth.dll
0x00007ffbe7090000 - 0x00007ffbe70ad000 	C:\WINDOWS\system32\NLAapi.dll
0x00007ffbef2e0000 - 0x00007ffbef3aa000 	C:\WINDOWS\SYSTEM32\DNSAPI.dll
0x00007ffbba830000 - 0x00007ffbba842000 	C:\WINDOWS\System32\winrnr.dll
0x0000000055580000 - 0x00000000555a6000 	C:\Program Files\Bonjour\mdnsNSP.dll
0x00007ffbe4e10000 - 0x00007ffbe4e1a000 	C:\Windows\System32\rasadhlp.dll
0x00007ffbd7ef0000 - 0x00007ffbd7f70000 	C:\WINDOWS\System32\fwpuclnt.dll

dbghelp: loaded successfully - version: 4.0.5 - missing functions: none
symbol engine: initialized successfully - sym options: 0x614 - pdb path: .;C:\Program Files\Android\Android Studio\jbr\bin;C:\WINDOWS\SYSTEM32;C:\WINDOWS\WinSxS\amd64_microsoft.windows.common-controls_6595b64144ccf1df_6.0.19041.6456_none_60b8a6cb71f64256;C:\Program Files (x86)\360\Total Security\safemon;C:\Program Files\Android\Android Studio\jbr\bin\server;C:\Users\Shekhani Laptops\.gradle\native\1def1411415f61bf3af743bc5b6707747c0891f09f0c88961ee8f79bc544acac\windows-amd64;C:\Users\Shekhani Laptops\.gradle\native\0.2.5\x86_64-windows-gnu;C:\Users\Shekhani Laptops\AppData\Local\Temp\native-platform16310615113696472777dir;C:\Program Files\Bonjour

VM Arguments:
jvm_args: --add-opens=java.base/java.lang=ALL-UNNAMED --add-opens=java.base/java.lang.invoke=ALL-UNNAMED --add-opens=java.base/java.util=ALL-UNNAMED --add-opens=java.prefs/java.util.prefs=ALL-UNNAMED --add-exports=jdk.compiler/com.sun.tools.javac.api=ALL-UNNAMED --add-exports=jdk.compiler/com.sun.tools.javac.util=ALL-UNNAMED --add-opens=java.base/java.util=ALL-UNNAMED --add-opens=java.prefs/java.util.prefs=ALL-UNNAMED --add-opens=java.base/java.nio.charset=ALL-UNNAMED --add-opens=java.base/java.net=ALL-UNNAMED --add-opens=java.base/java.util.concurrent.atomic=ALL-UNNAMED --add-opens=java.xml/javax.xml.namespace=ALL-UNNAMED -XX:MaxMetaspaceSize=4G -XX:ReservedCodeCacheSize=512m -XX:+HeapDumpOnOutOfMemoryError -Xmx8G -Dfile.encoding=UTF-8 -Duser.country=US -Duser.language=en -Duser.variant -javaagent:C:\Users\Shekhani Laptops\.gradle\wrapper\dists\gradle-8.12-all\ejduaidbjup3bmmkhw3rie4zb\gradle-8.12\lib\agents\gradle-instrumentation-agent-8.12.jar 
java_command: org.gradle.launcher.daemon.bootstrap.GradleDaemon 8.12
java_class_path (initial): C:\Users\Shekhani Laptops\.gradle\wrapper\dists\gradle-8.12-all\ejduaidbjup3bmmkhw3rie4zb\gradle-8.12\lib\gradle-daemon-main-8.12.jar
Launcher Type: SUN_STANDARD

[Global flags]
     intx CICompilerCount                          = 3                                         {product} {ergonomic}
     uint ConcGCThreads                            = 1                                         {product} {ergonomic}
     uint G1ConcRefinementThreads                  = 4                                         {product} {ergonomic}
   size_t G1HeapRegionSize                         = 4194304                                   {product} {ergonomic}
    uintx GCDrainStackTargetSize                   = 64                                        {product} {ergonomic}
     bool HeapDumpOnOutOfMemoryError               = true                                   {manageable} {command line}
   size_t InitialHeapSize                          = 134217728                                 {product} {ergonomic}
   size_t MarkStackSize                            = 4194304                                   {product} {ergonomic}
   size_t MaxHeapSize                              = 8589934592                                {product} {command line}
   size_t MaxMetaspaceSize                         = 4294967296                                {product} {command line}
   size_t MaxNewSize                               = 5150605312                                {product} {ergonomic}
   size_t MinHeapDeltaBytes                        = 4194304                                   {product} {ergonomic}
   size_t MinHeapSize                              = 8388608                                   {product} {ergonomic}
    uintx NonNMethodCodeHeapSize                   = 5832780                                {pd product} {ergonomic}
    uintx NonProfiledCodeHeapSize                  = 265519066                              {pd product} {ergonomic}
    uintx ProfiledCodeHeapSize                     = 265519066                              {pd product} {ergonomic}
    uintx ReservedCodeCacheSize                    = 536870912                              {pd product} {command line}
     bool SegmentedCodeCache                       = true                                      {product} {ergonomic}
   size_t SoftMaxHeapSize                          = 8589934592                             {manageable} {ergonomic}
     bool UseCompressedOops                        = true                           {product lp64_product} {ergonomic}
     bool UseG1GC                                  = true                                      {product} {ergonomic}
     bool UseLargePagesIndividualAllocation        = false                                  {pd product} {ergonomic}

Logging:
Log output configuration:
 #0: stdout all=warning uptime,level,tags foldmultilines=false
 #1: stderr all=off uptime,level,tags foldmultilines=false

Environment Variables:
JAVA_HOME=C:\Program Files\Android\Android Studio\jbr
CLASSPATH=C:\Users\Shekhani Laptops\smartcommunity\smart_community_safety_app\android\\gradle\wrapper\gradle-wrapper.jar
PATH=C:\Program Files\Android\Android Studio\jbr\bin;C:\Program Files\Common Files\Oracle\Java\javapath;C:\Program Files\nodejs\;C:\Windows\System32;C:\Program Files\Java\jdk-24\bin;C:\Program Files\Microsoft SQL Server\Client SDK\ODBC\170\Tools\Binn\;C:\Program Files\Microsoft SQL Server\160\DTS\Binn\;C:\Program Files\Git\cmd;C:\WINDOWS\system32\WindowsPowerShell\v1.0\;C:\Program Files (x86)\Windows Kits\10\Windows Performance Toolkit\;C:\Program Files\dotnet\;C:\Program Files\Git\bin;C:\Users\Shekhani Laptops\AppData\Local\Programs\Microsoft VS Code\bin;C:\Program Files\PyCharm Community Edition 2024.3.2\bin;C:\flutter\bin;powershall.exe;C:\flutter\bin\mingit\cmd
USERNAME=Shekhani Laptops
OS=Windows_NT
PROCESSOR_IDENTIFIER=Intel64 Family 6 Model 142 Stepping 9, GenuineIntel
TMP=C:\Users\SHEKHA~1\AppData\Local\Temp
TEMP=C:\Users\SHEKHA~1\AppData\Local\Temp




Periodic native trim disabled

JNI global refs:
JNI global refs: 30, weak refs: 7

JNI global refs memory usage: 835, weak refs: 833

Process memory usage:
Resident Set Size: 541128K (6% of 8260824K total physical memory with 170640K free physical memory)

OOME stack traces (most recent first):
Classloader memory used:
Loader org.gradle.internal.classloader.VisitableURLClassLoader                         : 78870K
Loader bootstrap                                                                       : 27171K
Loader org.gradle.initialization.MixInLegacyTypesClassLoader                           : 12536K
Loader org.gradle.internal.classloader.VisitableURLClassLoader$InstrumentingVisitableURLClassLoader: 6116K
Loader jdk.internal.loader.ClassLoaders$PlatformClassLoader                            : 501K
Loader jdk.internal.jrtfs.JrtFileSystemProvider$JrtFsLoader                            : 324K
Loader jdk.internal.loader.ClassLoaders$AppClassLoader                                 : 231K
Loader jdk.internal.reflect.DelegatingClassLoader                                      : 134K
Loader org.gradle.internal.classloader.VisitableURLClassLoader                         : 130K

Classes loaded by more than one classloader:
Class Program                                                                         : loaded 8 times (x 70B)
Class Settings_gradle                                                                 : loaded 3 times (x 126B)
Class Build_gradle$1                                                                  : loaded 3 times (x 72B)
Class Build_gradle                                                                    : loaded 3 times (x 128B)
Class jdk.internal.jimage.decompressor.StringSharingDecompressorFactory               : loaded 2 times (x 72B)
Class org.gradle.internal.classloader.DefaultClassLoaderFactory                       : loaded 2 times (x 80B)
Class org.gradle.internal.classloader.ClassLoaderVisitor                              : loaded 2 times (x 74B)
Class org.gradle.api.internal.classpath.EffectiveClassPath                            : loaded 2 times (x 88B)
Class org.gradle.api.internal.DefaultClassPathProvider                                : loaded 2 times (x 74B)
Class [Lorg.gradle.api.internal.ClassPathProvider;                                    : loaded 2 times (x 67B)
Class org.gradle.api.internal.ClassPathProvider                                       : loaded 2 times (x 68B)
Class jdk.internal.jrtfs.SystemImage                                                  : loaded 2 times (x 72B)
Class org.gradle.internal.service.UnknownServiceException                             : loaded 2 times (x 81B)
Class org.gradle.internal.classpath.TransformedClassPath                              : loaded 2 times (x 94B)
Class org.gradle.internal.classloader.InstrumentingClassLoader                        : loaded 2 times (x 68B)
Class jdk.internal.jrtfs.SystemImage$1                                                : loaded 2 times (x 76B)
Class jdk.internal.jrtfs.SystemImage$2                                                : loaded 2 times (x 74B)
Class org.jetbrains.kotlin.utils.CollectionsKt                                        : loaded 2 times (x 69B)
Class org.gradle.internal.service.ServiceLocator                                      : loaded 2 times (x 68B)
Class jdk.internal.jrtfs.JrtFileSystemProvider                                        : loaded 2 times (x 99B)
Class jdk.internal.jimage.ImageLocation                                               : loaded 2 times (x 88B)
Class jdk.internal.jrtfs.JrtDirectoryStream$1                                         : loaded 2 times (x 81B)
Class org.gradle.internal.InternalTransformer                                         : loaded 2 times (x 68B)
Class jdk.internal.jimage.ImageBufferCache$1                                          : loaded 2 times (x 81B)
Class org.gradle.internal.classloader.ClasspathUtil$1                                 : loaded 2 times (x 74B)
Class jdk.internal.jimage.ImageBufferCache$2                                          : loaded 2 times (x 89B)
Class org.gradle.api.internal.classpath.DefaultModuleRegistry$DefaultModule           : loaded 2 times (x 84B)
Class org.gradle.api.internal.classpath.Module                                        : loaded 2 times (x 68B)
Class org.gradle.api.internal.classpath.UnknownModuleException                        : loaded 2 times (x 80B)
Class jdk.internal.jimage.ImageHeader                                                 : loaded 2 times (x 69B)
Class org.gradle.api.internal.DefaultClassPathRegistry                                : loaded 2 times (x 74B)
Class org.gradle.api.internal.ClassPathRegistry                                       : loaded 2 times (x 68B)
Class org.gradle.internal.classpath.DefaultClassPath$ImmutableUniqueList              : loaded 2 times (x 197B)
Class jdk.internal.jimage.decompressor.ResourceDecompressor                           : loaded 2 times (x 68B)
Class org.gradle.api.internal.classpath.ManifestUtil                                  : loaded 2 times (x 69B)
Class org.gradle.internal.classloader.ClassLoaderHierarchy                            : loaded 2 times (x 68B)
Class org.gradle.internal.classpath.ClassPath                                         : loaded 2 times (x 68B)
Class org.gradle.api.UncheckedIOException                                             : loaded 2 times (x 80B)
Class jdk.internal.jimage.ImageStringsReader                                          : loaded 2 times (x 78B)
Class jdk.internal.jimage.ImageReader                                                 : loaded 2 times (x 73B)
Class jdk.internal.jimage.ImageReader$SharedImageReader                               : loaded 2 times (x 93B)
Class org.gradle.internal.installation.GradleInstallation$1                           : loaded 2 times (x 73B)
Class org.gradle.api.internal.classpath.ModuleRegistry                                : loaded 2 times (x 68B)
Class jdk.internal.jimage.decompressor.ResourceDecompressorFactory                    : loaded 2 times (x 72B)
Class jdk.internal.jimage.ImageReader$Node                                            : loaded 2 times (x 82B)
Class org.gradle.api.internal.classpath.DefaultModuleRegistry                         : loaded 2 times (x 84B)
Class jdk.internal.jimage.BasicImageReader$1                                          : loaded 2 times (x 75B)
Class jdk.internal.jimage.decompressor.Decompressor                                   : loaded 2 times (x 70B)
Class jdk.internal.jimage.ImageReader$Resource                                        : loaded 2 times (x 82B)
Class org.gradle.internal.service.ServiceLookupException                              : loaded 2 times (x 80B)
Class jdk.internal.jrtfs.JrtFileAttributes                                            : loaded 2 times (x 81B)
Class org.gradle.internal.classloader.ClassLoaderFactory                              : loaded 2 times (x 68B)
Class org.gradle.internal.service.CachingServiceLocator                               : loaded 2 times (x 80B)
Class jdk.internal.jimage.ImageBufferCache                                            : loaded 2 times (x 69B)
Class jdk.internal.jrtfs.JrtPath                                                      : loaded 2 times (x 116B)
Class org.gradle.internal.classloader.ClasspathUtil                                   : loaded 2 times (x 69B)
Class org.gradle.api.specs.Spec                                                       : loaded 2 times (x 68B)
Class jdk.internal.jimage.ImageReader$SharedImageReader$LocationVisitor               : loaded 2 times (x 68B)
Class jdk.internal.jimage.decompressor.ResourceDecompressorRepository                 : loaded 2 times (x 69B)
Class jdk.internal.jimage.BasicImageReader                                            : loaded 2 times (x 93B)
Class jdk.internal.jimage.ImageReader$Directory                                       : loaded 2 times (x 82B)
Class Build_gradle$2                                                                  : loaded 2 times (x 73B)
Class Build_gradle$3                                                                  : loaded 2 times (x 72B)
Class org.gradle.internal.classloader.VisitableURLClassLoader$InstrumentingVisitableURLClassLoader: loaded 2 times (x 121B)
Class org.gradle.internal.classloader.VisitableURLClassLoader$Spec                    : loaded 2 times (x 72B)
Class org.gradle.internal.classpath.DefaultClassPath                                  : loaded 2 times (x 88B)
Class jdk.internal.jimage.decompressor.ZipDecompressorFactory                         : loaded 2 times (x 72B)
Class org.gradle.internal.classloader.ClassLoaderSpec                                 : loaded 2 times (x 69B)
Class Settings_gradle$1$1                                                             : loaded 2 times (x 72B)
Class org.gradle.internal.classloader.VisitableURLClassLoader                         : loaded 2 times (x 115B)
Class Settings_gradle$1                                                               : loaded 2 times (x 72B)
Class org.gradle.internal.Cast                                                        : loaded 2 times (x 69B)
Class org.gradle.api.Action                                                           : loaded 2 times (x 68B)
Class jdk.internal.jimage.decompressor.ZipDecompressor                                : loaded 2 times (x 73B)
Class org.gradle.internal.classpath.DefaultClassPath$ImmutableUniqueList$Builder      : loaded 2 times (x 73B)
Class org.gradle.api.GradleException                                                  : loaded 2 times (x 80B)
Class jdk.internal.jimage.ImageStrings                                                : loaded 2 times (x 68B)
Class org.gradle.internal.IoActions                                                   : loaded 2 times (x 69B)
Class org.gradle.internal.classloader.SystemClassLoaderSpec                           : loaded 2 times (x 69B)
Class jdk.internal.jrtfs.JrtFileSystem                                                : loaded 2 times (x 100B)
Class jdk.internal.jimage.decompressor.CompressedResourceHeader                       : loaded 2 times (x 69B)
Class org.gradle.api.internal.classpath.GlobalCacheRootsProvider                      : loaded 2 times (x 68B)
Class org.gradle.internal.classloader.FilteringClassLoader                            : loaded 2 times (x 103B)
Class org.gradle.internal.installation.CurrentGradleInstallationLocator               : loaded 2 times (x 69B)
Class org.gradle.internal.service.DefaultServiceLocator                               : loaded 2 times (x 81B)
Class jdk.internal.jrtfs.JrtDirectoryStream                                           : loaded 2 times (x 87B)
Class org.jetbrains.kotlin.util.capitalizeDecapitalize.CapitalizeDecapitalizeKt       : loaded 2 times (x 69B)
Class org.gradle.internal.installation.CurrentGradleInstallation                      : loaded 2 times (x 71B)
Class org.gradle.util.internal.GUtil                                                  : loaded 2 times (x 69B)
Class org.gradle.internal.installation.GradleInstallation                             : loaded 2 times (x 73B)
Class jdk.internal.jimage.decompressor.ResourceDecompressor$StringsProvider           : loaded 2 times (x 68B)

---------------  S Y S T E M  ---------------

OS:
 Windows 10 , 64 bit Build 19041 (10.0.19041.5915)
OS uptime: 0 days 4:50 hours

CPU: total 4 (initial active 4) (2 cores per cpu, 2 threads per core) family 6 model 142 stepping 9 microcode 0xde, cx8, cmov, fxsr, ht, mmx, 3dnowpref, sse, sse2, sse3, ssse3, sse4.1, sse4.2, popcnt, lzcnt, tsc, tscinvbit, avx, avx2, aes, erms, clmul, bmi1, bmi2, rtm, adx, fma, vzeroupper, clflush, clflushopt, rdtscp, f16c
Processor Information for the first 4 processors :
  Max Mhz: 2712, Current Mhz: 2611, Mhz Limit: 2603

Memory: 4k page, system-wide physical 8067M (199M free)
TotalPageFile size 10783M (AvailPageFile size 6M)
current process WorkingSet (physical memory assigned to process): 529M, peak: 529M
current process commit charge ("private bytes"): 635M, peak: 637M

vm_info: OpenJDK 64-Bit Server VM (21.0.7+-13880790-b1038.58) for windows-amd64 JRE (21.0.7+-13880790-b1038.58), built on 2025-08-04T20:56:21Z by "builder" with MS VC++ 16.10 / 16.11 (VS2019)

END.
