#
# There is insufficient memory for the Java Runtime Environment to continue.
# Native memory allocation (mmap) failed to map 134217728 bytes. Error detail: G1 virtual space
# Possible reasons:
#   The system is out of physical RAM or swap space
#   This process is running with CompressedOops enabled, and the Java Heap may be blocking the growth of the native heap
# Possible solutions:
#   Reduce memory load on the system
#   Increase physical memory or swap space
#   Check if swap backing store is full
#   Decrease Java heap size (-Xmx/-Xms)
#   Decrease number of Java threads
#   Decrease Java thread stack sizes (-Xss)
#   Set larger code cache with -XX:ReservedCodeCacheSize=
#   JVM is running with Unscaled Compressed Oops mode in which the Java heap is
#     placed in the first 4GB address space. The Java Heap base address is the
#     maximum limit for the native heap growth. Please use -XX:HeapBaseMinAddress
#     to set the Java Heap base and to place the Java Heap above 4GB virtual address.
# This output file may be truncated or incomplete.
#
#  Out of Memory Error (os_windows.cpp:3618), pid=13144, tid=1556
#
# JRE version:  (17.0.17+10) (build )
# Java VM: OpenJDK 64-Bit Server VM (17.0.17+10, mixed mode, sharing, tiered, compressed oops, compressed class ptrs, g1 gc, windows-amd64)
# No core dump will be written. Minidumps are not enabled by default on client versions of Windows
#

---------------  S U M M A R Y ------------

Command Line: org.jetbrains.kotlin.cli.jvm.K2JVMCompiler @D:\flutter_project\smart_community_safety_app\build\audioplayers_android\20260103_2299083601002067770.compiler.options

Host: Intel(R) Core(TM) i5-7300U CPU @ 2.60GHz, 4 cores, 7G,  Windows 10 , 64 bit Build 19041 (10.0.19041.5915)
Time: Sat Jan  3 17:31:32 2026 Pakistan Standard Time elapsed time: 0.091808 seconds (0d 0h 0m 0s)

---------------  T H R E A D  ---------------

Current thread (0x0000013249bedf20):  JavaThread "Unknown thread" [_thread_in_vm, id=1556, stack(0x0000000eda200000,0x0000000eda300000)]

Stack: [0x0000000eda200000,0x0000000eda300000]
Native frames: (J=compiled Java code, j=interpreted, Vv=VM code, C=native code)
V  [jvm.dll+0x683fb9]
V  [jvm.dll+0x83a1b5]
V  [jvm.dll+0x83bc2e]
V  [jvm.dll+0x83c2b3]
V  [jvm.dll+0x248eff]
V  [jvm.dll+0x680d79]
V  [jvm.dll+0x675b7a]
V  [jvm.dll+0x3091a7]
V  [jvm.dll+0x310776]
V  [jvm.dll+0x360bbe]
V  [jvm.dll+0x360dfd]
V  [jvm.dll+0x2e022c]
V  [jvm.dll+0x2e1138]
V  [jvm.dll+0x80c6cb]
V  [jvm.dll+0x36e841]
V  [jvm.dll+0x7eb2a5]
V  [jvm.dll+0x3f444b]
V  [jvm.dll+0x3f5f31]
C  [jli.dll+0x52d0]
C  [ucrtbase.dll+0x21bb2]
C  [KERNEL32.DLL+0x17374]
C  [ntdll.dll+0x4cc91]


---------------  P R O C E S S  ---------------

Threads class SMR info:
_java_thread_list=0x00007ff9ac897f58, length=0, elements={
}

Java Threads: ( => current thread )

Other Threads:
  0x0000013249c48050 GCTaskThread "GC Thread#0" [stack: 0x0000000eda300000,0x0000000eda400000] [id=17192]
  0x0000013249c58990 ConcurrentGCThread "G1 Main Marker" [stack: 0x0000000eda400000,0x0000000eda500000] [id=1896]
  0x0000013249c59160 ConcurrentGCThread "G1 Conc#0" [stack: 0x0000000eda500000,0x0000000eda600000] [id=1700]

[error occurred during error reporting (printing all threads), id 0xc0000005, EXCEPTION_ACCESS_VIOLATION (0xc0000005) at pc=0x00007ff9ac050d57]

VM state: not at safepoint (not fully initialized)

VM Mutex/Monitor currently owned by a thread:  ([mutex/lock_event])
[0x0000013249beadc0] Heap_lock - owner thread: 0x0000013249bedf20

Heap address: 0x0000000081e00000, size: 2018 MB, Compressed Oops mode: 32-bit

CDS archive(s) mapped at: [0x0000000000000000-0x0000000000000000-0x0000000000000000), size 0, SharedBaseAddress: 0x0000000800000000, ArchiveRelocationMode: 1.
Narrow klass base: 0x0000000000000000, Narrow klass shift: 0, Narrow klass range: 0x0

GC Precious Log:
<Empty>

Heap:
 garbage-first heap   total 0K, used 0K [0x0000000081e00000, 0x0000000100000000)
  region size 1024K, 0 young (0K), 0 survivors (0K)

[error occurred during error reporting (printing heap information), id 0xc0000005, EXCEPTION_ACCESS_VIOLATION (0xc0000005) at pc=0x00007ff9ac43d5c9]

GC Heap History (0 events):
No events

Dll operation events (1 events):
Event: 0.077 Loaded shared library D:\java\jdk-17\bin\java.dll

Deoptimization events (0 events):
No events

Classes loaded (0 events):
No events

Classes unloaded (0 events):
No events

Classes redefined (0 events):
No events

Internal exceptions (0 events):
No events

VM Operations (0 events):
No events

Memory protections (0 events):
No events

Nmethod flushes (0 events):
No events

Events (0 events):
No events


Dynamic libraries:
0x00007ff70cd90000 - 0x00007ff70cd9e000 	D:\java\jdk-17\bin\java.exe
0x00007ff9fd1b0000 - 0x00007ff9fd3a8000 	C:\WINDOWS\SYSTEM32\ntdll.dll
0x00007ff9fbe00000 - 0x00007ff9fbec2000 	C:\WINDOWS\System32\KERNEL32.DLL
0x00007ff9faab0000 - 0x00007ff9fada6000 	C:\WINDOWS\System32\KERNELBASE.dll
0x00007ff9fb0d0000 - 0x00007ff9fb1d0000 	C:\WINDOWS\System32\ucrtbase.dll
0x00007ff9e5b30000 - 0x00007ff9e5b48000 	D:\java\jdk-17\bin\jli.dll
0x00007ff9fc9d0000 - 0x00007ff9fcb71000 	C:\WINDOWS\System32\USER32.dll
0x00007ff9fa920000 - 0x00007ff9fa942000 	C:\WINDOWS\System32\win32u.dll
0x00007ff9fc100000 - 0x00007ff9fc12b000 	C:\WINDOWS\System32\GDI32.dll
0x00007ff9fafb0000 - 0x00007ff9fb0c9000 	C:\WINDOWS\System32\gdi32full.dll
0x00007ff9faf10000 - 0x00007ff9fafad000 	C:\WINDOWS\System32\msvcp_win.dll
0x00007ff9e5170000 - 0x00007ff9e518e000 	D:\java\jdk-17\bin\VCRUNTIME140.dll
0x00007ff9e70d0000 - 0x00007ff9e736b000 	C:\WINDOWS\WinSxS\amd64_microsoft.windows.common-controls_6595b64144ccf1df_6.0.19041.6456_none_60b8a6cb71f64256\COMCTL32.dll
0x00007ff9fc000000 - 0x00007ff9fc09e000 	C:\WINDOWS\System32\msvcrt.dll
0x00007ff9fb1d0000 - 0x00007ff9fb1ff000 	C:\WINDOWS\System32\IMM32.DLL
0x000000006dfd0000 - 0x000000006dfdc000 	C:\Program Files (x86)\360\Total Security\safemon\SafeWrapper.dll
0x00007ff9fc8e0000 - 0x00007ff9fc991000 	C:\WINDOWS\System32\ADVAPI32.dll
0x00007ff9fbee0000 - 0x00007ff9fbf7f000 	C:\WINDOWS\System32\sechost.dll
0x00007ff9fd050000 - 0x00007ff9fd170000 	C:\WINDOWS\System32\RPCRT4.dll
0x00007ff9faa80000 - 0x00007ff9faaa7000 	C:\WINDOWS\System32\bcrypt.dll
0x00007ff99e8e0000 - 0x00007ff99e98c000 	C:\Program Files (x86)\360\Total Security\safemon\libzdtp64.dll
0x00007ff9fb500000 - 0x00007ff9fbc70000 	C:\WINDOWS\System32\SHELL32.dll
0x00007ff9fc0a0000 - 0x00007ff9fc0fb000 	C:\WINDOWS\System32\SHLWAPI.dll
0x00007ff9fa2c0000 - 0x00007ff9fa2ca000 	C:\WINDOWS\SYSTEM32\VERSION.dll
0x00007ff9e5dd0000 - 0x00007ff9e5ddc000 	D:\java\jdk-17\bin\vcruntime140_1.dll
0x00007ff9d5bd0000 - 0x00007ff9d5c5d000 	D:\java\jdk-17\bin\msvcp140.dll
0x00007ff9abd60000 - 0x00007ff9ac9cb000 	D:\java\jdk-17\bin\server\jvm.dll
0x00007ff9fc870000 - 0x00007ff9fc8db000 	C:\WINDOWS\System32\WS2_32.dll
0x00007ff9fa6a0000 - 0x00007ff9fa6eb000 	C:\WINDOWS\SYSTEM32\POWRPROF.dll
0x00007ff9f16b0000 - 0x00007ff9f16d7000 	C:\WINDOWS\SYSTEM32\WINMM.dll
0x00007ff9fa680000 - 0x00007ff9fa692000 	C:\WINDOWS\SYSTEM32\UMPDC.dll
0x00007ff9f8fe0000 - 0x00007ff9f8ff2000 	C:\WINDOWS\SYSTEM32\kernel.appcore.dll
0x00007ff9e5a40000 - 0x00007ff9e5a4a000 	D:\java\jdk-17\bin\jimage.dll
0x00007ff9f44e0000 - 0x00007ff9f46e1000 	C:\WINDOWS\SYSTEM32\DBGHELP.DLL
0x00007ff9ec6b0000 - 0x00007ff9ec6e4000 	C:\WINDOWS\SYSTEM32\dbgcore.DLL
0x00007ff9fa890000 - 0x00007ff9fa912000 	C:\WINDOWS\System32\bcryptPrimitives.dll
0x00007ff9d5ea0000 - 0x00007ff9d5ec5000 	D:\java\jdk-17\bin\java.dll

dbghelp: loaded successfully - version: 4.0.5 - missing functions: none
symbol engine: initialized successfully - sym options: 0x614 - pdb path: .;D:\java\jdk-17\bin;C:\WINDOWS\SYSTEM32;C:\WINDOWS\WinSxS\amd64_microsoft.windows.common-controls_6595b64144ccf1df_6.0.19041.6456_none_60b8a6cb71f64256;C:\Program Files (x86)\360\Total Security\safemon;D:\java\jdk-17\bin\server

VM Arguments:
java_command: org.jetbrains.kotlin.cli.jvm.K2JVMCompiler @D:\flutter_project\smart_community_safety_app\build\audioplayers_android\20260103_2299083601002067770.compiler.options
java_class_path (initial): C:\Users\Shekhani Laptops\.gradle\caches\modules-2\files-2.1\org.jetbrains.kotlin\kotlin-compiler-embeddable\2.1.0\988bf980588bbbcfa1ba19c1ffd7aa869b335a31\kotlin-compiler-embeddable-2.1.0.jar;C:\Users\Shekhani Laptops\.gradle\caches\modules-2\files-2.1\org.jetbrains.kotlin\kotlin-stdlib\2.1.0\85f8b81009cda5890e54ba67d64b5e599c645020\kotlin-stdlib-2.1.0.jar;C:\Users\Shekhani Laptops\.gradle\caches\modules-2\files-2.1\org.jetbrains.kotlin\kotlin-script-runtime\2.1.0\5909da8c57b75a117714ab0e348c86101b7a3284\kotlin-script-runtime-2.1.0.jar;C:\Users\Shekhani Laptops\.gradle\caches\modules-2\files-2.1\org.jetbrains.kotlin\kotlin-reflect\1.6.10\1cbe9c92c12a94eea200d23c2bbaedaf3daf5132\kotlin-reflect-1.6.10.jar;C:\Users\Shekhani Laptops\.gradle\caches\modules-2\files-2.1\org.jetbrains.kotlin\kotlin-daemon-embeddable\2.1.0\420bae1908e4a353f5b56c3c850d24d86367b25d\kotlin-daemon-embeddable-2.1.0.jar;C:\Users\Shekhani Laptops\.gradle\caches\modules-2\files-2.1\org.jetbrains.intellij.deps\trove4j\1.0.20200330\3afb14d5f9ceb459d724e907a21145e8ff394f02\trove4j-1.0.20200330.jar;C:\Users\Shekhani Laptops\.gradle\caches\modules-2\files-2.1\org.jetbrains.kotlinx\kotlinx-coroutines-core-jvm\1.6.4\2c997cd1c0ef33f3e751d3831929aeff1390cb30\kotlinx-coroutines-core-jvm-1.6.4.jar;C:\Users\Shekhani Laptops\.gradle\caches\modules-2\files-2.1\org.jetbrains\annotations\13.0\919f0dfe192fb4e063e7dacadee7f8bb9a2672a9\annotations-13.0.jar
Launcher Type: SUN_STANDARD

[Global flags]
     intx CICompilerCount                          = 3                                         {product} {ergonomic}
     uint ConcGCThreads                            = 1                                         {product} {ergonomic}
     uint G1ConcRefinementThreads                  = 4                                         {product} {ergonomic}
   size_t G1HeapRegionSize                         = 1048576                                   {product} {ergonomic}
    uintx GCDrainStackTargetSize                   = 64                                        {product} {ergonomic}
   size_t InitialHeapSize                          = 134217728                                 {product} {ergonomic}
   size_t MarkStackSize                            = 4194304                                   {product} {ergonomic}
   size_t MaxHeapSize                              = 2116026368                                {product} {ergonomic}
   size_t MinHeapDeltaBytes                        = 1048576                                   {product} {ergonomic}
   size_t MinHeapSize                              = 8388608                                   {product} {ergonomic}
    uintx NonNMethodCodeHeapSize                   = 5832780                                {pd product} {ergonomic}
    uintx NonProfiledCodeHeapSize                  = 122912730                              {pd product} {ergonomic}
    uintx ProfiledCodeHeapSize                     = 122912730                              {pd product} {ergonomic}
    uintx ReservedCodeCacheSize                    = 251658240                              {pd product} {ergonomic}
     bool SegmentedCodeCache                       = true                                      {product} {ergonomic}
   size_t SoftMaxHeapSize                          = 2116026368                             {manageable} {ergonomic}
     bool UseCompressedClassPointers               = true                           {product lp64_product} {ergonomic}
     bool UseCompressedOops                        = true                           {product lp64_product} {ergonomic}
     bool UseG1GC                                  = true                                      {product} {ergonomic}
     bool UseLargePagesIndividualAllocation        = false                                  {pd product} {ergonomic}

Logging:
Log output configuration:
 #0: stdout all=warning uptime,level,tags
 #1: stderr all=off uptime,level,tags

Environment Variables:
JAVA_HOME=C:\Program Files\Android\Android Studio\jbr
CLASSPATH=D:\flutter_project\smart_community_safety_app\android\\gradle\wrapper\gradle-wrapper.jar
PATH=C:\Program Files\Android\Android Studio\jbr\bin;D:\Gradle\gradle-8.11.1\bin;D:\java\jdk-17\bin;D:\java\bin;C:\Program Files\nodejs\;C:\Windows\System32;C:\Program Files\Microsoft SQL Server\Client SDK\ODBC\170\Tools\Binn\;C:\Program Files\Microsoft SQL Server\160\DTS\Binn\;C:\Program Files\Git\cmd;C:\WINDOWS\system32\WindowsPowerShell\v1.0\;C:\Program Files (x86)\Windows Kits\10\Windows Performance Toolkit\;C:\Program Files\dotnet\;C:\flutter\bin;;C:\flutter\bin\mingit\cmd
USERNAME=Shekhani Laptops
OS=Windows_NT
PROCESSOR_IDENTIFIER=Intel64 Family 6 Model 142 Stepping 9, GenuineIntel
TMP=C:\Users\SHEKHA~1\AppData\Local\Temp
TEMP=C:\Users\SHEKHA~1\AppData\Local\Temp



Periodic native trim disabled


---------------  S Y S T E M  ---------------

OS:
 Windows 10 , 64 bit Build 19041 (10.0.19041.5915)
OS uptime: 0 days 1:29 hours

CPU: total 4 (initial active 4) (2 cores per cpu, 2 threads per core) family 6 model 142 stepping 9 microcode 0xde, cx8, cmov, fxsr, ht, mmx, 3dnowpref, sse, sse2, sse3, ssse3, sse4.1, sse4.2, popcnt, lzcnt, tsc, tscinvbit, avx, avx2, aes, erms, clmul, bmi1, bmi2, rtm, adx, fma, vzeroupper, clflush, clflushopt
Processor Information for all 4 processors :
  Max Mhz: 2712, Current Mhz: 2611, Mhz Limit: 2603

Memory: 4k page, system-wide physical 8067M (180M free)
TotalPageFile size 10783M (AvailPageFile size 117M)
current process WorkingSet (physical memory assigned to process): 11M, peak: 11M
current process commit charge ("private bytes"): 52M, peak: 180M

vm_info: OpenJDK 64-Bit Server VM (17.0.17+10) for windows-amd64 JRE (17.0.17+10), built on Oct 21 2025 23:25:32 by "admin" with unknown MS VC++:1942

END.
